2.0,2.6,1.2,2.5
   4.730 2.4281 18.602 0.2778 1.2000 0.6503E+03 0.6752E+03 0.1356E-01 0.2511E+02 0.6501E+03 0.6502E+03  0  0  0 0.6824E+03 0.0000E+00
   4.730 2.3748 19.587 0.2941 1.3000 0.5068E+03 0.5221E+03 0.6606E-02 0.1884E+02 0.5033E+03 0.5068E+03  0  0  0 0.5298E+03 0.0000E+00
   4.730 2.3215 20.569 0.3098 1.4000 0.3988E+03 0.4076E+03 0.3625E-02 0.1439E+02 0.3932E+03 0.3988E+03  0  0  0 0.4153E+03 0.0000E+00
   4.730 2.2682 21.551 0.3247 1.5000 0.3164E+03 0.3214E+03 0.2298E-02 0.1116E+02 0.3102E+03 0.3165E+03  0  0  0 0.3285E+03 0.0000E+00
   4.730 2.2149 22.536 0.3390 1.6000 0.2530E+03 0.2557E+03 0.1654E-02 0.8779E+01 0.2469E+03 0.2531E+03  0  0  0 0.2620E+03 0.0000E+00
   4.730 2.1616 23.528 0.3527 1.7000 0.2037E+03 0.2049E+03 0.1289E-02 0.6989E+01 0.1979E+03 0.2037E+03  0  0  0 0.2105E+03 0.0000E+00
   4.730 2.1083 24.529 0.3659 1.8000 0.1650E+03 0.1654E+03 0.1044E-02 0.5628E+01 0.1598E+03 0.1650E+03  0  0  0 0.1703E+03 0.0000E+00
   4.730 2.0550 25.542 0.3785 1.9000 0.1344E+03 0.1342E+03 0.8554E-03 0.4578E+01 0.1296E+03 0.1344E+03  0  0  0 0.1384E+03 0.0000E+00
   4.730 2.0018 26.571 0.3906 2.0000 0.1100E+03 0.1095E+03 0.6998E-03 0.3761E+01 0.1058E+03 0.1100E+03  0  0  0 0.1132E+03 0.0000E+00
   4.730 1.9485 27.616 0.4023 2.1000 0.9050E+02 0.8990E+02 0.5688E-03 0.3116E+01 0.8678E+02 0.9051E+02  0  0  0 0.9305E+02 0.0000E+00
   4.730 1.8952 28.683 0.4136 2.2000 0.7477E+02 0.7417E+02 0.4588E-03 0.2603E+01 0.7157E+02 0.7478E+02  0  0  0 0.7685E+02 0.0000E+00
   4.730 1.8419 29.773 0.4244 2.3000 0.6202E+02 0.6144E+02 0.3673E-03 0.2192E+01 0.5925E+02 0.6202E+02  0  0  0 0.6373E+02 0.0000E+00
   4.730 1.7886 30.890 0.4348 2.4000 0.5164E+02 0.5111E+02 0.2922E-03 0.1861E+01 0.4924E+02 0.5163E+02  0  0  0 0.5306E+02 0.0000E+00
   4.730 1.7353 32.037 0.4449 2.5000 0.4313E+02 0.4267E+02 0.2312E-03 0.1591E+01 0.4108E+02 0.4312E+02  0  0  0 0.4434E+02 0.0000E+00
   4.730 2.2096 19.509 0.2537 1.2000 0.5382E+03 0.5811E+03 0.3042E-01 0.2354E+02 0.5576E+03 0.5380E+03  0  0  0 0.5771E+03 0.0000E+00
   4.730 2.1563 20.566 0.2692 1.3000 0.4222E+03 0.4523E+03 0.1466E-01 0.1784E+02 0.4345E+03 0.4220E+03  0  0  0 0.4510E+03 0.0000E+00
   4.730 2.1030 21.623 0.2840 1.4000 0.3342E+03 0.3553E+03 0.7425E-02 0.1376E+02 0.3416E+03 0.3341E+03  0  0  0 0.3557E+03 0.0000E+00
   4.730 2.0497 22.685 0.2982 1.5000 0.2667E+03 0.2815E+03 0.4083E-02 0.1078E+02 0.2707E+03 0.2667E+03  0  0  0 0.2828E+03 0.0000E+00
   4.730 1.9964 23.754 0.3119 1.6000 0.2144E+03 0.2252E+03 0.2509E-02 0.8568E+01 0.2167E+03 0.2144E+03  0  0  0 0.2268E+03 0.0000E+00
   4.730 1.9431 24.835 0.3251 1.7000 0.1734E+03 0.1814E+03 0.1733E-02 0.6886E+01 0.1745E+03 0.1734E+03  0  0  0 0.1832E+03 0.0000E+00
   4.730 1.8899 25.931 0.3377 1.8000 0.1411E+03 0.1471E+03 0.1315E-02 0.5600E+01 0.1415E+03 0.1411E+03  0  0  0 0.1488E+03 0.0000E+00
   4.730 1.8366 27.046 0.3499 1.9000 0.1154E+03 0.1199E+03 0.1056E-02 0.4602E+01 0.1153E+03 0.1154E+03  0  0  0 0.1215E+03 0.0000E+00
   4.730 1.7833 28.183 0.3617 2.0000 0.9482E+02 0.9827E+02 0.8729E-03 0.3818E+01 0.9445E+02 0.9483E+02  0  0  0 0.9978E+02 0.0000E+00
   4.730 1.7300 29.345 0.3730 2.1000 0.7825E+02 0.8094E+02 0.7280E-03 0.3197E+01 0.7774E+02 0.7826E+02  0  0  0 0.8230E+02 0.0000E+00
   4.730 1.6767 30.537 0.3840 2.2000 0.6482E+02 0.6692E+02 0.6069E-03 0.2701E+01 0.6422E+02 0.6483E+02  0  0  0 0.6814E+02 0.0000E+00
   4.730 1.6234 31.763 0.3945 2.3000 0.5389E+02 0.5561E+02 0.5035E-03 0.2299E+01 0.5331E+02 0.5390E+02  0  0  0 0.5667E+02 0.0000E+00
   4.730 1.5701 33.026 0.4047 2.4000 0.4495E+02 0.4638E+02 0.4152E-03 0.1974E+01 0.4440E+02 0.4495E+02  0  0  0 0.4730E+02 0.0000E+00
   4.730 1.5168 34.333 0.4146 2.5000 0.3760E+02 0.3881E+02 0.3403E-03 0.1707E+01 0.3711E+02 0.3760E+02  0  0  0 0.3960E+02 0.0000E+00
   4.730 1.9805 20.618 0.2326 1.2000 0.4352E+03 0.4905E+03 0.6266E-01 0.2266E+02 0.4678E+03 0.4349E+03  0  0  0 0.4781E+03 0.0000E+00
   4.730 1.9272 21.768 0.2472 1.3000 0.3429E+03 0.3834E+03 0.3135E-01 0.1740E+02 0.3660E+03 0.3428E+03  0  0  0 0.3752E+03 0.0000E+00
   4.730 1.8739 22.924 0.2612 1.4000 0.2727E+03 0.3027E+03 0.1601E-01 0.1358E+02 0.2891E+03 0.2726E+03  0  0  0 0.2973E+03 0.0000E+00
   4.730 1.8206 24.090 0.2747 1.5000 0.2185E+03 0.2412E+03 0.8459E-02 0.1076E+02 0.2304E+03 0.2185E+03  0  0  0 0.2376E+03 0.0000E+00
   4.730 1.7673 25.271 0.2878 1.6000 0.1763E+03 0.1936E+03 0.4731E-02 0.8646E+01 0.1849E+03 0.1763E+03  0  0  0 0.1913E+03 0.0000E+00
   4.730 1.7140 26.472 0.3004 1.7000 0.1431E+03 0.1564E+03 0.2871E-02 0.7034E+01 0.1494E+03 0.1431E+03  0  0  0 0.1550E+03 0.0000E+00
   4.730 1.6607 27.696 0.3125 1.8000 0.1168E+03 0.1273E+03 0.1920E-02 0.5792E+01 0.1215E+03 0.1168E+03  0  0  0 0.1263E+03 0.0000E+00
   4.730 1.6074 28.949 0.3242 1.9000 0.9578E+02 0.1042E+03 0.1409E-02 0.4818E+01 0.9937E+02 0.9578E+02  0  0  0 0.1036E+03 0.0000E+00
   4.730 1.5541 30.235 0.3356 2.0000 0.7888E+02 0.8567E+02 0.1110E-02 0.4047E+01 0.8162E+02 0.7888E+02  0  0  0 0.8526E+02 0.0000E+00
   4.730 1.5008 31.560 0.3466 2.1000 0.6521E+02 0.7071E+02 0.9133E-03 0.3432E+01 0.6728E+02 0.6521E+02  0  0  0 0.7047E+02 0.0000E+00
   4.730 1.4476 32.929 0.3572 2.2000 0.5409E+02 0.5865E+02 0.7682E-03 0.2937E+01 0.5571E+02 0.5409E+02  0  0  0 0.5849E+02 0.0000E+00
   4.730 1.3943 34.348 0.3674 2.3000 0.4500E+02 0.4882E+02 0.6515E-03 0.2535E+01 0.4629E+02 0.4501E+02  0  0  0 0.4872E+02 0.0000E+00
   4.730 1.3410 35.825 0.3774 2.4000 0.3754E+02 0.4079E+02 0.5530E-03 0.2206E+01 0.3858E+02 0.3754E+02  0  0  0 0.4071E+02 0.0000E+00
   4.730 1.2877 37.366 0.3870 2.5000 0.3139E+02 0.3416E+02 0.4680E-03 0.1935E+01 0.3223E+02 0.3139E+02  0  0  0 0.3410E+02 0.0000E+00
   4.730 1.7406 22.009 0.2139 1.2000 0.3430E+03 0.4056E+03 0.1183E+00 0.2238E+02 0.3831E+03 0.3427E+03  0  0  0 0.3873E+03 0.0000E+00
   4.730 1.6874 23.284 0.2277 1.3000 0.2710E+03 0.3180E+03 0.6200E-01 0.1742E+02 0.3005E+03 0.2709E+03  0  0  0 0.3049E+03 0.0000E+00
   4.730 1.6341 24.573 0.2410 1.4000 0.2160E+03 0.2521E+03 0.3286E-01 0.1379E+02 0.2383E+03 0.2159E+03  0  0  0 0.2424E+03 0.0000E+00
   4.730 1.5808 25.882 0.2538 1.5000 0.1735E+03 0.2014E+03 0.1769E-01 0.1108E+02 0.1903E+03 0.1735E+03  0  0  0 0.1942E+03 0.0000E+00
   4.730 1.5275 27.218 0.2662 1.6000 0.1403E+03 0.1622E+03 0.9761E-02 0.9022E+01 0.1532E+03 0.1402E+03  0  0  0 0.1568E+03 0.0000E+00
   4.730 1.4742 28.586 0.2782 1.7000 0.1140E+03 0.1315E+03 0.5608E-02 0.7438E+01 0.1241E+03 0.1140E+03  0  0  0 0.1274E+03 0.0000E+00
   4.730 1.4209 29.993 0.2899 1.8000 0.9319E+02 0.1073E+03 0.3420E-02 0.6204E+01 0.1011E+03 0.9318E+02  0  0  0 0.1041E+03 0.0000E+00
   4.730 1.3676 31.445 0.3011 1.9000 0.7647E+02 0.8783E+02 0.2251E-02 0.5232E+01 0.8260E+02 0.7646E+02  0  0  0 0.8533E+02 0.0000E+00
   4.730 1.3143 32.950 0.3120 2.0000 0.6298E+02 0.7236E+02 0.1610E-02 0.4458E+01 0.6790E+02 0.6298E+02  0  0  0 0.7035E+02 0.0000E+00
   4.730 1.2610 34.516 0.3226 2.1000 0.5205E+02 0.5985E+02 0.1240E-02 0.3836E+01 0.5601E+02 0.5205E+02  0  0  0 0.5821E+02 0.0000E+00
   4.730 1.2077 36.153 0.3328 2.2000 0.4312E+02 0.4970E+02 0.1009E-02 0.3332E+01 0.4636E+02 0.4313E+02  0  0  0 0.4834E+02 0.0000E+00
   4.730 1.1545 37.871 0.3428 2.3000 0.3581E+02 0.4140E+02 0.8496E-03 0.2921E+01 0.3848E+02 0.3581E+02  0  0  0 0.4026E+02 0.0000E+00
   4.730 1.1012 39.681 0.3524 2.4000 0.2980E+02 0.3460E+02 0.7294E-03 0.2583E+01 0.3201E+02 0.2980E+02  0  0  0 0.3362E+02 0.0000E+00
   4.730 1.0479 41.600 0.3618 2.5000 0.2482E+02 0.2899E+02 0.6316E-03 0.2304E+01 0.2668E+02 0.2482E+02  0  0  0 0.2814E+02 0.0000E+00
   4.730 1.4902 23.812 0.1974 1.2000 0.2622E+03 0.3283E+03 0.2088E+00 0.2271E+02 0.3054E+03 0.2620E+03  0  0  0 0.3062E+03 0.0000E+00
   4.730 1.4369 25.262 0.2104 1.3000 0.2073E+03 0.2577E+03 0.1144E+00 0.1793E+02 0.2396E+03 0.2071E+03  0  0  0 0.2412E+03 0.0000E+00
   4.730 1.3836 26.742 0.2229 1.4000 0.1653E+03 0.2047E+03 0.6326E-01 0.1440E+02 0.1902E+03 0.1652E+03  0  0  0 0.1920E+03 0.0000E+00
   4.730 1.3303 28.260 0.2351 1.5000 0.1327E+03 0.1639E+03 0.3535E-01 0.1174E+02 0.1521E+03 0.1326E+03  0  0  0 0.1541E+03 0.0000E+00
   4.730 1.2770 29.824 0.2469 1.6000 0.1072E+03 0.1323E+03 0.2003E-01 0.9704E+01 0.1226E+03 0.1072E+03  0  0  0 0.1245E+03 0.0000E+00
   4.730 1.2237 31.444 0.2584 1.7000 0.8706E+02 0.1073E+03 0.1158E-01 0.8122E+01 0.9916E+02 0.8704E+02  0  0  0 0.1011E+03 0.0000E+00
   4.730 1.1704 33.130 0.2695 1.8000 0.7101E+02 0.8757E+02 0.6912E-02 0.6879E+01 0.8068E+02 0.7100E+02  0  0  0 0.8260E+02 0.0000E+00
   4.730 1.1171 34.894 0.2802 1.9000 0.5813E+02 0.7183E+02 0.4323E-02 0.5892E+01 0.6593E+02 0.5812E+02  0  0  0 0.6776E+02 0.0000E+00
   4.730 1.0639 36.748 0.2907 2.0000 0.4772E+02 0.5918E+02 0.2877E-02 0.5101E+01 0.5408E+02 0.4772E+02  0  0  0 0.5581E+02 0.0000E+00
   4.730 1.0106 38.709 0.3009 2.1000 0.3927E+02 0.4895E+02 0.2059E-02 0.4462E+01 0.4448E+02 0.3927E+02  0  0  0 0.4612E+02 0.0000E+00
   4.730 0.9573 40.794 0.3107 2.2000 0.3236E+02 0.4062E+02 0.1585E-02 0.3941E+01 0.3668E+02 0.3236E+02  0  0  0 0.3822E+02 0.0000E+00
   4.730 0.9040 43.025 0.3203 2.3000 0.2670E+02 0.3381E+02 0.1300E-02 0.3516E+01 0.3029E+02 0.2670E+02  0  0  0 0.3175E+02 0.0000E+00
   4.730 0.8507 45.430 0.3297 2.4000 0.2204E+02 0.2821E+02 0.1122E-02 0.3165E+01 0.2505E+02 0.2204E+02  0  0  0 0.2642E+02 0.0000E+00
   4.730 0.7974 48.042 0.3388 2.5000 0.1819E+02 0.2359E+02 0.1007E-02 0.2877E+01 0.2071E+02 0.1819E+02  0  0  0 0.2202E+02 0.0000E+00
   4.730 1.2291 26.261 0.1827 1.2000 0.1925E+03 0.2592E+03 0.3561E+00 0.2361E+02 0.2352E+03 0.1924E+03  0  0  0 0.2349E+03 0.0000E+00
   4.730 1.1758 27.979 0.1949 1.3000 0.1518E+03 0.2038E+03 0.2039E+00 0.1894E+02 0.1847E+03 0.1517E+03  0  0  0 0.1851E+03 0.0000E+00
   4.730 1.1225 29.755 0.2068 1.4000 0.1206E+03 0.1618E+03 0.1182E+00 0.1545E+02 0.1462E+03 0.1206E+03  0  0  0 0.1471E+03 0.0000E+00
   4.730 1.0692 31.603 0.2183 1.5000 0.9647E+02 0.1295E+03 0.6944E-01 0.1280E+02 0.1166E+03 0.9643E+02  0  0  0 0.1177E+03 0.0000E+00
   4.730 1.0159 33.539 0.2296 1.6000 0.7757E+02 0.1044E+03 0.4144E-01 0.1075E+02 0.9357E+02 0.7753E+02  0  0  0 0.9498E+02 0.0000E+00
   4.730 0.9626 35.579 0.2405 1.7000 0.6263E+02 0.8464E+02 0.2528E-01 0.9149E+01 0.7546E+02 0.6261E+02  0  0  0 0.7698E+02 0.0000E+00
   4.730 0.9093 37.744 0.2511 1.8000 0.5073E+02 0.6903E+02 0.1594E-01 0.7880E+01 0.6113E+02 0.5072E+02  0  0  0 0.6270E+02 0.0000E+00
   4.730 0.8560 40.060 0.2614 1.9000 0.4119E+02 0.5655E+02 0.1056E-01 0.6865E+01 0.4967E+02 0.4118E+02  0  0  0 0.5126E+02 0.0000E+00
   4.730 0.8027 42.555 0.2714 2.0000 0.3348E+02 0.4650E+02 0.7501E-02 0.6047E+01 0.4045E+02 0.3348E+02  0  0  0 0.4204E+02 0.0000E+00
   4.730 0.7495 45.267 0.2811 2.1000 0.2723E+02 0.3837E+02 0.5835E-02 0.5382E+01 0.3298E+02 0.2723E+02  0  0  0 0.3456E+02 0.0000E+00
   4.730 0.6962 48.245 0.2906 2.2000 0.2213E+02 0.3174E+02 0.5045E-02 0.4840E+01 0.2690E+02 0.2213E+02  0  0  0 0.2847E+02 0.0000E+00
   4.730 0.6429 51.552 0.2999 2.3000 0.1795E+02 0.2632E+02 0.4862E-02 0.4394E+01 0.2192E+02 0.1795E+02  0  0  0 0.2348E+02 0.0000E+00
   4.730 0.5896 55.271 0.3089 2.4000 0.1452E+02 0.2185E+02 0.5185E-02 0.4024E+01 0.1783E+02 0.1452E+02  0  0  0 0.1938E+02 0.0000E+00
   4.730 0.5363 59.520 0.3177 2.5000 0.1169E+02 0.1815E+02 0.6030E-02 0.3716E+01 0.1443E+02 0.1169E+02  0  0  0 0.1600E+02 0.0000E+00
   4.730 0.9573 29.832 0.1695 1.2000 0.1333E+03 0.1981E+03 0.6190E+00 0.2510E+02 0.1724E+03 0.1332E+03  0  0  0 0.1730E+03 0.0000E+00
   4.730 0.9040 32.007 0.1811 1.3000 0.1043E+03 0.1555E+03 0.3777E+00 0.2048E+02 0.1347E+03 0.1042E+03  0  0  0 0.1358E+03 0.0000E+00
   4.730 0.8507 34.306 0.1923 1.4000 0.8205E+02 0.1232E+03 0.2363E+00 0.1698E+02 0.1060E+03 0.8201E+02  0  0  0 0.1074E+03 0.0000E+00
   4.730 0.7974 36.759 0.2033 1.5000 0.6490E+02 0.9841E+02 0.1525E+00 0.1430E+02 0.8396E+02 0.6487E+02  0  0  0 0.8562E+02 0.0000E+00
   4.730 0.7441 39.402 0.2139 1.6000 0.5150E+02 0.7910E+02 0.1026E+00 0.1221E+02 0.6679E+02 0.5148E+02  0  0  0 0.6861E+02 0.0000E+00
   4.730 0.6908 42.279 0.2243 1.7000 0.4095E+02 0.6391E+02 0.7292E-01 0.1056E+02 0.5328E+02 0.4094E+02  0  0  0 0.5521E+02 0.0000E+00
   4.730 0.6375 45.448 0.2344 1.8000 0.3258E+02 0.5187E+02 0.5571E-01 0.9245E+01 0.4257E+02 0.3257E+02  0  0  0 0.4458E+02 0.0000E+00
   4.730 0.5843 48.986 0.2442 1.9000 0.2588E+02 0.4223E+02 0.4631E-01 0.8183E+01 0.3400E+02 0.2588E+02  0  0  0 0.3607E+02 0.0000E+00
   4.730 0.5310 52.999 0.2538 2.0000 0.2050E+02 0.3448E+02 0.4194E-01 0.7315E+01 0.2712E+02 0.2050E+02  0  0  0 0.2924E+02 0.0000E+00
   4.730 0.4777 57.637 0.2632 2.1000 0.1615E+02 0.2819E+02 0.4078E-01 0.6595E+01 0.2156E+02 0.1615E+02  0  0  0 0.2371E+02 0.0000E+00
   4.730 0.4244 63.127 0.2723 2.2000 0.1262E+02 0.2297E+02 0.4119E-01 0.5978E+01 0.1695E+02 0.1262E+02  0  0  0 0.1919E+02 0.0000E+00
   4.730 0.3711 69.828 0.2812 2.3000 0.9748E+01 0.1858E+02 0.4087E-01 0.5409E+01 0.1313E+02 0.9747E+01  0  0  0 0.1549E+02 0.0000E+00
   4.730 0.3178 78.362 0.2899 2.4000 0.7401E+01 0.1448E+02 0.3607E-01 0.4732E+01 0.9716E+01 0.7400E+01  0  0  0 0.1243E+02 0.0000E+00
   4.730 0.2645 89.946 0.2983 2.5000 0.5480E+01 0.1980E+01 0.0000E+00 0.1241E+01 0.1625E+01 0.5480E+01  0  0  0 0.9880E+01 0.0000E+00
