2.1,3.0,1.2,2.5
   5.890 3.1404 14.633 0.2326 1.2000 0.9657E+03 0.1024E+04 0.6820E-01 0.3243E+02 0.9910E+03 0.9651E+03  0  0  0 0.1025E+04 0.0000E+00
   5.890 3.0872 15.366 0.2472 1.3000 0.7695E+03 0.8077E+03 0.3422E-01 0.2437E+02 0.7833E+03 0.7691E+03  0  0  0 0.8123E+03 0.0000E+00
   5.890 3.0339 16.090 0.2612 1.4000 0.6188E+03 0.6438E+03 0.1747E-01 0.1862E+02 0.6252E+03 0.6186E+03  0  0  0 0.6503E+03 0.0000E+00
   5.890 2.9806 16.808 0.2747 1.5000 0.5017E+03 0.5178E+03 0.9185E-02 0.1443E+02 0.5034E+03 0.5016E+03  0  0  0 0.5251E+03 0.0000E+00
   5.890 2.9273 17.522 0.2878 1.6000 0.4096E+03 0.4197E+03 0.5077E-02 0.1133E+02 0.4084E+03 0.4096E+03  0  0  0 0.4271E+03 0.0000E+00
   5.890 2.8740 18.234 0.3004 1.7000 0.3366E+03 0.3429E+03 0.3026E-02 0.8997E+01 0.3339E+03 0.3366E+03  0  0  0 0.3499E+03 0.0000E+00
   5.890 2.8207 18.945 0.3125 1.8000 0.2782E+03 0.2819E+03 0.1984E-02 0.7227E+01 0.2747E+03 0.2782E+03  0  0  0 0.2885E+03 0.0000E+00
   5.890 2.7674 19.658 0.3242 1.9000 0.2312E+03 0.2330E+03 0.1432E-02 0.5862E+01 0.2271E+03 0.2312E+03  0  0  0 0.2391E+03 0.0000E+00
   5.890 2.7141 20.373 0.3356 2.0000 0.1930E+03 0.1937E+03 0.1117E-02 0.4799E+01 0.1889E+03 0.1931E+03  0  0  0 0.1992E+03 0.0000E+00
   5.890 2.6608 21.092 0.3466 2.1000 0.1619E+03 0.1617E+03 0.9156E-03 0.3959E+01 0.1578E+03 0.1619E+03  0  0  0 0.1667E+03 0.0000E+00
   5.890 2.6075 21.817 0.3572 2.2000 0.1363E+03 0.1358E+03 0.7706E-03 0.3290E+01 0.1325E+03 0.1363E+03  0  0  0 0.1402E+03 0.0000E+00
   5.890 2.5543 22.548 0.3674 2.3000 0.1152E+03 0.1144E+03 0.6553E-03 0.2755E+01 0.1116E+03 0.1152E+03  0  0  0 0.1183E+03 0.0000E+00
   5.890 2.5010 23.287 0.3774 2.4000 0.9773E+02 0.9679E+02 0.5580E-03 0.2322E+01 0.9447E+02 0.9774E+02  0  0  0 0.1003E+03 0.0000E+00
   5.890 2.4477 24.035 0.3870 2.5000 0.8317E+02 0.8217E+02 0.4738E-03 0.1969E+01 0.8020E+02 0.8318E+02  0  0  0 0.8523E+02 0.0000E+00
   5.890 2.9006 15.230 0.2139 1.2000 0.8077E+03 0.8871E+03 0.1282E+00 0.3053E+02 0.8564E+03 0.8071E+03  0  0  0 0.8740E+03 0.0000E+00
   5.890 2.8473 16.004 0.2277 1.3000 0.6468E+03 0.7032E+03 0.6747E-01 0.2317E+02 0.6800E+03 0.6464E+03  0  0  0 0.6962E+03 0.0000E+00
   5.890 2.7941 16.771 0.2410 1.4000 0.5226E+03 0.5633E+03 0.3585E-01 0.1786E+02 0.5454E+03 0.5224E+03  0  0  0 0.5601E+03 0.0000E+00
   5.890 2.7408 17.534 0.2538 1.5000 0.4257E+03 0.4551E+03 0.1928E-01 0.1397E+02 0.4411E+03 0.4256E+03  0  0  0 0.4543E+03 0.0000E+00
   5.890 2.6875 18.294 0.2662 1.6000 0.3492E+03 0.3707E+03 0.1058E-01 0.1106E+02 0.3596E+03 0.3491E+03  0  0  0 0.3713E+03 0.0000E+00
   5.890 2.6342 19.053 0.2782 1.7000 0.2882E+03 0.3041E+03 0.5997E-02 0.8863E+01 0.2952E+03 0.2882E+03  0  0  0 0.3056E+03 0.0000E+00
   5.890 2.5809 19.814 0.2899 1.8000 0.2393E+03 0.2510E+03 0.3579E-02 0.7181E+01 0.2438E+03 0.2392E+03  0  0  0 0.2529E+03 0.0000E+00
   5.890 2.5276 20.579 0.3011 1.9000 0.1996E+03 0.2083E+03 0.2291E-02 0.5872E+01 0.2024E+03 0.1996E+03  0  0  0 0.2105E+03 0.0000E+00
   5.890 2.4743 21.348 0.3120 2.0000 0.1673E+03 0.1738E+03 0.1591E-02 0.4847E+01 0.1690E+03 0.1673E+03  0  0  0 0.1760E+03 0.0000E+00
   5.890 2.4210 22.125 0.3226 2.1000 0.1408E+03 0.1457E+03 0.1195E-02 0.4032E+01 0.1417E+03 0.1408E+03  0  0  0 0.1479E+03 0.0000E+00
   5.890 2.3677 22.909 0.3328 2.2000 0.1190E+03 0.1227E+03 0.9554E-03 0.3382E+01 0.1193E+03 0.1190E+03  0  0  0 0.1247E+03 0.0000E+00
   5.890 2.3145 23.703 0.3428 2.3000 0.1009E+03 0.1037E+03 0.7956E-03 0.2857E+01 0.1009E+03 0.1009E+03  0  0  0 0.1056E+03 0.0000E+00
   5.890 2.2612 24.509 0.3524 2.4000 0.8581E+02 0.8801E+02 0.6779E-03 0.2430E+01 0.8558E+02 0.8582E+02  0  0  0 0.8976E+02 0.0000E+00
   5.890 2.2079 25.327 0.3618 2.5000 0.7322E+02 0.7492E+02 0.5835E-03 0.2081E+01 0.7284E+02 0.7322E+02  0  0  0 0.7652E+02 0.0000E+00
   5.890 2.6502 15.937 0.1974 1.2000 0.6653E+03 0.7584E+03 0.2222E+00 0.2931E+02 0.7289E+03 0.6648E+03  0  0  0 0.7352E+03 0.0000E+00
   5.890 2.5969 16.763 0.2104 1.3000 0.5347E+03 0.6037E+03 0.1222E+00 0.2247E+02 0.5811E+03 0.5344E+03  0  0  0 0.5880E+03 0.0000E+00
   5.890 2.5436 17.584 0.2229 1.4000 0.4337E+03 0.4853E+03 0.6775E-01 0.1750E+02 0.4677E+03 0.4335E+03  0  0  0 0.4747E+03 0.0000E+00
   5.890 2.4903 18.401 0.2351 1.5000 0.3545E+03 0.3936E+03 0.3784E-01 0.1383E+02 0.3798E+03 0.3544E+03  0  0  0 0.3865E+03 0.0000E+00
   5.890 2.4370 19.219 0.2469 1.6000 0.2919E+03 0.3219E+03 0.2132E-01 0.1106E+02 0.3108E+03 0.2918E+03  0  0  0 0.3172E+03 0.0000E+00
   5.890 2.3837 20.039 0.2584 1.7000 0.2417E+03 0.2648E+03 0.1218E-01 0.8949E+01 0.2559E+03 0.2417E+03  0  0  0 0.2618E+03 0.0000E+00
   5.890 2.3304 20.863 0.2695 1.8000 0.2013E+03 0.2193E+03 0.7117E-02 0.7315E+01 0.2120E+03 0.2013E+03  0  0  0 0.2174E+03 0.0000E+00
   5.890 2.2771 21.694 0.2802 1.9000 0.1685E+03 0.1827E+03 0.4303E-02 0.6038E+01 0.1766E+03 0.1685E+03  0  0  0 0.1815E+03 0.0000E+00
   5.890 2.2239 22.534 0.2907 2.0000 0.1416E+03 0.1528E+03 0.2734E-02 0.5030E+01 0.1478E+03 0.1416E+03  0  0  0 0.1522E+03 0.0000E+00
   5.890 2.1706 23.383 0.3009 2.1000 0.1195E+03 0.1285E+03 0.1851E-02 0.4224E+01 0.1243E+03 0.1195E+03  0  0  0 0.1283E+03 0.0000E+00
   5.890 2.1173 24.246 0.3107 2.2000 0.1012E+03 0.1085E+03 0.1343E-02 0.3578E+01 0.1049E+03 0.1012E+03  0  0  0 0.1085E+03 0.0000E+00
   5.890 2.0640 25.122 0.3203 2.3000 0.8603E+02 0.9194E+02 0.1039E-02 0.3052E+01 0.8889E+02 0.8603E+02  0  0  0 0.9208E+02 0.0000E+00
   5.890 2.0107 26.016 0.3297 2.4000 0.7333E+02 0.7822E+02 0.8466E-03 0.2622E+01 0.7560E+02 0.7333E+02  0  0  0 0.7844E+02 0.0000E+00
   5.890 1.9574 26.928 0.3388 2.5000 0.6267E+02 0.6674E+02 0.7143E-03 0.2267E+01 0.6447E+02 0.6268E+02  0  0  0 0.6700E+02 0.0000E+00
   5.890 2.3891 16.792 0.1827 1.2000 0.5389E+03 0.6398E+03 0.3608E+00 0.2873E+02 0.6108E+03 0.5385E+03  0  0  0 0.6096E+03 0.0000E+00
   5.890 2.3358 17.683 0.1949 1.3000 0.4343E+03 0.5111E+03 0.2062E+00 0.2227E+02 0.4886E+03 0.4340E+03  0  0  0 0.4890E+03 0.0000E+00
   5.890 2.2825 18.571 0.2068 1.4000 0.3531E+03 0.4117E+03 0.1188E+00 0.1753E+02 0.3941E+03 0.3529E+03  0  0  0 0.3957E+03 0.0000E+00
   5.890 2.2292 19.459 0.2183 1.5000 0.2894E+03 0.3348E+03 0.6892E-01 0.1399E+02 0.3207E+03 0.2892E+03  0  0  0 0.3230E+03 0.0000E+00
   5.890 2.1759 20.351 0.2296 1.6000 0.2388E+03 0.2745E+03 0.4022E-01 0.1131E+02 0.2631E+03 0.2387E+03  0  0  0 0.2656E+03 0.0000E+00
   5.890 2.1226 21.249 0.2405 1.7000 0.1982E+03 0.2266E+03 0.2364E-01 0.9247E+01 0.2173E+03 0.1982E+03  0  0  0 0.2200E+03 0.0000E+00
   5.890 2.0693 22.156 0.2511 1.8000 0.1654E+03 0.1881E+03 0.1404E-01 0.7643E+01 0.1804E+03 0.1654E+03  0  0  0 0.1831E+03 0.0000E+00
   5.890 2.0160 23.074 0.2614 1.9000 0.1387E+03 0.1570E+03 0.8460E-02 0.6375E+01 0.1506E+03 0.1387E+03  0  0  0 0.1532E+03 0.0000E+00
   5.890 1.9627 24.007 0.2714 2.0000 0.1168E+03 0.1318E+03 0.5221E-02 0.5365E+01 0.1264E+03 0.1168E+03  0  0  0 0.1288E+03 0.0000E+00
   5.890 1.9095 24.955 0.2811 2.1000 0.9874E+02 0.1109E+03 0.3335E-02 0.4554E+01 0.1064E+03 0.9873E+02  0  0  0 0.1087E+03 0.0000E+00
   5.890 1.8562 25.923 0.2906 2.2000 0.8375E+02 0.9387E+02 0.2232E-02 0.3897E+01 0.8997E+02 0.8374E+02  0  0  0 0.9209E+02 0.0000E+00
   5.890 1.8029 26.912 0.2999 2.3000 0.7125E+02 0.7972E+02 0.1581E-02 0.3360E+01 0.7636E+02 0.7124E+02  0  0  0 0.7831E+02 0.0000E+00
   5.890 1.7496 27.926 0.3089 2.4000 0.6078E+02 0.6791E+02 0.1187E-02 0.2918E+01 0.6499E+02 0.6077E+02  0  0  0 0.6678E+02 0.0000E+00
   5.890 1.6963 28.968 0.3177 2.5000 0.5197E+02 0.5800E+02 0.9419E-03 0.2551E+01 0.5545E+02 0.5197E+02  0  0  0 0.5709E+02 0.0000E+00
   5.890 2.1173 17.845 0.1695 1.2000 0.4281E+03 0.5322E+03 0.5561E+00 0.2872E+02 0.5029E+03 0.4278E+03  0  0  0 0.4975E+03 0.0000E+00
   5.890 2.0640 18.821 0.1811 1.3000 0.3455E+03 0.4260E+03 0.3286E+00 0.2255E+02 0.4031E+03 0.3453E+03  0  0  0 0.3998E+03 0.0000E+00
   5.890 2.0107 19.798 0.1923 1.4000 0.2813E+03 0.3439E+03 0.1959E+00 0.1794E+02 0.3258E+03 0.2811E+03  0  0  0 0.3241E+03 0.0000E+00
   5.890 1.9574 20.780 0.2033 1.5000 0.2308E+03 0.2799E+03 0.1176E+00 0.1449E+02 0.2653E+03 0.2307E+03  0  0  0 0.2648E+03 0.0000E+00
   5.890 1.9041 21.772 0.2139 1.6000 0.1906E+03 0.2300E+03 0.7102E-01 0.1184E+02 0.2181E+03 0.1905E+03  0  0  0 0.2181E+03 0.0000E+00
   5.890 1.8508 22.776 0.2243 1.7000 0.1584E+03 0.1902E+03 0.4312E-01 0.9791E+01 0.1804E+03 0.1583E+03  0  0  0 0.1809E+03 0.0000E+00
   5.890 1.7975 23.795 0.2344 1.8000 0.1323E+03 0.1583E+03 0.2633E-01 0.8181E+01 0.1500E+03 0.1322E+03  0  0  0 0.1508E+03 0.0000E+00
   5.890 1.7443 24.834 0.2442 1.9000 0.1110E+03 0.1323E+03 0.1621E-01 0.6903E+01 0.1254E+03 0.1109E+03  0  0  0 0.1264E+03 0.0000E+00
   5.890 1.6910 25.895 0.2538 2.0000 0.9347E+02 0.1111E+03 0.1008E-01 0.5878E+01 0.1052E+03 0.9346E+02  0  0  0 0.1063E+03 0.0000E+00
   5.890 1.6377 26.982 0.2632 2.1000 0.7902E+02 0.9372E+02 0.6381E-02 0.5048E+01 0.8866E+02 0.7900E+02  0  0  0 0.8978E+02 0.0000E+00
   5.890 1.5844 28.100 0.2723 2.2000 0.6700E+02 0.7929E+02 0.4138E-02 0.4371E+01 0.7491E+02 0.6699E+02  0  0  0 0.7607E+02 0.0000E+00
   5.890 1.5311 29.252 0.2812 2.3000 0.5696E+02 0.6740E+02 0.2776E-02 0.3815E+01 0.6358E+02 0.5696E+02  0  0  0 0.6471E+02 0.0000E+00
   5.890 1.4778 30.443 0.2899 2.4000 0.4855E+02 0.5747E+02 0.1945E-02 0.3354E+01 0.5411E+02 0.4854E+02  0  0  0 0.5520E+02 0.0000E+00
   5.890 1.4245 31.677 0.2983 2.5000 0.4145E+02 0.4912E+02 0.1433E-02 0.2971E+01 0.4615E+02 0.4145E+02  0  0  0 0.4719E+02 0.0000E+00
   5.890 1.8348 19.182 0.1577 1.2000 0.3320E+03 0.4358E+03 0.8241E+00 0.2934E+02 0.4056E+03 0.3318E+03  0  0  0 0.3986E+03 0.0000E+00
   5.890 1.7816 20.272 0.1686 1.3000 0.2679E+03 0.3491E+03 0.5011E+00 0.2328E+02 0.3254E+03 0.2677E+03  0  0  0 0.3205E+03 0.0000E+00
   5.890 1.7283 21.372 0.1793 1.4000 0.2181E+03 0.2825E+03 0.3078E+00 0.1876E+02 0.2635E+03 0.2179E+03  0  0  0 0.2601E+03 0.0000E+00
   5.890 1.6750 22.485 0.1896 1.5000 0.1788E+03 0.2303E+03 0.1906E+00 0.1533E+02 0.2147E+03 0.1787E+03  0  0  0 0.2127E+03 0.0000E+00
   5.890 1.6217 23.617 0.1998 1.6000 0.1476E+03 0.1889E+03 0.1188E+00 0.1269E+02 0.1761E+03 0.1475E+03  0  0  0 0.1750E+03 0.0000E+00
   5.890 1.5684 24.771 0.2096 1.7000 0.1225E+03 0.1564E+03 0.7440E-01 0.1062E+02 0.1457E+03 0.1225E+03  0  0  0 0.1451E+03 0.0000E+00
   5.890 1.5151 25.954 0.2193 1.8000 0.1022E+03 0.1302E+03 0.4684E-01 0.8985E+01 0.1211E+03 0.1022E+03  0  0  0 0.1210E+03 0.0000E+00
   5.890 1.4618 27.169 0.2286 1.9000 0.8561E+02 0.1089E+03 0.2965E-01 0.7677E+01 0.1012E+03 0.8558E+02  0  0  0 0.1013E+03 0.0000E+00
   5.890 1.4085 28.422 0.2378 2.0000 0.7197E+02 0.9156E+02 0.1889E-01 0.6621E+01 0.8492E+02 0.7196E+02  0  0  0 0.8525E+02 0.0000E+00
   5.890 1.3552 29.720 0.2468 2.1000 0.6070E+02 0.7727E+02 0.1215E-01 0.5762E+01 0.7150E+02 0.6069E+02  0  0  0 0.7198E+02 0.0000E+00
   5.890 1.3019 31.068 0.2555 2.2000 0.5133E+02 0.6547E+02 0.7918E-02 0.5056E+01 0.6040E+02 0.5132E+02  0  0  0 0.6099E+02 0.0000E+00
   5.890 1.2487 32.474 0.2641 2.3000 0.4350E+02 0.5564E+02 0.5259E-02 0.4472E+01 0.5116E+02 0.4349E+02  0  0  0 0.5181E+02 0.0000E+00
   5.890 1.1954 33.946 0.2724 2.4000 0.3692E+02 0.4742E+02 0.3587E-02 0.3987E+01 0.4343E+02 0.3692E+02  0  0  0 0.4413E+02 0.0000E+00
   5.890 1.1421 35.494 0.2806 2.5000 0.3138E+02 0.4051E+02 0.2534E-02 0.3582E+01 0.3692E+02 0.3138E+02  0  0  0 0.3766E+02 0.0000E+00
   5.890 1.5418 20.944 0.1471 1.2000 0.2493E+03 0.3508E+03 0.1192E+01 0.3053E+02 0.3190E+03 0.2492E+03  0  0  0 0.3125E+03 0.0000E+00
   5.890 1.4885 22.202 0.1574 1.3000 0.2008E+03 0.2807E+03 0.7439E+00 0.2454E+02 0.2554E+03 0.2007E+03  0  0  0 0.2509E+03 0.0000E+00
   5.890 1.4352 23.481 0.1675 1.4000 0.1630E+03 0.2272E+03 0.4695E+00 0.2004E+02 0.2067E+03 0.1630E+03  0  0  0 0.2034E+03 0.0000E+00
   5.890 1.3819 24.789 0.1773 1.5000 0.1333E+03 0.1853E+03 0.2990E+00 0.1659E+02 0.1684E+03 0.1333E+03  0  0  0 0.1662E+03 0.0000E+00
   5.890 1.3286 26.134 0.1869 1.6000 0.1097E+03 0.1521E+03 0.1919E+00 0.1391E+02 0.1380E+03 0.1096E+03  0  0  0 0.1366E+03 0.0000E+00
   5.890 1.2753 27.521 0.1963 1.7000 0.9070E+02 0.1258E+03 0.1240E+00 0.1180E+02 0.1139E+03 0.9067E+02  0  0  0 0.1131E+03 0.0000E+00
   5.890 1.2220 28.960 0.2055 1.8000 0.7534E+02 0.1046E+03 0.8064E-01 0.1012E+02 0.9437E+02 0.7531E+02  0  0  0 0.9405E+02 0.0000E+00
   5.890 1.1687 30.459 0.2145 1.9000 0.6280E+02 0.8738E+02 0.5277E-01 0.8765E+01 0.7856E+02 0.6278E+02  0  0  0 0.7858E+02 0.0000E+00
   5.890 1.1154 32.028 0.2232 2.0000 0.5251E+02 0.7336E+02 0.3479E-01 0.7666E+01 0.6566E+02 0.5249E+02  0  0  0 0.6593E+02 0.0000E+00
   5.890 1.0622 33.678 0.2318 2.1000 0.4400E+02 0.6184E+02 0.2316E-01 0.6765E+01 0.5505E+02 0.4399E+02  0  0  0 0.5550E+02 0.0000E+00
   5.890 1.0089 35.424 0.2402 2.2000 0.3693E+02 0.5230E+02 0.1564E-01 0.6023E+01 0.4626E+02 0.3693E+02  0  0  0 0.4686E+02 0.0000E+00
   5.890 0.9556 37.281 0.2484 2.3000 0.3104E+02 0.4436E+02 0.1078E-01 0.5408E+01 0.3894E+02 0.3103E+02  0  0  0 0.3965E+02 0.0000E+00
   5.890 0.9023 39.267 0.2564 2.4000 0.2609E+02 0.3773E+02 0.7657E-02 0.4895E+01 0.3282E+02 0.2609E+02  0  0  0 0.3362E+02 0.0000E+00
   5.890 0.8490 41.407 0.2643 2.5000 0.2193E+02 0.3217E+02 0.5686E-02 0.4466E+01 0.2770E+02 0.2193E+02  0  0  0 0.2856E+02 0.0000E+00
   5.890 1.2380 23.406 0.1375 1.2000 0.1789E+03 0.2758E+03 0.1723E+01 0.3236E+02 0.2418E+03 0.1788E+03  0  0  0 0.2378E+03 0.0000E+00
   5.890 1.1847 24.926 0.1472 1.3000 0.1433E+03 0.2206E+03 0.1107E+01 0.2640E+02 0.1931E+03 0.1432E+03  0  0  0 0.1904E+03 0.0000E+00
   5.890 1.1314 26.497 0.1568 1.4000 0.1156E+03 0.1781E+03 0.7202E+00 0.2183E+02 0.1555E+03 0.1156E+03  0  0  0 0.1538E+03 0.0000E+00
   5.890 1.0781 28.128 0.1661 1.5000 0.9390E+02 0.1449E+03 0.4745E+00 0.1832E+02 0.1261E+03 0.9387E+02  0  0  0 0.1251E+03 0.0000E+00
   5.890 1.0249 29.834 0.1753 1.6000 0.7665E+02 0.1188E+03 0.3165E+00 0.1558E+02 0.1029E+03 0.7662E+02  0  0  0 0.1026E+03 0.0000E+00
   5.890 0.9716 31.629 0.1842 1.7000 0.6282E+02 0.9795E+02 0.2137E+00 0.1340E+02 0.8433E+02 0.6280E+02  0  0  0 0.8443E+02 0.0000E+00
   5.890 0.9183 33.530 0.1929 1.8000 0.5165E+02 0.8121E+02 0.1465E+00 0.1166E+02 0.6941E+02 0.5164E+02  0  0  0 0.6986E+02 0.0000E+00
   5.890 0.8650 35.557 0.2015 1.9000 0.4256E+02 0.6771E+02 0.1023E+00 0.1025E+02 0.5735E+02 0.4255E+02  0  0  0 0.5806E+02 0.0000E+00
   5.890 0.8117 37.737 0.2099 2.0000 0.3512E+02 0.5671E+02 0.7332E-01 0.9088E+01 0.4755E+02 0.3511E+02  0  0  0 0.4844E+02 0.0000E+00
   5.890 0.7584 40.098 0.2181 2.1000 0.2899E+02 0.4768E+02 0.5444E-01 0.8139E+01 0.3949E+02 0.2898E+02  0  0  0 0.4053E+02 0.0000E+00
   5.890 0.7051 42.681 0.2261 2.2000 0.2391E+02 0.4016E+02 0.4246E-01 0.7352E+01 0.3276E+02 0.2390E+02  0  0  0 0.3395E+02 0.0000E+00
   5.890 0.6518 45.536 0.2340 2.3000 0.1968E+02 0.3394E+02 0.3530E-01 0.6697E+01 0.2721E+02 0.1968E+02  0  0  0 0.2848E+02 0.0000E+00
   5.890 0.5985 48.730 0.2417 2.4000 0.1616E+02 0.2869E+02 0.3163E-01 0.6147E+01 0.2251E+02 0.1615E+02  0  0  0 0.2390E+02 0.0000E+00
   5.890 0.5452 52.355 0.2493 2.5000 0.1320E+02 0.2431E+02 0.3060E-01 0.5682E+01 0.1859E+02 0.1320E+02  0  0  0 0.2007E+02 0.0000E+00
   5.890 0.9236 27.164 0.1288 1.2000 0.1192E+03 0.2097E+03 0.2525E+01 0.3473E+02 0.1724E+03 0.1192E+03  0  0  0 0.1731E+03 0.0000E+00
   5.890 0.8703 29.168 0.1380 1.3000 0.9436E+02 0.1673E+03 0.1691E+01 0.2870E+02 0.1369E+03 0.9432E+02  0  0  0 0.1378E+03 0.0000E+00
   5.890 0.8170 31.291 0.1471 1.4000 0.7511E+02 0.1344E+03 0.1155E+01 0.2408E+02 0.1092E+03 0.7508E+02  0  0  0 0.1104E+03 0.0000E+00
   5.890 0.7637 33.564 0.1559 1.5000 0.6004E+02 0.1090E+03 0.8048E+00 0.2049E+02 0.8766E+02 0.6002E+02  0  0  0 0.8918E+02 0.0000E+00
   5.890 0.7104 36.019 0.1646 1.6000 0.4812E+02 0.8884E+02 0.5731E+00 0.1765E+02 0.7062E+02 0.4810E+02  0  0  0 0.7238E+02 0.0000E+00
   5.890 0.6571 38.703 0.1731 1.7000 0.3861E+02 0.7287E+02 0.4182E+00 0.1538E+02 0.5707E+02 0.3860E+02  0  0  0 0.5901E+02 0.0000E+00
   5.890 0.6039 41.672 0.1815 1.8000 0.3097E+02 0.6002E+02 0.3133E+00 0.1355E+02 0.4616E+02 0.3096E+02  0  0  0 0.4827E+02 0.0000E+00
   5.890 0.5506 45.005 0.1896 1.9000 0.2479E+02 0.4961E+02 0.2408E+00 0.1204E+02 0.3733E+02 0.2478E+02  0  0  0 0.3956E+02 0.0000E+00
   5.890 0.4973 48.808 0.1976 2.0000 0.1976E+02 0.4109E+02 0.1886E+00 0.1078E+02 0.3012E+02 0.1975E+02  0  0  0 0.3245E+02 0.0000E+00
   5.890 0.4440 53.238 0.2055 2.1000 0.1564E+02 0.3405E+02 0.1472E+00 0.9718E+01 0.2419E+02 0.1564E+02  0  0  0 0.2659E+02 0.0000E+00
   5.890 0.3907 58.534 0.2132 2.2000 0.1225E+02 0.2814E+02 0.1094E+00 0.8780E+01 0.1925E+02 0.1225E+02  0  0  0 0.2173E+02 0.0000E+00
   5.890 0.3374 65.081 0.2207 2.3000 0.9461E+01 0.2307E+02 0.7074E-01 0.7900E+01 0.1510E+02 0.9459E+01  0  0  0 0.1763E+02 0.0000E+00
   5.890 0.2841 73.565 0.2281 2.4000 0.7148E+01 0.1847E+02 0.3810E-01 0.6953E+01 0.1148E+02 0.7147E+01  0  0  0 0.1414E+02 0.0000E+00
   5.890 0.2308 85.376 0.2354 2.5000 0.5228E+01 0.1207E+02 0.5483E-01 0.4977E+01 0.7039E+01 0.5227E+01  0  0  0 0.1108E+02 0.0000E+00
