2.2,2.9,1.9,3.2
   5.890 2.9966 18.884 0.3499 1.9000 0.2345E+02 0.2371E+02 0.8616E+00 0.0000E+00 0.2285E+02 0.2345E+02  0  0  0 0.2431E+02 0.0000E+00
   5.890 2.9433 19.556 0.3617 2.0000 0.1972E+02 0.1982E+02 0.6999E+00 0.0000E+00 0.1912E+02 0.1972E+02  0  0  0 0.2039E+02 0.0000E+00
   5.890 2.8900 20.230 0.3730 2.1000 0.1665E+02 0.1665E+02 0.5733E+00 0.0000E+00 0.1608E+02 0.1665E+02  0  0  0 0.1717E+02 0.0000E+00
   5.890 2.8367 20.907 0.3840 2.2000 0.1411E+02 0.1406E+02 0.4733E+00 0.0000E+00 0.1358E+02 0.1411E+02  0  0  0 0.1453E+02 0.0000E+00
   5.890 2.7834 21.588 0.3945 2.3000 0.1201E+02 0.1191E+02 0.3936E+00 0.0000E+00 0.1152E+02 0.1201E+02  0  0  0 0.1234E+02 0.0000E+00
   5.890 2.7301 22.275 0.4047 2.4000 0.1025E+02 0.1013E+02 0.3296E+00 0.0000E+00 0.9802E+01 0.1025E+02  0  0  0 0.1052E+02 0.0000E+00
   5.890 2.6768 22.969 0.4146 2.5000 0.8784E+01 0.8649E+01 0.2777E+00 0.0000E+00 0.8371E+01 0.8784E+01  0  0  0 0.8994E+01 0.0000E+00
   5.890 2.6235 23.670 0.4242 2.6000 0.7546E+01 0.7408E+01 0.2354E+00 0.0000E+00 0.7172E+01 0.7546E+01  0  0  0 0.7716E+01 0.0000E+00
   5.890 2.5703 24.380 0.4334 2.7000 0.6501E+01 0.6364E+01 0.2007E+00 0.0000E+00 0.6163E+01 0.6501E+01  0  0  0 0.6639E+01 0.0000E+00
   5.890 2.5170 25.101 0.4424 2.8000 0.5615E+01 0.5483E+01 0.1721E+00 0.0000E+00 0.5310E+01 0.5615E+01  0  0  0 0.5728E+01 0.0000E+00
   5.890 2.4637 25.832 0.4510 2.9000 0.4862E+01 0.4736E+01 0.1482E+00 0.0000E+00 0.4588E+01 0.4862E+01  0  0  0 0.4955E+01 0.0000E+00
   5.890 2.4104 26.576 0.4594 3.0000 0.4218E+01 0.4101E+01 0.1283E+00 0.0000E+00 0.3973E+01 0.4218E+01  0  0  0 0.4296E+01 0.0000E+00
   5.890 2.3571 27.333 0.4676 3.1000 0.3668E+01 0.3560E+01 0.1117E+00 0.0000E+00 0.3448E+01 0.3668E+01  0  0  0 0.3733E+01 0.0000E+00
   5.890 2.3038 28.105 0.4755 3.2000 0.3196E+01 0.3097E+01 0.9755E-01 0.0000E+00 0.2999E+01 0.3196E+01  0  0  0 0.3251E+01 0.0000E+00
   5.890 2.7674 19.658 0.3242 1.9000 0.2043E+02 0.2134E+02 0.8616E+00 0.0000E+00 0.2047E+02 0.2043E+02  0  0  0 0.2156E+02 0.0000E+00
   5.890 2.7141 20.373 0.3356 2.0000 0.1725E+02 0.1791E+02 0.7050E+00 0.0000E+00 0.1721E+02 0.1725E+02  0  0  0 0.1815E+02 0.0000E+00
   5.890 2.6608 21.092 0.3466 2.1000 0.1462E+02 0.1511E+02 0.5817E+00 0.0000E+00 0.1453E+02 0.1462E+02  0  0  0 0.1535E+02 0.0000E+00
   5.890 2.6075 21.817 0.3572 2.2000 0.1244E+02 0.1280E+02 0.4838E+00 0.0000E+00 0.1231E+02 0.1244E+02  0  0  0 0.1303E+02 0.0000E+00
   5.890 2.5543 22.548 0.3674 2.3000 0.1063E+02 0.1088E+02 0.4053E+00 0.0000E+00 0.1048E+02 0.1063E+02  0  0  0 0.1111E+02 0.0000E+00
   5.890 2.5010 23.287 0.3774 2.4000 0.9106E+01 0.9290E+01 0.3418E+00 0.0000E+00 0.8948E+01 0.9106E+01  0  0  0 0.9501E+01 0.0000E+00
   5.890 2.4477 24.035 0.3870 2.5000 0.7825E+01 0.7957E+01 0.2902E+00 0.0000E+00 0.7667E+01 0.7825E+01  0  0  0 0.8153E+01 0.0000E+00
   5.890 2.3944 24.794 0.3964 2.6000 0.6743E+01 0.6836E+01 0.2478E+00 0.0000E+00 0.6588E+01 0.6743E+01  0  0  0 0.7016E+01 0.0000E+00
   5.890 2.3411 25.565 0.4054 2.7000 0.5825E+01 0.5890E+01 0.2129E+00 0.0000E+00 0.5677E+01 0.5825E+01  0  0  0 0.6055E+01 0.0000E+00
   5.890 2.2878 26.349 0.4142 2.8000 0.5045E+01 0.5089E+01 0.1838E+00 0.0000E+00 0.4905E+01 0.5045E+01  0  0  0 0.5238E+01 0.0000E+00
   5.890 2.2345 27.148 0.4228 2.9000 0.4378E+01 0.4407E+01 0.1596E+00 0.0000E+00 0.4248E+01 0.4378E+01  0  0  0 0.4543E+01 0.0000E+00
   5.890 2.1812 27.964 0.4311 3.0000 0.3807E+01 0.3826E+01 0.1392E+00 0.0000E+00 0.3687E+01 0.3807E+01  0  0  0 0.3948E+01 0.0000E+00
   5.890 2.1279 28.797 0.4391 3.1000 0.3317E+01 0.3329E+01 0.1221E+00 0.0000E+00 0.3207E+01 0.3317E+01  0  0  0 0.3439E+01 0.0000E+00
   5.890 2.0747 29.650 0.4469 3.2000 0.2895E+01 0.2902E+01 0.1075E+00 0.0000E+00 0.2794E+01 0.2895E+01  0  0  0 0.3000E+01 0.0000E+00
   5.890 2.5276 20.579 0.3011 1.9000 0.1760E+02 0.1902E+02 0.8828E+00 0.0000E+00 0.1813E+02 0.1760E+02  0  0  0 0.1892E+02 0.0000E+00
   5.890 2.4743 21.348 0.3120 2.0000 0.1491E+02 0.1602E+02 0.7280E+00 0.0000E+00 0.1529E+02 0.1491E+02  0  0  0 0.1598E+02 0.0000E+00
   5.890 2.4210 22.125 0.3226 2.1000 0.1267E+02 0.1355E+02 0.6054E+00 0.0000E+00 0.1295E+02 0.1267E+02  0  0  0 0.1355E+02 0.0000E+00
   5.890 2.3677 22.909 0.3328 2.2000 0.1082E+02 0.1151E+02 0.5074E+00 0.0000E+00 0.1101E+02 0.1082E+02  0  0  0 0.1154E+02 0.0000E+00
   5.890 2.3145 23.703 0.3428 2.3000 0.9261E+01 0.9820E+01 0.4284E+00 0.0000E+00 0.9392E+01 0.9261E+01  0  0  0 0.9866E+01 0.0000E+00
   5.890 2.2612 24.509 0.3524 2.4000 0.7954E+01 0.8404E+01 0.3642E+00 0.0000E+00 0.8040E+01 0.7954E+01  0  0  0 0.8460E+01 0.0000E+00
   5.890 2.2079 25.327 0.3618 2.5000 0.6850E+01 0.7216E+01 0.3116E+00 0.0000E+00 0.6905E+01 0.6850E+01  0  0  0 0.7276E+01 0.0000E+00
   5.890 2.1546 26.161 0.3709 2.6000 0.5914E+01 0.6214E+01 0.2682E+00 0.0000E+00 0.5946E+01 0.5914E+01  0  0  0 0.6276E+01 0.0000E+00
   5.890 2.1013 27.010 0.3798 2.7000 0.5119E+01 0.5366E+01 0.2323E+00 0.0000E+00 0.5134E+01 0.5119E+01  0  0  0 0.5427E+01 0.0000E+00
   5.890 2.0480 27.879 0.3884 2.8000 0.4439E+01 0.4645E+01 0.2022E+00 0.0000E+00 0.4443E+01 0.4439E+01  0  0  0 0.4704E+01 0.0000E+00
   5.890 1.9947 28.767 0.3967 2.9000 0.3858E+01 0.4031E+01 0.1771E+00 0.0000E+00 0.3854E+01 0.3858E+01  0  0  0 0.4086E+01 0.0000E+00
   5.890 1.9414 29.678 0.4049 3.0000 0.3359E+01 0.3505E+01 0.1558E+00 0.0000E+00 0.3349E+01 0.3359E+01  0  0  0 0.3556E+01 0.0000E+00
   5.890 1.8881 30.613 0.4128 3.1000 0.2929E+01 0.3054E+01 0.1378E+00 0.0000E+00 0.2916E+01 0.2929E+01  0  0  0 0.3101E+01 0.0000E+00
   5.890 1.8348 31.575 0.4205 3.2000 0.2557E+01 0.2666E+01 0.1224E+00 0.0000E+00 0.2543E+01 0.2557E+01  0  0  0 0.2708E+01 0.0000E+00
   5.890 2.2771 21.694 0.2802 1.9000 0.1485E+02 0.1669E+02 0.9261E+00 0.0000E+00 0.1576E+02 0.1485E+02  0  0  0 0.1631E+02 0.0000E+00
   5.890 2.2239 22.534 0.2907 2.0000 0.1261E+02 0.1409E+02 0.7701E+00 0.0000E+00 0.1332E+02 0.1261E+02  0  0  0 0.1381E+02 0.0000E+00
   5.890 2.1706 23.383 0.3009 2.1000 0.1074E+02 0.1195E+02 0.6458E+00 0.0000E+00 0.1131E+02 0.1074E+02  0  0  0 0.1174E+02 0.0000E+00
   5.890 2.1173 24.246 0.3107 2.2000 0.9184E+01 0.1018E+02 0.5458E+00 0.0000E+00 0.9633E+01 0.9184E+01  0  0  0 0.1002E+02 0.0000E+00
   5.890 2.0640 25.122 0.3203 2.3000 0.7877E+01 0.8700E+01 0.4647E+00 0.0000E+00 0.8235E+01 0.7877E+01  0  0  0 0.8581E+01 0.0000E+00
   5.890 2.0107 26.016 0.3297 2.4000 0.6774E+01 0.7460E+01 0.3984E+00 0.0000E+00 0.7062E+01 0.6774E+01  0  0  0 0.7371E+01 0.0000E+00
   5.890 1.9574 26.928 0.3388 2.5000 0.5841E+01 0.6417E+01 0.3439E+00 0.0000E+00 0.6073E+01 0.5841E+01  0  0  0 0.6349E+01 0.0000E+00
   5.890 1.9041 27.861 0.3476 2.6000 0.5048E+01 0.5535E+01 0.2987E+00 0.0000E+00 0.5236E+01 0.5048E+01  0  0  0 0.5484E+01 0.0000E+00
   5.890 1.8508 28.817 0.3562 2.7000 0.4371E+01 0.4786E+01 0.2609E+00 0.0000E+00 0.4525E+01 0.4371E+01  0  0  0 0.4747E+01 0.0000E+00
   5.890 1.7975 29.800 0.3646 2.8000 0.3793E+01 0.4149E+01 0.2293E+00 0.0000E+00 0.3919E+01 0.3793E+01  0  0  0 0.4118E+01 0.0000E+00
   5.890 1.7443 30.811 0.3728 2.9000 0.3296E+01 0.3604E+01 0.2027E+00 0.0000E+00 0.3401E+01 0.3296E+01  0  0  0 0.3580E+01 0.0000E+00
   5.890 1.6910 31.854 0.3807 3.0000 0.2869E+01 0.3137E+01 0.1801E+00 0.0000E+00 0.2957E+01 0.2869E+01  0  0  0 0.3117E+01 0.0000E+00
   5.890 1.6377 32.933 0.3885 3.1000 0.2501E+01 0.2735E+01 0.1609E+00 0.0000E+00 0.2574E+01 0.2501E+01  0  0  0 0.2719E+01 0.0000E+00
   5.890 1.5844 34.050 0.3961 3.2000 0.2182E+01 0.2389E+01 0.1444E+00 0.0000E+00 0.2245E+01 0.2182E+01  0  0  0 0.2375E+01 0.0000E+00
   5.890 2.0160 23.074 0.2614 1.9000 0.1221E+02 0.1440E+02 0.9947E+00 0.0000E+00 0.1340E+02 0.1221E+02  0  0  0 0.1377E+02 0.0000E+00
   5.890 1.9627 24.007 0.2714 2.0000 0.1038E+02 0.1218E+02 0.8347E+00 0.0000E+00 0.1134E+02 0.1038E+02  0  0  0 0.1168E+02 0.0000E+00
   5.890 1.9095 24.955 0.2811 2.1000 0.8850E+01 0.1035E+02 0.7063E+00 0.0000E+00 0.9639E+01 0.8850E+01  0  0  0 0.9941E+01 0.0000E+00
   5.890 1.8562 25.923 0.2906 2.2000 0.7572E+01 0.8824E+01 0.6025E+00 0.0000E+00 0.8221E+01 0.7572E+01  0  0  0 0.8494E+01 0.0000E+00
   5.890 1.8029 26.912 0.2999 2.3000 0.6497E+01 0.7552E+01 0.5179E+00 0.0000E+00 0.7034E+01 0.6497E+01  0  0  0 0.7281E+01 0.0000E+00
   5.890 1.7496 27.926 0.3089 2.4000 0.5589E+01 0.6484E+01 0.4482E+00 0.0000E+00 0.6036E+01 0.5589E+01  0  0  0 0.6259E+01 0.0000E+00
   5.890 1.6963 28.968 0.3177 2.5000 0.4818E+01 0.5583E+01 0.3908E+00 0.0000E+00 0.5192E+01 0.4818E+01  0  0  0 0.5395E+01 0.0000E+00
   5.890 1.6430 30.041 0.3262 2.6000 0.4162E+01 0.4820E+01 0.3427E+00 0.0000E+00 0.4477E+01 0.4162E+01  0  0  0 0.4661E+01 0.0000E+00
   5.890 1.5897 31.149 0.3346 2.7000 0.3602E+01 0.4171E+01 0.3025E+00 0.0000E+00 0.3869E+01 0.3602E+01  0  0  0 0.4035E+01 0.0000E+00
   5.890 1.5364 32.296 0.3427 2.8000 0.3122E+01 0.3618E+01 0.2686E+00 0.0000E+00 0.3349E+01 0.3122E+01  0  0  0 0.3500E+01 0.0000E+00
   5.890 1.4831 33.487 0.3507 2.9000 0.2709E+01 0.3144E+01 0.2399E+00 0.0000E+00 0.2904E+01 0.2709E+01  0  0  0 0.3041E+01 0.0000E+00
   5.890 1.4298 34.725 0.3584 3.0000 0.2354E+01 0.2737E+01 0.2155E+00 0.0000E+00 0.2522E+01 0.2354E+01  0  0  0 0.2647E+01 0.0000E+00
   5.890 1.3766 36.018 0.3660 3.1000 0.2047E+01 0.2387E+01 0.1947E+00 0.0000E+00 0.2192E+01 0.2047E+01  0  0  0 0.2306E+01 0.0000E+00
   5.890 1.3233 37.372 0.3734 3.2000 0.1781E+01 0.2084E+01 0.1770E+00 0.0000E+00 0.1908E+01 0.1781E+01  0  0  0 0.2012E+01 0.0000E+00
   5.890 1.7443 24.834 0.2442 1.9000 0.9719E+01 0.1218E+02 0.1095E+01 0.0000E+00 0.1108E+02 0.9719E+01  0  0  0 0.1134E+02 0.0000E+00
   5.890 1.6910 25.895 0.2538 2.0000 0.8260E+01 0.1032E+02 0.9281E+00 0.0000E+00 0.9387E+01 0.8260E+01  0  0  0 0.9624E+01 0.0000E+00
   5.890 1.6377 26.982 0.2632 2.1000 0.7043E+01 0.8773E+01 0.7933E+00 0.0000E+00 0.7979E+01 0.7043E+01  0  0  0 0.8197E+01 0.0000E+00
   5.890 1.5844 28.100 0.2723 2.2000 0.6022E+01 0.7488E+01 0.6836E+00 0.0000E+00 0.6805E+01 0.6022E+01  0  0  0 0.7005E+01 0.0000E+00
   5.890 1.5311 29.252 0.2812 2.3000 0.5161E+01 0.6413E+01 0.5937E+00 0.0000E+00 0.5820E+01 0.5161E+01  0  0  0 0.6004E+01 0.0000E+00
   5.890 1.4778 30.443 0.2899 2.4000 0.4433E+01 0.5509E+01 0.5194E+00 0.0000E+00 0.4990E+01 0.4433E+01  0  0  0 0.5159E+01 0.0000E+00
   5.890 1.4245 31.677 0.2983 2.5000 0.3815E+01 0.4746E+01 0.4577E+00 0.0000E+00 0.4288E+01 0.3815E+01  0  0  0 0.4444E+01 0.0000E+00
   5.890 1.3712 32.961 0.3066 2.6000 0.3288E+01 0.4098E+01 0.4060E+00 0.0000E+00 0.3692E+01 0.3288E+01  0  0  0 0.3836E+01 0.0000E+00
   5.890 1.3179 34.301 0.3147 2.7000 0.2837E+01 0.3547E+01 0.3627E+00 0.0000E+00 0.3184E+01 0.2837E+01  0  0  0 0.3317E+01 0.0000E+00
   5.890 1.2646 35.703 0.3226 2.8000 0.2450E+01 0.3076E+01 0.3260E+00 0.0000E+00 0.2750E+01 0.2450E+01  0  0  0 0.2872E+01 0.0000E+00
   5.890 1.2114 37.177 0.3303 2.9000 0.2118E+01 0.2672E+01 0.2950E+00 0.0000E+00 0.2377E+01 0.2118E+01  0  0  0 0.2491E+01 0.0000E+00
   5.890 1.1581 38.731 0.3378 3.0000 0.1831E+01 0.2326E+01 0.2686E+00 0.0000E+00 0.2057E+01 0.1831E+01  0  0  0 0.2163E+01 0.0000E+00
   5.890 1.1048 40.377 0.3452 3.1000 0.1583E+01 0.2027E+01 0.2461E+00 0.0000E+00 0.1781E+01 0.1583E+01  0  0  0 0.1879E+01 0.0000E+00
   5.890 1.0515 42.127 0.3524 3.2000 0.1369E+01 0.1769E+01 0.2270E+00 0.0000E+00 0.1542E+01 0.1369E+01  0  0  0 0.1634E+01 0.0000E+00
   5.890 1.4618 27.169 0.2286 1.9000 0.7435E+01 0.1011E+02 0.1237E+01 0.0000E+00 0.8871E+01 0.7435E+01  0  0  0 0.9081E+01 0.0000E+00
   5.890 1.4085 28.422 0.2378 2.0000 0.6306E+01 0.8565E+01 0.1060E+01 0.0000E+00 0.7505E+01 0.6306E+01  0  0  0 0.7701E+01 0.0000E+00
   5.890 1.3552 29.720 0.2468 2.1000 0.5363E+01 0.7286E+01 0.9164E+00 0.0000E+00 0.6370E+01 0.5363E+01  0  0  0 0.6553E+01 0.0000E+00
   5.890 1.3020 31.068 0.2555 2.2000 0.4572E+01 0.6220E+01 0.7991E+00 0.0000E+00 0.5421E+01 0.4572E+01  0  0  0 0.5593E+01 0.0000E+00
   5.890 1.2487 32.474 0.2641 2.3000 0.3904E+01 0.5328E+01 0.7025E+00 0.0000E+00 0.4625E+01 0.3904E+01  0  0  0 0.4786E+01 0.0000E+00
   5.890 1.1954 33.946 0.2724 2.4000 0.3339E+01 0.4577E+01 0.6224E+00 0.0000E+00 0.3954E+01 0.3339E+01  0  0  0 0.4105E+01 0.0000E+00
   5.890 1.1421 35.494 0.2806 2.5000 0.2859E+01 0.3942E+01 0.5556E+00 0.0000E+00 0.3386E+01 0.2859E+01  0  0  0 0.3527E+01 0.0000E+00
   5.890 1.0888 37.128 0.2886 2.6000 0.2449E+01 0.3403E+01 0.4997E+00 0.0000E+00 0.2903E+01 0.2449E+01  0  0  0 0.3036E+01 0.0000E+00
   5.890 1.0355 38.862 0.2964 2.7000 0.2099E+01 0.2944E+01 0.4526E+00 0.0000E+00 0.2491E+01 0.2099E+01  0  0  0 0.2617E+01 0.0000E+00
   5.890 0.9822 40.711 0.3040 2.8000 0.1799E+01 0.2552E+01 0.4129E+00 0.0000E+00 0.2139E+01 0.1799E+01  0  0  0 0.2258E+01 0.0000E+00
   5.890 0.9289 42.694 0.3115 2.9000 0.1541E+01 0.2216E+01 0.3794E+00 0.0000E+00 0.1836E+01 0.1541E+01  0  0  0 0.1950E+01 0.0000E+00
   5.890 0.8756 44.833 0.3188 3.0000 0.1318E+01 0.1927E+01 0.3511E+00 0.0000E+00 0.1576E+01 0.1318E+01  0  0  0 0.1685E+01 0.0000E+00
   5.890 0.8224 47.157 0.3260 3.1000 0.1126E+01 0.1679E+01 0.3272E+00 0.0000E+00 0.1352E+01 0.1126E+01  0  0  0 0.1456E+01 0.0000E+00
   5.890 0.7691 49.701 0.3330 3.2000 0.9603E+00 0.1465E+01 0.3072E+00 0.0000E+00 0.1158E+01 0.9603E+00  0  0  0 0.1258E+01 0.0000E+00
   5.890 1.1687 30.459 0.2145 1.9000 0.5387E+01 0.8231E+01 0.1437E+01 0.0000E+00 0.6794E+01 0.5387E+01  0  0  0 0.7030E+01 0.0000E+00
   5.890 1.1154 32.028 0.2232 2.0000 0.4544E+01 0.6973E+01 0.1247E+01 0.0000E+00 0.5726E+01 0.4544E+01  0  0  0 0.5947E+01 0.0000E+00
   5.890 1.0622 33.678 0.2318 2.1000 0.3840E+01 0.5931E+01 0.1093E+01 0.0000E+00 0.4838E+01 0.3840E+01  0  0  0 0.5045E+01 0.0000E+00
   5.890 1.0089 35.424 0.2402 2.2000 0.3249E+01 0.5062E+01 0.9663E+00 0.0000E+00 0.4096E+01 0.3249E+01  0  0  0 0.4291E+01 0.0000E+00
   5.890 0.9556 37.281 0.2484 2.3000 0.2751E+01 0.4334E+01 0.8616E+00 0.0000E+00 0.3473E+01 0.2751E+01  0  0  0 0.3658E+01 0.0000E+00
   5.890 0.9023 39.267 0.2564 2.4000 0.2330E+01 0.3722E+01 0.7746E+00 0.0000E+00 0.2948E+01 0.2330E+01  0  0  0 0.3123E+01 0.0000E+00
   5.890 0.8490 41.407 0.2643 2.5000 0.1972E+01 0.3205E+01 0.7021E+00 0.0000E+00 0.2503E+01 0.1972E+01  0  0  0 0.2670E+01 0.0000E+00
   5.890 0.7957 43.729 0.2720 2.6000 0.1667E+01 0.2766E+01 0.6414E+00 0.0000E+00 0.2124E+01 0.1667E+01  0  0  0 0.2284E+01 0.0000E+00
   5.890 0.7424 46.269 0.2795 2.7000 0.1407E+01 0.2392E+01 0.5906E+00 0.0000E+00 0.1801E+01 0.1407E+01  0  0  0 0.1956E+01 0.0000E+00
   5.890 0.6891 49.074 0.2869 2.8000 0.1184E+01 0.2073E+01 0.5479E+00 0.0000E+00 0.1525E+01 0.1184E+01  0  0  0 0.1675E+01 0.0000E+00
   5.890 0.6358 52.206 0.2941 2.9000 0.9934E+00 0.1800E+01 0.5121E+00 0.0000E+00 0.1287E+01 0.9934E+00  0  0  0 0.1434E+01 0.0000E+00
   5.890 0.5825 55.748 0.3012 3.0000 0.8292E+00 0.1565E+01 0.4821E+00 0.0000E+00 0.1083E+01 0.8292E+00  0  0  0 0.1227E+01 0.0000E+00
   5.890 0.5293 59.816 0.3082 3.1000 0.6879E+00 0.1361E+01 0.4561E+00 0.0000E+00 0.9050E+00 0.6879E+00  0  0  0 0.1047E+01 0.0000E+00
   5.890 0.4760 64.579 0.3150 3.2000 0.5660E+00 0.1185E+01 0.4357E+00 0.0000E+00 0.7496E+00 0.5660E+00  0  0  0 0.8936E+00 0.0000E+00
   5.890 0.8650 35.557 0.2015 1.9000 0.3590E+01 0.6588E+01 0.1721E+01 0.0000E+00 0.4867E+01 0.3590E+01  0  0  0 0.5206E+01 0.0000E+00
   5.890 0.8117 37.737 0.2099 2.0000 0.2990E+01 0.5578E+01 0.1516E+01 0.0000E+00 0.4063E+01 0.2990E+01  0  0  0 0.4378E+01 0.0000E+00
   5.890 0.7584 40.098 0.2181 2.1000 0.2489E+01 0.4742E+01 0.1348E+01 0.0000E+00 0.3394E+01 0.2489E+01  0  0  0 0.3690E+01 0.0000E+00
   5.890 0.7051 42.681 0.2261 2.2000 0.2070E+01 0.4045E+01 0.1209E+01 0.0000E+00 0.2836E+01 0.2070E+01  0  0  0 0.3114E+01 0.0000E+00
   5.890 0.6518 45.536 0.2340 2.3000 0.1717E+01 0.3461E+01 0.1095E+01 0.0000E+00 0.2367E+01 0.1717E+01  0  0  0 0.2631E+01 0.0000E+00
   5.890 0.5985 48.730 0.2417 2.4000 0.1420E+01 0.2968E+01 0.9973E+00 0.0000E+00 0.1971E+01 0.1420E+01  0  0  0 0.2222E+01 0.0000E+00
   5.890 0.5452 52.355 0.2493 2.5000 0.1168E+01 0.2554E+01 0.9188E+00 0.0000E+00 0.1635E+01 0.1168E+01  0  0  0 0.1879E+01 0.0000E+00
   5.890 0.4920 56.540 0.2567 2.6000 0.9544E+00 0.2199E+01 0.8506E+00 0.0000E+00 0.1349E+01 0.9544E+00  0  0  0 0.1585E+01 0.0000E+00
   5.890 0.4387 61.478 0.2639 2.7000 0.7728E+00 0.1895E+01 0.7917E+00 0.0000E+00 0.1103E+01 0.7728E+00  0  0  0 0.1334E+01 0.0000E+00
   5.890 0.3854 67.467 0.2711 2.8000 0.6180E+00 0.1628E+01 0.7390E+00 0.0000E+00 0.8885E+00 0.6180E+00  0  0  0 0.1118E+01 0.0000E+00
   5.890 0.3321 75.008 0.2781 2.9000 0.4859E+00 0.1381E+01 0.6881E+00 0.0000E+00 0.6931E+00 0.4859E+00  0  0  0 0.9294E+00 0.0000E+00
   5.890 0.2788 85.036 0.2849 3.0001 0.3730E+00 0.1046E+01 0.6144E+00 0.0000E+00 0.4315E+00 0.3730E+00  0  0  0 0.7623E+00 0.0000E+00
   5.890 0.2255 99.612 0.2916 3.1001 0.2765E+00 0.1059E+01 0.5401E+00 0.0000E+00 0.5191E+00 0.2765E+00  0  0  0 0.6084E+00 0.0000E+00
   5.890 0.1722125.265 0.2982 3.2001 0.1939E+00 0.7981E+00 0.4447E+00 0.0000E+00 0.3534E+00 0.1939E+00  0  0  0 0.4550E+00 0.0000E+00
