1.2,1.9,3.5,5.0
   4.730 2.5666 31.146 0.8621 3.5000 0.5970E+01 0.4793E+01 0.2778E-08 0.1260E+01 0.3533E+01 0.4753E+01  0  0  0 0.5494E+01 0.0000E+00
   4.730 2.5133 31.942 0.8654 3.6000 0.5095E+01 0.4091E+01 0.2054E-08 0.1053E+01 0.3038E+01 0.4080E+01  0  0  0 0.4691E+01 0.0000E+00
   4.730 2.4601 32.753 0.8686 3.7000 0.4361E+01 0.3503E+01 0.1532E-08 0.8831E+00 0.2620E+01 0.3513E+01  0  0  0 0.4017E+01 0.0000E+00
   4.730 2.4068 33.582 0.8716 3.8000 0.3744E+01 0.3008E+01 0.1150E-08 0.7425E+00 0.2265E+01 0.3032E+01  0  0  0 0.3451E+01 0.0000E+00
   4.730 2.3535 34.429 0.8745 3.9000 0.3222E+01 0.2589E+01 0.8705E-09 0.6260E+00 0.1963E+01 0.2624E+01  0  0  0 0.2972E+01 0.0000E+00
   4.730 2.3002 35.296 0.8773 4.0000 0.2780E+01 0.2235E+01 0.6632E-09 0.5292E+00 0.1706E+01 0.2276E+01  0  0  0 0.2566E+01 0.0000E+00
   4.730 2.2469 36.186 0.8799 4.1000 0.2404E+01 0.1934E+01 0.5086E-09 0.4486E+00 0.1486E+01 0.1979E+01  0  0  0 0.2221E+01 0.0000E+00
   4.730 2.1936 37.098 0.8824 4.2000 0.2084E+01 0.1678E+01 0.3926E-09 0.3812E+00 0.1297E+01 0.1724E+01  0  0  0 0.1927E+01 0.0000E+00
   4.730 2.1403 38.036 0.8848 4.3000 0.1810E+01 0.1459E+01 0.3048E-09 0.3247E+00 0.1134E+01 0.1505E+01  0  0  0 0.1676E+01 0.0000E+00
   4.730 2.0870 39.001 0.8871 4.4000 0.1575E+01 0.1271E+01 0.2380E-09 0.2772E+00 0.9934E+00 0.1316E+01  0  0  0 0.1460E+01 0.0000E+00
   4.730 2.0337 39.995 0.8894 4.5000 0.1374E+01 0.1109E+01 0.1869E-09 0.2372E+00 0.8718E+00 0.1153E+01  0  0  0 0.1275E+01 0.0000E+00
   4.730 1.9805 41.021 0.8915 4.6000 0.1200E+01 0.9697E+00 0.1475E-09 0.2034E+00 0.7663E+00 0.1012E+01  0  0  0 0.1115E+01 0.0000E+00
   4.730 1.9272 42.081 0.8936 4.7000 0.1050E+01 0.8494E+00 0.1170E-09 0.1748E+00 0.6747E+00 0.8897E+00  0  0  0 0.9774E+00 0.0000E+00
   4.730 1.8739 43.179 0.8956 4.8000 0.9201E+00 0.7454E+00 0.9330E-10 0.1505E+00 0.5949E+00 0.7831E+00  0  0  0 0.8580E+00 0.0000E+00
   4.730 1.8206 44.317 0.8975 4.9000 0.8075E+00 0.6550E+00 0.7473E-10 0.1298E+00 0.5251E+00 0.6902E+00  0  0  0 0.7543E+00 0.0000E+00
   4.730 1.7673 45.498 0.8993 5.0000 0.7096E+00 0.5763E+00 0.6012E-10 0.1122E+00 0.4640E+00 0.6091E+00  0  0  0 0.6641E+00 0.0000E+00
   4.730 2.4334 32.010 0.8121 3.5000 0.6964E+01 0.5664E+01 0.1249E-07 0.9875E+00 0.4676E+01 0.6133E+01  0  0  0 0.6453E+01 0.0000E+00
   4.730 2.3801 32.848 0.8164 3.6000 0.5948E+01 0.4838E+01 0.9188E-08 0.8305E+00 0.4007E+01 0.5250E+01  0  0  0 0.5514E+01 0.0000E+00
   4.730 2.3268 33.705 0.8205 3.7000 0.5094E+01 0.4144E+01 0.6807E-08 0.7005E+00 0.3444E+01 0.4506E+01  0  0  0 0.4725E+01 0.0000E+00
   4.730 2.2735 34.582 0.8244 3.8000 0.4373E+01 0.3560E+01 0.5080E-08 0.5925E+00 0.2967E+01 0.3878E+01  0  0  0 0.4060E+01 0.0000E+00
   4.730 2.2202 35.480 0.8281 3.9000 0.3764E+01 0.3065E+01 0.3817E-08 0.5025E+00 0.2563E+01 0.3345E+01  0  0  0 0.3497E+01 0.0000E+00
   4.730 2.1670 36.402 0.8317 4.0000 0.3247E+01 0.2646E+01 0.2887E-08 0.4273E+00 0.2218E+01 0.2892E+01  0  0  0 0.3020E+01 0.0000E+00
   4.730 2.1137 37.349 0.8351 4.1000 0.2807E+01 0.2289E+01 0.2197E-08 0.3643E+00 0.1924E+01 0.2506E+01  0  0  0 0.2613E+01 0.0000E+00
   4.730 2.0604 38.324 0.8384 4.2000 0.2432E+01 0.1984E+01 0.1683E-08 0.3113E+00 0.1673E+01 0.2176E+01  0  0  0 0.2266E+01 0.0000E+00
   4.730 2.0071 39.328 0.8415 4.3000 0.2111E+01 0.1724E+01 0.1296E-08 0.2666E+00 0.1457E+01 0.1893E+01  0  0  0 0.1969E+01 0.0000E+00
   4.730 1.9538 40.364 0.8446 4.4000 0.1836E+01 0.1500E+01 0.1004E-08 0.2289E+00 0.1271E+01 0.1650E+01  0  0  0 0.1715E+01 0.0000E+00
   4.730 1.9005 41.435 0.8475 4.5000 0.1599E+01 0.1308E+01 0.7820E-09 0.1970E+00 0.1112E+01 0.1440E+01  0  0  0 0.1496E+01 0.0000E+00
   4.730 1.8472 42.544 0.8503 4.6000 0.1395E+01 0.1144E+01 0.6121E-09 0.1699E+00 0.9737E+00 0.1259E+01  0  0  0 0.1308E+01 0.0000E+00
   4.730 1.7939 43.693 0.8530 4.7000 0.1219E+01 0.1001E+01 0.4815E-09 0.1468E+00 0.8542E+00 0.1102E+01  0  0  0 0.1145E+01 0.0000E+00
   4.730 1.7406 44.887 0.8557 4.8000 0.1066E+01 0.8773E+00 0.3806E-09 0.1272E+00 0.7502E+00 0.9665E+00  0  0  0 0.1004E+01 0.0000E+00
   4.730 1.6874 46.130 0.8582 4.9000 0.9341E+00 0.7700E+00 0.3023E-09 0.1104E+00 0.6596E+00 0.8484E+00  0  0  0 0.8813E+00 0.0000E+00
   4.730 1.6341 47.426 0.8606 5.0000 0.7927E+00 0.6622E+00 0.2411E-09 0.9602E-01 0.5662E+00 0.7190E+00  0  0  0 0.7544E+00 0.0000E+00
   4.730 2.2895 33.028 0.7642 3.5000 0.7917E+01 0.6554E+01 0.5064E-07 0.7581E+00 0.5796E+01 0.7384E+01  0  0  0 0.7407E+01 0.0000E+00
   4.730 2.2362 33.919 0.7693 3.6000 0.6763E+01 0.5600E+01 0.3719E-07 0.6423E+00 0.4957E+01 0.6312E+01  0  0  0 0.6332E+01 0.0000E+00
   4.730 2.1830 34.832 0.7741 3.7000 0.5793E+01 0.4797E+01 0.2750E-07 0.5457E+00 0.4251E+01 0.5410E+01  0  0  0 0.5426E+01 0.0000E+00
   4.730 2.1297 35.769 0.7787 3.8000 0.4973E+01 0.4122E+01 0.2047E-07 0.4650E+00 0.3657E+01 0.4648E+01  0  0  0 0.4664E+01 0.0000E+00
   4.730 2.0764 36.731 0.7832 3.9000 0.4280E+01 0.3552E+01 0.1534E-07 0.3972E+00 0.3155E+01 0.4003E+01  0  0  0 0.4019E+01 0.0000E+00
   4.730 2.0231 37.721 0.7875 4.0000 0.3596E+01 0.3016E+01 0.1156E-07 0.3401E+00 0.2676E+01 0.3360E+01  0  0  0 0.3399E+01 0.0000E+00
   4.730 1.9698 38.742 0.7916 4.1000 0.3114E+01 0.2614E+01 0.8768E-08 0.2920E+00 0.2322E+01 0.2913E+01  0  0  0 0.2947E+01 0.0000E+00
   4.730 1.9165 39.795 0.7955 4.2000 0.2702E+01 0.2270E+01 0.6687E-08 0.2514E+00 0.2018E+01 0.2530E+01  0  0  0 0.2560E+01 0.0000E+00
   4.730 1.8632 40.884 0.7993 4.3000 0.2348E+01 0.1974E+01 0.5128E-08 0.2169E+00 0.1757E+01 0.2201E+01  0  0  0 0.2228E+01 0.0000E+00
   4.730 1.8099 42.011 0.8030 4.4000 0.2044E+01 0.1720E+01 0.3953E-08 0.1876E+00 0.1533E+01 0.1918E+01  0  0  0 0.1942E+01 0.0000E+00
   4.730 1.7566 43.180 0.8065 4.5000 0.1781E+01 0.1501E+01 0.3063E-08 0.1627E+00 0.1339E+01 0.1673E+01  0  0  0 0.1695E+01 0.0000E+00
   4.730 1.7033 44.396 0.8099 4.6000 0.1555E+01 0.1312E+01 0.2385E-08 0.1415E+00 0.1170E+01 0.1462E+01  0  0  0 0.1482E+01 0.0000E+00
   4.730 1.6501 45.661 0.8132 4.7000 0.1358E+01 0.1148E+01 0.1866E-08 0.1233E+00 0.1024E+01 0.1278E+01  0  0  0 0.1298E+01 0.0000E+00
   4.730 1.5968 46.982 0.8164 4.8000 0.1188E+01 0.1005E+01 0.1467E-08 0.1078E+00 0.8977E+00 0.1119E+01  0  0  0 0.1138E+01 0.0000E+00
   4.730 1.5435 48.363 0.8194 4.9000 0.1040E+01 0.8815E+00 0.1159E-08 0.9441E-01 0.7871E+00 0.9812E+00  0  0  0 0.9982E+00 0.0000E+00
   4.730 1.4902 49.811 0.8224 5.0000 0.9117E+00 0.7735E+00 0.9190E-09 0.8295E-01 0.6906E+00 0.8606E+00  0  0  0 0.8769E+00 0.0000E+00
   4.730 2.1350 34.238 0.7187 3.5000 0.8718E+01 0.7387E+01 0.1830E-06 0.5860E+00 0.6801E+01 0.8395E+01  0  0  0 0.8263E+01 0.0000E+00
   4.730 2.0817 35.195 0.7244 3.6000 0.7345E+01 0.6263E+01 0.1348E-06 0.5006E+00 0.5763E+01 0.7070E+01  0  0  0 0.6991E+01 0.0000E+00
   4.730 2.0284 36.179 0.7298 3.7000 0.6303E+01 0.5377E+01 0.9990E-07 0.4289E+00 0.4948E+01 0.6068E+01  0  0  0 0.6004E+01 0.0000E+00
   4.730 1.9751 37.191 0.7351 3.8000 0.5421E+01 0.4627E+01 0.7449E-07 0.3686E+00 0.4259E+01 0.5220E+01  0  0  0 0.5169E+01 0.0000E+00
   4.730 1.9218 38.235 0.7401 3.9000 0.4672E+01 0.3991E+01 0.5586E-07 0.3176E+00 0.3673E+01 0.4499E+01  0  0  0 0.4459E+01 0.0000E+00
   4.730 1.8685 39.312 0.7449 4.0000 0.4033E+01 0.3449E+01 0.4212E-07 0.2744E+00 0.3175E+01 0.3885E+01  0  0  0 0.3855E+01 0.0000E+00
   4.730 1.8153 40.426 0.7496 4.1000 0.3488E+01 0.2986E+01 0.3194E-07 0.2378E+00 0.2748E+01 0.3361E+01  0  0  0 0.3339E+01 0.0000E+00
   4.730 1.7620 41.581 0.7541 4.2000 0.3022E+01 0.2589E+01 0.2434E-07 0.2067E+00 0.2383E+01 0.2912E+01  0  0  0 0.2897E+01 0.0000E+00
   4.730 1.7087 42.779 0.7584 4.3000 0.2622E+01 0.2250E+01 0.1865E-07 0.1801E+00 0.2070E+01 0.2527E+01  0  0  0 0.2517E+01 0.0000E+00
   4.730 1.6554 44.026 0.7626 4.4000 0.2277E+01 0.1957E+01 0.1435E-07 0.1574E+00 0.1800E+01 0.2196E+01  0  0  0 0.2191E+01 0.0000E+00
   4.730 1.6021 45.325 0.7666 4.5000 0.1981E+01 0.1705E+01 0.1110E-07 0.1380E+00 0.1567E+01 0.1911E+01  0  0  0 0.1910E+01 0.0000E+00
   4.730 1.5488 46.682 0.7706 4.6000 0.1725E+01 0.1487E+01 0.8630E-08 0.1214E+00 0.1366E+01 0.1664E+01  0  0  0 0.1667E+01 0.0000E+00
   4.730 1.4955 48.104 0.7743 4.7000 0.1503E+01 0.1299E+01 0.6738E-08 0.1071E+00 0.1191E+01 0.1451E+01  0  0  0 0.1456E+01 0.0000E+00
   4.730 1.4422 49.595 0.7780 4.8000 0.1311E+01 0.1135E+01 0.5285E-08 0.9488E-01 0.1040E+01 0.1266E+01  0  0  0 0.1274E+01 0.0000E+00
   4.730 1.3889 51.166 0.7815 4.9000 0.1144E+01 0.9929E+00 0.4163E-08 0.8434E-01 0.9086E+00 0.1106E+01  0  0  0 0.1115E+01 0.0000E+00
   4.730 1.3356 52.823 0.7850 5.0000 0.9994E+00 0.8690E+00 0.3295E-08 0.7529E-01 0.7938E+00 0.9658E+00  0  0  0 0.9773E+00 0.0000E+00
   4.730 1.9698 35.691 0.6757 3.5000 0.9229E+01 0.8048E+01 0.5867E-06 0.4705E+00 0.7578E+01 0.9045E+01  0  0  0 0.8889E+01 0.0000E+00
   4.730 1.9165 36.733 0.6819 3.6000 0.7901E+01 0.6895E+01 0.4352E-06 0.4059E+00 0.6489E+01 0.7741E+01  0  0  0 0.7618E+01 0.0000E+00
   4.730 1.8632 37.807 0.6878 3.7000 0.6778E+01 0.5920E+01 0.3245E-06 0.3513E+00 0.5568E+01 0.6640E+01  0  0  0 0.6543E+01 0.0000E+00
   4.730 1.8099 38.917 0.6935 3.8000 0.5826E+01 0.5094E+01 0.2432E-06 0.3051E+00 0.4789E+01 0.5707E+01  0  0  0 0.5631E+01 0.0000E+00
   4.730 1.7566 40.065 0.6990 3.9000 0.5017E+01 0.4392E+01 0.1832E-06 0.2658E+00 0.4126E+01 0.4914E+01  0  0  0 0.4856E+01 0.0000E+00
   4.730 1.7033 41.257 0.7043 4.0000 0.4327E+01 0.3794E+01 0.1387E-06 0.2323E+00 0.3561E+01 0.4238E+01  0  0  0 0.4196E+01 0.0000E+00
   4.730 1.6501 42.495 0.7094 4.1000 0.3738E+01 0.3282E+01 0.1055E-06 0.2037E+00 0.3078E+01 0.3661E+01  0  0  0 0.3631E+01 0.0000E+00
   4.730 1.5968 43.784 0.7143 4.2000 0.3233E+01 0.2844E+01 0.8062E-07 0.1793E+00 0.2665E+01 0.3167E+01  0  0  0 0.3148E+01 0.0000E+00
   4.730 1.5435 45.130 0.7191 4.3000 0.2800E+01 0.2469E+01 0.6191E-07 0.1584E+00 0.2310E+01 0.2743E+01  0  0  0 0.2733E+01 0.0000E+00
   4.730 1.4902 46.538 0.7237 4.4000 0.2428E+01 0.2145E+01 0.4776E-07 0.1405E+00 0.2004E+01 0.2378E+01  0  0  0 0.2375E+01 0.0000E+00
   4.730 1.4369 48.014 0.7282 4.5000 0.2107E+01 0.1866E+01 0.3701E-07 0.1252E+00 0.1740E+01 0.2064E+01  0  0  0 0.2067E+01 0.0000E+00
   4.730 1.3836 49.567 0.7325 4.6000 0.1830E+01 0.1624E+01 0.2880E-07 0.1120E+00 0.1512E+01 0.1793E+01  0  0  0 0.1801E+01 0.0000E+00
   4.730 1.3303 51.205 0.7367 4.7000 0.1591E+01 0.1415E+01 0.2252E-07 0.1006E+00 0.1315E+01 0.1559E+01  0  0  0 0.1570E+01 0.0000E+00
   4.730 1.2770 52.939 0.7408 4.8000 0.1383E+01 0.1234E+01 0.1769E-07 0.9093E-01 0.1144E+01 0.1355E+01  0  0  0 0.1371E+01 0.0000E+00
   4.730 1.2237 54.779 0.7447 4.9000 0.1203E+01 0.1077E+01 0.1395E-07 0.8260E-01 0.9945E+00 0.1179E+01  0  0  0 0.1198E+01 0.0000E+00
   4.730 1.1704 56.741 0.7485 5.0000 0.1039E+01 0.9359E+00 0.1106E-07 0.7551E-01 0.8604E+00 0.1018E+01  0  0  0 0.1041E+01 0.0000E+00
   4.730 1.7939 37.462 0.6352 3.5000 0.9517E+01 0.8534E+01 0.1670E-05 0.4054E+00 0.8128E+01 0.9417E+01  0  0  0 0.9312E+01 0.0000E+00
   4.730 1.7406 38.613 0.6417 3.6000 0.8147E+01 0.7315E+01 0.1252E-05 0.3539E+00 0.6961E+01 0.8060E+01  0  0  0 0.7983E+01 0.0000E+00
   4.730 1.6874 39.807 0.6480 3.7000 0.6987E+01 0.6282E+01 0.9419E-06 0.3101E+00 0.5972E+01 0.6912E+01  0  0  0 0.6858E+01 0.0000E+00
   4.730 1.6341 41.047 0.6541 3.8000 0.6003E+01 0.5405E+01 0.7120E-06 0.2729E+00 0.5132E+01 0.5937E+01  0  0  0 0.5902E+01 0.0000E+00
   4.730 1.5808 42.337 0.6599 3.9000 0.5165E+01 0.4659E+01 0.5406E-06 0.2411E+00 0.4418E+01 0.5108E+01  0  0  0 0.5088E+01 0.0000E+00
   4.730 1.5275 43.682 0.6656 4.0000 0.4450E+01 0.4023E+01 0.4122E-06 0.2140E+00 0.3809E+01 0.4400E+01  0  0  0 0.4394E+01 0.0000E+00
   4.730 1.4742 45.089 0.6711 4.1000 0.3839E+01 0.3480E+01 0.3156E-06 0.1908E+00 0.3289E+01 0.3796E+01  0  0  0 0.3801E+01 0.0000E+00
   4.730 1.4209 46.564 0.6764 4.2000 0.3316E+01 0.3013E+01 0.2428E-06 0.1709E+00 0.2842E+01 0.3278E+01  0  0  0 0.3292E+01 0.0000E+00
   4.730 1.3676 48.115 0.6815 4.3000 0.2866E+01 0.2611E+01 0.1875E-06 0.1538E+00 0.2457E+01 0.2833E+01  0  0  0 0.2854E+01 0.0000E+00
   4.730 1.3143 49.750 0.6865 4.4000 0.2470E+01 0.2261E+01 0.1454E-06 0.1390E+00 0.2122E+01 0.2441E+01  0  0  0 0.2470E+01 0.0000E+00
   4.730 1.2610 51.481 0.6913 4.5000 0.2139E+01 0.1963E+01 0.1133E-06 0.1266E+00 0.1837E+01 0.2114E+01  0  0  0 0.2147E+01 0.0000E+00
   4.730 1.2077 53.317 0.6959 4.6000 0.1853E+01 0.1707E+01 0.8867E-07 0.1159E+00 0.1591E+01 0.1831E+01  0  0  0 0.1868E+01 0.0000E+00
   4.730 1.1545 55.275 0.7005 4.7000 0.1605E+01 0.1484E+01 0.6972E-07 0.1068E+00 0.1377E+01 0.1586E+01  0  0  0 0.1626E+01 0.0000E+00
   4.730 1.1012 57.370 0.7049 4.8000 0.1390E+01 0.1290E+01 0.5508E-07 0.9923E-01 0.1191E+01 0.1373E+01  0  0  0 0.1416E+01 0.0000E+00
   4.730 1.0479 59.623 0.7091 4.9000 0.1203E+01 0.1121E+01 0.4374E-07 0.9291E-01 0.1028E+01 0.1189E+01  0  0  0 0.1233E+01 0.0000E+00
   4.730 0.9946 62.058 0.7133 5.0000 0.1041E+01 0.9755E+00 0.3493E-07 0.8772E-01 0.8877E+00 0.1028E+01  0  0  0 0.1076E+01 0.0000E+00
   4.730 1.6074 39.661 0.5973 3.5000 0.9422E+01 0.8730E+01 0.4242E-05 0.3848E+00 0.8346E+01 0.9372E+01  0  0  0 0.9395E+01 0.0000E+00
   4.730 1.5541 40.963 0.6041 3.6000 0.8064E+01 0.7484E+01 0.3221E-05 0.3408E+00 0.7144E+01 0.8019E+01  0  0  0 0.8055E+01 0.0000E+00
   4.730 1.5008 42.320 0.6106 3.7000 0.6912E+01 0.6428E+01 0.2455E-05 0.3033E+00 0.6125E+01 0.6873E+01  0  0  0 0.6919E+01 0.0000E+00
   4.730 1.4476 43.739 0.6169 3.8000 0.5933E+01 0.5531E+01 0.1878E-05 0.2713E+00 0.5260E+01 0.5898E+01  0  0  0 0.5954E+01 0.0000E+00
   4.730 1.3943 45.226 0.6230 3.9000 0.5098E+01 0.4769E+01 0.1441E-05 0.2440E+00 0.4525E+01 0.5067E+01  0  0  0 0.5132E+01 0.0000E+00
   4.730 1.3410 46.789 0.6290 4.0000 0.4378E+01 0.4111E+01 0.1111E-05 0.2206E+00 0.3890E+01 0.4352E+01  0  0  0 0.4423E+01 0.0000E+00
   4.730 1.2877 48.439 0.6347 4.1000 0.3770E+01 0.3551E+01 0.8594E-06 0.2007E+00 0.3351E+01 0.3747E+01  0  0  0 0.3822E+01 0.0000E+00
   4.730 1.2344 50.184 0.6403 4.2000 0.3248E+01 0.3071E+01 0.6676E-06 0.1837E+00 0.2887E+01 0.3228E+01  0  0  0 0.3305E+01 0.0000E+00
   4.730 1.1811 52.037 0.6457 4.3000 0.2799E+01 0.2657E+01 0.5208E-06 0.1693E+00 0.2488E+01 0.2781E+01  0  0  0 0.2861E+01 0.0000E+00
   4.730 1.1278 54.014 0.6509 4.4000 0.2413E+01 0.2301E+01 0.4081E-06 0.1571E+00 0.2144E+01 0.2397E+01  0  0  0 0.2479E+01 0.0000E+00
   4.730 1.0745 56.131 0.6560 4.5000 0.2079E+01 0.1994E+01 0.3212E-06 0.1471E+00 0.1847E+01 0.2066E+01  0  0  0 0.2149E+01 0.0000E+00
   4.730 1.0212 58.409 0.6609 4.6000 0.1791E+01 0.1728E+01 0.2542E-06 0.1387E+00 0.1590E+01 0.1779E+01  0  0  0 0.1866E+01 0.0000E+00
   4.730 0.9679 60.875 0.6657 4.7000 0.1542E+01 0.1497E+01 0.2023E-06 0.1317E+00 0.1365E+01 0.1531E+01  0  0  0 0.1619E+01 0.0000E+00
   4.730 0.9147 63.560 0.6704 4.8000 0.1325E+01 0.1295E+01 0.1620E-06 0.1264E+00 0.1169E+01 0.1316E+01  0  0  0 0.1406E+01 0.0000E+00
   4.730 0.8614 66.505 0.6750 4.9000 0.1138E+01 0.1118E+01 0.1308E-06 0.1217E+00 0.9962E+00 0.1130E+01  0  0  0 0.1221E+01 0.0000E+00
   4.730 0.8081 69.762 0.6794 5.0000 0.9747E+00 0.9601E+00 0.1065E-06 0.1174E+00 0.8428E+00 0.9681E+00  0  0  0 0.1060E+01 0.0000E+00
   4.730 1.4102 42.468 0.5618 3.5000 0.8947E+01 0.8617E+01 0.9707E-05 0.4061E+00 0.8211E+01 0.8923E+01  0  0  0 0.9126E+01 0.0000E+00
   4.730 1.3570 43.982 0.5687 3.6000 0.7648E+01 0.7388E+01 0.7493E-05 0.3659E+00 0.7022E+01 0.7627E+01  0  0  0 0.7823E+01 0.0000E+00
   4.730 1.3037 45.574 0.5755 3.7000 0.6542E+01 0.6342E+01 0.5801E-05 0.3318E+00 0.6010E+01 0.6523E+01  0  0  0 0.6714E+01 0.0000E+00
   4.730 1.2504 47.254 0.5820 3.8000 0.5604E+01 0.5453E+01 0.4505E-05 0.3028E+00 0.5150E+01 0.5587E+01  0  0  0 0.5772E+01 0.0000E+00
   4.730 1.1971 49.034 0.5883 3.9000 0.4803E+01 0.4694E+01 0.3510E-05 0.2781E+00 0.4416E+01 0.4788E+01  0  0  0 0.4967E+01 0.0000E+00
   4.730 1.1438 50.926 0.5944 4.0000 0.4118E+01 0.4044E+01 0.2745E-05 0.2573E+00 0.3787E+01 0.4104E+01  0  0  0 0.4279E+01 0.0000E+00
   4.730 1.0905 52.946 0.6003 4.1000 0.3531E+01 0.3487E+01 0.2156E-05 0.2398E+00 0.3248E+01 0.3519E+01  0  0  0 0.3690E+01 0.0000E+00
   4.730 1.0372 55.113 0.6061 4.2000 0.3027E+01 0.3011E+01 0.1700E-05 0.2251E+00 0.2786E+01 0.3017E+01  0  0  0 0.3186E+01 0.0000E+00
   4.730 0.9839 57.450 0.6117 4.3000 0.2594E+01 0.2598E+01 0.1348E-05 0.2123E+00 0.2386E+01 0.2585E+01  0  0  0 0.2750E+01 0.0000E+00
   4.730 0.9306 59.986 0.6171 4.4000 0.2221E+01 0.2241E+01 0.1074E-05 0.2016E+00 0.2039E+01 0.2213E+01  0  0  0 0.2375E+01 0.0000E+00
   4.730 0.8773 62.754 0.6224 4.5000 0.1899E+01 0.1931E+01 0.8621E-06 0.1927E+00 0.1739E+01 0.1892E+01  0  0  0 0.2052E+01 0.0000E+00
   4.730 0.8241 65.800 0.6276 4.6000 0.1621E+01 0.1661E+01 0.6975E-06 0.1855E+00 0.1475E+01 0.1615E+01  0  0  0 0.1773E+01 0.0000E+00
   4.730 0.7708 69.181 0.6326 4.7000 0.1380E+01 0.1423E+01 0.5700E-06 0.1794E+00 0.1243E+01 0.1375E+01  0  0  0 0.1533E+01 0.0000E+00
   4.730 0.7175 72.974 0.6375 4.8000 0.1172E+01 0.1207E+01 0.4723E-06 0.1738E+00 0.1034E+01 0.1167E+01  0  0  0 0.1325E+01 0.0000E+00
   4.730 0.6642 77.282 0.6422 4.9000 0.9905E+00 0.1002E+01 0.3993E-06 0.1665E+00 0.8351E+00 0.9867E+00  0  0  0 0.1146E+01 0.0000E+00
   4.730 0.6109 82.252 0.6468 5.0000 0.8341E+00 0.7684E+00 0.3488E-06 0.1500E+00 0.6184E+00 0.8309E+00  0  0  0 0.9925E+00 0.0000E+00
