   4.700 2.8000 30.000 0.9890 3.5262 0.0000E+00 0.9977E+00 0.9977E+00 0.0000E+00 0.0000E+00 0.0000E+00  0  0  0 0.5937E+00 0.0000E+00
   4.700 2.7700 30.000 0.9632 3.4884 0.0000E+00 0.3264E+00 0.3264E+00 0.0000E+00 0.0000E+00 0.0000E+00  0  0  0 0.2002E+00 0.0000E+00
   4.700 2.7400 30.000 0.9382 3.4506 0.0000E+00 0.2119E+00 0.2119E+00 0.0000E+00 0.0000E+00 0.0000E+00  0  0  0 0.1284E+00 0.0000E+00
   4.700 2.7100 30.000 0.9139 3.4129 0.2170E-01 0.1752E+00 0.1641E+00 0.0000E+00 0.1114E-01 0.2170E-01  0  0  0 0.1146E+00 0.0000E+00
   4.700 2.6800 30.000 0.8904 3.3751 0.1890E+00 0.2421E+00 0.1382E+00 0.0000E+00 0.1038E+00 0.1890E+00  0  0  0 0.2275E+00 0.0000E+00
   4.700 2.6500 30.000 0.8675 3.3373 0.6133E+00 0.4756E+00 0.1225E+00 0.0000E+00 0.3531E+00 0.6133E+00  0  0  0 0.5540E+00 0.0000E+00
   4.700 2.6200 30.000 0.8453 3.2995 0.1050E+01 0.7642E+00 0.1123E+00 0.0000E+00 0.6519E+00 0.1050E+01  0  0  0 0.9202E+00 0.0000E+00
   4.700 2.5900 30.000 0.8238 3.2617 0.9924E+00 0.8018E+00 0.1056E+00 0.0000E+00 0.6962E+00 0.9924E+00  0  0  0 0.9186E+00 0.0000E+00
   4.700 2.5600 30.000 0.8028 3.2240 0.9510E+00 0.8126E+00 0.1012E+00 0.0000E+00 0.7114E+00 0.9510E+00  0  0  0 0.9070E+00 0.0000E+00
   4.700 2.5300 30.000 0.7824 3.1862 0.1047E+01 0.8912E+00 0.9850E-01 0.0000E+00 0.7927E+00 0.1047E+01  0  0  0 0.9963E+00 0.0000E+00
   4.700 2.5000 30.000 0.7626 3.1484 0.1195E+01 0.1007E+01 0.9716E-01 0.0000E+00 0.9095E+00 0.1195E+01  0  0  0 0.1130E+01 0.0000E+00
   4.700 2.4700 30.000 0.7433 3.1106 0.1361E+01 0.1141E+01 0.9690E-01 0.0000E+00 0.1044E+01 0.1361E+01  0  0  0 0.1284E+01 0.0000E+00
   4.700 2.4400 30.000 0.7246 3.0728 0.1604E+01 0.1324E+01 0.9756E-01 0.0000E+00 0.1227E+01 0.1604E+01  0  0  0 0.1501E+01 0.0000E+00
   4.700 2.4100 30.000 0.7063 3.0351 0.2090E+01 0.1653E+01 0.9894E-01 0.0000E+00 0.1554E+01 0.2090E+01  0  0  0 0.1911E+01 0.0000E+00
   4.700 2.3800 30.000 0.6885 2.9973 0.2915E+01 0.2206E+01 0.1012E+00 0.0000E+00 0.2105E+01 0.2915E+01  0  0  0 0.2606E+01 0.0000E+00
   4.700 2.3500 30.000 0.6711 2.9595 0.2898E+01 0.2360E+01 0.1042E+00 0.0000E+00 0.2256E+01 0.2898E+01  0  0  0 0.2693E+01 0.0000E+00
   4.700 2.3200 30.000 0.6542 2.9217 0.2554E+01 0.2263E+01 0.1079E+00 0.0000E+00 0.2155E+01 0.2554E+01  0  0  0 0.2483E+01 0.0000E+00
   4.700 2.2900 30.000 0.6377 2.8839 0.2548E+01 0.2306E+01 0.1123E+00 0.0000E+00 0.2193E+01 0.2548E+01  0  0  0 0.2504E+01 0.0000E+00
   4.700 2.2600 30.000 0.6216 2.8462 0.2777E+01 0.2486E+01 0.1174E+00 0.0000E+00 0.2368E+01 0.2777E+01  0  0  0 0.2711E+01 0.0000E+00
   4.700 2.2300 30.000 0.6059 2.8084 0.3234E+01 0.2815E+01 0.1233E+00 0.0000E+00 0.2691E+01 0.3234E+01  0  0  0 0.3108E+01 0.0000E+00
   4.700 2.2000 30.000 0.5906 2.7706 0.3950E+01 0.3323E+01 0.1300E+00 0.0000E+00 0.3193E+01 0.3950E+01  0  0  0 0.3727E+01 0.0000E+00
   4.700 2.1700 30.000 0.5756 2.7328 0.4470E+01 0.3778E+01 0.1374E+00 0.0000E+00 0.3640E+01 0.4470E+01  0  0  0 0.4229E+01 0.0000E+00
   4.700 2.1400 30.000 0.5610 2.6950 0.4307E+01 0.3856E+01 0.1458E+00 0.0000E+00 0.3710E+01 0.4307E+01  0  0  0 0.4202E+01 0.0000E+00
   4.700 2.1100 30.000 0.5467 2.6573 0.4141E+01 0.3870E+01 0.1551E+00 0.0000E+00 0.3715E+01 0.4141E+01  0  0  0 0.4135E+01 0.0000E+00
   4.700 2.0800 30.000 0.5328 2.6195 0.4181E+01 0.3978E+01 0.1654E+00 0.0000E+00 0.3812E+01 0.4181E+01  0  0  0 0.4214E+01 0.0000E+00
   4.700 2.0500 30.000 0.5192 2.5817 0.4342E+01 0.4159E+01 0.1767E+00 0.0000E+00 0.3983E+01 0.4342E+01  0  0  0 0.4391E+01 0.0000E+00
   4.700 2.0200 30.000 0.5058 2.5439 0.4561E+01 0.4386E+01 0.1893E+00 0.0000E+00 0.4196E+01 0.4561E+01  0  0  0 0.4620E+01 0.0000E+00
   4.700 1.9900 30.000 0.4928 2.5061 0.4801E+01 0.4638E+01 0.2031E+00 0.0000E+00 0.4435E+01 0.4801E+01  0  0  0 0.4874E+01 0.0000E+00
   4.700 1.9600 30.000 0.4801 2.4683 0.5038E+01 0.4898E+01 0.2183E+00 0.0000E+00 0.4680E+01 0.5038E+01  0  0  0 0.5131E+01 0.0000E+00
   4.700 1.9300 30.000 0.4676 2.4306 0.5263E+01 0.5160E+01 0.2351E+00 0.0000E+00 0.4925E+01 0.5263E+01  0  0  0 0.5383E+01 0.0000E+00
   4.700 1.9000 30.000 0.4554 2.3928 0.5470E+01 0.5418E+01 0.2535E+00 0.0000E+00 0.5164E+01 0.5470E+01  0  0  0 0.5625E+01 0.0000E+00
   4.700 1.8700 30.000 0.4434 2.3550 0.5661E+01 0.5671E+01 0.2737E+00 0.0000E+00 0.5397E+01 0.5661E+01  0  0  0 0.5856E+01 0.0000E+00
   4.700 1.8400 30.000 0.4318 2.3172 0.5836E+01 0.5919E+01 0.2958E+00 0.0000E+00 0.5623E+01 0.5836E+01  0  0  0 0.6077E+01 0.0000E+00
   4.700 1.8100 30.000 0.4203 2.2794 0.6006E+01 0.6167E+01 0.3202E+00 0.0000E+00 0.5846E+01 0.6006E+01  0  0  0 0.6294E+01 0.0000E+00
   4.700 1.7800 30.000 0.4091 2.2417 0.6175E+01 0.6418E+01 0.3469E+00 0.0000E+00 0.6071E+01 0.6175E+01  0  0  0 0.6514E+01 0.0000E+00
   4.700 1.7500 30.000 0.3981 2.2039 0.6347E+01 0.6677E+01 0.3763E+00 0.0000E+00 0.6300E+01 0.6347E+01  0  0  0 0.6738E+01 0.0000E+00
   4.700 1.7200 30.000 0.3873 2.1661 0.6521E+01 0.6941E+01 0.4085E+00 0.0000E+00 0.6533E+01 0.6521E+01  0  0  0 0.6966E+01 0.0000E+00
   4.700 1.6900 30.000 0.3768 2.1283 0.6697E+01 0.7214E+01 0.4440E+00 0.0000E+00 0.6770E+01 0.6697E+01  0  0  0 0.7199E+01 0.0000E+00
   4.700 1.6600 30.000 0.3665 2.0905 0.6878E+01 0.7496E+01 0.4829E+00 0.0000E+00 0.7014E+01 0.6878E+01  0  0  0 0.7439E+01 0.0000E+00
   4.700 1.6300 30.000 0.3563 2.0528 0.7064E+01 0.7788E+01 0.5256E+00 0.0000E+00 0.7262E+01 0.7064E+01  0  0  0 0.7686E+01 0.0000E+00
   4.700 1.6000 30.000 0.3464 2.0150 0.7249E+01 0.8091E+01 0.5726E+00 0.0000E+00 0.7518E+01 0.7249E+01  0  0  0 0.7940E+01 0.0000E+00
   4.700 1.5700 30.000 0.3366 1.9772 0.7436E+01 0.8402E+01 0.6243E+00 0.0000E+00 0.7777E+01 0.7436E+01  0  0  0 0.8197E+01 0.0000E+00
   4.700 1.5400 30.000 0.3271 1.9394 0.7625E+01 0.8724E+01 0.6812E+00 0.0000E+00 0.8043E+01 0.7625E+01  0  0  0 0.8461E+01 0.0000E+00
   4.700 1.5100 30.000 0.3177 1.9016 0.7816E+01 0.9058E+01 0.7439E+00 0.0000E+00 0.8315E+01 0.7816E+01  0  0  0 0.8732E+01 0.0000E+00
   4.700 1.4800 30.000 0.3085 1.8639 0.8002E+01 0.9400E+01 0.8130E+00 0.0000E+00 0.8587E+01 0.8002E+01  0  0  0 0.9005E+01 0.0000E+00
   4.700 1.4500 30.000 0.2994 1.8261 0.8190E+01 0.9754E+01 0.8890E+00 0.0000E+00 0.8865E+01 0.8190E+01  0  0  0 0.9283E+01 0.0000E+00
   4.700 1.4200 30.000 0.2905 1.7883 0.8379E+01 0.1012E+02 0.9729E+00 0.0000E+00 0.9149E+01 0.8379E+01  0  0  0 0.9569E+01 0.0000E+00
   4.700 1.3900 30.000 0.2818 1.7505 0.8563E+01 0.1050E+02 0.1066E+01 0.0000E+00 0.9435E+01 0.8563E+01  0  0  0 0.9858E+01 0.0000E+00
   4.700 1.3600 30.000 0.2733 1.7127 0.8746E+01 0.1089E+02 0.1168E+01 0.0000E+00 0.9726E+01 0.8746E+01  0  0  0 0.1015E+02 0.0000E+00
   4.700 1.3300 30.000 0.2649 1.6750 0.8929E+01 0.1130E+02 0.1281E+01 0.0000E+00 0.1002E+02 0.8929E+01  0  0  0 0.1045E+02 0.0000E+00
   4.700 1.3000 30.000 0.2566 1.6372 0.9108E+01 0.1173E+02 0.1407E+01 0.0000E+00 0.1032E+02 0.9108E+01  0  0  0 0.1076E+02 0.0000E+00
   4.700 1.2700 30.000 0.2485 1.5994 0.9285E+01 0.1217E+02 0.1545E+01 0.0000E+00 0.1062E+02 0.9285E+01  0  0  0 0.1108E+02 0.0000E+00
   4.700 1.2400 30.000 0.2405 1.5616 0.9461E+01 0.1263E+02 0.1698E+01 0.0000E+00 0.1093E+02 0.9461E+01  0  0  0 0.1140E+02 0.0000E+00
   4.700 1.2100 30.000 0.2327 1.5238 0.9634E+01 0.1311E+02 0.1868E+01 0.0000E+00 0.1124E+02 0.9634E+01  0  0  0 0.1173E+02 0.0000E+00
   4.700 1.1800 30.000 0.2250 1.4860 0.9804E+01 0.1361E+02 0.2057E+01 0.0000E+00 0.1156E+02 0.9804E+01  0  0  0 0.1207E+02 0.0000E+00
   4.700 1.1500 30.000 0.2174 1.4483 0.9974E+01 0.1415E+02 0.2267E+01 0.0000E+00 0.1188E+02 0.9974E+01  0  0  0 0.1242E+02 0.0000E+00
   4.700 1.1200 30.000 0.2100 1.4105 0.1014E+02 0.1471E+02 0.2501E+01 0.0000E+00 0.1220E+02 0.1014E+02  0  0  0 0.1278E+02 0.0000E+00
   4.700 1.0900 30.000 0.2026 1.3727 0.1030E+02 0.1530E+02 0.2762E+01 0.0000E+00 0.1254E+02 0.1030E+02  0  0  0 0.1315E+02 0.0000E+00
   4.700 1.0600 30.000 0.1954 1.3349 0.1046E+02 0.1592E+02 0.3052E+01 0.0000E+00 0.1287E+02 0.1046E+02  0  0  0 0.1354E+02 0.0000E+00
   4.700 1.0300 30.000 0.1883 1.2971 0.1062E+02 0.1659E+02 0.3377E+01 0.0000E+00 0.1322E+02 0.1062E+02  0  0  0 0.1395E+02 0.0000E+00
   4.700 1.0000 30.000 0.1814 1.2594 0.1078E+02 0.1730E+02 0.3741E+01 0.0000E+00 0.1356E+02 0.1078E+02  0  0  0 0.1437E+02 0.0000E+00
