2.1,2.9,1.9,3.2
   5.890 2.9966 18.884 0.3499 1.9000 0.7833E+02 0.7637E+02 0.4338E-02 0.1752E+01 0.7461E+02 0.7834E+02  0  0  0 0.7959E+02 0.0000E+00
   5.890 2.9433 19.556 0.3617 2.0000 0.6531E+02 0.6338E+02 0.3075E-02 0.1422E+01 0.6195E+02 0.6532E+02  0  0  0 0.6621E+02 0.0000E+00
   5.890 2.8900 20.230 0.3730 2.1000 0.5469E+02 0.5287E+02 0.2198E-02 0.1164E+01 0.5170E+02 0.5470E+02  0  0  0 0.5535E+02 0.0000E+00
   5.890 2.8367 20.907 0.3840 2.2000 0.4598E+02 0.4430E+02 0.1583E-02 0.9596E+00 0.4334E+02 0.4599E+02  0  0  0 0.4646E+02 0.0000E+00
   5.890 2.7834 21.588 0.3945 2.3000 0.3881E+02 0.3727E+02 0.1149E-02 0.7971E+00 0.3647E+02 0.3881E+02  0  0  0 0.3916E+02 0.0000E+00
   5.890 2.7301 22.275 0.4047 2.4000 0.3287E+02 0.3147E+02 0.8393E-03 0.6665E+00 0.3080E+02 0.3287E+02  0  0  0 0.3312E+02 0.0000E+00
   5.890 2.6768 22.969 0.4146 2.5000 0.2792E+02 0.2667E+02 0.6172E-03 0.5605E+00 0.2611E+02 0.2793E+02  0  0  0 0.2811E+02 0.0000E+00
   5.890 2.6235 23.670 0.4242 2.6000 0.2380E+02 0.2267E+02 0.4566E-03 0.4743E+00 0.2219E+02 0.2380E+02  0  0  0 0.2393E+02 0.0000E+00
   5.890 2.5703 24.380 0.4334 2.7000 0.2033E+02 0.1933E+02 0.3398E-03 0.4036E+00 0.1893E+02 0.2033E+02  0  0  0 0.2043E+02 0.0000E+00
   5.890 2.5170 25.101 0.4424 2.8000 0.1742E+02 0.1653E+02 0.2542E-03 0.3454E+00 0.1619E+02 0.1742E+02  0  0  0 0.1749E+02 0.0000E+00
   5.890 2.4637 25.832 0.4510 2.9000 0.1496E+02 0.1418E+02 0.1913E-03 0.2971E+00 0.1388E+02 0.1496E+02  0  0  0 0.1502E+02 0.0000E+00
   5.890 2.4104 26.576 0.4594 3.0000 0.1288E+02 0.1219E+02 0.1446E-03 0.2568E+00 0.1193E+02 0.1288E+02  0  0  0 0.1292E+02 0.0000E+00
   5.890 2.3571 27.333 0.4676 3.1000 0.1111E+02 0.1050E+02 0.1099E-03 0.2231E+00 0.1028E+02 0.1111E+02  0  0  0 0.1114E+02 0.0000E+00
   5.890 2.3038 28.105 0.4755 3.2000 0.9602E+01 0.9073E+01 0.8386E-04 0.1946E+00 0.8878E+01 0.9600E+01  0  0  0 0.9631E+01 0.0000E+00
   5.890 2.7674 19.658 0.3242 1.9000 0.6863E+02 0.6921E+02 0.6959E-02 0.1701E+01 0.6750E+02 0.6864E+02  0  0  0 0.7102E+02 0.0000E+00
   5.890 2.7141 20.373 0.3356 2.0000 0.5747E+02 0.5770E+02 0.5004E-02 0.1390E+01 0.5630E+02 0.5748E+02  0  0  0 0.5935E+02 0.0000E+00
   5.890 2.6608 21.092 0.3466 2.1000 0.4833E+02 0.4832E+02 0.3628E-02 0.1145E+01 0.4718E+02 0.4833E+02  0  0  0 0.4981E+02 0.0000E+00
   5.890 2.6075 21.817 0.3572 2.2000 0.4080E+02 0.4064E+02 0.2649E-02 0.9505E+00 0.3968E+02 0.4080E+02  0  0  0 0.4197E+02 0.0000E+00
   5.890 2.5543 22.548 0.3674 2.3000 0.3456E+02 0.3432E+02 0.1948E-02 0.7951E+00 0.3352E+02 0.3456E+02  0  0  0 0.3551E+02 0.0000E+00
   5.890 2.5010 23.287 0.3774 2.4000 0.2937E+02 0.2908E+02 0.1442E-02 0.6695E+00 0.2841E+02 0.2937E+02  0  0  0 0.3014E+02 0.0000E+00
   5.890 2.4477 24.035 0.3870 2.5000 0.2503E+02 0.2472E+02 0.1073E-02 0.5674E+00 0.2416E+02 0.2503E+02  0  0  0 0.2566E+02 0.0000E+00
   5.890 2.3944 24.794 0.3964 2.6000 0.2140E+02 0.2109E+02 0.8037E-03 0.4836E+00 0.2060E+02 0.2140E+02  0  0  0 0.2191E+02 0.0000E+00
   5.890 2.3411 25.565 0.4054 2.7000 0.1833E+02 0.1803E+02 0.6051E-03 0.4146E+00 0.1762E+02 0.1834E+02  0  0  0 0.1877E+02 0.0000E+00
   5.890 2.2878 26.349 0.4142 2.8000 0.1575E+02 0.1547E+02 0.4580E-03 0.3575E+00 0.1511E+02 0.1575E+02  0  0  0 0.1611E+02 0.0000E+00
   5.890 2.2345 27.148 0.4228 2.9000 0.1356E+02 0.1329E+02 0.3483E-03 0.3098E+00 0.1298E+02 0.1356E+02  0  0  0 0.1386E+02 0.0000E+00
   5.890 2.1812 27.964 0.4311 3.0000 0.1170E+02 0.1145E+02 0.2662E-03 0.2698E+00 0.1118E+02 0.1170E+02  0  0  0 0.1196E+02 0.0000E+00
   5.890 2.1279 28.797 0.4391 3.1000 0.1011E+02 0.9893E+01 0.2043E-03 0.2362E+00 0.9657E+01 0.1011E+02  0  0  0 0.1033E+02 0.0000E+00
   5.890 2.0747 29.650 0.4469 3.2000 0.8752E+01 0.8561E+01 0.1576E-03 0.2078E+00 0.8353E+01 0.8752E+01  0  0  0 0.8948E+01 0.0000E+00
   5.890 2.5276 20.579 0.3011 1.9000 0.5893E+02 0.6156E+02 0.1068E-01 0.1701E+01 0.5985E+02 0.5892E+02  0  0  0 0.6217E+02 0.0000E+00
   5.890 2.4743 21.348 0.3120 2.0000 0.4952E+02 0.5151E+02 0.7784E-02 0.1401E+01 0.5010E+02 0.4952E+02  0  0  0 0.5213E+02 0.0000E+00
   5.890 2.4210 22.125 0.3226 2.1000 0.4178E+02 0.4328E+02 0.5717E-02 0.1164E+01 0.4211E+02 0.4178E+02  0  0  0 0.4390E+02 0.0000E+00
   5.890 2.3677 22.909 0.3328 2.2000 0.3538E+02 0.3652E+02 0.4228E-02 0.9740E+00 0.3554E+02 0.3538E+02  0  0  0 0.3712E+02 0.0000E+00
   5.890 2.3145 23.703 0.3428 2.3000 0.3005E+02 0.3093E+02 0.3148E-02 0.8212E+00 0.3011E+02 0.3006E+02  0  0  0 0.3149E+02 0.0000E+00
   5.890 2.2612 24.509 0.3524 2.4000 0.2561E+02 0.2628E+02 0.2358E-02 0.6972E+00 0.2558E+02 0.2561E+02  0  0  0 0.2680E+02 0.0000E+00
   5.890 2.2079 25.327 0.3618 2.5000 0.2188E+02 0.2241E+02 0.1777E-02 0.5959E+00 0.2181E+02 0.2188E+02  0  0  0 0.2288E+02 0.0000E+00
   5.890 2.1546 26.161 0.3709 2.6000 0.1875E+02 0.1916E+02 0.1346E-02 0.5124E+00 0.1864E+02 0.1875E+02  0  0  0 0.1959E+02 0.0000E+00
   5.890 2.1013 27.010 0.3798 2.7000 0.1610E+02 0.1642E+02 0.1025E-02 0.4434E+00 0.1598E+02 0.1610E+02  0  0  0 0.1681E+02 0.0000E+00
   5.890 2.0480 27.879 0.3884 2.8000 0.1385E+02 0.1412E+02 0.7845E-03 0.3857E+00 0.1373E+02 0.1385E+02  0  0  0 0.1446E+02 0.0000E+00
   5.890 1.9947 28.767 0.3967 2.9000 0.1194E+02 0.1216E+02 0.6032E-03 0.3375E+00 0.1182E+02 0.1194E+02  0  0  0 0.1247E+02 0.0000E+00
   5.890 1.9414 29.678 0.4049 3.0000 0.1032E+02 0.1050E+02 0.4659E-03 0.2969E+00 0.1020E+02 0.1032E+02  0  0  0 0.1077E+02 0.0000E+00
   5.890 1.8881 30.613 0.4128 3.1000 0.8925E+01 0.9078E+01 0.3614E-03 0.2625E+00 0.8815E+01 0.8925E+01  0  0  0 0.9322E+01 0.0000E+00
   5.890 1.8348 31.575 0.4205 3.2000 0.7733E+01 0.7866E+01 0.2815E-03 0.2333E+00 0.7633E+01 0.7734E+01  0  0  0 0.8082E+01 0.0000E+00
   5.890 2.2771 21.694 0.2802 1.9000 0.4954E+02 0.5376E+02 0.1580E-01 0.1749E+01 0.5199E+02 0.4954E+02  0  0  0 0.5338E+02 0.0000E+00
   5.890 2.2239 22.534 0.2907 2.0000 0.4174E+02 0.4510E+02 0.1166E-01 0.1454E+01 0.4364E+02 0.4174E+02  0  0  0 0.4488E+02 0.0000E+00
   5.890 2.1706 23.383 0.3009 2.1000 0.3530E+02 0.3800E+02 0.8672E-02 0.1219E+01 0.3678E+02 0.3530E+02  0  0  0 0.3790E+02 0.0000E+00
   5.890 2.1173 24.246 0.3107 2.2000 0.2996E+02 0.3215E+02 0.6492E-02 0.1030E+01 0.3111E+02 0.2996E+02  0  0  0 0.3212E+02 0.0000E+00
   5.890 2.0640 25.122 0.3203 2.3000 0.2550E+02 0.2729E+02 0.4892E-02 0.8772E+00 0.2641E+02 0.2550E+02  0  0  0 0.2731E+02 0.0000E+00
   5.890 2.0107 26.016 0.3297 2.4000 0.2177E+02 0.2324E+02 0.3707E-02 0.7519E+00 0.2249E+02 0.2177E+02  0  0  0 0.2329E+02 0.0000E+00
   5.890 1.9574 26.928 0.3388 2.5000 0.1863E+02 0.1986E+02 0.2826E-02 0.6489E+00 0.1920E+02 0.1863E+02  0  0  0 0.1992E+02 0.0000E+00
   5.890 1.9041 27.861 0.3476 2.6000 0.1598E+02 0.1701E+02 0.2165E-02 0.5636E+00 0.1644E+02 0.1598E+02  0  0  0 0.1708E+02 0.0000E+00
   5.890 1.8508 28.817 0.3562 2.7000 0.1373E+02 0.1460E+02 0.1667E-02 0.4925E+00 0.1411E+02 0.1373E+02  0  0  0 0.1468E+02 0.0000E+00
   5.890 1.7975 29.800 0.3646 2.8000 0.1182E+02 0.1257E+02 0.1290E-02 0.4330E+00 0.1213E+02 0.1182E+02  0  0  0 0.1264E+02 0.0000E+00
   5.890 1.7443 30.811 0.3728 2.9000 0.1020E+02 0.1084E+02 0.1003E-02 0.3829E+00 0.1045E+02 0.1020E+02  0  0  0 0.1091E+02 0.0000E+00
   5.890 1.6910 31.854 0.3807 3.0000 0.8811E+01 0.9366E+01 0.7827E-03 0.3405E+00 0.9024E+01 0.8811E+01  0  0  0 0.9432E+01 0.0000E+00
   5.890 1.6377 32.933 0.3885 3.1000 0.7622E+01 0.8108E+01 0.6136E-03 0.3046E+00 0.7803E+01 0.7622E+01  0  0  0 0.8167E+01 0.0000E+00
   5.890 1.5844 34.050 0.3961 3.2000 0.6601E+01 0.7030E+01 0.4830E-03 0.2739E+00 0.6756E+01 0.6601E+01  0  0  0 0.7082E+01 0.0000E+00
   5.890 2.0160 23.074 0.2614 1.9000 0.4072E+02 0.4609E+02 0.2271E-01 0.1848E+01 0.4422E+02 0.4071E+02  0  0  0 0.4493E+02 0.0000E+00
   5.890 1.9627 24.007 0.2714 2.0000 0.3435E+02 0.3873E+02 0.1696E-01 0.1552E+01 0.3716E+02 0.3435E+02  0  0  0 0.3784E+02 0.0000E+00
   5.890 1.9095 24.955 0.2811 2.1000 0.2909E+02 0.3270E+02 0.1276E-01 0.1315E+01 0.3137E+02 0.2908E+02  0  0  0 0.3200E+02 0.0000E+00
   5.890 1.8562 25.923 0.2906 2.2000 0.2471E+02 0.2771E+02 0.9667E-02 0.1123E+01 0.2658E+02 0.2471E+02  0  0  0 0.2716E+02 0.0000E+00
   5.890 1.8029 26.912 0.2999 2.3000 0.2105E+02 0.2356E+02 0.7368E-02 0.9663E+00 0.2259E+02 0.2104E+02  0  0  0 0.2312E+02 0.0000E+00
   5.890 1.7496 27.926 0.3089 2.4000 0.1797E+02 0.2010E+02 0.5648E-02 0.8375E+00 0.1925E+02 0.1797E+02  0  0  0 0.1974E+02 0.0000E+00
   5.890 1.6963 28.968 0.3177 2.5000 0.1538E+02 0.1719E+02 0.4354E-02 0.7310E+00 0.1645E+02 0.1538E+02  0  0  0 0.1690E+02 0.0000E+00
   5.890 1.6430 30.041 0.3262 2.6000 0.1319E+02 0.1474E+02 0.3374E-02 0.6423E+00 0.1409E+02 0.1319E+02  0  0  0 0.1450E+02 0.0000E+00
   5.890 1.5897 31.149 0.3346 2.7000 0.1133E+02 0.1266E+02 0.2628E-02 0.5681E+00 0.1209E+02 0.1133E+02  0  0  0 0.1246E+02 0.0000E+00
   5.890 1.5364 32.296 0.3427 2.8000 0.9750E+01 0.1091E+02 0.2056E-02 0.5056E+00 0.1040E+02 0.9751E+01  0  0  0 0.1074E+02 0.0000E+00
   5.890 1.4831 33.487 0.3507 2.9000 0.8400E+01 0.9410E+01 0.1616E-02 0.4528E+00 0.8955E+01 0.8400E+01  0  0  0 0.9264E+01 0.0000E+00
   5.890 1.4298 34.725 0.3584 3.0000 0.7244E+01 0.8133E+01 0.1276E-02 0.4080E+00 0.7723E+01 0.7245E+01  0  0  0 0.8005E+01 0.0000E+00
   5.890 1.3766 36.018 0.3660 3.1000 0.6253E+01 0.7040E+01 0.1012E-02 0.3699E+00 0.6669E+01 0.6253E+01  0  0  0 0.6926E+01 0.0000E+00
   5.890 1.3233 37.372 0.3734 3.2000 0.5401E+01 0.6103E+01 0.8062E-03 0.3374E+00 0.5764E+01 0.5401E+01  0  0  0 0.6000E+01 0.0000E+00
   5.890 1.7443 24.834 0.2442 1.9000 0.3258E+02 0.3874E+02 0.3195E-01 0.2004E+01 0.3670E+02 0.3257E+02  0  0  0 0.3698E+02 0.0000E+00
   5.890 1.6910 25.895 0.2538 2.0000 0.2748E+02 0.3260E+02 0.2414E-01 0.1704E+01 0.3088E+02 0.2748E+02  0  0  0 0.3117E+02 0.0000E+00
   5.890 1.6377 26.982 0.2632 2.1000 0.2326E+02 0.2755E+02 0.1837E-01 0.1461E+01 0.2607E+02 0.2326E+02  0  0  0 0.2637E+02 0.0000E+00
   5.890 1.5844 28.100 0.2723 2.2000 0.1974E+02 0.2336E+02 0.1408E-01 0.1263E+01 0.2208E+02 0.1974E+02  0  0  0 0.2239E+02 0.0000E+00
   5.890 1.5311 29.252 0.2812 2.3000 0.1680E+02 0.1986E+02 0.1086E-01 0.1100E+01 0.1875E+02 0.1680E+02  0  0  0 0.1905E+02 0.0000E+00
   5.890 1.4778 30.443 0.2899 2.4000 0.1433E+02 0.1695E+02 0.8421E-02 0.9657E+00 0.1597E+02 0.1433E+02  0  0  0 0.1626E+02 0.0000E+00
   5.890 1.4245 31.677 0.2983 2.5000 0.1224E+02 0.1450E+02 0.6570E-02 0.8539E+00 0.1364E+02 0.1224E+02  0  0  0 0.1391E+02 0.0000E+00
   5.890 1.3712 32.961 0.3066 2.6000 0.1047E+02 0.1243E+02 0.5153E-02 0.7603E+00 0.1166E+02 0.1047E+02  0  0  0 0.1193E+02 0.0000E+00
   5.890 1.3179 34.301 0.3147 2.7000 0.8972E+01 0.1068E+02 0.4063E-02 0.6815E+00 0.9994E+01 0.8972E+01  0  0  0 0.1024E+02 0.0000E+00
   5.890 1.2646 35.703 0.3226 2.8000 0.7693E+01 0.9193E+01 0.3219E-02 0.6151E+00 0.8574E+01 0.7693E+01  0  0  0 0.8810E+01 0.0000E+00
   5.890 1.2114 37.177 0.3303 2.9000 0.6601E+01 0.7926E+01 0.2564E-02 0.5590E+00 0.7364E+01 0.6601E+01  0  0  0 0.7587E+01 0.0000E+00
   5.890 1.1581 38.731 0.3378 3.0000 0.5667E+01 0.6844E+01 0.2053E-02 0.5114E+00 0.6330E+01 0.5667E+01  0  0  0 0.6542E+01 0.0000E+00
   5.890 1.1048 40.377 0.3452 3.1000 0.4865E+01 0.5917E+01 0.1652E-02 0.4711E+00 0.5444E+01 0.4865E+01  0  0  0 0.5645E+01 0.0000E+00
   5.890 1.0515 42.127 0.3524 3.2000 0.4175E+01 0.5121E+01 0.1336E-02 0.4367E+00 0.4683E+01 0.4175E+01  0  0  0 0.4875E+01 0.0000E+00
   5.890 1.4618 27.169 0.2286 1.9000 0.2518E+02 0.3186E+02 0.4447E-01 0.2237E+01 0.2958E+02 0.2518E+02  0  0  0 0.2965E+02 0.0000E+00
   5.890 1.4085 28.422 0.2378 2.0000 0.2120E+02 0.2681E+02 0.3401E-01 0.1926E+01 0.2485E+02 0.2119E+02  0  0  0 0.2497E+02 0.0000E+00
   5.890 1.3552 29.720 0.2468 2.1000 0.1789E+02 0.2265E+02 0.2620E-01 0.1673E+01 0.2095E+02 0.1789E+02  0  0  0 0.2110E+02 0.0000E+00
   5.890 1.3020 31.068 0.2555 2.2000 0.1514E+02 0.1920E+02 0.2034E-01 0.1466E+01 0.1771E+02 0.1514E+02  0  0  0 0.1789E+02 0.0000E+00
   5.890 1.2487 32.474 0.2641 2.3000 0.1283E+02 0.1632E+02 0.1589E-01 0.1295E+01 0.1501E+02 0.1283E+02  0  0  0 0.1520E+02 0.0000E+00
   5.890 1.1954 33.946 0.2724 2.4000 0.1090E+02 0.1391E+02 0.1250E-01 0.1153E+01 0.1274E+02 0.1089E+02  0  0  0 0.1295E+02 0.0000E+00
   5.890 1.1421 35.494 0.2806 2.5000 0.9260E+01 0.1189E+02 0.9895E-02 0.1035E+01 0.1084E+02 0.9259E+01  0  0  0 0.1105E+02 0.0000E+00
   5.890 1.0888 37.128 0.2886 2.6000 0.7876E+01 0.1018E+02 0.7885E-02 0.9353E+00 0.9234E+01 0.7876E+01  0  0  0 0.9443E+01 0.0000E+00
   5.890 1.0355 38.862 0.2964 2.7000 0.6701E+01 0.8729E+01 0.6325E-02 0.8518E+00 0.7871E+01 0.6701E+01  0  0  0 0.8082E+01 0.0000E+00
   5.890 0.9822 40.711 0.3040 2.8000 0.5701E+01 0.7500E+01 0.5111E-02 0.7814E+00 0.6714E+01 0.5701E+01  0  0  0 0.6925E+01 0.0000E+00
   5.890 0.9289 42.694 0.3115 2.9000 0.4847E+01 0.6454E+01 0.4163E-02 0.7220E+00 0.5728E+01 0.4847E+01  0  0  0 0.5939E+01 0.0000E+00
   5.890 0.8756 44.833 0.3188 3.0000 0.4117E+01 0.5560E+01 0.3424E-02 0.6720E+00 0.4884E+01 0.4117E+01  0  0  0 0.5096E+01 0.0000E+00
   5.890 0.8224 47.157 0.3260 3.1000 0.3492E+01 0.4794E+01 0.2849E-02 0.6300E+00 0.4161E+01 0.3492E+01  0  0  0 0.4374E+01 0.0000E+00
   5.890 0.7691 49.701 0.3330 3.2000 0.2955E+01 0.4137E+01 0.2409E-02 0.5949E+00 0.3540E+01 0.2955E+01  0  0  0 0.3754E+01 0.0000E+00
   5.890 1.1687 30.459 0.2145 1.9000 0.1855E+02 0.2552E+02 0.6318E-01 0.2567E+01 0.2289E+02 0.1855E+02  0  0  0 0.2299E+02 0.0000E+00
   5.890 1.1154 32.028 0.2232 2.0000 0.1552E+02 0.2144E+02 0.4910E-01 0.2243E+01 0.1915E+02 0.1552E+02  0  0  0 0.1930E+02 0.0000E+00
   5.890 1.0622 33.678 0.2318 2.1000 0.1301E+02 0.1808E+02 0.3853E-01 0.1977E+01 0.1606E+02 0.1301E+02  0  0  0 0.1625E+02 0.0000E+00
   5.890 1.0089 35.424 0.2402 2.2000 0.1092E+02 0.1529E+02 0.3053E-01 0.1759E+01 0.1350E+02 0.1092E+02  0  0  0 0.1372E+02 0.0000E+00
   5.890 0.9556 37.281 0.2484 2.3000 0.9179E+01 0.1297E+02 0.2445E-01 0.1578E+01 0.1137E+02 0.9177E+01  0  0  0 0.1161E+02 0.0000E+00
   5.890 0.9023 39.267 0.2564 2.4000 0.7713E+01 0.1103E+02 0.1980E-01 0.1428E+01 0.9585E+01 0.7712E+01  0  0  0 0.9836E+01 0.0000E+00
   5.890 0.8490 41.407 0.2643 2.5000 0.6479E+01 0.9398E+01 0.1626E-01 0.1302E+01 0.8080E+01 0.6478E+01  0  0  0 0.8346E+01 0.0000E+00
   5.890 0.7957 43.729 0.2720 2.6000 0.5436E+01 0.8022E+01 0.1358E-01 0.1197E+01 0.6811E+01 0.5436E+01  0  0  0 0.7089E+01 0.0000E+00
   5.890 0.7424 46.269 0.2795 2.7000 0.4554E+01 0.6857E+01 0.1159E-01 0.1109E+01 0.5736E+01 0.4553E+01  0  0  0 0.6024E+01 0.0000E+00
   5.890 0.6891 49.074 0.2869 2.8000 0.3804E+01 0.5868E+01 0.1020E-01 0.1035E+01 0.4822E+01 0.3804E+01  0  0  0 0.5120E+01 0.0000E+00
   5.890 0.6358 52.206 0.2941 2.9000 0.3166E+01 0.5025E+01 0.9340E-02 0.9739E+00 0.4042E+01 0.3166E+01  0  0  0 0.4351E+01 0.0000E+00
   5.890 0.5825 55.748 0.3012 3.0000 0.2623E+01 0.4307E+01 0.9054E-02 0.9224E+00 0.3375E+01 0.2623E+01  0  0  0 0.3697E+01 0.0000E+00
   5.890 0.5293 59.816 0.3082 3.1000 0.2159E+01 0.3688E+01 0.9428E-02 0.8791E+00 0.2800E+01 0.2159E+01  0  0  0 0.3152E+01 0.0000E+00
   5.890 0.4760 64.579 0.3150 3.2000 0.1763E+01 0.3154E+01 0.1070E-01 0.8413E+00 0.2302E+01 0.1763E+01  0  0  0 0.2660E+01 0.0000E+00
   5.890 0.8650 35.557 0.2015 1.9000 0.1266E+02 0.1974E+02 0.1055E+00 0.3028E+01 0.1660E+02 0.1265E+02  0  0  0 0.1698E+02 0.0000E+00
   5.890 0.8117 37.737 0.2099 2.0000 0.1045E+02 0.1652E+02 0.8629E-01 0.2686E+01 0.1375E+02 0.1044E+02  0  0  0 0.1415E+02 0.0000E+00
   5.890 0.7584 40.098 0.2181 2.1000 0.8621E+01 0.1387E+02 0.7229E-01 0.2406E+01 0.1140E+02 0.8619E+01  0  0  0 0.1182E+02 0.0000E+00
   5.890 0.7051 42.681 0.2261 2.2000 0.7108E+01 0.1168E+02 0.6237E-01 0.2175E+01 0.9444E+01 0.7106E+01  0  0  0 0.9894E+01 0.0000E+00
   5.890 0.6518 45.536 0.2340 2.3000 0.5847E+01 0.9858E+01 0.5578E-01 0.1983E+01 0.7819E+01 0.5847E+01  0  0  0 0.8287E+01 0.0000E+00
   5.890 0.5985 48.730 0.2417 2.4000 0.4794E+01 0.8333E+01 0.5217E-01 0.1823E+01 0.6458E+01 0.4794E+01  0  0  0 0.6944E+01 0.0000E+00
   5.890 0.5452 52.355 0.2493 2.5000 0.3912E+01 0.7061E+01 0.5149E-01 0.1689E+01 0.5321E+01 0.3912E+01  0  0  0 0.5822E+01 0.0000E+00
   5.890 0.4920 56.540 0.2567 2.6000 0.3171E+01 0.5982E+01 0.5407E-01 0.1575E+01 0.4353E+01 0.3170E+01  0  0  0 0.4874E+01 0.0000E+00
   5.890 0.4387 61.478 0.2639 2.7000 0.2546E+01 0.5067E+01 0.6070E-01 0.1477E+01 0.3529E+01 0.2546E+01  0  0  0 0.4073E+01 0.0000E+00
   5.890 0.3854 67.467 0.2711 2.8000 0.2020E+01 0.4277E+01 0.7275E-01 0.1386E+01 0.2818E+01 0.2020E+01  0  0  0 0.3396E+01 0.0000E+00
   5.890 0.3321 75.008 0.2781 2.9000 0.1575E+01 0.3549E+01 0.9213E-01 0.1281E+01 0.2177E+01 0.1575E+01  0  0  0 0.2819E+01 0.0000E+00
   5.890 0.2788 85.036 0.2849 3.0001 0.1200E+01 0.2434E+01 0.1202E+00 0.9665E+00 0.1348E+01 0.1200E+01  0  0  0 0.2323E+01 0.0000E+00
   5.890 0.2255 99.612 0.2916 3.1001 0.8822E+00 0.3317E+01 0.1325E+00 0.1554E+01 0.1631E+01 0.8821E+00  0  0  0 0.1883E+01 0.0000E+00
   5.890 0.1722125.265 0.2982 3.2001 0.6137E+00 0.2533E+01 0.1233E+00 0.1321E+01 0.1089E+01 0.6137E+00  0  0  0 0.1456E+01 0.0000E+00
