2.0,2.8,0.8,1.7
   4.730 2.6412 14.538 0.2041 0.8000 0.2005E+04 0.2187E+04 0.3918E+00 0.9976E+02 0.2087E+04 0.2001E+04  0  0  0 0.2157E+04 0.0000E+00
   4.730 2.5879 15.584 0.2239 0.9000 0.1477E+04 0.1586E+04 0.1630E+00 0.6778E+02 0.1518E+04 0.1475E+04  0  0  0 0.1577E+04 0.0000E+00
   4.730 2.5347 16.606 0.2427 1.0000 0.1108E+04 0.1175E+04 0.6912E-01 0.4748E+02 0.1127E+04 0.1107E+04  0  0  0 0.1175E+04 0.0000E+00
   4.730 2.4814 17.610 0.2607 1.1000 0.8435E+03 0.8836E+03 0.3001E-01 0.3416E+02 0.8494E+03 0.8431E+03  0  0  0 0.8890E+03 0.0000E+00
   4.730 2.4281 18.602 0.2778 1.2000 0.6503E+03 0.6752E+03 0.1356E-01 0.2511E+02 0.6501E+03 0.6502E+03  0  0  0 0.6824E+03 0.0000E+00
   4.730 2.3748 19.587 0.2941 1.3000 0.5068E+03 0.5221E+03 0.6606E-02 0.1884E+02 0.5033E+03 0.5068E+03  0  0  0 0.5298E+03 0.0000E+00
   4.730 2.3215 20.569 0.3098 1.4000 0.3988E+03 0.4076E+03 0.3625E-02 0.1439E+02 0.3932E+03 0.3988E+03  0  0  0 0.4153E+03 0.0000E+00
   4.730 2.2682 21.551 0.3247 1.5000 0.3164E+03 0.3214E+03 0.2298E-02 0.1116E+02 0.3102E+03 0.3165E+03  0  0  0 0.3285E+03 0.0000E+00
   4.730 2.2149 22.536 0.3390 1.6000 0.2530E+03 0.2557E+03 0.1654E-02 0.8779E+01 0.2469E+03 0.2531E+03  0  0  0 0.2620E+03 0.0000E+00
   4.730 2.1616 23.528 0.3527 1.7000 0.2037E+03 0.2049E+03 0.1289E-02 0.6989E+01 0.1979E+03 0.2037E+03  0  0  0 0.2105E+03 0.0000E+00
   4.730 2.4227 15.183 0.1848 0.8000 0.1614E+04 0.1832E+04 0.6996E+00 0.8913E+02 0.1742E+04 0.1611E+04  0  0  0 0.1775E+04 0.0000E+00
   4.730 2.3695 16.291 0.2032 0.9000 0.1198E+04 0.1338E+04 0.3111E+00 0.6133E+02 0.1276E+04 0.1196E+04  0  0  0 0.1307E+04 0.0000E+00
   4.730 2.3162 17.377 0.2208 1.0000 0.9047E+03 0.9978E+03 0.1410E+00 0.4350E+02 0.9542E+03 0.9038E+03  0  0  0 0.9806E+03 0.0000E+00
   4.730 2.2629 18.447 0.2376 1.1000 0.6935E+03 0.7565E+03 0.6493E-01 0.3165E+02 0.7248E+03 0.6930E+03  0  0  0 0.7475E+03 0.0000E+00
   4.730 2.2096 19.509 0.2537 1.2000 0.5382E+03 0.5811E+03 0.3042E-01 0.2354E+02 0.5576E+03 0.5380E+03  0  0  0 0.5771E+03 0.0000E+00
   4.730 2.1563 20.566 0.2692 1.3000 0.4222E+03 0.4523E+03 0.1466E-01 0.1784E+02 0.4345E+03 0.4220E+03  0  0  0 0.4510E+03 0.0000E+00
   4.730 2.1030 21.623 0.2840 1.4000 0.3342E+03 0.3553E+03 0.7425E-02 0.1376E+02 0.3416E+03 0.3341E+03  0  0  0 0.3557E+03 0.0000E+00
   4.730 2.0497 22.685 0.2982 1.5000 0.2667E+03 0.2815E+03 0.4083E-02 0.1078E+02 0.2707E+03 0.2667E+03  0  0  0 0.2828E+03 0.0000E+00
   4.730 1.9964 23.754 0.3119 1.6000 0.2144E+03 0.2252E+03 0.2509E-02 0.8568E+01 0.2167E+03 0.2144E+03  0  0  0 0.2268E+03 0.0000E+00
   4.730 1.9431 24.835 0.3251 1.7000 0.1734E+03 0.1814E+03 0.1733E-02 0.6886E+01 0.1745E+03 0.1734E+03  0  0  0 0.1832E+03 0.0000E+00
   4.730 2.1936 15.961 0.1681 0.8000 0.1279E+04 0.1514E+04 0.1155E+01 0.8126E+02 0.1431E+04 0.1277E+04  0  0  0 0.1440E+04 0.0000E+00
   4.730 2.1403 17.147 0.1852 0.9000 0.9541E+03 0.1112E+04 0.5428E+00 0.5671E+02 0.1055E+04 0.9528E+03  0  0  0 0.1066E+04 0.0000E+00
   4.730 2.0870 18.314 0.2016 1.0000 0.7244E+03 0.8334E+03 0.2605E+00 0.4077E+02 0.7924E+03 0.7236E+03  0  0  0 0.8040E+03 0.0000E+00
   4.730 2.0337 19.469 0.2174 1.1000 0.5580E+03 0.6352E+03 0.1270E+00 0.3006E+02 0.6050E+03 0.5575E+03  0  0  0 0.6160E+03 0.0000E+00
   4.730 1.9805 20.618 0.2326 1.2000 0.4352E+03 0.4905E+03 0.6266E-01 0.2266E+02 0.4678E+03 0.4349E+03  0  0  0 0.4781E+03 0.0000E+00
   4.730 1.9272 21.768 0.2472 1.3000 0.3429E+03 0.3834E+03 0.3135E-01 0.1740E+02 0.3660E+03 0.3428E+03  0  0  0 0.3752E+03 0.0000E+00
   4.730 1.8739 22.924 0.2612 1.4000 0.2727E+03 0.3027E+03 0.1601E-01 0.1358E+02 0.2891E+03 0.2726E+03  0  0  0 0.2973E+03 0.0000E+00
   4.730 1.8206 24.090 0.2747 1.5000 0.2185E+03 0.2412E+03 0.8459E-02 0.1076E+02 0.2304E+03 0.2185E+03  0  0  0 0.2376E+03 0.0000E+00
   4.730 1.7673 25.271 0.2878 1.6000 0.1763E+03 0.1936E+03 0.4731E-02 0.8646E+01 0.1849E+03 0.1763E+03  0  0  0 0.1913E+03 0.0000E+00
   4.730 1.7140 26.472 0.3004 1.7000 0.1431E+03 0.1564E+03 0.2871E-02 0.7034E+01 0.1494E+03 0.1431E+03  0  0  0 0.1550E+03 0.0000E+00
   4.730 1.9538 16.919 0.1536 0.8000 0.9953E+03 0.1233E+04 0.1800E+01 0.7578E+02 0.1155E+04 0.9938E+03  0  0  0 0.1151E+04 0.0000E+00
   4.730 1.9005 18.206 0.1695 0.9000 0.7450E+03 0.9083E+03 0.8850E+00 0.5367E+02 0.8538E+03 0.7440E+03  0  0  0 0.8541E+03 0.0000E+00
   4.730 1.8472 19.477 0.1849 1.0000 0.5674E+03 0.6843E+03 0.4456E+00 0.3917E+02 0.6447E+03 0.5668E+03  0  0  0 0.6470E+03 0.0000E+00
   4.730 1.7939 20.742 0.1996 1.1000 0.4385E+03 0.5233E+03 0.2282E+00 0.2929E+02 0.4938E+03 0.4381E+03  0  0  0 0.4974E+03 0.0000E+00
   4.730 1.7406 22.009 0.2139 1.2000 0.3430E+03 0.4056E+03 0.1183E+00 0.2238E+02 0.3831E+03 0.3427E+03  0  0  0 0.3873E+03 0.0000E+00
   4.730 1.6874 23.284 0.2277 1.3000 0.2710E+03 0.3180E+03 0.6200E-01 0.1742E+02 0.3005E+03 0.2709E+03  0  0  0 0.3049E+03 0.0000E+00
   4.730 1.6341 24.573 0.2410 1.4000 0.2160E+03 0.2521E+03 0.3286E-01 0.1379E+02 0.2383E+03 0.2159E+03  0  0  0 0.2424E+03 0.0000E+00
   4.730 1.5808 25.882 0.2538 1.5000 0.1735E+03 0.2014E+03 0.1769E-01 0.1108E+02 0.1903E+03 0.1735E+03  0  0  0 0.1942E+03 0.0000E+00
   4.730 1.5275 27.218 0.2662 1.6000 0.1403E+03 0.1622E+03 0.9761E-02 0.9022E+01 0.1532E+03 0.1402E+03  0  0  0 0.1568E+03 0.0000E+00
   4.730 1.4742 28.586 0.2782 1.7000 0.1140E+03 0.1315E+03 0.5608E-02 0.7438E+01 0.1241E+03 0.1140E+03  0  0  0 0.1274E+03 0.0000E+00
   4.730 1.7033 18.130 0.1409 0.8000 0.7571E+03 0.9888E+03 0.2691E+01 0.7238E+02 0.9137E+03 0.7562E+03  0  0  0 0.9033E+03 0.0000E+00
   4.730 1.6501 19.551 0.1557 0.9000 0.5677E+03 0.7298E+03 0.1376E+01 0.5205E+02 0.6763E+03 0.5670E+03  0  0  0 0.6714E+03 0.0000E+00
   4.730 1.5968 20.965 0.1701 1.0000 0.4330E+03 0.5511E+03 0.7213E+00 0.3855E+02 0.5119E+03 0.4325E+03  0  0  0 0.5096E+03 0.0000E+00
   4.730 1.5435 22.382 0.1840 1.1000 0.3349E+03 0.4229E+03 0.3854E+00 0.2927E+02 0.3932E+03 0.3346E+03  0  0  0 0.3927E+03 0.0000E+00
   4.730 1.4902 23.812 0.1974 1.2000 0.2622E+03 0.3283E+03 0.2088E+00 0.2271E+02 0.3054E+03 0.2620E+03  0  0  0 0.3062E+03 0.0000E+00
   4.730 1.4369 25.262 0.2104 1.3000 0.2073E+03 0.2577E+03 0.1144E+00 0.1793E+02 0.2396E+03 0.2071E+03  0  0  0 0.2412E+03 0.0000E+00
   4.730 1.3836 26.742 0.2229 1.4000 0.1653E+03 0.2047E+03 0.6326E-01 0.1440E+02 0.1902E+03 0.1652E+03  0  0  0 0.1920E+03 0.0000E+00
   4.730 1.3303 28.260 0.2351 1.5000 0.1327E+03 0.1639E+03 0.3535E-01 0.1174E+02 0.1521E+03 0.1326E+03  0  0  0 0.1541E+03 0.0000E+00
   4.730 1.2770 29.824 0.2469 1.6000 0.1072E+03 0.1323E+03 0.2003E-01 0.9704E+01 0.1226E+03 0.1072E+03  0  0  0 0.1245E+03 0.0000E+00
   4.730 1.2237 31.444 0.2584 1.7000 0.8706E+02 0.1073E+03 0.1158E-01 0.8122E+01 0.9916E+02 0.8704E+02  0  0  0 0.1011E+03 0.0000E+00
   4.730 1.4422 19.718 0.1297 0.8000 0.5591E+03 0.7772E+03 0.3922E+01 0.7068E+02 0.7027E+03 0.5584E+03  0  0  0 0.6930E+03 0.0000E+00
   4.730 1.3889 21.330 0.1435 0.9000 0.4189E+03 0.5755E+03 0.2081E+01 0.5167E+02 0.5218E+03 0.4185E+03  0  0  0 0.5160E+03 0.0000E+00
   4.730 1.3356 22.948 0.1570 1.0000 0.3191E+03 0.4346E+03 0.1134E+01 0.3887E+02 0.3946E+03 0.3188E+03  0  0  0 0.3910E+03 0.0000E+00
   4.730 1.2823 24.588 0.1700 1.1000 0.2465E+03 0.3334E+03 0.6302E+00 0.2997E+02 0.3028E+03 0.2463E+03  0  0  0 0.3013E+03 0.0000E+00
   4.730 1.2291 26.261 0.1827 1.2000 0.1925E+03 0.2592E+03 0.3561E+00 0.2361E+02 0.2352E+03 0.1924E+03  0  0  0 0.2349E+03 0.0000E+00
   4.730 1.1758 27.979 0.1949 1.3000 0.1518E+03 0.2038E+03 0.2039E+00 0.1894E+02 0.1847E+03 0.1517E+03  0  0  0 0.1851E+03 0.0000E+00
   4.730 1.1225 29.755 0.2068 1.4000 0.1206E+03 0.1618E+03 0.1182E+00 0.1545E+02 0.1462E+03 0.1206E+03  0  0  0 0.1471E+03 0.0000E+00
   4.730 1.0692 31.603 0.2183 1.5000 0.9647E+02 0.1295E+03 0.6944E-01 0.1280E+02 0.1166E+03 0.9643E+02  0  0  0 0.1177E+03 0.0000E+00
   4.730 1.0159 33.539 0.2296 1.6000 0.7757E+02 0.1044E+03 0.4144E-01 0.1075E+02 0.9357E+02 0.7753E+02  0  0  0 0.9498E+02 0.0000E+00
   4.730 0.9626 35.579 0.2405 1.7000 0.6263E+02 0.8464E+02 0.2528E-01 0.9149E+01 0.7546E+02 0.6261E+02  0  0  0 0.7698E+02 0.0000E+00
   4.730 1.1704 21.914 0.1198 0.8000 0.3957E+03 0.5969E+03 0.5601E+01 0.7046E+02 0.5209E+03 0.3953E+03  0  0  0 0.5167E+03 0.0000E+00
   4.730 1.1171 23.817 0.1327 0.9000 0.2952E+03 0.4423E+03 0.3111E+01 0.5234E+02 0.3869E+03 0.2950E+03  0  0  0 0.3842E+03 0.0000E+00
   4.730 1.0639 25.758 0.1454 1.0000 0.2238E+03 0.3333E+03 0.1775E+01 0.4002E+02 0.2915E+03 0.2236E+03  0  0  0 0.2903E+03 0.0000E+00
   4.730 1.0106 27.756 0.1576 1.1000 0.1719E+03 0.2561E+03 0.1037E+01 0.3136E+02 0.2237E+03 0.1717E+03  0  0  0 0.2226E+03 0.0000E+00
   4.730 0.9573 29.832 0.1695 1.2000 0.1333E+03 0.1981E+03 0.6190E+00 0.2510E+02 0.1724E+03 0.1332E+03  0  0  0 0.1730E+03 0.0000E+00
   4.730 0.9040 32.007 0.1811 1.3000 0.1043E+03 0.1555E+03 0.3777E+00 0.2048E+02 0.1347E+03 0.1042E+03  0  0  0 0.1358E+03 0.0000E+00
   4.730 0.8507 34.306 0.1923 1.4000 0.8205E+02 0.1232E+03 0.2363E+00 0.1698E+02 0.1060E+03 0.8201E+02  0  0  0 0.1074E+03 0.0000E+00
   4.730 0.7974 36.759 0.2033 1.5000 0.6490E+02 0.9841E+02 0.1525E+00 0.1430E+02 0.8396E+02 0.6487E+02  0  0  0 0.8562E+02 0.0000E+00
   4.730 0.7441 39.402 0.2139 1.6000 0.5150E+02 0.7910E+02 0.1026E+00 0.1221E+02 0.6679E+02 0.5148E+02  0  0  0 0.6861E+02 0.0000E+00
   4.730 0.6908 42.279 0.2243 1.7000 0.4095E+02 0.6391E+02 0.7292E-01 0.1056E+02 0.5328E+02 0.4094E+02  0  0  0 0.5521E+02 0.0000E+00
   4.730 0.8880 25.208 0.1110 0.8000 0.2620E+03 0.4422E+03 0.7611E+01 0.7072E+02 0.3639E+03 0.2618E+03  0  0  0 0.3688E+03 0.0000E+00
   4.730 0.8347 27.622 0.1231 0.9000 0.1934E+03 0.3264E+03 0.4448E+01 0.5359E+02 0.2683E+03 0.1932E+03  0  0  0 0.2722E+03 0.0000E+00
   4.730 0.7814 30.149 0.1350 1.0000 0.1448E+03 0.2453E+03 0.2684E+01 0.4171E+02 0.2009E+03 0.1447E+03  0  0  0 0.2044E+03 0.0000E+00
   4.730 0.7281 32.827 0.1465 1.1000 0.1095E+03 0.1871E+03 0.1667E+01 0.3323E+02 0.1522E+03 0.1095E+03  0  0  0 0.1556E+03 0.0000E+00
   4.730 0.6748 35.705 0.1577 1.2000 0.8351E+02 0.1445E+03 0.1066E+01 0.2702E+02 0.1164E+03 0.8345E+02  0  0  0 0.1197E+03 0.0000E+00
   4.730 0.6216 38.839 0.1686 1.3000 0.6398E+02 0.1126E+03 0.7023E+00 0.2236E+02 0.8957E+02 0.6394E+02  0  0  0 0.9292E+02 0.0000E+00
   4.730 0.5683 42.305 0.1793 1.4000 0.4915E+02 0.8851E+02 0.4770E+00 0.1881E+02 0.6922E+02 0.4912E+02  0  0  0 0.7257E+02 0.0000E+00
   4.730 0.5150 46.203 0.1896 1.5000 0.3776E+02 0.6996E+02 0.3332E+00 0.1603E+02 0.5359E+02 0.3774E+02  0  0  0 0.5694E+02 0.0000E+00
   4.730 0.4617 50.679 0.1998 1.6000 0.2892E+02 0.5551E+02 0.2365E+00 0.1382E+02 0.4145E+02 0.2891E+02  0  0  0 0.4478E+02 0.0000E+00
   4.730 0.4084 55.945 0.2096 1.7000 0.2202E+02 0.4409E+02 0.1653E+00 0.1202E+02 0.3191E+02 0.2201E+02  0  0  0 0.3522E+02 0.0000E+00
   4.730 0.5949 30.924 0.1031 0.8000 0.1534E+03 0.3046E+03 0.1057E+02 0.6723E+02 0.2268E+03 0.1533E+03  0  0  0 0.2427E+03 0.0000E+00
   4.730 0.5416 34.478 0.1145 0.9000 0.1101E+03 0.2220E+03 0.6221E+01 0.5182E+02 0.1639E+03 0.1101E+03  0  0  0 0.1758E+03 0.0000E+00
   4.730 0.4883 38.415 0.1256 1.0000 0.7976E+02 0.1643E+03 0.3831E+01 0.4083E+02 0.1197E+03 0.7971E+02  0  0  0 0.1292E+03 0.0000E+00
   4.730 0.4351 42.885 0.1365 1.1000 0.5795E+02 0.1230E+03 0.2483E+01 0.3273E+02 0.8782E+02 0.5791E+02  0  0  0 0.9585E+02 0.0000E+00
   4.730 0.3818 48.109 0.1471 1.2000 0.4201E+02 0.9282E+02 0.1748E+01 0.2662E+02 0.6445E+02 0.4198E+02  0  0  0 0.7145E+02 0.0000E+00
   4.730 0.3285 54.435 0.1574 1.3000 0.3020E+02 0.7009E+02 0.1452E+01 0.2165E+02 0.4700E+02 0.3018E+02  0  0  0 0.5322E+02 0.0000E+00
   4.730 0.2752 62.471 0.1675 1.4000 0.2135E+02 0.5287E+02 0.1598E+01 0.1755E+02 0.3372E+02 0.2134E+02  0  0  0 0.3941E+02 0.0000E+00
   4.730 0.2219 73.417 0.1773 1.5000 0.1466E+02 0.3945E+02 0.2371E+01 0.1378E+02 0.2329E+02 0.1465E+02  0  0  0 0.2879E+02 0.0000E+00
   4.730 0.1686 90.181 0.1869 1.6000 0.1000E+02 0.3945E+02 0.2371E+01 0.9759E+24 0.2369E+25 0.9557E+01  0  0  0 0.2044E+02 0.0000E+00
   4.730 0.1153123.948 0.1963 1.7000 0.5653E+01 0.2181E+02 0.4081E+01 0.7363E+01 0.1037E+02 0.5651E+01  0  0  0 0.1293E+02 0.0000E+00
