1.2,2.4,2.7,3.5
   4.730 2.9929 25.225 0.8283 2.7000 0.7140E+01 0.5602E+01 0.3829E-07 0.1875E+01 0.3727E+01 0.5315E+01  0  0  0 0.6495E+01 0.0000E+00
   4.730 2.9397 25.932 0.8334 2.8000 0.5864E+01 0.4604E+01 0.2656E-07 0.1523E+01 0.3081E+01 0.4379E+01  0  0  0 0.5337E+01 0.0000E+00
   4.730 2.8864 26.646 0.8382 2.9000 0.4839E+01 0.3800E+01 0.1864E-07 0.1243E+01 0.2557E+01 0.3626E+01  0  0  0 0.4406E+01 0.0000E+00
   4.730 2.8331 27.369 0.8428 3.0000 0.3898E+01 0.3094E+01 0.1323E-07 0.1018E+01 0.2076E+01 0.2903E+01  0  0  0 0.3570E+01 0.0000E+00
   4.730 2.7798 28.101 0.8471 3.1000 0.3258E+01 0.2584E+01 0.9491E-08 0.8377E+00 0.1746E+01 0.2440E+01  0  0  0 0.2984E+01 0.0000E+00
   4.730 2.7265 28.844 0.8511 3.2000 0.2746E+01 0.2173E+01 0.6876E-08 0.6917E+00 0.1481E+01 0.2070E+01  0  0  0 0.2513E+01 0.0000E+00
   4.730 2.6732 29.599 0.8550 3.3000 0.2300E+01 0.1822E+01 0.5029E-08 0.5731E+00 0.1249E+01 0.1740E+01  0  0  0 0.2107E+01 0.0000E+00
   4.730 2.6199 30.366 0.8587 3.4000 0.1939E+01 0.1537E+01 0.3711E-08 0.4766E+00 0.1060E+01 0.1473E+01  0  0  0 0.1777E+01 0.0000E+00
   4.730 2.5666 31.146 0.8621 3.5000 0.1642E+01 0.1302E+01 0.2762E-08 0.3975E+00 0.9045E+00 0.1254E+01  0  0  0 0.1506E+01 0.0000E+00
   4.730 2.8597 25.816 0.7693 2.7000 0.8348E+01 0.6647E+01 0.1598E-06 0.1338E+01 0.5309E+01 0.7253E+01  0  0  0 0.7650E+01 0.0000E+00
   4.730 2.8064 26.551 0.7757 2.8000 0.6847E+01 0.5460E+01 0.1107E-06 0.1097E+01 0.4364E+01 0.5944E+01  0  0  0 0.6282E+01 0.0000E+00
   4.730 2.7531 27.296 0.7817 2.9000 0.5659E+01 0.4516E+01 0.7745E-07 0.9024E+00 0.3613E+01 0.4912E+01  0  0  0 0.5195E+01 0.0000E+00
   4.730 2.6999 28.050 0.7875 3.0000 0.4704E+01 0.3755E+01 0.5479E-07 0.7454E+00 0.3010E+01 0.4086E+01  0  0  0 0.4321E+01 0.0000E+00
   4.730 2.6466 28.815 0.7929 3.1000 0.3928E+01 0.3137E+01 0.3914E-07 0.6180E+00 0.2519E+01 0.3413E+01  0  0  0 0.3610E+01 0.0000E+00
   4.730 2.5933 29.592 0.7981 3.2000 0.3295E+01 0.2632E+01 0.2822E-07 0.5141E+00 0.2118E+01 0.2865E+01  0  0  0 0.3030E+01 0.0000E+00
   4.730 2.5400 30.383 0.8030 3.3000 0.2728E+01 0.2193E+01 0.2054E-07 0.4291E+00 0.1764E+01 0.2369E+01  0  0  0 0.2518E+01 0.0000E+00
   4.730 2.4867 31.189 0.8077 3.4000 0.2312E+01 0.1857E+01 0.1507E-07 0.3593E+00 0.1498E+01 0.2011E+01  0  0  0 0.2134E+01 0.0000E+00
   4.730 2.4334 32.010 0.8121 3.5000 0.1964E+01 0.1577E+01 0.1115E-07 0.3018E+00 0.1275E+01 0.1712E+01  0  0  0 0.1814E+01 0.0000E+00
   4.730 2.7158 26.503 0.7143 2.7000 0.9442E+01 0.7690E+01 0.5930E-06 0.9385E+00 0.6752E+01 0.8826E+01  0  0  0 0.8756E+01 0.0000E+00
   4.730 2.6625 27.273 0.7217 2.8000 0.7827E+01 0.6370E+01 0.4114E-06 0.7758E+00 0.5595E+01 0.7313E+01  0  0  0 0.7259E+01 0.0000E+00
   4.730 2.6093 28.053 0.7287 2.9000 0.6514E+01 0.5299E+01 0.2884E-06 0.6437E+00 0.4655E+01 0.6083E+01  0  0  0 0.6041E+01 0.0000E+00
   4.730 2.5560 28.845 0.7353 3.0000 0.5441E+01 0.4424E+01 0.2041E-06 0.5361E+00 0.3888E+01 0.5079E+01  0  0  0 0.5047E+01 0.0000E+00
   4.730 2.5027 29.650 0.7417 3.1000 0.4560E+01 0.3708E+01 0.1458E-06 0.4480E+00 0.3260E+01 0.4256E+01  0  0  0 0.4231E+01 0.0000E+00
   4.730 2.4494 30.470 0.7477 3.2000 0.3834E+01 0.3117E+01 0.1051E-06 0.3756E+00 0.2741E+01 0.3578E+01  0  0  0 0.3559E+01 0.0000E+00
   4.730 2.3961 31.305 0.7535 3.3000 0.3234E+01 0.2630E+01 0.7636E-07 0.3158E+00 0.2314E+01 0.3017E+01  0  0  0 0.3003E+01 0.0000E+00
   4.730 2.3428 32.157 0.7590 3.4000 0.2735E+01 0.2226E+01 0.5594E-07 0.2664E+00 0.1960E+01 0.2552E+01  0  0  0 0.2543E+01 0.0000E+00
   4.730 2.2895 33.028 0.7642 3.5000 0.2306E+01 0.1882E+01 0.4129E-07 0.2254E+00 0.1657E+01 0.2151E+01  0  0  0 0.2148E+01 0.0000E+00
   4.730 2.5613 27.306 0.6634 2.7000 0.1042E+02 0.8690E+01 0.1952E-05 0.6680E+00 0.8022E+01 0.1010E+02  0  0  0 0.9786E+01 0.0000E+00
   4.730 2.5080 28.117 0.6715 2.8000 0.8673E+01 0.7225E+01 0.1362E-05 0.5566E+00 0.6668E+01 0.8396E+01  0  0  0 0.8142E+01 0.0000E+00
   4.730 2.4547 28.941 0.6792 2.9000 0.7241E+01 0.6029E+01 0.9594E-06 0.4654E+00 0.5563E+01 0.7006E+01  0  0  0 0.6798E+01 0.0000E+00
   4.730 2.4014 29.779 0.6865 3.0000 0.6065E+01 0.5049E+01 0.6817E-06 0.3906E+00 0.4658E+01 0.5865E+01  0  0  0 0.5696E+01 0.0000E+00
   4.730 2.3481 30.633 0.6936 3.1000 0.5096E+01 0.4242E+01 0.4885E-06 0.3289E+00 0.3913E+01 0.4926E+01  0  0  0 0.4788E+01 0.0000E+00
   4.730 2.2949 31.505 0.7003 3.2000 0.4295E+01 0.3576E+01 0.3529E-06 0.2779E+00 0.3298E+01 0.4150E+01  0  0  0 0.4038E+01 0.0000E+00
   4.730 2.2416 32.395 0.7067 3.3000 0.3630E+01 0.3023E+01 0.2570E-06 0.2355E+00 0.2787E+01 0.3506E+01  0  0  0 0.3414E+01 0.0000E+00
   4.730 2.1883 33.305 0.7128 3.4000 0.3076E+01 0.2563E+01 0.1885E-06 0.2001E+00 0.2363E+01 0.2970E+01  0  0  0 0.2896E+01 0.0000E+00
   4.730 2.1350 34.238 0.7187 3.5000 0.2605E+01 0.2175E+01 0.1392E-06 0.1706E+00 0.2004E+01 0.2515E+01  0  0  0 0.2456E+01 0.0000E+00
   4.730 2.3961 28.251 0.6165 2.7000 0.1103E+02 0.9461E+01 0.5724E-05 0.4970E+00 0.8964E+01 0.1087E+02  0  0  0 0.1051E+02 0.0000E+00
   4.730 2.3428 29.113 0.6250 2.8000 0.9211E+01 0.7893E+01 0.4027E-05 0.4170E+00 0.7476E+01 0.9070E+01  0  0  0 0.8778E+01 0.0000E+00
   4.730 2.2895 29.991 0.6332 2.9000 0.7715E+01 0.6606E+01 0.2857E-05 0.3512E+00 0.6255E+01 0.7593E+01  0  0  0 0.7352E+01 0.0000E+00
   4.730 2.2362 30.886 0.6411 3.0000 0.6482E+01 0.5548E+01 0.2044E-05 0.2969E+00 0.5251E+01 0.6377E+01  0  0  0 0.6179E+01 0.0000E+00
   4.730 2.1830 31.801 0.6486 3.1000 0.5461E+01 0.4674E+01 0.1473E-05 0.2519E+00 0.4422E+01 0.5371E+01  0  0  0 0.5208E+01 0.0000E+00
   4.730 2.1297 32.737 0.6558 3.2000 0.4615E+01 0.3949E+01 0.1070E-05 0.2145E+00 0.3734E+01 0.4537E+01  0  0  0 0.4403E+01 0.0000E+00
   4.730 2.0764 33.696 0.6627 3.3000 0.3910E+01 0.3346E+01 0.7821E-06 0.1832E+00 0.3163E+01 0.3843E+01  0  0  0 0.3733E+01 0.0000E+00
   4.730 2.0231 34.680 0.6693 3.4000 0.3323E+01 0.2844E+01 0.5759E-06 0.1570E+00 0.2687E+01 0.3265E+01  0  0  0 0.3174E+01 0.0000E+00
   4.730 1.9698 35.691 0.6757 3.5000 0.2835E+01 0.2425E+01 0.4268E-06 0.1350E+00 0.2290E+01 0.2784E+01  0  0  0 0.2708E+01 0.0000E+00
   4.730 2.2202 29.372 0.5733 2.7000 0.1126E+02 0.9937E+01 0.1506E-04 0.3965E+00 0.9540E+01 0.1118E+02  0  0  0 0.1089E+02 0.0000E+00
   4.730 2.1670 30.298 0.5822 2.8000 0.9420E+01 0.8309E+01 0.1070E-04 0.3349E+00 0.7975E+01 0.9353E+01  0  0  0 0.9117E+01 0.0000E+00
   4.730 2.1137 31.244 0.5907 2.9000 0.7907E+01 0.6973E+01 0.7663E-05 0.2840E+00 0.6689E+01 0.7848E+01  0  0  0 0.7655E+01 0.0000E+00
   4.730 2.0604 32.212 0.5988 3.0000 0.6655E+01 0.5868E+01 0.5528E-05 0.2420E+00 0.5626E+01 0.6603E+01  0  0  0 0.6446E+01 0.0000E+00
   4.730 2.0071 33.204 0.6067 3.1000 0.5615E+01 0.4953E+01 0.4016E-05 0.2070E+00 0.4746E+01 0.5570E+01  0  0  0 0.5443E+01 0.0000E+00
   4.730 1.9538 34.222 0.6142 3.2000 0.4750E+01 0.4192E+01 0.2937E-05 0.1777E+00 0.4014E+01 0.4711E+01  0  0  0 0.4609E+01 0.0000E+00
   4.730 1.9005 35.269 0.6215 3.3000 0.4029E+01 0.3557E+01 0.2162E-05 0.1532E+00 0.3403E+01 0.3994E+01  0  0  0 0.3912E+01 0.0000E+00
   4.730 1.8472 36.348 0.6285 3.4000 0.3424E+01 0.3025E+01 0.1601E-05 0.1325E+00 0.2893E+01 0.3394E+01  0  0  0 0.3328E+01 0.0000E+00
   4.730 1.7939 37.462 0.6352 3.5000 0.2916E+01 0.2579E+01 0.1193E-05 0.1151E+00 0.2464E+01 0.2890E+01  0  0  0 0.2838E+01 0.0000E+00
   4.730 2.0337 30.721 0.5336 2.7000 0.1100E+02 0.1003E+02 0.3590E-04 0.3445E+00 0.9686E+01 0.1097E+02  0  0  0 0.1083E+02 0.0000E+00
   4.730 1.9805 31.729 0.5427 2.8000 0.9226E+01 0.8412E+01 0.2580E-04 0.2933E+00 0.8119E+01 0.9197E+01  0  0  0 0.9091E+01 0.0000E+00
   4.730 1.9272 32.762 0.5514 2.9000 0.7762E+01 0.7076E+01 0.1867E-04 0.2509E+00 0.6825E+01 0.7736E+01  0  0  0 0.7652E+01 0.0000E+00
   4.730 1.8739 33.823 0.5597 3.0000 0.6548E+01 0.5969E+01 0.1360E-04 0.2156E+00 0.5754E+01 0.6524E+01  0  0  0 0.6458E+01 0.0000E+00
   4.730 1.8206 34.915 0.5678 3.1000 0.5536E+01 0.5049E+01 0.9974E-05 0.1862E+00 0.4863E+01 0.5515E+01  0  0  0 0.5465E+01 0.0000E+00
   4.730 1.7673 36.041 0.5756 3.2000 0.4691E+01 0.4281E+01 0.7358E-05 0.1615E+00 0.4119E+01 0.4672E+01  0  0  0 0.4635E+01 0.0000E+00
   4.730 1.7140 37.205 0.5831 3.3000 0.3982E+01 0.3638E+01 0.5460E-05 0.1407E+00 0.3497E+01 0.3965E+01  0  0  0 0.3940E+01 0.0000E+00
   4.730 1.6607 38.410 0.5903 3.4000 0.3387E+01 0.3097E+01 0.4075E-05 0.1231E+00 0.2974E+01 0.3372E+01  0  0  0 0.3356E+01 0.0000E+00
   4.730 1.6074 39.661 0.5973 3.5000 0.2886E+01 0.2642E+01 0.3059E-05 0.1082E+00 0.2534E+01 0.2873E+01  0  0  0 0.2863E+01 0.0000E+00
   4.730 1.8366 32.372 0.4973 2.7000 0.1032E+02 0.9756E+01 0.7845E-04 0.3268E+00 0.9429E+01 0.1031E+02  0  0  0 0.1037E+02 0.0000E+00
   4.730 1.7833 33.486 0.5064 2.8000 0.8684E+01 0.8205E+01 0.5707E-04 0.2809E+00 0.7924E+01 0.8673E+01  0  0  0 0.8725E+01 0.0000E+00
   4.730 1.7300 34.634 0.5151 2.9000 0.7317E+01 0.6917E+01 0.4178E-04 0.2427E+00 0.6674E+01 0.7306E+01  0  0  0 0.7358E+01 0.0000E+00
   4.730 1.6767 35.820 0.5236 3.0000 0.6181E+01 0.5847E+01 0.3078E-04 0.2108E+00 0.5636E+01 0.6171E+01  0  0  0 0.6222E+01 0.0000E+00
   4.730 1.6234 37.047 0.5318 3.1000 0.5232E+01 0.4953E+01 0.2280E-04 0.1841E+00 0.4769E+01 0.5223E+01  0  0  0 0.5273E+01 0.0000E+00
   4.730 1.5701 38.320 0.5397 3.2000 0.4437E+01 0.4205E+01 0.1699E-04 0.1616E+00 0.4043E+01 0.4429E+01  0  0  0 0.4478E+01 0.0000E+00
   4.730 1.5168 39.644 0.5473 3.3000 0.3769E+01 0.3577E+01 0.1273E-04 0.1426E+00 0.3434E+01 0.3761E+01  0  0  0 0.3810E+01 0.0000E+00
   4.730 1.4635 41.025 0.5547 3.4000 0.3206E+01 0.3048E+01 0.9591E-05 0.1266E+00 0.2921E+01 0.3199E+01  0  0  0 0.3247E+01 0.0000E+00
   4.730 1.4102 42.468 0.5618 3.5000 0.2730E+01 0.2602E+01 0.7264E-05 0.1129E+00 0.2489E+01 0.2724E+01  0  0  0 0.2772E+01 0.0000E+00
   4.730 1.6287 34.435 0.4639 2.7000 0.9313E+01 0.9163E+01 0.1592E-03 0.3350E+00 0.8827E+01 0.9310E+01  0  0  0 0.9563E+01 0.0000E+00
   4.730 1.5754 35.696 0.4730 2.8000 0.7843E+01 0.7719E+01 0.1173E-03 0.2912E+00 0.7428E+01 0.7840E+01  0  0  0 0.8061E+01 0.0000E+00
   4.730 1.5222 37.003 0.4817 2.9000 0.6619E+01 0.6520E+01 0.8695E-04 0.2546E+00 0.6265E+01 0.6615E+01  0  0  0 0.6811E+01 0.0000E+00
   4.730 1.4689 38.362 0.4902 3.0000 0.5595E+01 0.5518E+01 0.6481E-04 0.2240E+00 0.5294E+01 0.5591E+01  0  0  0 0.5766E+01 0.0000E+00
   4.730 1.4156 39.780 0.4984 3.1000 0.4736E+01 0.4679E+01 0.4858E-04 0.1983E+00 0.4481E+01 0.4733E+01  0  0  0 0.4891E+01 0.0000E+00
   4.730 1.3623 41.263 0.5064 3.2000 0.4015E+01 0.3976E+01 0.3662E-04 0.1767E+00 0.3799E+01 0.4012E+01  0  0  0 0.4155E+01 0.0000E+00
   4.730 1.3090 42.819 0.5140 3.3000 0.3407E+01 0.3383E+01 0.2776E-04 0.1583E+00 0.3224E+01 0.3404E+01  0  0  0 0.3536E+01 0.0000E+00
   4.730 1.2557 44.457 0.5215 3.4000 0.2894E+01 0.2883E+01 0.2115E-04 0.1428E+00 0.2740E+01 0.2892E+01  0  0  0 0.3012E+01 0.0000E+00
   4.730 1.2024 46.187 0.5287 3.5000 0.2460E+01 0.2459E+01 0.1620E-04 0.1295E+00 0.2330E+01 0.2457E+01  0  0  0 0.2569E+01 0.0000E+00
   4.730 1.4102 37.097 0.4334 2.7000 0.8067E+01 0.8307E+01 0.3043E-03 0.3685E+00 0.7939E+01 0.8066E+01  0  0  0 0.8501E+01 0.0000E+00
   4.730 1.3570 38.567 0.4424 2.8000 0.6793E+01 0.7009E+01 0.2273E-03 0.3248E+00 0.6684E+01 0.6792E+01  0  0  0 0.7172E+01 0.0000E+00
   4.730 1.3037 40.106 0.4510 2.9000 0.5728E+01 0.5924E+01 0.1708E-03 0.2881E+00 0.5635E+01 0.5728E+01  0  0  0 0.6062E+01 0.0000E+00
   4.730 1.2504 41.723 0.4594 3.0000 0.4837E+01 0.5016E+01 0.1290E-03 0.2573E+00 0.4759E+01 0.4836E+01  0  0  0 0.5132E+01 0.0000E+00
   4.730 1.1971 43.427 0.4676 3.1000 0.4087E+01 0.4254E+01 0.9807E-04 0.2315E+00 0.4023E+01 0.4086E+01  0  0  0 0.4351E+01 0.0000E+00
   4.730 1.1438 45.230 0.4755 3.2000 0.3456E+01 0.3613E+01 0.7496E-04 0.2097E+00 0.3403E+01 0.3455E+01  0  0  0 0.3694E+01 0.0000E+00
   4.730 1.0905 47.147 0.4832 3.3000 0.2923E+01 0.3072E+01 0.5764E-04 0.1913E+00 0.2881E+01 0.2922E+01  0  0  0 0.3138E+01 0.0000E+00
   4.730 1.0372 49.195 0.4906 3.4000 0.2473E+01 0.2614E+01 0.4459E-04 0.1759E+00 0.2438E+01 0.2472E+01  0  0  0 0.2669E+01 0.0000E+00
   4.730 0.9839 51.393 0.4979 3.5000 0.2091E+01 0.2227E+01 0.3472E-04 0.1628E+00 0.2064E+01 0.2090E+01  0  0  0 0.2271E+01 0.0000E+00
   4.730 1.1811 40.681 0.4054 2.7000 0.6668E+01 0.7267E+01 0.5576E-03 0.4311E+00 0.6835E+01 0.6668E+01  0  0  0 0.7261E+01 0.0000E+00
   4.730 1.1278 42.476 0.4142 2.8000 0.5600E+01 0.6129E+01 0.4231E-03 0.3861E+00 0.5743E+01 0.5600E+01  0  0  0 0.6121E+01 0.0000E+00
   4.730 1.0745 44.381 0.4228 2.9000 0.4706E+01 0.5178E+01 0.3232E-03 0.3485E+00 0.4829E+01 0.4706E+01  0  0  0 0.5167E+01 0.0000E+00
   4.730 1.0212 46.412 0.4311 3.0000 0.3956E+01 0.4381E+01 0.2485E-03 0.3170E+00 0.4064E+01 0.3956E+01  0  0  0 0.4366E+01 0.0000E+00
   4.730 0.9679 48.589 0.4391 3.1000 0.3325E+01 0.3710E+01 0.1924E-03 0.2907E+00 0.3419E+01 0.3325E+01  0  0  0 0.3693E+01 0.0000E+00
   4.730 0.9147 50.937 0.4469 3.2000 0.2794E+01 0.3146E+01 0.1502E-03 0.2686E+00 0.2877E+01 0.2794E+01  0  0  0 0.3126E+01 0.0000E+00
   4.730 0.8614 53.486 0.4546 3.3000 0.2345E+01 0.2668E+01 0.1182E-03 0.2503E+00 0.2418E+01 0.2345E+01  0  0  0 0.2647E+01 0.0000E+00
   4.730 0.8081 56.274 0.4620 3.4000 0.1965E+01 0.2263E+01 0.9415E-04 0.2350E+00 0.2028E+01 0.1965E+01  0  0  0 0.2242E+01 0.0000E+00
   4.730 0.7548 59.348 0.4692 3.5000 0.1643E+01 0.1919E+01 0.7610E-04 0.2225E+00 0.1697E+01 0.1643E+01  0  0  0 0.1899E+01 0.0000E+00
   4.730 0.9413 45.830 0.3798 2.7000 0.5189E+01 0.6111E+01 0.1010E-02 0.5343E+00 0.5576E+01 0.5189E+01  0  0  0 0.5922E+01 0.0000E+00
   4.730 0.8880 48.188 0.3884 2.8000 0.4327E+01 0.5145E+01 0.7859E-03 0.4879E+00 0.4657E+01 0.4327E+01  0  0  0 0.4975E+01 0.0000E+00
   4.730 0.8347 50.747 0.3967 2.9000 0.3605E+01 0.4336E+01 0.6182E-03 0.4493E+00 0.3887E+01 0.3605E+01  0  0  0 0.4183E+01 0.0000E+00
   4.730 0.7814 53.546 0.4049 3.0000 0.2999E+01 0.3657E+01 0.4933E-03 0.4173E+00 0.3240E+01 0.2999E+01  0  0  0 0.3518E+01 0.0000E+00
   4.730 0.7281 56.636 0.4128 3.1000 0.2490E+01 0.3085E+01 0.4015E-03 0.3909E+00 0.2694E+01 0.2490E+01  0  0  0 0.2959E+01 0.0000E+00
   4.730 0.6748 60.082 0.4205 3.2000 0.2061E+01 0.2603E+01 0.3368E-03 0.3690E+00 0.2234E+01 0.2061E+01  0  0  0 0.2491E+01 0.0000E+00
   4.730 0.6216 63.974 0.4280 3.3000 0.1699E+01 0.2193E+01 0.2963E-03 0.3519E+00 0.1840E+01 0.1699E+01  0  0  0 0.2095E+01 0.0000E+00
   4.730 0.5683 68.436 0.4354 3.4000 0.1394E+01 0.1837E+01 0.2818E-03 0.3351E+00 0.1501E+01 0.1394E+01  0  0  0 0.1761E+01 0.0000E+00
   4.730 0.5150 73.646 0.4425 3.5000 0.1135E+01 0.1520E+01 0.3017E-03 0.3188E+00 0.1201E+01 0.1135E+01  0  0  0 0.1480E+01 0.0000E+00
   4.730 0.6908 54.066 0.3562 2.7000 0.3689E+01 0.4898E+01 0.2112E-02 0.6997E+00 0.4196E+01 0.3689E+01  0  0  0 0.4545E+01 0.0000E+00
   4.730 0.6375 57.605 0.3646 2.8000 0.3023E+01 0.4105E+01 0.1830E-02 0.6522E+00 0.3451E+01 0.3023E+01  0  0  0 0.3792E+01 0.0000E+00
   4.730 0.5843 61.620 0.3728 2.9000 0.2467E+01 0.3434E+01 0.1687E-02 0.6125E+00 0.2820E+01 0.2467E+01  0  0  0 0.3160E+01 0.0000E+00
   4.730 0.5310 66.250 0.3807 3.0000 0.2002E+01 0.2866E+01 0.1702E-02 0.5786E+00 0.2286E+01 0.2002E+01  0  0  0 0.2633E+01 0.0000E+00
   4.730 0.4777 71.701 0.3885 3.1000 0.1611E+01 0.2370E+01 0.1927E-02 0.5461E+00 0.1822E+01 0.1611E+01  0  0  0 0.2192E+01 0.0000E+00
   4.730 0.4244 78.291 0.3961 3.2000 0.1284E+01 0.1892E+01 0.2477E-02 0.5018E+00 0.1388E+01 0.1284E+01  0  0  0 0.1822E+01 0.0000E+00
   4.730 0.3711 86.561 0.4034 3.3000 0.1010E+01 0.1018E+01 0.3428E-02 0.3176E+00 0.6969E+00 0.1010E+01  0  0  0 0.1513E+01 0.0000E+00
   4.730 0.3178 97.521 0.4106 3.4000 0.7791E+00 0.2099E+01 0.4757E-02 0.7720E+00 0.1322E+01 0.7791E+00  0  0  0 0.1253E+01 0.0000E+00
   4.730 0.2645113.495 0.4177 3.5000 0.5855E+00 0.1554E+01 0.7250E-02 0.6603E+00 0.8865E+00 0.5855E+00  0  0  0 0.1033E+01 0.0000E+00
