1.2,2.3,3.5,5.0
   5.890 3.7266 23.034 0.8621 3.5000 0.1372E+01 0.9489E+00 0.1541E+00 0.0000E+00 0.7947E+00 0.1372E+01  0  0  0 0.1166E+01 0.0000E+00
   5.890 3.6733 23.537 0.8654 3.6000 0.1164E+01 0.8056E+00 0.1313E+00 0.0000E+00 0.6744E+00 0.1164E+01  0  0  0 0.9900E+00 0.0000E+00
   5.890 3.6200 24.044 0.8686 3.7000 0.9905E+00 0.6861E+00 0.1122E+00 0.0000E+00 0.5739E+00 0.9905E+00  0  0  0 0.8428E+00 0.0000E+00
   5.890 3.5668 24.556 0.8716 3.8000 0.8450E+00 0.5858E+00 0.9616E-01 0.0000E+00 0.4897E+00 0.8450E+00  0  0  0 0.7195E+00 0.0000E+00
   5.890 3.5135 25.073 0.8745 3.9000 0.7227E+00 0.5016E+00 0.8265E-01 0.0000E+00 0.4189E+00 0.7227E+00  0  0  0 0.6158E+00 0.0000E+00
   5.890 3.4602 25.595 0.8773 4.0000 0.6195E+00 0.4305E+00 0.7123E-01 0.0000E+00 0.3593E+00 0.6195E+00  0  0  0 0.5284E+00 0.0000E+00
   5.890 3.4069 26.124 0.8799 4.1000 0.5323E+00 0.3703E+00 0.6154E-01 0.0000E+00 0.3088E+00 0.5323E+00  0  0  0 0.4544E+00 0.0000E+00
   5.890 3.3536 26.660 0.8824 4.2000 0.4584E+00 0.3193E+00 0.5331E-01 0.0000E+00 0.2660E+00 0.4584E+00  0  0  0 0.3916E+00 0.0000E+00
   5.890 3.3003 27.202 0.8848 4.3000 0.3955E+00 0.2759E+00 0.4628E-01 0.0000E+00 0.2296E+00 0.3955E+00  0  0  0 0.3382E+00 0.0000E+00
   5.890 3.2470 27.753 0.8871 4.4000 0.3419E+00 0.2388E+00 0.4027E-01 0.0000E+00 0.1985E+00 0.3419E+00  0  0  0 0.2927E+00 0.0000E+00
   5.890 3.1937 28.311 0.8894 4.5000 0.2961E+00 0.2071E+00 0.3512E-01 0.0000E+00 0.1720E+00 0.2961E+00  0  0  0 0.2537E+00 0.0000E+00
   5.890 3.1404 28.877 0.8915 4.6000 0.2569E+00 0.1800E+00 0.3069E-01 0.0000E+00 0.1493E+00 0.2569E+00  0  0  0 0.2204E+00 0.0000E+00
   5.890 3.0872 29.453 0.8936 4.7000 0.2232E+00 0.1566E+00 0.2688E-01 0.0000E+00 0.1297E+00 0.2232E+00  0  0  0 0.1917E+00 0.0000E+00
   5.890 3.0339 30.038 0.8956 4.8000 0.1942E+00 0.1365E+00 0.2358E-01 0.0000E+00 0.1129E+00 0.1942E+00  0  0  0 0.1670E+00 0.0000E+00
   5.890 2.9806 30.634 0.8975 4.9000 0.1692E+00 0.1192E+00 0.2073E-01 0.0000E+00 0.9842E-01 0.1692E+00  0  0  0 0.1457E+00 0.0000E+00
   5.890 2.9273 31.240 0.8993 5.0000 0.1477E+00 0.1042E+00 0.1826E-01 0.0000E+00 0.8591E-01 0.1477E+00  0  0  0 0.1273E+00 0.0000E+00
   5.890 3.5934 23.463 0.8121 3.5000 0.1215E+01 0.9906E+00 0.1105E+00 0.0000E+00 0.8801E+00 0.1215E+01  0  0  0 0.1128E+01 0.0000E+00
   5.890 3.5401 23.982 0.8164 3.6000 0.1043E+01 0.8481E+00 0.9427E-01 0.0000E+00 0.7538E+00 0.1043E+01  0  0  0 0.9668E+00 0.0000E+00
   5.890 3.4868 24.506 0.8205 3.7000 0.8971E+00 0.7281E+00 0.8068E-01 0.0000E+00 0.6474E+00 0.8971E+00  0  0  0 0.8310E+00 0.0000E+00
   5.890 3.4335 25.035 0.8244 3.8000 0.7736E+00 0.6267E+00 0.6926E-01 0.0000E+00 0.5574E+00 0.7736E+00  0  0  0 0.7160E+00 0.0000E+00
   5.890 3.3802 25.570 0.8281 3.9000 0.6688E+00 0.5407E+00 0.5962E-01 0.0000E+00 0.4811E+00 0.6688E+00  0  0  0 0.6185E+00 0.0000E+00
   5.890 3.3270 26.112 0.8317 4.0000 0.5794E+00 0.4677E+00 0.5147E-01 0.0000E+00 0.4162E+00 0.5794E+00  0  0  0 0.5355E+00 0.0000E+00
   5.890 3.2737 26.660 0.8351 4.1000 0.5030E+00 0.4053E+00 0.4455E-01 0.0000E+00 0.3608E+00 0.5030E+00  0  0  0 0.4646E+00 0.0000E+00
   5.890 3.2204 27.216 0.8384 4.2000 0.4376E+00 0.3521E+00 0.3865E-01 0.0000E+00 0.3134E+00 0.4376E+00  0  0  0 0.4039E+00 0.0000E+00
   5.890 3.1671 27.780 0.8415 4.3000 0.3814E+00 0.3064E+00 0.3362E-01 0.0000E+00 0.2728E+00 0.3814E+00  0  0  0 0.3519E+00 0.0000E+00
   5.890 3.1138 28.352 0.8446 4.4000 0.3330E+00 0.2671E+00 0.2931E-01 0.0000E+00 0.2378E+00 0.3330E+00  0  0  0 0.3071E+00 0.0000E+00
   5.890 3.0605 28.933 0.8475 4.5000 0.2912E+00 0.2333E+00 0.2561E-01 0.0000E+00 0.2077E+00 0.2912E+00  0  0  0 0.2685E+00 0.0000E+00
   5.890 3.0072 29.524 0.8503 4.6000 0.2551E+00 0.2042E+00 0.2242E-01 0.0000E+00 0.1817E+00 0.2551E+00  0  0  0 0.2351E+00 0.0000E+00
   5.890 2.9539 30.125 0.8530 4.7000 0.2238E+00 0.1789E+00 0.1967E-01 0.0000E+00 0.1592E+00 0.2238E+00  0  0  0 0.2062E+00 0.0000E+00
   5.890 2.9006 30.737 0.8557 4.8000 0.1966E+00 0.1570E+00 0.1730E-01 0.0000E+00 0.1397E+00 0.1966E+00  0  0  0 0.1811E+00 0.0000E+00
   5.890 2.8473 31.360 0.8582 4.9000 0.1730E+00 0.1380E+00 0.1524E-01 0.0000E+00 0.1228E+00 0.1730E+00  0  0  0 0.1593E+00 0.0000E+00
   5.890 2.7941 31.996 0.8606 5.0000 0.1524E+00 0.1214E+00 0.1345E-01 0.0000E+00 0.1080E+00 0.1524E+00  0  0  0 0.1403E+00 0.0000E+00
   5.890 3.4495 23.955 0.7642 3.5000 0.1521E+01 0.1207E+01 0.8654E-01 0.0000E+00 0.1120E+01 0.1521E+01  0  0  0 0.1391E+01 0.0000E+00
   5.890 3.3962 24.492 0.7693 3.6000 0.1313E+01 0.1040E+01 0.7400E-01 0.0000E+00 0.9659E+00 0.1313E+01  0  0  0 0.1200E+01 0.0000E+00
   5.890 3.3430 25.036 0.7741 3.7000 0.1136E+01 0.8985E+00 0.6347E-01 0.0000E+00 0.8350E+00 0.1136E+01  0  0  0 0.1038E+01 0.0000E+00
   5.890 3.2897 25.586 0.7787 3.8000 0.9857E+00 0.7782E+00 0.5461E-01 0.0000E+00 0.7236E+00 0.9857E+00  0  0  0 0.8996E+00 0.0000E+00
   5.890 3.2364 26.142 0.7832 3.9000 0.8568E+00 0.6755E+00 0.4712E-01 0.0000E+00 0.6283E+00 0.8568E+00  0  0  0 0.7816E+00 0.0000E+00
   5.890 3.1831 26.706 0.7875 4.0000 0.7462E+00 0.5875E+00 0.4078E-01 0.0000E+00 0.5468E+00 0.7462E+00  0  0  0 0.6805E+00 0.0000E+00
   5.890 3.1298 27.278 0.7916 4.1000 0.6512E+00 0.5121E+00 0.3538E-01 0.0000E+00 0.4767E+00 0.6512E+00  0  0  0 0.5936E+00 0.0000E+00
   5.890 3.0765 27.858 0.7955 4.2000 0.5692E+00 0.4472E+00 0.3078E-01 0.0000E+00 0.4164E+00 0.5692E+00  0  0  0 0.5187E+00 0.0000E+00
   5.890 3.0232 28.447 0.7993 4.3000 0.4984E+00 0.3912E+00 0.2684E-01 0.0000E+00 0.3643E+00 0.4984E+00  0  0  0 0.4541E+00 0.0000E+00
   5.890 2.9699 29.046 0.8030 4.4000 0.4371E+00 0.3428E+00 0.2346E-01 0.0000E+00 0.3193E+00 0.4371E+00  0  0  0 0.3982E+00 0.0000E+00
   5.890 2.9166 29.654 0.8065 4.5000 0.3839E+00 0.3008E+00 0.2055E-01 0.0000E+00 0.2803E+00 0.3839E+00  0  0  0 0.3498E+00 0.0000E+00
   5.890 2.8633 30.274 0.8099 4.6000 0.3377E+00 0.2644E+00 0.1805E-01 0.0000E+00 0.2464E+00 0.3377E+00  0  0  0 0.3076E+00 0.0000E+00
   5.890 2.8101 30.905 0.8132 4.7000 0.2975E+00 0.2328E+00 0.1588E-01 0.0000E+00 0.2169E+00 0.2975E+00  0  0  0 0.2710E+00 0.0000E+00
   5.890 2.7568 31.549 0.8164 4.8000 0.2623E+00 0.2052E+00 0.1401E-01 0.0000E+00 0.1912E+00 0.2623E+00  0  0  0 0.2390E+00 0.0000E+00
   5.890 2.7035 32.206 0.8194 4.9000 0.2317E+00 0.1811E+00 0.1238E-01 0.0000E+00 0.1687E+00 0.2317E+00  0  0  0 0.2111E+00 0.0000E+00
   5.890 2.6502 32.877 0.8224 5.0000 0.2048E+00 0.1601E+00 0.1096E-01 0.0000E+00 0.1491E+00 0.2048E+00  0  0  0 0.1867E+00 0.0000E+00
   5.890 3.2950 24.518 0.7187 3.5000 0.2819E+01 0.2045E+01 0.7233E-01 0.0000E+00 0.1973E+01 0.2819E+01  0  0  0 0.2460E+01 0.0000E+00
   5.890 3.2417 25.079 0.7244 3.6000 0.2429E+01 0.1763E+01 0.6203E-01 0.0000E+00 0.1701E+01 0.2429E+01  0  0  0 0.2121E+01 0.0000E+00
   5.890 3.1884 25.645 0.7298 3.7000 0.2098E+01 0.1522E+01 0.5337E-01 0.0000E+00 0.1469E+01 0.2098E+01  0  0  0 0.1832E+01 0.0000E+00
   5.890 3.1351 26.220 0.7351 3.8000 0.1816E+01 0.1318E+01 0.4607E-01 0.0000E+00 0.1272E+01 0.1816E+01  0  0  0 0.1586E+01 0.0000E+00
   5.890 3.0818 26.802 0.7401 3.9000 0.1574E+01 0.1143E+01 0.3988E-01 0.0000E+00 0.1103E+01 0.1574E+01  0  0  0 0.1376E+01 0.0000E+00
   5.890 3.0285 27.392 0.7449 4.0000 0.1368E+01 0.9932E+00 0.3462E-01 0.0000E+00 0.9586E+00 0.1368E+01  0  0  0 0.1196E+01 0.0000E+00
   5.890 2.9753 27.991 0.7496 4.1000 0.1190E+01 0.8646E+00 0.3014E-01 0.0000E+00 0.8345E+00 0.1190E+01  0  0  0 0.1041E+01 0.0000E+00
   5.890 2.9220 28.600 0.7541 4.2000 0.1037E+01 0.7539E+00 0.2631E-01 0.0000E+00 0.7276E+00 0.1037E+01  0  0  0 0.9080E+00 0.0000E+00
   5.890 2.8687 29.220 0.7584 4.3000 0.9054E+00 0.6585E+00 0.2302E-01 0.0000E+00 0.6355E+00 0.9054E+00  0  0  0 0.7932E+00 0.0000E+00
   5.890 2.8154 29.850 0.7626 4.4000 0.7915E+00 0.5760E+00 0.2020E-01 0.0000E+00 0.5558E+00 0.7915E+00  0  0  0 0.6939E+00 0.0000E+00
   5.890 2.7621 30.492 0.7666 4.5000 0.6929E+00 0.5046E+00 0.1776E-01 0.0000E+00 0.4869E+00 0.6929E+00  0  0  0 0.6079E+00 0.0000E+00
   5.890 2.7088 31.147 0.7706 4.6000 0.6074E+00 0.4427E+00 0.1566E-01 0.0000E+00 0.4271E+00 0.6074E+00  0  0  0 0.5333E+00 0.0000E+00
   5.890 2.6555 31.815 0.7743 4.7000 0.5331E+00 0.3889E+00 0.1383E-01 0.0000E+00 0.3751E+00 0.5331E+00  0  0  0 0.4685E+00 0.0000E+00
   5.890 2.6022 32.498 0.7780 4.8000 0.4685E+00 0.3421E+00 0.1225E-01 0.0000E+00 0.3298E+00 0.4685E+00  0  0  0 0.4121E+00 0.0000E+00
   5.890 2.5489 33.195 0.7815 4.9000 0.4122E+00 0.3012E+00 0.1087E-01 0.0000E+00 0.2903E+00 0.4122E+00  0  0  0 0.3629E+00 0.0000E+00
   5.890 2.4956 33.909 0.7850 5.0000 0.3631E+00 0.2655E+00 0.9665E-02 0.0000E+00 0.2559E+00 0.3631E+00  0  0  0 0.3200E+00 0.0000E+00
   5.890 3.1298 25.167 0.6757 3.5000 0.2093E+01 0.1780E+01 0.6386E-01 0.0000E+00 0.1716E+01 0.2093E+01  0  0  0 0.1988E+01 0.0000E+00
   5.890 3.0765 25.754 0.6819 3.6000 0.1815E+01 0.1542E+01 0.5498E-01 0.0000E+00 0.1487E+01 0.1815E+01  0  0  0 0.1723E+01 0.0000E+00
   5.890 3.0232 26.349 0.6878 3.7000 0.1577E+01 0.1338E+01 0.4749E-01 0.0000E+00 0.1290E+01 0.1577E+01  0  0  0 0.1496E+01 0.0000E+00
   5.890 2.9699 26.952 0.6935 3.8000 0.1372E+01 0.1163E+01 0.4115E-01 0.0000E+00 0.1122E+01 0.1372E+01  0  0  0 0.1302E+01 0.0000E+00
   5.890 2.9166 27.565 0.6990 3.9000 0.1197E+01 0.1013E+01 0.3577E-01 0.0000E+00 0.9777E+00 0.1197E+01  0  0  0 0.1135E+01 0.0000E+00
   5.890 2.8633 28.187 0.7043 4.0000 0.1045E+01 0.8845E+00 0.3119E-01 0.0000E+00 0.8533E+00 0.1045E+01  0  0  0 0.9912E+00 0.0000E+00
   5.890 2.8101 28.820 0.7094 4.1000 0.9144E+00 0.7734E+00 0.2727E-01 0.0000E+00 0.7461E+00 0.9144E+00  0  0  0 0.8672E+00 0.0000E+00
   5.890 2.7568 29.464 0.7143 4.2000 0.8012E+00 0.6773E+00 0.2391E-01 0.0000E+00 0.6534E+00 0.8012E+00  0  0  0 0.7599E+00 0.0000E+00
   5.890 2.7035 30.120 0.7191 4.3000 0.7031E+00 0.5940E+00 0.2101E-01 0.0000E+00 0.5730E+00 0.7031E+00  0  0  0 0.6669E+00 0.0000E+00
   5.890 2.6502 30.789 0.7237 4.4000 0.6178E+00 0.5218E+00 0.1852E-01 0.0000E+00 0.5033E+00 0.6178E+00  0  0  0 0.5861E+00 0.0000E+00
   5.890 2.5969 31.472 0.7282 4.5000 0.5436E+00 0.4589E+00 0.1637E-01 0.0000E+00 0.4426E+00 0.5436E+00  0  0  0 0.5158E+00 0.0000E+00
   5.890 2.5436 32.169 0.7325 4.6000 0.4788E+00 0.4042E+00 0.1450E-01 0.0000E+00 0.3897E+00 0.4788E+00  0  0  0 0.4545E+00 0.0000E+00
   5.890 2.4903 32.882 0.7367 4.7000 0.4223E+00 0.3564E+00 0.1287E-01 0.0000E+00 0.3436E+00 0.4223E+00  0  0  0 0.4009E+00 0.0000E+00
   5.890 2.4370 33.613 0.7408 4.8000 0.3728E+00 0.3147E+00 0.1146E-01 0.0000E+00 0.3032E+00 0.3728E+00  0  0  0 0.3541E+00 0.0000E+00
   5.890 2.3837 34.361 0.7447 4.9000 0.3295E+00 0.2781E+00 0.1022E-01 0.0000E+00 0.2679E+00 0.3295E+00  0  0  0 0.3131E+00 0.0000E+00
   5.890 2.3304 35.128 0.7485 5.0000 0.2914E+00 0.2460E+00 0.9135E-02 0.0000E+00 0.2369E+00 0.2914E+00  0  0  0 0.2771E+00 0.0000E+00
   5.890 2.9539 25.918 0.6352 3.5000 0.2947E+01 0.2360E+01 0.5922E-01 0.0000E+00 0.2301E+01 0.2947E+01  0  0  0 0.2708E+01 0.0000E+00
   5.890 2.9006 26.537 0.6417 3.6000 0.2557E+01 0.2047E+01 0.5123E-01 0.0000E+00 0.1996E+01 0.2557E+01  0  0  0 0.2350E+01 0.0000E+00
   5.890 2.8473 27.166 0.6480 3.7000 0.2222E+01 0.1779E+01 0.4447E-01 0.0000E+00 0.1734E+01 0.2222E+01  0  0  0 0.2043E+01 0.0000E+00
   5.890 2.7941 27.804 0.6541 3.8000 0.1935E+01 0.1548E+01 0.3873E-01 0.0000E+00 0.1510E+01 0.1935E+01  0  0  0 0.1779E+01 0.0000E+00
   5.890 2.7408 28.453 0.6599 3.9000 0.1687E+01 0.1350E+01 0.3383E-01 0.0000E+00 0.1316E+01 0.1687E+01  0  0  0 0.1552E+01 0.0000E+00
   5.890 2.6875 29.114 0.6656 4.0000 0.1474E+01 0.1179E+01 0.2963E-01 0.0000E+00 0.1150E+01 0.1474E+01  0  0  0 0.1356E+01 0.0000E+00
   5.890 2.6342 29.788 0.6711 4.1000 0.1289E+01 0.1032E+01 0.2604E-01 0.0000E+00 0.1006E+01 0.1289E+01  0  0  0 0.1187E+01 0.0000E+00
   5.890 2.5809 30.474 0.6764 4.2000 0.1129E+01 0.9038E+00 0.2296E-01 0.0000E+00 0.8808E+00 0.1129E+01  0  0  0 0.1040E+01 0.0000E+00
   5.890 2.5276 31.176 0.6815 4.3000 0.9903E+00 0.7928E+00 0.2029E-01 0.0000E+00 0.7725E+00 0.9903E+00  0  0  0 0.9124E+00 0.0000E+00
   5.890 2.4743 31.892 0.6865 4.4000 0.8694E+00 0.6963E+00 0.1799E-01 0.0000E+00 0.6783E+00 0.8694E+00  0  0  0 0.8015E+00 0.0000E+00
   5.890 2.4210 32.625 0.6913 4.5000 0.7642E+00 0.6123E+00 0.1598E-01 0.0000E+00 0.5963E+00 0.7642E+00  0  0  0 0.7049E+00 0.0000E+00
   5.890 2.3677 33.376 0.6959 4.6000 0.6723E+00 0.5389E+00 0.1424E-01 0.0000E+00 0.5247E+00 0.6723E+00  0  0  0 0.6206E+00 0.0000E+00
   5.890 2.3145 34.146 0.7005 4.7000 0.5920E+00 0.4749E+00 0.1273E-01 0.0000E+00 0.4622E+00 0.5920E+00  0  0  0 0.5470E+00 0.0000E+00
   5.890 2.2612 34.936 0.7049 4.8000 0.5217E+00 0.4188E+00 0.1140E-01 0.0000E+00 0.4074E+00 0.5217E+00  0  0  0 0.4825E+00 0.0000E+00
   5.890 2.2079 35.747 0.7091 4.9000 0.4601E+00 0.3697E+00 0.1024E-01 0.0000E+00 0.3595E+00 0.4601E+00  0  0  0 0.4259E+00 0.0000E+00
   5.890 2.1546 36.582 0.7133 5.0000 0.4060E+00 0.3266E+00 0.9215E-02 0.0000E+00 0.3174E+00 0.4060E+00  0  0  0 0.3763E+00 0.0000E+00
   5.890 2.7674 26.793 0.5973 3.5000 0.2407E+01 0.2143E+01 0.5746E-01 0.0000E+00 0.2085E+01 0.2407E+01  0  0  0 0.2342E+01 0.0000E+00
   5.890 2.7141 27.451 0.6041 3.6000 0.2096E+01 0.1865E+01 0.4998E-01 0.0000E+00 0.1815E+01 0.2096E+01  0  0  0 0.2039E+01 0.0000E+00
   5.890 2.6608 28.121 0.6106 3.7000 0.1829E+01 0.1626E+01 0.4363E-01 0.0000E+00 0.1582E+01 0.1829E+01  0  0  0 0.1779E+01 0.0000E+00
   5.890 2.6075 28.802 0.6169 3.8000 0.1599E+01 0.1420E+01 0.3822E-01 0.0000E+00 0.1382E+01 0.1599E+01  0  0  0 0.1555E+01 0.0000E+00
   5.890 2.5543 29.497 0.6230 3.9000 0.1400E+01 0.1243E+01 0.3359E-01 0.0000E+00 0.1209E+01 0.1400E+01  0  0  0 0.1362E+01 0.0000E+00
   5.890 2.5010 30.205 0.6290 4.0000 0.1228E+01 0.1089E+01 0.2961E-01 0.0000E+00 0.1060E+01 0.1228E+01  0  0  0 0.1194E+01 0.0000E+00
   5.890 2.4477 30.929 0.6347 4.1000 0.1078E+01 0.9560E+00 0.2618E-01 0.0000E+00 0.9298E+00 0.1078E+01  0  0  0 0.1049E+01 0.0000E+00
   5.890 2.3944 31.669 0.6403 4.2000 0.9481E+00 0.8404E+00 0.2323E-01 0.0000E+00 0.8172E+00 0.9481E+00  0  0  0 0.9225E+00 0.0000E+00
   5.890 2.3411 32.427 0.6457 4.3000 0.8348E+00 0.7397E+00 0.2066E-01 0.0000E+00 0.7191E+00 0.8348E+00  0  0  0 0.8125E+00 0.0000E+00
   5.890 2.2878 33.203 0.6509 4.4000 0.7359E+00 0.6520E+00 0.1844E-01 0.0000E+00 0.6335E+00 0.7359E+00  0  0  0 0.7165E+00 0.0000E+00
   5.890 2.2345 33.999 0.6560 4.5000 0.6494E+00 0.5753E+00 0.1650E-01 0.0000E+00 0.5588E+00 0.6494E+00  0  0  0 0.6325E+00 0.0000E+00
   5.890 2.1812 34.817 0.6609 4.6000 0.5737E+00 0.5082E+00 0.1480E-01 0.0000E+00 0.4934E+00 0.5737E+00  0  0  0 0.5591E+00 0.0000E+00
   5.890 2.1279 35.659 0.6657 4.7000 0.5073E+00 0.4494E+00 0.1332E-01 0.0000E+00 0.4361E+00 0.5073E+00  0  0  0 0.4946E+00 0.0000E+00
   5.890 2.0747 36.525 0.6704 4.8000 0.4490E+00 0.3977E+00 0.1202E-01 0.0000E+00 0.3857E+00 0.4490E+00  0  0  0 0.4380E+00 0.0000E+00
   5.890 2.0214 37.419 0.6750 4.9000 0.3977E+00 0.3523E+00 0.1087E-01 0.0000E+00 0.3415E+00 0.3977E+00  0  0  0 0.3882E+00 0.0000E+00
   5.890 1.9681 38.341 0.6794 5.0000 0.3525E+00 0.3124E+00 0.9866E-02 0.0000E+00 0.3025E+00 0.3525E+00  0  0  0 0.3443E+00 0.0000E+00
   5.890 2.5703 27.822 0.5618 3.5000 0.2418E+01 0.2183E+01 0.5816E-01 0.0000E+00 0.2125E+01 0.2418E+01  0  0  0 0.2369E+01 0.0000E+00
   5.890 2.5170 28.528 0.5687 3.6000 0.2110E+01 0.1904E+01 0.5092E-01 0.0000E+00 0.1853E+01 0.2110E+01  0  0  0 0.2068E+01 0.0000E+00
   5.890 2.4637 29.248 0.5755 3.7000 0.1845E+01 0.1663E+01 0.4474E-01 0.0000E+00 0.1619E+01 0.1845E+01  0  0  0 0.1808E+01 0.0000E+00
   5.890 2.4104 29.983 0.5820 3.8000 0.1615E+01 0.1456E+01 0.3944E-01 0.0000E+00 0.1416E+01 0.1615E+01  0  0  0 0.1583E+01 0.0000E+00
   5.890 2.3571 30.735 0.5883 3.9000 0.1417E+01 0.1276E+01 0.3489E-01 0.0000E+00 0.1241E+01 0.1417E+01  0  0  0 0.1389E+01 0.0000E+00
   5.890 2.3038 31.503 0.5944 4.0000 0.1244E+01 0.1121E+01 0.3097E-01 0.0000E+00 0.1090E+01 0.1244E+01  0  0  0 0.1220E+01 0.0000E+00
   5.890 2.2505 32.291 0.6003 4.1000 0.1094E+01 0.9855E+00 0.2758E-01 0.0000E+00 0.9580E+00 0.1094E+01  0  0  0 0.1073E+01 0.0000E+00
   5.890 2.1972 33.099 0.6061 4.2000 0.9638E+00 0.8678E+00 0.2464E-01 0.0000E+00 0.8432E+00 0.9638E+00  0  0  0 0.9457E+00 0.0000E+00
   5.890 2.1439 33.928 0.6117 4.3000 0.8497E+00 0.7651E+00 0.2208E-01 0.0000E+00 0.7431E+00 0.8497E+00  0  0  0 0.8342E+00 0.0000E+00
   5.890 2.0906 34.781 0.6171 4.4000 0.7499E+00 0.6754E+00 0.1985E-01 0.0000E+00 0.6555E+00 0.7499E+00  0  0  0 0.7366E+00 0.0000E+00
   5.890 2.0373 35.659 0.6224 4.5000 0.6625E+00 0.5968E+00 0.1790E-01 0.0000E+00 0.5789E+00 0.6625E+00  0  0  0 0.6512E+00 0.0000E+00
   5.890 1.9841 36.565 0.6276 4.6000 0.5858E+00 0.5279E+00 0.1619E-01 0.0000E+00 0.5118E+00 0.5858E+00  0  0  0 0.5763E+00 0.0000E+00
   5.890 1.9308 37.500 0.6326 4.7000 0.5184E+00 0.4674E+00 0.1469E-01 0.0000E+00 0.4527E+00 0.5184E+00  0  0  0 0.5104E+00 0.0000E+00
   5.890 1.8775 38.467 0.6375 4.8000 0.4591E+00 0.4142E+00 0.1336E-01 0.0000E+00 0.4008E+00 0.4591E+00  0  0  0 0.4525E+00 0.0000E+00
   5.890 1.8242 39.468 0.6422 4.9000 0.4068E+00 0.3673E+00 0.1220E-01 0.0000E+00 0.3551E+00 0.4068E+00  0  0  0 0.4014E+00 0.0000E+00
   5.890 1.7709 40.508 0.6469 5.0000 0.3607E+00 0.3259E+00 0.1117E-01 0.0000E+00 0.3148E+00 0.3607E+00  0  0  0 0.3563E+00 0.0000E+00
   5.890 2.3624 29.046 0.5287 3.5000 0.2306E+01 0.2152E+01 0.6120E-01 0.0000E+00 0.2090E+01 0.2306E+01  0  0  0 0.2301E+01 0.0000E+00
   5.890 2.3091 29.813 0.5357 3.6000 0.2018E+01 0.1881E+01 0.5396E-01 0.0000E+00 0.1827E+01 0.2018E+01  0  0  0 0.2013E+01 0.0000E+00
   5.890 2.2558 30.597 0.5425 3.7000 0.1768E+01 0.1648E+01 0.4775E-01 0.0000E+00 0.1600E+01 0.1768E+01  0  0  0 0.1764E+01 0.0000E+00
   5.890 2.2025 31.401 0.5492 3.8000 0.1552E+01 0.1445E+01 0.4241E-01 0.0000E+00 0.1403E+01 0.1552E+01  0  0  0 0.1549E+01 0.0000E+00
   5.890 2.1493 32.225 0.5556 3.9000 0.1364E+01 0.1270E+01 0.3779E-01 0.0000E+00 0.1232E+01 0.1364E+01  0  0  0 0.1361E+01 0.0000E+00
   5.890 2.0960 33.071 0.5618 4.0000 0.1200E+01 0.1117E+01 0.3380E-01 0.0000E+00 0.1083E+01 0.1200E+01  0  0  0 0.1198E+01 0.0000E+00
   5.890 2.0427 33.941 0.5679 4.1000 0.1057E+01 0.9840E+00 0.3034E-01 0.0000E+00 0.9537E+00 0.1057E+01  0  0  0 0.1056E+01 0.0000E+00
   5.890 1.9894 34.837 0.5738 4.2000 0.9321E+00 0.8679E+00 0.2732E-01 0.0000E+00 0.8406E+00 0.9321E+00  0  0  0 0.9317E+00 0.0000E+00
   5.890 1.9361 35.761 0.5795 4.3000 0.8227E+00 0.7663E+00 0.2469E-01 0.0000E+00 0.7416E+00 0.8227E+00  0  0  0 0.8230E+00 0.0000E+00
   5.890 1.8828 36.715 0.5851 4.4000 0.7268E+00 0.6773E+00 0.2238E-01 0.0000E+00 0.6549E+00 0.7268E+00  0  0  0 0.7276E+00 0.0000E+00
   5.890 1.8295 37.702 0.5906 4.5000 0.6425E+00 0.5991E+00 0.2036E-01 0.0000E+00 0.5788E+00 0.6425E+00  0  0  0 0.6439E+00 0.0000E+00
   5.890 1.7762 38.725 0.5959 4.6000 0.5684E+00 0.5305E+00 0.1858E-01 0.0000E+00 0.5119E+00 0.5684E+00  0  0  0 0.5702E+00 0.0000E+00
   5.890 1.7229 39.787 0.6010 4.7000 0.5030E+00 0.4700E+00 0.1702E-01 0.0000E+00 0.4530E+00 0.5030E+00  0  0  0 0.5053E+00 0.0000E+00
   5.890 1.6696 40.891 0.6061 4.8000 0.4454E+00 0.4167E+00 0.1564E-01 0.0000E+00 0.4010E+00 0.4454E+00  0  0  0 0.4481E+00 0.0000E+00
   5.890 1.6164 42.042 0.6110 4.9000 0.3946E+00 0.3696E+00 0.1442E-01 0.0000E+00 0.3552E+00 0.3946E+00  0  0  0 0.3976E+00 0.0000E+00
   5.890 1.5631 43.243 0.6158 5.0000 0.3496E+00 0.3280E+00 0.1335E-01 0.0000E+00 0.3147E+00 0.3496E+00  0  0  0 0.3529E+00 0.0000E+00
   5.890 2.1439 30.524 0.4979 3.5000 0.2135E+01 0.2062E+01 0.6677E-01 0.0000E+00 0.1995E+01 0.2135E+01  0  0  0 0.2171E+01 0.0000E+00
   5.890 2.0906 31.370 0.5049 3.6000 0.1872E+01 0.1807E+01 0.5933E-01 0.0000E+00 0.1748E+01 0.1872E+01  0  0  0 0.1903E+01 0.0000E+00
   5.890 2.0373 32.239 0.5118 3.7000 0.1644E+01 0.1586E+01 0.5292E-01 0.0000E+00 0.1533E+01 0.1644E+01  0  0  0 0.1672E+01 0.0000E+00
   5.890 1.9841 33.132 0.5184 3.8000 0.1445E+01 0.1394E+01 0.4738E-01 0.0000E+00 0.1346E+01 0.1445E+01  0  0  0 0.1470E+01 0.0000E+00
   5.890 1.9308 34.052 0.5249 3.9000 0.1271E+01 0.1227E+01 0.4258E-01 0.0000E+00 0.1184E+01 0.1271E+01  0  0  0 0.1294E+01 0.0000E+00
   5.890 1.8775 35.001 0.5312 4.0000 0.1120E+01 0.1081E+01 0.3842E-01 0.0000E+00 0.1042E+01 0.1120E+01  0  0  0 0.1141E+01 0.0000E+00
   5.890 1.8242 35.982 0.5374 4.1000 0.9874E+00 0.9533E+00 0.3478E-01 0.0000E+00 0.9185E+00 0.9874E+00  0  0  0 0.1007E+01 0.0000E+00
   5.890 1.7709 36.997 0.5434 4.2000 0.8712E+00 0.8417E+00 0.3161E-01 0.0000E+00 0.8101E+00 0.8712E+00  0  0  0 0.8890E+00 0.0000E+00
   5.890 1.7176 38.049 0.5492 4.3000 0.7692E+00 0.7439E+00 0.2884E-01 0.0000E+00 0.7150E+00 0.7692E+00  0  0  0 0.7858E+00 0.0000E+00
   5.890 1.6643 39.143 0.5549 4.4000 0.6795E+00 0.6579E+00 0.2641E-01 0.0000E+00 0.6315E+00 0.6795E+00  0  0  0 0.6951E+00 0.0000E+00
   5.890 1.6110 40.281 0.5604 4.5000 0.6005E+00 0.5823E+00 0.2427E-01 0.0000E+00 0.5580E+00 0.6005E+00  0  0  0 0.6152E+00 0.0000E+00
   5.890 1.5577 41.468 0.5658 4.6000 0.5308E+00 0.5157E+00 0.2239E-01 0.0000E+00 0.4933E+00 0.5308E+00  0  0  0 0.5448E+00 0.0000E+00
   5.890 1.5045 42.710 0.5711 4.7000 0.4693E+00 0.4569E+00 0.2074E-01 0.0000E+00 0.4362E+00 0.4693E+00  0  0  0 0.4827E+00 0.0000E+00
   5.890 1.4512 44.011 0.5763 4.8000 0.4150E+00 0.4050E+00 0.1928E-01 0.0000E+00 0.3857E+00 0.4150E+00  0  0  0 0.4277E+00 0.0000E+00
   5.890 1.3979 45.377 0.5813 4.9000 0.3669E+00 0.3591E+00 0.1801E-01 0.0000E+00 0.3411E+00 0.3669E+00  0  0  0 0.3792E+00 0.0000E+00
   5.890 1.3446 46.817 0.5862 5.0000 0.3243E+00 0.3184E+00 0.1688E-01 0.0000E+00 0.3015E+00 0.3243E+00  0  0  0 0.3361E+00 0.0000E+00
   5.890 1.9148 32.346 0.4692 3.5000 0.1942E+01 0.1943E+01 0.7545E-01 0.0000E+00 0.1867E+01 0.1942E+01  0  0  0 0.2013E+01 0.0000E+00
   5.890 1.8615 33.298 0.4762 3.6000 0.1704E+01 0.1705E+01 0.6763E-01 0.0000E+00 0.1637E+01 0.1704E+01  0  0  0 0.1767E+01 0.0000E+00
   5.890 1.8082 34.280 0.4830 3.7000 0.1497E+01 0.1498E+01 0.6086E-01 0.0000E+00 0.1437E+01 0.1497E+01  0  0  0 0.1554E+01 0.0000E+00
   5.890 1.7549 35.295 0.4897 3.8000 0.1316E+01 0.1318E+01 0.5500E-01 0.0000E+00 0.1263E+01 0.1316E+01  0  0  0 0.1367E+01 0.0000E+00
   5.890 1.7016 36.347 0.4962 3.9000 0.1158E+01 0.1161E+01 0.4991E-01 0.0000E+00 0.1111E+01 0.1158E+01  0  0  0 0.1204E+01 0.0000E+00
   5.890 1.6483 37.439 0.5025 4.0000 0.1020E+01 0.1024E+01 0.4548E-01 0.0000E+00 0.9780E+00 0.1020E+01  0  0  0 0.1062E+01 0.0000E+00
   5.890 1.5950 38.575 0.5087 4.1000 0.8989E+00 0.9032E+00 0.4161E-01 0.0000E+00 0.8616E+00 0.8989E+00  0  0  0 0.9371E+00 0.0000E+00
   5.890 1.5418 39.759 0.5147 4.2000 0.7924E+00 0.7977E+00 0.3824E-01 0.0000E+00 0.7595E+00 0.7924E+00  0  0  0 0.8275E+00 0.0000E+00
   5.890 1.4885 40.995 0.5206 4.3000 0.6987E+00 0.7050E+00 0.3527E-01 0.0000E+00 0.6697E+00 0.6987E+00  0  0  0 0.7311E+00 0.0000E+00
   5.890 1.4352 42.290 0.5263 4.4000 0.6162E+00 0.6234E+00 0.3267E-01 0.0000E+00 0.5907E+00 0.6162E+00  0  0  0 0.6462E+00 0.0000E+00
   5.890 1.3819 43.650 0.5319 4.5000 0.5434E+00 0.5515E+00 0.3042E-01 0.0000E+00 0.5211E+00 0.5434E+00  0  0  0 0.5714E+00 0.0000E+00
   5.890 1.3286 45.083 0.5374 4.6000 0.4791E+00 0.4881E+00 0.2843E-01 0.0000E+00 0.4596E+00 0.4791E+00  0  0  0 0.5053E+00 0.0000E+00
   5.890 1.2753 46.595 0.5427 4.7000 0.4224E+00 0.4320E+00 0.2669E-01 0.0000E+00 0.4053E+00 0.4224E+00  0  0  0 0.4470E+00 0.0000E+00
   5.890 1.2220 48.198 0.5480 4.8000 0.3721E+00 0.3825E+00 0.2517E-01 0.0000E+00 0.3573E+00 0.3721E+00  0  0  0 0.3953E+00 0.0000E+00
   5.890 1.1687 49.902 0.5531 4.9000 0.3276E+00 0.3386E+00 0.2386E-01 0.0000E+00 0.3147E+00 0.3276E+00  0  0  0 0.3495E+00 0.0000E+00
   5.890 1.1154 51.722 0.5581 5.0000 0.2882E+00 0.2997E+00 0.2274E-01 0.0000E+00 0.2769E+00 0.2882E+00  0  0  0 0.3090E+00 0.0000E+00
   5.890 1.6750 34.652 0.4425 3.5000 0.1716E+01 0.1790E+01 0.8839E-01 0.0000E+00 0.1702E+01 0.1716E+01  0  0  0 0.1821E+01 0.0000E+00
   5.890 1.6217 35.752 0.4495 3.6000 0.1505E+01 0.1572E+01 0.8005E-01 0.0000E+00 0.1492E+01 0.1505E+01  0  0  0 0.1599E+01 0.0000E+00
   5.890 1.5684 36.895 0.4562 3.7000 0.1321E+01 0.1382E+01 0.7279E-01 0.0000E+00 0.1309E+01 0.1321E+01  0  0  0 0.1405E+01 0.0000E+00
   5.890 1.5151 38.086 0.4629 3.8000 0.1160E+01 0.1216E+01 0.6654E-01 0.0000E+00 0.1149E+01 0.1160E+01  0  0  0 0.1236E+01 0.0000E+00
   5.890 1.4618 39.329 0.4693 3.9000 0.1019E+01 0.1071E+01 0.6106E-01 0.0000E+00 0.1010E+01 0.1019E+01  0  0  0 0.1088E+01 0.0000E+00
   5.890 1.4085 40.630 0.4756 4.0000 0.8958E+00 0.9441E+00 0.5629E-01 0.0000E+00 0.8878E+00 0.8958E+00  0  0  0 0.9588E+00 0.0000E+00
   5.890 1.3552 41.997 0.4818 4.1000 0.7874E+00 0.8327E+00 0.5213E-01 0.0000E+00 0.7806E+00 0.7874E+00  0  0  0 0.8450E+00 0.0000E+00
   5.890 1.3019 43.435 0.4878 4.2000 0.6921E+00 0.7349E+00 0.4851E-01 0.0000E+00 0.6864E+00 0.6921E+00  0  0  0 0.7450E+00 0.0000E+00
   5.890 1.2487 44.955 0.4937 4.3000 0.6081E+00 0.6489E+00 0.4536E-01 0.0000E+00 0.6035E+00 0.6081E+00  0  0  0 0.6569E+00 0.0000E+00
   5.890 1.1954 46.565 0.4995 4.4000 0.5341E+00 0.5731E+00 0.4263E-01 0.0000E+00 0.5305E+00 0.5341E+00  0  0  0 0.5794E+00 0.0000E+00
   5.890 1.1421 48.278 0.5051 4.5000 0.4688E+00 0.5063E+00 0.4028E-01 0.0000E+00 0.4660E+00 0.4688E+00  0  0  0 0.5109E+00 0.0000E+00
   5.890 1.0888 50.107 0.5106 4.6000 0.4112E+00 0.4473E+00 0.3826E-01 0.0000E+00 0.4091E+00 0.4112E+00  0  0  0 0.4505E+00 0.0000E+00
   5.890 1.0355 52.070 0.5159 4.7000 0.3602E+00 0.3952E+00 0.3655E-01 0.0000E+00 0.3586E+00 0.3602E+00  0  0  0 0.3970E+00 0.0000E+00
   5.890 0.9822 54.186 0.5212 4.8000 0.3150E+00 0.3490E+00 0.3513E-01 0.0000E+00 0.3139E+00 0.3150E+00  0  0  0 0.3498E+00 0.0000E+00
   5.890 0.9289 56.481 0.5263 4.9000 0.2751E+00 0.3082E+00 0.3397E-01 0.0000E+00 0.2742E+00 0.2751E+00  0  0  0 0.3079E+00 0.0000E+00
   5.890 0.8756 58.985 0.5314 5.0000 0.2396E+00 0.2719E+00 0.3307E-01 0.0000E+00 0.2388E+00 0.2396E+00  0  0  0 0.2709E+00 0.0000E+00
