1.2,2.3,3.5,5.0
   5.890 3.7266 23.034 0.8621 3.5000 0.1142E+02 0.8808E+01 0.3085E-08 0.2292E+01 0.6516E+01 0.9077E+01  0  0  0 0.1025E+02 0.0000E+00
   5.890 3.6733 23.537 0.8654 3.6000 0.9809E+01 0.7564E+01 0.2293E-08 0.1926E+01 0.5638E+01 0.7843E+01  0  0  0 0.8804E+01 0.0000E+00
   5.890 3.6200 24.044 0.8686 3.7000 0.8452E+01 0.6517E+01 0.1719E-08 0.1623E+01 0.4894E+01 0.6796E+01  0  0  0 0.7586E+01 0.0000E+00
   5.890 3.5668 24.556 0.8716 3.8000 0.7304E+01 0.5632E+01 0.1298E-08 0.1372E+01 0.4260E+01 0.5905E+01  0  0  0 0.6557E+01 0.0000E+00
   5.890 3.5135 25.073 0.8745 3.9000 0.6330E+01 0.4880E+01 0.9877E-09 0.1163E+01 0.3717E+01 0.5145E+01  0  0  0 0.5684E+01 0.0000E+00
   5.890 3.4602 25.595 0.8773 4.0000 0.5500E+01 0.4241E+01 0.7568E-09 0.9887E+00 0.3252E+01 0.4495E+01  0  0  0 0.4940E+01 0.0000E+00
   5.890 3.4069 26.124 0.8799 4.1000 0.4792E+01 0.3695E+01 0.5838E-09 0.8427E+00 0.2852E+01 0.3936E+01  0  0  0 0.4305E+01 0.0000E+00
   5.890 3.3536 26.660 0.8824 4.2000 0.4185E+01 0.3228E+01 0.4533E-09 0.7200E+00 0.2507E+01 0.3454E+01  0  0  0 0.3761E+01 0.0000E+00
   5.890 3.3003 27.202 0.8848 4.3000 0.3663E+01 0.2826E+01 0.3542E-09 0.6167E+00 0.2209E+01 0.3039E+01  0  0  0 0.3293E+01 0.0000E+00
   5.890 3.2470 27.753 0.8871 4.4000 0.3213E+01 0.2480E+01 0.2783E-09 0.5295E+00 0.1951E+01 0.2679E+01  0  0  0 0.2890E+01 0.0000E+00
   5.890 3.1937 28.311 0.8894 4.5000 0.2825E+01 0.2181E+01 0.2200E-09 0.4556E+00 0.1726E+01 0.2366E+01  0  0  0 0.2542E+01 0.0000E+00
   5.890 3.1404 28.877 0.8915 4.6000 0.2489E+01 0.1923E+01 0.1748E-09 0.3929E+00 0.1530E+01 0.2094E+01  0  0  0 0.2241E+01 0.0000E+00
   5.890 3.0872 29.453 0.8936 4.7000 0.2197E+01 0.1698E+01 0.1396E-09 0.3395E+00 0.1359E+01 0.1856E+01  0  0  0 0.1979E+01 0.0000E+00
   5.890 3.0339 30.038 0.8956 4.8000 0.1943E+01 0.1503E+01 0.1121E-09 0.2940E+00 0.1209E+01 0.1649E+01  0  0  0 0.1752E+01 0.0000E+00
   5.890 2.9806 30.634 0.8975 4.9000 0.1722E+01 0.1333E+01 0.9038E-10 0.2550E+00 0.1078E+01 0.1467E+01  0  0  0 0.1553E+01 0.0000E+00
   5.890 2.9273 31.240 0.8993 5.0000 0.1528E+01 0.1184E+01 0.7324E-10 0.2217E+00 0.9619E+00 0.1308E+01  0  0  0 0.1379E+01 0.0000E+00
   5.890 3.5934 23.463 0.8121 3.5000 0.1361E+02 0.1061E+02 0.1402E-07 0.1802E+01 0.8810E+01 0.1198E+02  0  0  0 0.1228E+02 0.0000E+00
   5.890 3.5401 23.982 0.8164 3.6000 0.1171E+02 0.9123E+01 0.1037E-07 0.1522E+01 0.7601E+01 0.1033E+02  0  0  0 0.1056E+02 0.0000E+00
   5.890 3.4868 24.506 0.8205 3.7000 0.1010E+02 0.7867E+01 0.7724E-08 0.1290E+01 0.6577E+01 0.8926E+01  0  0  0 0.9113E+01 0.0000E+00
   5.890 3.4335 25.035 0.8244 3.8000 0.8732E+01 0.6803E+01 0.5796E-08 0.1096E+01 0.5707E+01 0.7737E+01  0  0  0 0.7883E+01 0.0000E+00
   5.890 3.3802 25.570 0.8281 3.9000 0.7573E+01 0.5899E+01 0.4381E-08 0.9339E+00 0.4965E+01 0.6724E+01  0  0  0 0.6837E+01 0.0000E+00
   5.890 3.3270 26.112 0.8317 4.0000 0.6583E+01 0.5128E+01 0.3333E-08 0.7978E+00 0.4330E+01 0.5859E+01  0  0  0 0.5945E+01 0.0000E+00
   5.890 3.2737 26.660 0.8351 4.1000 0.5737E+01 0.4469E+01 0.2553E-08 0.6832E+00 0.3786E+01 0.5117E+01  0  0  0 0.5181E+01 0.0000E+00
   5.890 3.2204 27.216 0.8384 4.2000 0.5011E+01 0.3904E+01 0.1967E-08 0.5865E+00 0.3317E+01 0.4479E+01  0  0  0 0.4527E+01 0.0000E+00
   5.890 3.1671 27.780 0.8415 4.3000 0.4387E+01 0.3418E+01 0.1525E-08 0.5046E+00 0.2913E+01 0.3929E+01  0  0  0 0.3964E+01 0.0000E+00
   5.890 3.1138 28.352 0.8446 4.4000 0.3848E+01 0.2999E+01 0.1189E-08 0.4351E+00 0.2564E+01 0.3454E+01  0  0  0 0.3478E+01 0.0000E+00
   5.890 3.0605 28.933 0.8475 4.5000 0.3382E+01 0.2636E+01 0.9320E-09 0.3759E+00 0.2260E+01 0.3042E+01  0  0  0 0.3059E+01 0.0000E+00
   5.890 3.0072 29.524 0.8503 4.6000 0.2979E+01 0.2324E+01 0.7345E-09 0.3255E+00 0.1999E+01 0.2685E+01  0  0  0 0.2696E+01 0.0000E+00
   5.890 2.9539 30.125 0.8530 4.7000 0.2628E+01 0.2053E+01 0.5819E-09 0.2824E+00 0.1771E+01 0.2374E+01  0  0  0 0.2381E+01 0.0000E+00
   5.890 2.9006 30.737 0.8557 4.8000 0.2323E+01 0.1817E+01 0.4632E-09 0.2455E+00 0.1572E+01 0.2103E+01  0  0  0 0.2107E+01 0.0000E+00
   5.890 2.8473 31.360 0.8582 4.9000 0.2057E+01 0.1611E+01 0.3704E-09 0.2138E+00 0.1398E+01 0.1866E+01  0  0  0 0.1868E+01 0.0000E+00
   5.890 2.7941 31.996 0.8606 5.0000 0.1762E+01 0.1398E+01 0.2976E-09 0.1865E+00 0.1212E+01 0.1596E+01  0  0  0 0.1612E+01 0.0000E+00
   5.890 3.4495 23.955 0.7642 3.5000 0.1586E+02 0.1256E+02 0.5747E-07 0.1374E+01 0.1118E+02 0.1479E+02  0  0  0 0.1444E+02 0.0000E+00
   5.890 3.3962 24.492 0.7693 3.6000 0.1366E+02 0.1081E+02 0.4245E-07 0.1169E+01 0.9637E+01 0.1274E+02  0  0  0 0.1243E+02 0.0000E+00
   5.890 3.3430 25.036 0.7741 3.7000 0.1179E+02 0.9322E+01 0.3157E-07 0.9962E+00 0.8326E+01 0.1101E+02  0  0  0 0.1072E+02 0.0000E+00
   5.890 3.2897 25.586 0.7787 3.8000 0.1020E+02 0.8067E+01 0.2364E-07 0.8514E+00 0.7215E+01 0.9533E+01  0  0  0 0.9282E+01 0.0000E+00
   5.890 3.2364 26.142 0.7832 3.9000 0.8852E+01 0.7004E+01 0.1782E-07 0.7296E+00 0.6275E+01 0.8277E+01  0  0  0 0.8059E+01 0.0000E+00
   5.890 3.1831 26.706 0.7875 4.0000 0.7493E+01 0.5990E+01 0.1351E-07 0.6266E+00 0.5364E+01 0.6998E+01  0  0  0 0.6863E+01 0.0000E+00
   5.890 3.1298 27.278 0.7916 4.1000 0.6547E+01 0.5234E+01 0.1031E-07 0.5395E+00 0.4695E+01 0.6121E+01  0  0  0 0.5998E+01 0.0000E+00
   5.890 3.0765 27.858 0.7955 4.2000 0.5732E+01 0.4583E+01 0.7914E-08 0.4655E+00 0.4118E+01 0.5364E+01  0  0  0 0.5253E+01 0.0000E+00
   5.890 3.0232 28.447 0.7993 4.3000 0.5029E+01 0.4022E+01 0.6109E-08 0.4025E+00 0.3619E+01 0.4711E+01  0  0  0 0.4610E+01 0.0000E+00
   5.890 2.9699 29.046 0.8030 4.4000 0.4421E+01 0.3536E+01 0.4740E-08 0.3488E+00 0.3187E+01 0.4145E+01  0  0  0 0.4054E+01 0.0000E+00
   5.890 2.9166 29.654 0.8065 4.5000 0.3893E+01 0.3115E+01 0.3698E-08 0.3028E+00 0.2812E+01 0.3654E+01  0  0  0 0.3572E+01 0.0000E+00
   5.890 2.8633 30.274 0.8099 4.6000 0.3435E+01 0.2749E+01 0.2899E-08 0.2634E+00 0.2486E+01 0.3227E+01  0  0  0 0.3153E+01 0.0000E+00
   5.890 2.8101 30.905 0.8132 4.7000 0.3035E+01 0.2431E+01 0.2284E-08 0.2296E+00 0.2201E+01 0.2854E+01  0  0  0 0.2788E+01 0.0000E+00
   5.890 2.7568 31.549 0.8164 4.8000 0.2687E+01 0.2153E+01 0.1808E-08 0.2005E+00 0.1953E+01 0.2529E+01  0  0  0 0.2470E+01 0.0000E+00
   5.890 2.7035 32.206 0.8194 4.9000 0.2382E+01 0.1910E+01 0.1438E-08 0.1754E+00 0.1735E+01 0.2244E+01  0  0  0 0.2191E+01 0.0000E+00
   5.890 2.6502 32.877 0.8224 5.0000 0.2115E+01 0.1697E+01 0.1148E-08 0.1537E+00 0.1543E+01 0.1994E+01  0  0  0 0.1947E+01 0.0000E+00
   5.890 3.2950 24.518 0.7187 3.5000 0.1798E+02 0.1452E+02 0.2100E-06 0.1038E+01 0.1348E+02 0.1732E+02  0  0  0 0.1654E+02 0.0000E+00
   5.890 3.2417 25.079 0.7244 3.6000 0.1527E+02 0.1240E+02 0.1556E-06 0.8876E+00 0.1151E+02 0.1469E+02  0  0  0 0.1409E+02 0.0000E+00
   5.890 3.1884 25.645 0.7298 3.7000 0.1322E+02 0.1073E+02 0.1160E-06 0.7613E+00 0.9970E+01 0.1272E+02  0  0  0 0.1220E+02 0.0000E+00
   5.890 3.1351 26.220 0.7351 3.8000 0.1147E+02 0.9312E+01 0.8700E-07 0.6546E+00 0.8658E+01 0.1104E+02  0  0  0 0.1059E+02 0.0000E+00
   5.890 3.0818 26.802 0.7401 3.9000 0.9976E+01 0.8099E+01 0.6564E-07 0.5642E+00 0.7535E+01 0.9606E+01  0  0  0 0.9211E+01 0.0000E+00
   5.890 3.0285 27.392 0.7449 4.0000 0.8696E+01 0.7060E+01 0.4981E-07 0.4874E+00 0.6573E+01 0.8376E+01  0  0  0 0.8032E+01 0.0000E+00
   5.890 2.9753 27.991 0.7496 4.1000 0.7597E+01 0.6169E+01 0.3800E-07 0.4219E+00 0.5747E+01 0.7318E+01  0  0  0 0.7019E+01 0.0000E+00
   5.890 2.9220 28.600 0.7541 4.2000 0.6650E+01 0.5401E+01 0.2915E-07 0.3661E+00 0.5035E+01 0.6408E+01  0  0  0 0.6146E+01 0.0000E+00
   5.890 2.8687 29.220 0.7584 4.3000 0.5832E+01 0.4739E+01 0.2247E-07 0.3183E+00 0.4420E+01 0.5621E+01  0  0  0 0.5393E+01 0.0000E+00
   5.890 2.8154 29.850 0.7626 4.4000 0.5124E+01 0.4165E+01 0.1742E-07 0.2773E+00 0.3888E+01 0.4940E+01  0  0  0 0.4741E+01 0.0000E+00
   5.890 2.7621 30.492 0.7666 4.5000 0.4510E+01 0.3668E+01 0.1356E-07 0.2421E+00 0.3426E+01 0.4350E+01  0  0  0 0.4176E+01 0.0000E+00
   5.890 2.7088 31.147 0.7706 4.6000 0.3977E+01 0.3236E+01 0.1061E-07 0.2117E+00 0.3025E+01 0.3836E+01  0  0  0 0.3684E+01 0.0000E+00
   5.890 2.6555 31.815 0.7743 4.7000 0.3512E+01 0.2860E+01 0.8335E-08 0.1855E+00 0.2674E+01 0.3389E+01  0  0  0 0.3256E+01 0.0000E+00
   5.890 2.6022 32.498 0.7780 4.8000 0.3106E+01 0.2531E+01 0.6579E-08 0.1629E+00 0.2369E+01 0.2999E+01  0  0  0 0.2882E+01 0.0000E+00
   5.890 2.5489 33.195 0.7815 4.9000 0.2752E+01 0.2244E+01 0.5215E-08 0.1433E+00 0.2101E+01 0.2657E+01  0  0  0 0.2555E+01 0.0000E+00
   5.890 2.4956 33.909 0.7850 5.0000 0.2441E+01 0.1992E+01 0.4150E-08 0.1262E+00 0.1866E+01 0.2358E+01  0  0  0 0.2268E+01 0.0000E+00
   5.890 3.1298 25.167 0.6757 3.5000 0.1968E+02 0.1631E+02 0.6800E-06 0.7926E+00 0.1552E+02 0.1929E+02  0  0  0 0.1836E+02 0.0000E+00
   5.890 3.0765 25.754 0.6819 3.6000 0.1701E+02 0.1409E+02 0.5074E-06 0.6821E+00 0.1341E+02 0.1667E+02  0  0  0 0.1587E+02 0.0000E+00
   5.890 3.0232 26.349 0.6878 3.7000 0.1474E+02 0.1221E+02 0.3806E-06 0.5885E+00 0.1162E+02 0.1444E+02  0  0  0 0.1375E+02 0.0000E+00
   5.890 2.9699 26.952 0.6935 3.8000 0.1280E+02 0.1060E+02 0.2869E-06 0.5089E+00 0.1009E+02 0.1254E+02  0  0  0 0.1194E+02 0.0000E+00
   5.890 2.9166 27.565 0.6990 3.9000 0.1114E+02 0.9223E+01 0.2175E-06 0.4412E+00 0.8782E+01 0.1091E+02  0  0  0 0.1040E+02 0.0000E+00
   5.890 2.8633 28.187 0.7043 4.0000 0.9714E+01 0.8046E+01 0.1656E-06 0.3833E+00 0.7662E+01 0.9515E+01  0  0  0 0.9070E+01 0.0000E+00
   5.890 2.8101 28.820 0.7094 4.1000 0.8489E+01 0.7034E+01 0.1268E-06 0.3338E+00 0.6700E+01 0.8315E+01  0  0  0 0.7930E+01 0.0000E+00
   5.890 2.7568 29.464 0.7143 4.2000 0.7433E+01 0.6160E+01 0.9748E-07 0.2913E+00 0.5869E+01 0.7280E+01  0  0  0 0.6947E+01 0.0000E+00
   5.890 2.7035 30.120 0.7191 4.3000 0.6520E+01 0.5405E+01 0.7531E-07 0.2548E+00 0.5150E+01 0.6386E+01  0  0  0 0.6096E+01 0.0000E+00
   5.890 2.6502 30.789 0.7237 4.4000 0.5729E+01 0.4752E+01 0.5844E-07 0.2233E+00 0.4529E+01 0.5612E+01  0  0  0 0.5360E+01 0.0000E+00
   5.890 2.5969 31.472 0.7282 4.5000 0.5043E+01 0.4186E+01 0.4555E-07 0.1961E+00 0.3990E+01 0.4940E+01  0  0  0 0.4722E+01 0.0000E+00
   5.890 2.5436 32.169 0.7325 4.6000 0.4447E+01 0.3693E+01 0.3565E-07 0.1725E+00 0.3520E+01 0.4356E+01  0  0  0 0.4166E+01 0.0000E+00
   5.890 2.4903 32.882 0.7367 4.7000 0.3926E+01 0.3263E+01 0.2802E-07 0.1521E+00 0.3111E+01 0.3846E+01  0  0  0 0.3682E+01 0.0000E+00
   5.890 2.4370 33.613 0.7408 4.8000 0.3472E+01 0.2888E+01 0.2211E-07 0.1344E+00 0.2754E+01 0.3402E+01  0  0  0 0.3258E+01 0.0000E+00
   5.890 2.3837 34.361 0.7447 4.9000 0.3074E+01 0.2561E+01 0.1752E-07 0.1190E+00 0.2442E+01 0.3012E+01  0  0  0 0.2888E+01 0.0000E+00
   5.890 2.3304 35.128 0.7485 5.0000 0.2705E+01 0.2262E+01 0.1393E-07 0.1055E+00 0.2157E+01 0.2650E+01  0  0  0 0.2548E+01 0.0000E+00
   5.890 2.9539 25.918 0.6352 3.5000 0.2113E+02 0.1791E+02 0.1951E-05 0.6257E+00 0.1729E+02 0.2091E+02  0  0  0 0.1995E+02 0.0000E+00
   5.890 2.9006 26.537 0.6417 3.6000 0.1829E+02 0.1549E+02 0.1470E-05 0.5415E+00 0.1495E+02 0.1809E+02  0  0  0 0.1727E+02 0.0000E+00
   5.890 2.8473 27.166 0.6480 3.7000 0.1586E+02 0.1344E+02 0.1113E-05 0.4698E+00 0.1297E+02 0.1569E+02  0  0  0 0.1498E+02 0.0000E+00
   5.890 2.7941 27.804 0.6541 3.8000 0.1379E+02 0.1169E+02 0.8460E-06 0.4087E+00 0.1128E+02 0.1364E+02  0  0  0 0.1303E+02 0.0000E+00
   5.890 2.7408 28.453 0.6599 3.9000 0.1202E+02 0.1018E+02 0.6459E-06 0.3564E+00 0.9825E+01 0.1188E+02  0  0  0 0.1136E+02 0.0000E+00
   5.890 2.6875 29.114 0.6656 4.0000 0.1049E+02 0.8890E+01 0.4953E-06 0.3115E+00 0.8578E+01 0.1037E+02  0  0  0 0.9918E+01 0.0000E+00
   5.890 2.6342 29.788 0.6711 4.1000 0.9175E+01 0.7779E+01 0.3813E-06 0.2729E+00 0.7506E+01 0.9071E+01  0  0  0 0.8680E+01 0.0000E+00
   5.890 2.5809 30.474 0.6764 4.2000 0.8039E+01 0.6819E+01 0.2948E-06 0.2397E+00 0.6579E+01 0.7947E+01  0  0  0 0.7610E+01 0.0000E+00
   5.890 2.5276 31.176 0.6815 4.3000 0.7056E+01 0.5989E+01 0.2288E-06 0.2110E+00 0.5778E+01 0.6975E+01  0  0  0 0.6684E+01 0.0000E+00
   5.890 2.4743 31.892 0.6865 4.4000 0.6179E+01 0.5256E+01 0.1783E-06 0.1862E+00 0.5070E+01 0.6108E+01  0  0  0 0.5863E+01 0.0000E+00
   5.890 2.4210 32.625 0.6913 4.5000 0.5445E+01 0.4635E+01 0.1395E-06 0.1646E+00 0.4470E+01 0.5381E+01  0  0  0 0.5170E+01 0.0000E+00
   5.890 2.3677 33.376 0.6959 4.6000 0.4804E+01 0.4093E+01 0.1095E-06 0.1459E+00 0.3947E+01 0.4748E+01  0  0  0 0.4566E+01 0.0000E+00
   5.890 2.3145 34.146 0.7005 4.7000 0.4245E+01 0.3619E+01 0.8629E-07 0.1295E+00 0.3489E+01 0.4195E+01  0  0  0 0.4037E+01 0.0000E+00
   5.890 2.2612 34.936 0.7049 4.8000 0.3756E+01 0.3205E+01 0.6825E-07 0.1153E+00 0.3090E+01 0.3712E+01  0  0  0 0.3576E+01 0.0000E+00
   5.890 2.2079 35.747 0.7091 4.9000 0.3327E+01 0.2842E+01 0.5417E-07 0.1028E+00 0.2739E+01 0.3287E+01  0  0  0 0.3171E+01 0.0000E+00
   5.890 2.1546 36.582 0.7133 5.0000 0.2950E+01 0.2523E+01 0.4314E-07 0.9195E-01 0.2431E+01 0.2915E+01  0  0  0 0.2815E+01 0.0000E+00
   5.890 2.7674 26.793 0.5973 3.5000 0.2196E+02 0.1908E+02 0.4967E-05 0.5216E+00 0.1856E+02 0.2184E+02  0  0  0 0.2102E+02 0.0000E+00
   5.890 2.7141 27.451 0.6041 3.6000 0.1904E+02 0.1654E+02 0.3792E-05 0.4538E+00 0.1609E+02 0.1893E+02  0  0  0 0.1823E+02 0.0000E+00
   5.890 2.6608 28.121 0.6106 3.7000 0.1654E+02 0.1437E+02 0.2904E-05 0.3958E+00 0.1397E+02 0.1645E+02  0  0  0 0.1584E+02 0.0000E+00
   5.890 2.6075 28.802 0.6169 3.8000 0.1440E+02 0.1251E+02 0.2232E-05 0.3466E+00 0.1217E+02 0.1432E+02  0  0  0 0.1380E+02 0.0000E+00
   5.890 2.5543 29.497 0.6230 3.9000 0.1256E+02 0.1092E+02 0.1721E-05 0.3041E+00 0.1061E+02 0.1249E+02  0  0  0 0.1204E+02 0.0000E+00
   5.890 2.5010 30.205 0.6290 4.0000 0.1096E+02 0.9536E+01 0.1332E-05 0.2676E+00 0.9268E+01 0.1090E+02  0  0  0 0.1052E+02 0.0000E+00
   5.890 2.4477 30.929 0.6347 4.1000 0.9601E+01 0.8356E+01 0.1034E-05 0.2360E+00 0.8120E+01 0.9542E+01  0  0  0 0.9216E+01 0.0000E+00
   5.890 2.3944 31.669 0.6403 4.2000 0.8423E+01 0.7334E+01 0.8056E-06 0.2088E+00 0.7125E+01 0.8370E+01  0  0  0 0.8090E+01 0.0000E+00
   5.890 2.3411 32.427 0.6457 4.3000 0.7401E+01 0.6449E+01 0.6298E-06 0.1851E+00 0.6264E+01 0.7354E+01  0  0  0 0.7114E+01 0.0000E+00
   5.890 2.2878 33.203 0.6509 4.4000 0.6513E+01 0.5679E+01 0.4940E-06 0.1646E+00 0.5514E+01 0.6471E+01  0  0  0 0.6265E+01 0.0000E+00
   5.890 2.2345 33.999 0.6560 4.5000 0.5739E+01 0.5008E+01 0.3887E-06 0.1467E+00 0.4861E+01 0.5701E+01  0  0  0 0.5526E+01 0.0000E+00
   5.890 2.1812 34.817 0.6609 4.6000 0.5063E+01 0.4423E+01 0.3069E-06 0.1311E+00 0.4292E+01 0.5030E+01  0  0  0 0.4881E+01 0.0000E+00
   5.890 2.1279 35.659 0.6657 4.7000 0.4473E+01 0.3912E+01 0.2430E-06 0.1174E+00 0.3794E+01 0.4443E+01  0  0  0 0.4316E+01 0.0000E+00
   5.890 2.0747 36.525 0.6704 4.8000 0.3956E+01 0.3463E+01 0.1931E-06 0.1055E+00 0.3357E+01 0.3929E+01  0  0  0 0.3821E+01 0.0000E+00
   5.890 2.0214 37.419 0.6750 4.9000 0.3502E+01 0.3070E+01 0.1539E-06 0.9503E-01 0.2975E+01 0.3479E+01  0  0  0 0.3388E+01 0.0000E+00
   5.890 1.9681 38.341 0.6794 5.0000 0.3104E+01 0.2724E+01 0.1230E-06 0.8584E-01 0.2639E+01 0.3083E+01  0  0  0 0.3006E+01 0.0000E+00
   5.890 2.5703 27.822 0.5618 3.5000 0.2214E+02 0.1976E+02 0.1129E-04 0.4662E+00 0.1930E+02 0.2209E+02  0  0  0 0.2151E+02 0.0000E+00
   5.890 2.5170 28.528 0.5687 3.6000 0.1923E+02 0.1716E+02 0.8747E-05 0.4080E+00 0.1675E+02 0.1918E+02  0  0  0 0.1869E+02 0.0000E+00
   5.890 2.4637 29.248 0.5755 3.7000 0.1673E+02 0.1493E+02 0.6793E-05 0.3583E+00 0.1457E+02 0.1668E+02  0  0  0 0.1626E+02 0.0000E+00
   5.890 2.4104 29.983 0.5820 3.8000 0.1459E+02 0.1302E+02 0.5289E-05 0.3156E+00 0.1271E+02 0.1455E+02  0  0  0 0.1419E+02 0.0000E+00
   5.890 2.3571 30.735 0.5883 3.9000 0.1274E+02 0.1138E+02 0.4128E-05 0.2788E+00 0.1110E+02 0.1271E+02  0  0  0 0.1240E+02 0.0000E+00
   5.890 2.3038 31.503 0.5944 4.0000 0.1115E+02 0.9963E+01 0.3231E-05 0.2471E+00 0.9716E+01 0.1112E+02  0  0  0 0.1086E+02 0.0000E+00
   5.890 2.2505 32.291 0.6003 4.1000 0.9775E+01 0.8738E+01 0.2535E-05 0.2197E+00 0.8518E+01 0.9743E+01  0  0  0 0.9524E+01 0.0000E+00
   5.890 2.1972 33.099 0.6061 4.2000 0.8580E+01 0.7675E+01 0.1995E-05 0.1959E+00 0.7479E+01 0.8551E+01  0  0  0 0.8367E+01 0.0000E+00
   5.890 2.1439 33.928 0.6117 4.3000 0.7542E+01 0.6752E+01 0.1574E-05 0.1753E+00 0.6577E+01 0.7516E+01  0  0  0 0.7361E+01 0.0000E+00
   5.890 2.0906 34.781 0.6171 4.4000 0.6638E+01 0.5949E+01 0.1245E-05 0.1572E+00 0.5791E+01 0.6615E+01  0  0  0 0.6486E+01 0.0000E+00
   5.890 2.0373 35.659 0.6224 4.5000 0.5850E+01 0.5248E+01 0.9877E-06 0.1415E+00 0.5106E+01 0.5829E+01  0  0  0 0.5722E+01 0.0000E+00
   5.890 1.9841 36.565 0.6276 4.6000 0.5161E+01 0.4635E+01 0.7857E-06 0.1278E+00 0.4508E+01 0.5142E+01  0  0  0 0.5054E+01 0.0000E+00
   5.890 1.9308 37.500 0.6326 4.7000 0.4558E+01 0.4099E+01 0.6267E-06 0.1158E+00 0.3983E+01 0.4541E+01  0  0  0 0.4469E+01 0.0000E+00
   5.890 1.8775 38.467 0.6375 4.8000 0.4029E+01 0.3629E+01 0.5012E-06 0.1052E+00 0.3524E+01 0.4014E+01  0  0  0 0.3957E+01 0.0000E+00
   5.890 1.8242 39.468 0.6422 4.9000 0.3561E+01 0.3215E+01 0.4020E-06 0.9596E-01 0.3119E+01 0.3548E+01  0  0  0 0.3504E+01 0.0000E+00
   5.890 1.7709 40.508 0.6469 5.0000 0.3154E+01 0.2852E+01 0.3232E-06 0.8781E-01 0.2764E+01 0.3142E+01  0  0  0 0.3109E+01 0.0000E+00
   5.890 2.3624 29.046 0.5287 3.5000 0.2168E+02 0.1991E+02 0.2307E-04 0.4489E+00 0.1946E+02 0.2165E+02  0  0  0 0.2140E+02 0.0000E+00
   5.890 2.3091 29.813 0.5357 3.6000 0.1886E+02 0.1732E+02 0.1817E-04 0.3957E+00 0.1692E+02 0.1884E+02  0  0  0 0.1862E+02 0.0000E+00
   5.890 2.2558 30.597 0.5425 3.7000 0.1644E+02 0.1510E+02 0.1434E-04 0.3501E+00 0.1475E+02 0.1642E+02  0  0  0 0.1624E+02 0.0000E+00
   5.890 2.2025 31.401 0.5492 3.8000 0.1435E+02 0.1319E+02 0.1133E-04 0.3108E+00 0.1287E+02 0.1433E+02  0  0  0 0.1418E+02 0.0000E+00
   5.890 2.1493 32.225 0.5556 3.9000 0.1255E+02 0.1154E+02 0.8968E-05 0.2770E+00 0.1126E+02 0.1253E+02  0  0  0 0.1241E+02 0.0000E+00
   5.890 2.0960 33.071 0.5618 4.0000 0.1099E+02 0.1011E+02 0.7111E-05 0.2477E+00 0.9860E+01 0.1097E+02  0  0  0 0.1088E+02 0.0000E+00
   5.890 2.0427 33.941 0.5679 4.1000 0.9638E+01 0.8872E+01 0.5650E-05 0.2224E+00 0.8650E+01 0.9622E+01  0  0  0 0.9548E+01 0.0000E+00
   5.890 1.9894 34.837 0.5738 4.2000 0.8463E+01 0.7799E+01 0.4498E-05 0.2003E+00 0.7598E+01 0.8448E+01  0  0  0 0.8393E+01 0.0000E+00
   5.890 1.9361 35.761 0.5795 4.3000 0.7440E+01 0.6864E+01 0.3588E-05 0.1810E+00 0.6683E+01 0.7427E+01  0  0  0 0.7387E+01 0.0000E+00
   5.890 1.8828 36.715 0.5851 4.4000 0.6546E+01 0.6048E+01 0.2869E-05 0.1642E+00 0.5884E+01 0.6533E+01  0  0  0 0.6508E+01 0.0000E+00
   5.890 1.8295 37.702 0.5906 4.5000 0.5767E+01 0.5336E+01 0.2299E-05 0.1495E+00 0.5187E+01 0.5756E+01  0  0  0 0.5742E+01 0.0000E+00
   5.890 1.7762 38.725 0.5959 4.6000 0.5085E+01 0.4714E+01 0.1846E-05 0.1367E+00 0.4577E+01 0.5075E+01  0  0  0 0.5072E+01 0.0000E+00
   5.890 1.7229 39.787 0.6010 4.7000 0.4488E+01 0.4168E+01 0.1486E-05 0.1254E+00 0.4043E+01 0.4479E+01  0  0  0 0.4484E+01 0.0000E+00
   5.890 1.6696 40.891 0.6061 4.8000 0.3964E+01 0.3690E+01 0.1199E-05 0.1156E+00 0.3574E+01 0.3955E+01  0  0  0 0.3969E+01 0.0000E+00
   5.890 1.6164 42.042 0.6110 4.9000 0.3502E+01 0.3269E+01 0.9694E-06 0.1070E+00 0.3162E+01 0.3495E+01  0  0  0 0.3515E+01 0.0000E+00
   5.890 1.5631 43.243 0.6158 5.0000 0.3096E+01 0.2897E+01 0.7859E-06 0.9945E-01 0.2798E+01 0.3090E+01  0  0  0 0.3115E+01 0.0000E+00
   5.890 2.1439 30.524 0.4979 3.5000 0.2061E+02 0.1952E+02 0.4276E-04 0.4648E+00 0.1905E+02 0.2060E+02  0  0  0 0.2069E+02 0.0000E+00
   5.890 2.0906 31.370 0.5049 3.6000 0.1795E+02 0.1701E+02 0.3431E-04 0.4132E+00 0.1659E+02 0.1794E+02  0  0  0 0.1804E+02 0.0000E+00
   5.890 2.0373 32.239 0.5118 3.7000 0.1566E+02 0.1484E+02 0.2754E-04 0.3688E+00 0.1447E+02 0.1565E+02  0  0  0 0.1575E+02 0.0000E+00
   5.890 1.9841 33.132 0.5184 3.8000 0.1368E+02 0.1298E+02 0.2212E-04 0.3306E+00 0.1265E+02 0.1367E+02  0  0  0 0.1377E+02 0.0000E+00
   5.890 1.9308 34.052 0.5249 3.9000 0.1197E+02 0.1136E+02 0.1778E-04 0.2976E+00 0.1107E+02 0.1196E+02  0  0  0 0.1206E+02 0.0000E+00
   5.890 1.8775 35.001 0.5312 4.0000 0.1048E+02 0.9963E+01 0.1431E-04 0.2689E+00 0.9694E+01 0.1048E+02  0  0  0 0.1057E+02 0.0000E+00
   5.890 1.8242 35.982 0.5374 4.1000 0.9195E+01 0.8751E+01 0.1153E-04 0.2441E+00 0.8507E+01 0.9187E+01  0  0  0 0.9285E+01 0.0000E+00
   5.890 1.7709 36.997 0.5434 4.2000 0.8072E+01 0.7694E+01 0.9306E-05 0.2225E+00 0.7472E+01 0.8065E+01  0  0  0 0.8164E+01 0.0000E+00
   5.890 1.7176 38.049 0.5492 4.3000 0.7093E+01 0.6773E+01 0.7521E-05 0.2037E+00 0.6570E+01 0.7087E+01  0  0  0 0.7186E+01 0.0000E+00
   5.890 1.6643 39.143 0.5549 4.4000 0.6238E+01 0.5969E+01 0.6088E-05 0.1873E+00 0.5781E+01 0.6232E+01  0  0  0 0.6331E+01 0.0000E+00
   5.890 1.6110 40.281 0.5604 4.5000 0.5490E+01 0.5266E+01 0.4936E-05 0.1729E+00 0.5093E+01 0.5484E+01  0  0  0 0.5583E+01 0.0000E+00
   5.890 1.5577 41.468 0.5658 4.6000 0.4834E+01 0.4649E+01 0.4010E-05 0.1605E+00 0.4488E+01 0.4829E+01  0  0  0 0.4928E+01 0.0000E+00
   5.890 1.5045 42.710 0.5711 4.7000 0.4259E+01 0.4107E+01 0.3264E-05 0.1497E+00 0.3958E+01 0.4254E+01  0  0  0 0.4352E+01 0.0000E+00
   5.890 1.4512 44.011 0.5763 4.8000 0.3753E+01 0.3634E+01 0.2662E-05 0.1400E+00 0.3494E+01 0.3749E+01  0  0  0 0.3848E+01 0.0000E+00
   5.890 1.3979 45.377 0.5813 4.9000 0.3308E+01 0.3215E+01 0.2176E-05 0.1321E+00 0.3083E+01 0.3304E+01  0  0  0 0.3403E+01 0.0000E+00
   5.890 1.3446 46.817 0.5862 5.0000 0.2916E+01 0.2846E+01 0.1783E-05 0.1252E+00 0.2721E+01 0.2912E+01  0  0  0 0.3011E+01 0.0000E+00
   5.890 1.9148 32.346 0.4692 3.5000 0.1898E+02 0.1861E+02 0.7262E-04 0.5132E+00 0.1810E+02 0.1898E+02  0  0  0 0.1944E+02 0.0000E+00
   5.890 1.8615 33.298 0.4762 3.6000 0.1655E+02 0.1623E+02 0.5942E-04 0.4610E+00 0.1577E+02 0.1654E+02  0  0  0 0.1696E+02 0.0000E+00
   5.890 1.8082 34.280 0.4830 3.7000 0.1444E+02 0.1418E+02 0.4860E-04 0.4163E+00 0.1376E+02 0.1444E+02  0  0  0 0.1482E+02 0.0000E+00
   5.890 1.7549 35.295 0.4897 3.8000 0.1262E+02 0.1241E+02 0.3974E-04 0.3775E+00 0.1203E+02 0.1261E+02  0  0  0 0.1296E+02 0.0000E+00
   5.890 1.7016 36.347 0.4962 3.9000 0.1103E+02 0.1087E+02 0.3251E-04 0.3439E+00 0.1053E+02 0.1103E+02  0  0  0 0.1136E+02 0.0000E+00
   5.890 1.6483 37.439 0.5025 4.0000 0.9661E+01 0.9534E+01 0.2660E-04 0.3148E+00 0.9219E+01 0.9657E+01  0  0  0 0.9959E+01 0.0000E+00
   5.890 1.5950 38.575 0.5087 4.1000 0.8465E+01 0.8373E+01 0.2177E-04 0.2895E+00 0.8083E+01 0.8462E+01  0  0  0 0.8743E+01 0.0000E+00
   5.890 1.5418 39.759 0.5147 4.2000 0.7422E+01 0.7360E+01 0.1784E-04 0.2677E+00 0.7093E+01 0.7419E+01  0  0  0 0.7683E+01 0.0000E+00
   5.890 1.4885 40.995 0.5206 4.3000 0.6511E+01 0.6476E+01 0.1463E-04 0.2487E+00 0.6228E+01 0.6508E+01  0  0  0 0.6757E+01 0.0000E+00
   5.890 1.4352 42.290 0.5263 4.4000 0.5715E+01 0.5709E+01 0.1202E-04 0.2323E+00 0.5476E+01 0.5712E+01  0  0  0 0.5951E+01 0.0000E+00
   5.890 1.3819 43.650 0.5319 4.5000 0.5017E+01 0.5031E+01 0.9885E-05 0.2181E+00 0.4813E+01 0.5014E+01  0  0  0 0.5242E+01 0.0000E+00
   5.890 1.3286 45.083 0.5374 4.6000 0.4405E+01 0.4438E+01 0.8144E-05 0.2060E+00 0.4232E+01 0.4403E+01  0  0  0 0.4620E+01 0.0000E+00
   5.890 1.2753 46.595 0.5427 4.7000 0.3867E+01 0.3917E+01 0.6722E-05 0.1956E+00 0.3722E+01 0.3865E+01  0  0  0 0.4074E+01 0.0000E+00
   5.890 1.2220 48.198 0.5480 4.8000 0.3395E+01 0.3463E+01 0.5561E-05 0.1870E+00 0.3276E+01 0.3393E+01  0  0  0 0.3596E+01 0.0000E+00
   5.890 1.1687 49.902 0.5531 4.9000 0.2978E+01 0.3059E+01 0.4611E-05 0.1799E+00 0.2879E+01 0.2977E+01  0  0  0 0.3173E+01 0.0000E+00
   5.890 1.1154 51.722 0.5581 5.0000 0.2612E+01 0.2702E+01 0.3834E-05 0.1741E+00 0.2528E+01 0.2610E+01  0  0  0 0.2800E+01 0.0000E+00
   5.890 1.6750 34.652 0.4425 3.5000 0.1691E+02 0.1726E+02 0.1143E-03 0.6011E+00 0.1666E+02 0.1691E+02  0  0  0 0.1773E+02 0.0000E+00
   5.890 1.6217 35.752 0.4495 3.6000 0.1473E+02 0.1506E+02 0.9557E-04 0.5468E+00 0.1452E+02 0.1473E+02  0  0  0 0.1547E+02 0.0000E+00
   5.890 1.5684 36.895 0.4562 3.7000 0.1284E+02 0.1317E+02 0.7977E-04 0.4999E+00 0.1267E+02 0.1284E+02  0  0  0 0.1351E+02 0.0000E+00
   5.890 1.5151 38.086 0.4629 3.8000 0.1121E+02 0.1152E+02 0.6652E-04 0.4595E+00 0.1106E+02 0.1121E+02  0  0  0 0.1182E+02 0.0000E+00
   5.890 1.4618 39.329 0.4693 3.9000 0.9786E+01 0.1009E+02 0.5545E-04 0.4247E+00 0.9665E+01 0.9785E+01  0  0  0 0.1035E+02 0.0000E+00
   5.890 1.4085 40.630 0.4756 4.0000 0.8550E+01 0.8848E+01 0.4622E-04 0.3946E+00 0.8453E+01 0.8549E+01  0  0  0 0.9067E+01 0.0000E+00
   5.890 1.3552 41.997 0.4818 4.1000 0.7473E+01 0.7768E+01 0.3853E-04 0.3690E+00 0.7399E+01 0.7472E+01  0  0  0 0.7953E+01 0.0000E+00
   5.890 1.3019 43.435 0.4878 4.2000 0.6533E+01 0.6824E+01 0.3214E-04 0.3465E+00 0.6477E+01 0.6532E+01  0  0  0 0.6979E+01 0.0000E+00
   5.890 1.2487 44.955 0.4937 4.3000 0.5711E+01 0.6000E+01 0.2682E-04 0.3272E+00 0.5673E+01 0.5710E+01  0  0  0 0.6129E+01 0.0000E+00
   5.890 1.1954 46.565 0.4995 4.4000 0.4992E+01 0.5283E+01 0.2242E-04 0.3104E+00 0.4972E+01 0.4991E+01  0  0  0 0.5388E+01 0.0000E+00
   5.890 1.1421 48.278 0.5051 4.5000 0.4361E+01 0.4648E+01 0.1877E-04 0.2964E+00 0.4352E+01 0.4360E+01  0  0  0 0.4734E+01 0.0000E+00
   5.890 1.0888 50.107 0.5106 4.6000 0.3808E+01 0.4091E+01 0.1575E-04 0.2845E+00 0.3806E+01 0.3807E+01  0  0  0 0.4160E+01 0.0000E+00
   5.890 1.0355 52.070 0.5159 4.7000 0.3322E+01 0.3602E+01 0.1325E-04 0.2749E+00 0.3327E+01 0.3321E+01  0  0  0 0.3656E+01 0.0000E+00
   5.890 0.9822 54.186 0.5212 4.8000 0.2894E+01 0.3172E+01 0.1118E-04 0.2672E+00 0.2905E+01 0.2894E+01  0  0  0 0.3213E+01 0.0000E+00
   5.890 0.9289 56.481 0.5263 4.9000 0.2518E+01 0.2794E+01 0.9471E-05 0.2613E+00 0.2533E+01 0.2517E+01  0  0  0 0.2826E+01 0.0000E+00
   5.890 0.8756 58.985 0.5314 5.0000 0.2187E+01 0.2460E+01 0.8064E-05 0.2572E+00 0.2203E+01 0.2186E+01  0  0  0 0.2484E+01 0.0000E+00
