1.2,2.2,4.3,6.2
   5.890 3.3003 27.202 0.8848 4.3000 0.3955E+00 0.2759E+00 0.4628E-01 0.0000E+00 0.2296E+00 0.3955E+00  0  0  0 0.3382E+00 0.0000E+00
   5.890 3.2470 27.753 0.8871 4.4000 0.3419E+00 0.2388E+00 0.4027E-01 0.0000E+00 0.1985E+00 0.3419E+00  0  0  0 0.2927E+00 0.0000E+00
   5.890 3.1937 28.311 0.8894 4.5000 0.2961E+00 0.2071E+00 0.3512E-01 0.0000E+00 0.1720E+00 0.2961E+00  0  0  0 0.2537E+00 0.0000E+00
   5.890 3.1404 28.877 0.8915 4.6000 0.2569E+00 0.1800E+00 0.3069E-01 0.0000E+00 0.1493E+00 0.2569E+00  0  0  0 0.2204E+00 0.0000E+00
   5.890 3.0872 29.453 0.8936 4.7000 0.2232E+00 0.1566E+00 0.2688E-01 0.0000E+00 0.1297E+00 0.2232E+00  0  0  0 0.1917E+00 0.0000E+00
   5.890 3.0339 30.038 0.8956 4.8000 0.1942E+00 0.1365E+00 0.2358E-01 0.0000E+00 0.1129E+00 0.1942E+00  0  0  0 0.1670E+00 0.0000E+00
   5.890 2.9806 30.634 0.8975 4.9000 0.1692E+00 0.1192E+00 0.2073E-01 0.0000E+00 0.9842E-01 0.1692E+00  0  0  0 0.1457E+00 0.0000E+00
   5.890 2.9273 31.240 0.8993 5.0000 0.1477E+00 0.1042E+00 0.1826E-01 0.0000E+00 0.8591E-01 0.1477E+00  0  0  0 0.1273E+00 0.0000E+00
   5.890 2.8740 31.858 0.9011 5.1000 0.1290E+00 0.9119E-01 0.1611E-01 0.0000E+00 0.7509E-01 0.1290E+00  0  0  0 0.1114E+00 0.0000E+00
   5.890 2.8207 32.488 0.9028 5.2000 0.1128E+00 0.7993E-01 0.1423E-01 0.0000E+00 0.6570E-01 0.1128E+00  0  0  0 0.9759E-01 0.0000E+00
   5.890 2.7674 33.131 0.9045 5.3000 0.9881E-01 0.7015E-01 0.1260E-01 0.0000E+00 0.5755E-01 0.9881E-01  0  0  0 0.8559E-01 0.0000E+00
   5.890 2.7141 33.788 0.9061 5.4000 0.8662E-01 0.6163E-01 0.1117E-01 0.0000E+00 0.5047E-01 0.8662E-01  0  0  0 0.7515E-01 0.0000E+00
   5.890 2.6608 34.459 0.9076 5.5000 0.7601E-01 0.5421E-01 0.9912E-02 0.0000E+00 0.4430E-01 0.7601E-01  0  0  0 0.6606E-01 0.0000E+00
   5.890 2.6075 35.146 0.9091 5.6000 0.6676E-01 0.4773E-01 0.8813E-02 0.0000E+00 0.3892E-01 0.6676E-01  0  0  0 0.5813E-01 0.0000E+00
   5.890 2.5543 35.849 0.9106 5.7000 0.5868E-01 0.4206E-01 0.7847E-02 0.0000E+00 0.3422E-01 0.5868E-01  0  0  0 0.5119E-01 0.0000E+00
   5.890 2.5010 36.570 0.9120 5.8000 0.5162E-01 0.3711E-01 0.6996E-02 0.0000E+00 0.3011E-01 0.5162E-01  0  0  0 0.4513E-01 0.0000E+00
   5.890 2.4477 37.309 0.9134 5.9000 0.4545E-01 0.3276E-01 0.6246E-02 0.0000E+00 0.2651E-01 0.4545E-01  0  0  0 0.3981E-01 0.0000E+00
   5.890 2.3944 38.068 0.9147 6.0000 0.4004E-01 0.2895E-01 0.5584E-02 0.0000E+00 0.2336E-01 0.4004E-01  0  0  0 0.3515E-01 0.0000E+00
   5.890 2.3411 38.848 0.9160 6.1000 0.3530E-01 0.2559E-01 0.4998E-02 0.0000E+00 0.2060E-01 0.3530E-01  0  0  0 0.3106E-01 0.0000E+00
   5.890 2.2878 39.651 0.9172 6.2000 0.3113E-01 0.2265E-01 0.4479E-02 0.0000E+00 0.1817E-01 0.3113E-01  0  0  0 0.2746E-01 0.0000E+00
   5.890 3.1671 27.780 0.8415 4.3000 0.3814E+00 0.3064E+00 0.3362E-01 0.0000E+00 0.2728E+00 0.3814E+00  0  0  0 0.3519E+00 0.0000E+00
   5.890 3.1138 28.352 0.8446 4.4000 0.3330E+00 0.2671E+00 0.2931E-01 0.0000E+00 0.2378E+00 0.3330E+00  0  0  0 0.3071E+00 0.0000E+00
   5.890 3.0605 28.933 0.8475 4.5000 0.2912E+00 0.2333E+00 0.2561E-01 0.0000E+00 0.2077E+00 0.2912E+00  0  0  0 0.2685E+00 0.0000E+00
   5.890 3.0072 29.524 0.8503 4.6000 0.2551E+00 0.2042E+00 0.2242E-01 0.0000E+00 0.1817E+00 0.2551E+00  0  0  0 0.2351E+00 0.0000E+00
   5.890 2.9539 30.125 0.8530 4.7000 0.2238E+00 0.1789E+00 0.1967E-01 0.0000E+00 0.1592E+00 0.2238E+00  0  0  0 0.2062E+00 0.0000E+00
   5.890 2.9006 30.737 0.8557 4.8000 0.1966E+00 0.1570E+00 0.1730E-01 0.0000E+00 0.1397E+00 0.1966E+00  0  0  0 0.1811E+00 0.0000E+00
   5.890 2.8473 31.360 0.8582 4.9000 0.1730E+00 0.1380E+00 0.1524E-01 0.0000E+00 0.1228E+00 0.1730E+00  0  0  0 0.1593E+00 0.0000E+00
   5.890 2.7941 31.996 0.8606 5.0000 0.1524E+00 0.1214E+00 0.1345E-01 0.0000E+00 0.1080E+00 0.1524E+00  0  0  0 0.1403E+00 0.0000E+00
   5.890 2.7408 32.644 0.8630 5.1000 0.1344E+00 0.1070E+00 0.1189E-01 0.0000E+00 0.9513E-01 0.1344E+00  0  0  0 0.1237E+00 0.0000E+00
   5.890 2.6875 33.306 0.8653 5.2000 0.1187E+00 0.9442E-01 0.1053E-01 0.0000E+00 0.8389E-01 0.1187E+00  0  0  0 0.1093E+00 0.0000E+00
   5.890 2.6342 33.983 0.8675 5.3000 0.1049E+00 0.8340E-01 0.9345E-02 0.0000E+00 0.7406E-01 0.1049E+00  0  0  0 0.9658E-01 0.0000E+00
   5.890 2.5809 34.676 0.8696 5.4000 0.9280E-01 0.7375E-01 0.8305E-02 0.0000E+00 0.6545E-01 0.9280E-01  0  0  0 0.8547E-01 0.0000E+00
   5.890 2.5276 35.385 0.8717 5.5000 0.8219E-01 0.6528E-01 0.7393E-02 0.0000E+00 0.5789E-01 0.8219E-01  0  0  0 0.7571E-01 0.0000E+00
   5.890 2.4743 36.111 0.8737 5.6000 0.7285E-01 0.5784E-01 0.6591E-02 0.0000E+00 0.5125E-01 0.7285E-01  0  0  0 0.6713E-01 0.0000E+00
   5.890 2.4210 36.857 0.8756 5.7000 0.6464E-01 0.5129E-01 0.5886E-02 0.0000E+00 0.4541E-01 0.6464E-01  0  0  0 0.5958E-01 0.0000E+00
   5.890 2.3677 37.622 0.8775 5.8000 0.5739E-01 0.4553E-01 0.5263E-02 0.0000E+00 0.4027E-01 0.5739E-01  0  0  0 0.5292E-01 0.0000E+00
   5.890 2.3145 38.409 0.8793 5.9000 0.5100E-01 0.4044E-01 0.4714E-02 0.0000E+00 0.3573E-01 0.5100E-01  0  0  0 0.4705E-01 0.0000E+00
   5.890 2.2612 39.218 0.8811 6.0000 0.4535E-01 0.3595E-01 0.4227E-02 0.0000E+00 0.3173E-01 0.4535E-01  0  0  0 0.4186E-01 0.0000E+00
   5.890 2.2079 40.052 0.8828 6.1000 0.4035E-01 0.3199E-01 0.3797E-02 0.0000E+00 0.2819E-01 0.4035E-01  0  0  0 0.3727E-01 0.0000E+00
   5.890 2.1546 40.911 0.8845 6.2000 0.3592E-01 0.2847E-01 0.3415E-02 0.0000E+00 0.2506E-01 0.3592E-01  0  0  0 0.3320E-01 0.0000E+00
   5.890 3.0232 28.447 0.7993 4.3000 0.4984E+00 0.3912E+00 0.2684E-01 0.0000E+00 0.3643E+00 0.4984E+00  0  0  0 0.4541E+00 0.0000E+00
   5.890 2.9699 29.046 0.8030 4.4000 0.4371E+00 0.3428E+00 0.2346E-01 0.0000E+00 0.3193E+00 0.4371E+00  0  0  0 0.3982E+00 0.0000E+00
   5.890 2.9166 29.654 0.8065 4.5000 0.3839E+00 0.3008E+00 0.2055E-01 0.0000E+00 0.2803E+00 0.3839E+00  0  0  0 0.3498E+00 0.0000E+00
   5.890 2.8633 30.274 0.8099 4.6000 0.3377E+00 0.2644E+00 0.1805E-01 0.0000E+00 0.2464E+00 0.3377E+00  0  0  0 0.3076E+00 0.0000E+00
   5.890 2.8101 30.905 0.8132 4.7000 0.2975E+00 0.2328E+00 0.1588E-01 0.0000E+00 0.2169E+00 0.2975E+00  0  0  0 0.2710E+00 0.0000E+00
   5.890 2.7568 31.549 0.8164 4.8000 0.2623E+00 0.2052E+00 0.1401E-01 0.0000E+00 0.1912E+00 0.2623E+00  0  0  0 0.2390E+00 0.0000E+00
   5.890 2.7035 32.206 0.8194 4.9000 0.2317E+00 0.1811E+00 0.1238E-01 0.0000E+00 0.1687E+00 0.2317E+00  0  0  0 0.2111E+00 0.0000E+00
   5.890 2.6502 32.877 0.8224 5.0000 0.2048E+00 0.1601E+00 0.1096E-01 0.0000E+00 0.1491E+00 0.2048E+00  0  0  0 0.1867E+00 0.0000E+00
   5.890 2.5969 33.562 0.8253 5.1000 0.1812E+00 0.1416E+00 0.9722E-02 0.0000E+00 0.1319E+00 0.1812E+00  0  0  0 0.1653E+00 0.0000E+00
   5.890 2.5436 34.264 0.8281 5.2000 0.1606E+00 0.1254E+00 0.8641E-02 0.0000E+00 0.1168E+00 0.1606E+00  0  0  0 0.1465E+00 0.0000E+00
   5.890 2.4903 34.982 0.8308 5.3000 0.1424E+00 0.1112E+00 0.7694E-02 0.0000E+00 0.1035E+00 0.1424E+00  0  0  0 0.1299E+00 0.0000E+00
   5.890 2.4370 35.718 0.8334 5.4000 0.1264E+00 0.9869E-01 0.6863E-02 0.0000E+00 0.9183E-01 0.1264E+00  0  0  0 0.1154E+00 0.0000E+00
   5.890 2.3837 36.473 0.8359 5.5000 0.1123E+00 0.8767E-01 0.6133E-02 0.0000E+00 0.8154E-01 0.1123E+00  0  0  0 0.1026E+00 0.0000E+00
   5.890 2.3304 37.249 0.8384 5.6000 0.9983E-01 0.7795E-01 0.5490E-02 0.0000E+00 0.7246E-01 0.9983E-01  0  0  0 0.9125E-01 0.0000E+00
   5.890 2.2771 38.047 0.8407 5.7000 0.8883E-01 0.6935E-01 0.4922E-02 0.0000E+00 0.6443E-01 0.8883E-01  0  0  0 0.8125E-01 0.0000E+00
   5.890 2.2239 38.867 0.8431 5.8000 0.7909E-01 0.6176E-01 0.4421E-02 0.0000E+00 0.5734E-01 0.7909E-01  0  0  0 0.7239E-01 0.0000E+00
   5.890 2.1706 39.713 0.8453 5.9000 0.7046E-01 0.5503E-01 0.3977E-02 0.0000E+00 0.5105E-01 0.7046E-01  0  0  0 0.6455E-01 0.0000E+00
   5.890 2.1173 40.585 0.8475 6.0000 0.6281E-01 0.4906E-01 0.3584E-02 0.0000E+00 0.4547E-01 0.6281E-01  0  0  0 0.5759E-01 0.0000E+00
   5.890 2.0640 41.486 0.8496 6.1000 0.5602E-01 0.4377E-01 0.3235E-02 0.0000E+00 0.4053E-01 0.5602E-01  0  0  0 0.5142E-01 0.0000E+00
   5.890 2.0107 42.418 0.8517 6.2000 0.4999E-01 0.3906E-01 0.2924E-02 0.0000E+00 0.3614E-01 0.4999E-01  0  0  0 0.4593E-01 0.0000E+00
   5.890 2.8687 29.220 0.7584 4.3000 0.9054E+00 0.6585E+00 0.2302E-01 0.0000E+00 0.6355E+00 0.9054E+00  0  0  0 0.7932E+00 0.0000E+00
   5.890 2.8154 29.850 0.7626 4.4000 0.7915E+00 0.5760E+00 0.2020E-01 0.0000E+00 0.5558E+00 0.7915E+00  0  0  0 0.6939E+00 0.0000E+00
   5.890 2.7621 30.492 0.7666 4.5000 0.6929E+00 0.5046E+00 0.1776E-01 0.0000E+00 0.4869E+00 0.6929E+00  0  0  0 0.6079E+00 0.0000E+00
   5.890 2.7088 31.147 0.7706 4.6000 0.6074E+00 0.4427E+00 0.1566E-01 0.0000E+00 0.4271E+00 0.6074E+00  0  0  0 0.5333E+00 0.0000E+00
   5.890 2.6555 31.815 0.7743 4.7000 0.5331E+00 0.3889E+00 0.1383E-01 0.0000E+00 0.3751E+00 0.5331E+00  0  0  0 0.4685E+00 0.0000E+00
   5.890 2.6022 32.498 0.7780 4.8000 0.4685E+00 0.3421E+00 0.1225E-01 0.0000E+00 0.3298E+00 0.4685E+00  0  0  0 0.4121E+00 0.0000E+00
   5.890 2.5489 33.195 0.7815 4.9000 0.4122E+00 0.3012E+00 0.1087E-01 0.0000E+00 0.2903E+00 0.4122E+00  0  0  0 0.3629E+00 0.0000E+00
   5.890 2.4956 33.909 0.7850 5.0000 0.3631E+00 0.2655E+00 0.9665E-02 0.0000E+00 0.2559E+00 0.3631E+00  0  0  0 0.3200E+00 0.0000E+00
   5.890 2.4423 34.640 0.7883 5.1000 0.3201E+00 0.2343E+00 0.8613E-02 0.0000E+00 0.2257E+00 0.3201E+00  0  0  0 0.2824E+00 0.0000E+00
   5.890 2.3891 35.390 0.7915 5.2000 0.2825E+00 0.2070E+00 0.7691E-02 0.0000E+00 0.1993E+00 0.2825E+00  0  0  0 0.2495E+00 0.0000E+00
   5.890 2.3358 36.159 0.7946 5.3000 0.2495E+00 0.1831E+00 0.6881E-02 0.0000E+00 0.1762E+00 0.2495E+00  0  0  0 0.2206E+00 0.0000E+00
   5.890 2.2825 36.950 0.7977 5.4000 0.2206E+00 0.1620E+00 0.6169E-02 0.0000E+00 0.1558E+00 0.2206E+00  0  0  0 0.1953E+00 0.0000E+00
   5.890 2.2292 37.763 0.8006 5.5000 0.1952E+00 0.1435E+00 0.5541E-02 0.0000E+00 0.1380E+00 0.1952E+00  0  0  0 0.1730E+00 0.0000E+00
   5.890 2.1759 38.600 0.8035 5.6000 0.1728E+00 0.1272E+00 0.4987E-02 0.0000E+00 0.1222E+00 0.1728E+00  0  0  0 0.1534E+00 0.0000E+00
   5.890 2.1226 39.463 0.8063 5.7000 0.1531E+00 0.1128E+00 0.4493E-02 0.0000E+00 0.1083E+00 0.1531E+00  0  0  0 0.1361E+00 0.0000E+00
   5.890 2.0693 40.353 0.8090 5.8000 0.1358E+00 0.1002E+00 0.4059E-02 0.0000E+00 0.9610E-01 0.1358E+00  0  0  0 0.1208E+00 0.0000E+00
   5.890 2.0160 41.274 0.8116 5.9000 0.1204E+00 0.8895E-01 0.3674E-02 0.0000E+00 0.8528E-01 0.1204E+00  0  0  0 0.1074E+00 0.0000E+00
   5.890 1.9627 42.226 0.8141 6.0000 0.1069E+00 0.7904E-01 0.3332E-02 0.0000E+00 0.7571E-01 0.1069E+00  0  0  0 0.9544E-01 0.0000E+00
   5.890 1.9095 43.213 0.8166 6.1000 0.9491E-01 0.7027E-01 0.3028E-02 0.0000E+00 0.6724E-01 0.9491E-01  0  0  0 0.8488E-01 0.0000E+00
   5.890 1.8562 44.238 0.8191 6.2000 0.8431E-01 0.6249E-01 0.2757E-02 0.0000E+00 0.5973E-01 0.8431E-01  0  0  0 0.7554E-01 0.0000E+00
   5.890 2.7035 30.120 0.7191 4.3000 0.7031E+00 0.5940E+00 0.2101E-01 0.0000E+00 0.5730E+00 0.7031E+00  0  0  0 0.6669E+00 0.0000E+00
   5.890 2.6502 30.789 0.7237 4.4000 0.6178E+00 0.5218E+00 0.1852E-01 0.0000E+00 0.5033E+00 0.6178E+00  0  0  0 0.5861E+00 0.0000E+00
   5.890 2.5969 31.472 0.7282 4.5000 0.5436E+00 0.4589E+00 0.1637E-01 0.0000E+00 0.4426E+00 0.5436E+00  0  0  0 0.5158E+00 0.0000E+00
   5.890 2.5436 32.169 0.7325 4.6000 0.4788E+00 0.4042E+00 0.1450E-01 0.0000E+00 0.3897E+00 0.4788E+00  0  0  0 0.4545E+00 0.0000E+00
   5.890 2.4903 32.882 0.7367 4.7000 0.4223E+00 0.3564E+00 0.1287E-01 0.0000E+00 0.3436E+00 0.4223E+00  0  0  0 0.4009E+00 0.0000E+00
   5.890 2.4370 33.613 0.7408 4.8000 0.3728E+00 0.3147E+00 0.1146E-01 0.0000E+00 0.3032E+00 0.3728E+00  0  0  0 0.3541E+00 0.0000E+00
   5.890 2.3837 34.361 0.7447 4.9000 0.3295E+00 0.2781E+00 0.1022E-01 0.0000E+00 0.2679E+00 0.3295E+00  0  0  0 0.3131E+00 0.0000E+00
   5.890 2.3304 35.128 0.7485 5.0000 0.2914E+00 0.2460E+00 0.9135E-02 0.0000E+00 0.2369E+00 0.2914E+00  0  0  0 0.2771E+00 0.0000E+00
   5.890 2.2771 35.916 0.7522 5.1000 0.2580E+00 0.2179E+00 0.8187E-02 0.0000E+00 0.2097E+00 0.2580E+00  0  0  0 0.2455E+00 0.0000E+00
   5.890 2.2239 36.726 0.7558 5.2000 0.2286E+00 0.1931E+00 0.7354E-02 0.0000E+00 0.1857E+00 0.2286E+00  0  0  0 0.2177E+00 0.0000E+00
   5.890 2.1706 37.560 0.7593 5.3000 0.2027E+00 0.1713E+00 0.6620E-02 0.0000E+00 0.1646E+00 0.2027E+00  0  0  0 0.1932E+00 0.0000E+00
   5.890 2.1173 38.418 0.7627 5.4000 0.1799E+00 0.1520E+00 0.5973E-02 0.0000E+00 0.1461E+00 0.1799E+00  0  0  0 0.1715E+00 0.0000E+00
   5.890 2.0640 39.304 0.7660 5.5000 0.1597E+00 0.1350E+00 0.5401E-02 0.0000E+00 0.1296E+00 0.1597E+00  0  0  0 0.1524E+00 0.0000E+00
   5.890 2.0107 40.220 0.7693 5.6000 0.1418E+00 0.1200E+00 0.4894E-02 0.0000E+00 0.1151E+00 0.1418E+00  0  0  0 0.1356E+00 0.0000E+00
   5.890 1.9574 41.166 0.7724 5.7000 0.1261E+00 0.1068E+00 0.4445E-02 0.0000E+00 0.1023E+00 0.1261E+00  0  0  0 0.1206E+00 0.0000E+00
   5.890 1.9041 42.147 0.7754 5.8000 0.1121E+00 0.9499E-01 0.4046E-02 0.0000E+00 0.9095E-01 0.1121E+00  0  0  0 0.1074E+00 0.0000E+00
   5.890 1.8508 43.164 0.7784 5.9000 0.9969E-01 0.8456E-01 0.3691E-02 0.0000E+00 0.8087E-01 0.9969E-01  0  0  0 0.9563E-01 0.0000E+00
   5.890 1.7975 44.222 0.7813 6.0000 0.8869E-01 0.7530E-01 0.3375E-02 0.0000E+00 0.7193E-01 0.8869E-01  0  0  0 0.8520E-01 0.0000E+00
   5.890 1.7443 45.322 0.7841 6.1000 0.7892E-01 0.6707E-01 0.3093E-02 0.0000E+00 0.6398E-01 0.7892E-01  0  0  0 0.7594E-01 0.0000E+00
   5.890 1.6910 46.469 0.7868 6.2000 0.7023E-01 0.5976E-01 0.2841E-02 0.0000E+00 0.5691E-01 0.7023E-01  0  0  0 0.6770E-01 0.0000E+00
   5.890 2.5276 31.176 0.6815 4.3000 0.9903E+00 0.7928E+00 0.2029E-01 0.0000E+00 0.7725E+00 0.9903E+00  0  0  0 0.9124E+00 0.0000E+00
   5.890 2.4743 31.892 0.6865 4.4000 0.8694E+00 0.6963E+00 0.1799E-01 0.0000E+00 0.6783E+00 0.8694E+00  0  0  0 0.8015E+00 0.0000E+00
   5.890 2.4210 32.625 0.6913 4.5000 0.7642E+00 0.6123E+00 0.1598E-01 0.0000E+00 0.5963E+00 0.7642E+00  0  0  0 0.7049E+00 0.0000E+00
   5.890 2.3677 33.376 0.6959 4.6000 0.6723E+00 0.5389E+00 0.1424E-01 0.0000E+00 0.5247E+00 0.6723E+00  0  0  0 0.6206E+00 0.0000E+00
   5.890 2.3145 34.146 0.7005 4.7000 0.5920E+00 0.4749E+00 0.1273E-01 0.0000E+00 0.4622E+00 0.5920E+00  0  0  0 0.5470E+00 0.0000E+00
   5.890 2.2612 34.936 0.7049 4.8000 0.5217E+00 0.4188E+00 0.1140E-01 0.0000E+00 0.4074E+00 0.5217E+00  0  0  0 0.4825E+00 0.0000E+00
   5.890 2.2079 35.747 0.7091 4.9000 0.4601E+00 0.3697E+00 0.1024E-01 0.0000E+00 0.3595E+00 0.4601E+00  0  0  0 0.4259E+00 0.0000E+00
   5.890 2.1546 36.582 0.7133 5.0000 0.4060E+00 0.3266E+00 0.9215E-02 0.0000E+00 0.3174E+00 0.4060E+00  0  0  0 0.3763E+00 0.0000E+00
   5.890 2.1013 37.442 0.7173 5.1000 0.3585E+00 0.2887E+00 0.8316E-02 0.0000E+00 0.2804E+00 0.3585E+00  0  0  0 0.3327E+00 0.0000E+00
   5.890 2.0480 38.329 0.7212 5.2000 0.3168E+00 0.2554E+00 0.7524E-02 0.0000E+00 0.2478E+00 0.3168E+00  0  0  0 0.2943E+00 0.0000E+00
   5.890 1.9947 39.245 0.7251 5.3000 0.2800E+00 0.2260E+00 0.6821E-02 0.0000E+00 0.2192E+00 0.2800E+00  0  0  0 0.2605E+00 0.0000E+00
   5.890 1.9414 40.192 0.7288 5.4000 0.2476E+00 0.2001E+00 0.6204E-02 0.0000E+00 0.1939E+00 0.2476E+00  0  0  0 0.2307E+00 0.0000E+00
   5.890 1.8881 41.173 0.7324 5.5000 0.2190E+00 0.1773E+00 0.5655E-02 0.0000E+00 0.1716E+00 0.2190E+00  0  0  0 0.2044E+00 0.0000E+00
   5.890 1.8348 42.191 0.7359 5.6000 0.1937E+00 0.1571E+00 0.5167E-02 0.0000E+00 0.1519E+00 0.1937E+00  0  0  0 0.1812E+00 0.0000E+00
   5.890 1.7816 43.248 0.7393 5.7000 0.1714E+00 0.1393E+00 0.4734E-02 0.0000E+00 0.1345E+00 0.1714E+00  0  0  0 0.1606E+00 0.0000E+00
   5.890 1.7283 44.347 0.7427 5.8000 0.1517E+00 0.1235E+00 0.4348E-02 0.0000E+00 0.1191E+00 0.1517E+00  0  0  0 0.1424E+00 0.0000E+00
   5.890 1.6750 45.494 0.7459 5.9000 0.1343E+00 0.1095E+00 0.4004E-02 0.0000E+00 0.1055E+00 0.1343E+00  0  0  0 0.1263E+00 0.0000E+00
   5.890 1.6217 46.692 0.7491 6.0000 0.1188E+00 0.9707E-01 0.3698E-02 0.0000E+00 0.9337E-01 0.1188E+00  0  0  0 0.1121E+00 0.0000E+00
   5.890 1.5684 47.945 0.7522 6.1000 0.1051E+00 0.8606E-01 0.3425E-02 0.0000E+00 0.8264E-01 0.1051E+00  0  0  0 0.9940E-01 0.0000E+00
   5.890 1.5151 49.260 0.7552 6.2000 0.9299E-01 0.7629E-01 0.3181E-02 0.0000E+00 0.7311E-01 0.9299E-01  0  0  0 0.8817E-01 0.0000E+00
   5.890 2.3411 32.427 0.6457 4.3000 0.8348E+00 0.7397E+00 0.2066E-01 0.0000E+00 0.7191E+00 0.8348E+00  0  0  0 0.8125E+00 0.0000E+00
   5.890 2.2878 33.203 0.6509 4.4000 0.7359E+00 0.6520E+00 0.1844E-01 0.0000E+00 0.6335E+00 0.7359E+00  0  0  0 0.7165E+00 0.0000E+00
   5.890 2.2345 33.999 0.6560 4.5000 0.6494E+00 0.5753E+00 0.1650E-01 0.0000E+00 0.5588E+00 0.6494E+00  0  0  0 0.6325E+00 0.0000E+00
   5.890 2.1812 34.817 0.6609 4.6000 0.5737E+00 0.5082E+00 0.1480E-01 0.0000E+00 0.4934E+00 0.5737E+00  0  0  0 0.5591E+00 0.0000E+00
   5.890 2.1279 35.659 0.6657 4.7000 0.5073E+00 0.4494E+00 0.1332E-01 0.0000E+00 0.4361E+00 0.5073E+00  0  0  0 0.4946E+00 0.0000E+00
   5.890 2.0747 36.525 0.6704 4.8000 0.4490E+00 0.3977E+00 0.1202E-01 0.0000E+00 0.3857E+00 0.4490E+00  0  0  0 0.4380E+00 0.0000E+00
   5.890 2.0214 37.419 0.6750 4.9000 0.3977E+00 0.3523E+00 0.1087E-01 0.0000E+00 0.3415E+00 0.3977E+00  0  0  0 0.3882E+00 0.0000E+00
   5.890 1.9681 38.341 0.6794 5.0000 0.3525E+00 0.3124E+00 0.9866E-02 0.0000E+00 0.3025E+00 0.3525E+00  0  0  0 0.3443E+00 0.0000E+00
   5.890 1.9148 39.295 0.6837 5.1000 0.3126E+00 0.2771E+00 0.8976E-02 0.0000E+00 0.2681E+00 0.3126E+00  0  0  0 0.3057E+00 0.0000E+00
   5.890 1.8615 40.283 0.6879 5.2000 0.2774E+00 0.2460E+00 0.8189E-02 0.0000E+00 0.2378E+00 0.2774E+00  0  0  0 0.2715E+00 0.0000E+00
   5.890 1.8082 41.307 0.6919 5.3000 0.2463E+00 0.2185E+00 0.7493E-02 0.0000E+00 0.2110E+00 0.2463E+00  0  0  0 0.2413E+00 0.0000E+00
   5.890 1.7549 42.372 0.6959 5.4000 0.2187E+00 0.1942E+00 0.6875E-02 0.0000E+00 0.1873E+00 0.2187E+00  0  0  0 0.2145E+00 0.0000E+00
   5.890 1.7016 43.480 0.6998 5.5000 0.1943E+00 0.1726E+00 0.6326E-02 0.0000E+00 0.1663E+00 0.1943E+00  0  0  0 0.1908E+00 0.0000E+00
   5.890 1.6483 44.635 0.7035 5.6000 0.1726E+00 0.1535E+00 0.5838E-02 0.0000E+00 0.1476E+00 0.1726E+00  0  0  0 0.1698E+00 0.0000E+00
   5.890 1.5950 45.842 0.7072 5.7000 0.1534E+00 0.1365E+00 0.5404E-02 0.0000E+00 0.1311E+00 0.1534E+00  0  0  0 0.1511E+00 0.0000E+00
   5.890 1.5418 47.106 0.7108 5.8000 0.1363E+00 0.1214E+00 0.5018E-02 0.0000E+00 0.1164E+00 0.1363E+00  0  0  0 0.1345E+00 0.0000E+00
   5.890 1.4885 48.432 0.7143 5.9000 0.1211E+00 0.1080E+00 0.4675E-02 0.0000E+00 0.1033E+00 0.1211E+00  0  0  0 0.1198E+00 0.0000E+00
   5.890 1.4352 49.826 0.7177 6.0000 0.1076E+00 0.9605E-01 0.4369E-02 0.0000E+00 0.9168E-01 0.1076E+00  0  0  0 0.1066E+00 0.0000E+00
   5.890 1.3819 51.298 0.7211 6.1000 0.9554E-01 0.8540E-01 0.4098E-02 0.0000E+00 0.8130E-01 0.9554E-01  0  0  0 0.9491E-01 0.0000E+00
   5.890 1.3286 52.853 0.7243 6.2000 0.8480E-01 0.7589E-01 0.3858E-02 0.0000E+00 0.7204E-01 0.8480E-01  0  0  0 0.8447E-01 0.0000E+00
   5.890 2.1439 33.928 0.6117 4.3000 0.8497E+00 0.7651E+00 0.2208E-01 0.0000E+00 0.7431E+00 0.8497E+00  0  0  0 0.8342E+00 0.0000E+00
   5.890 2.0906 34.781 0.6171 4.4000 0.7499E+00 0.6754E+00 0.1985E-01 0.0000E+00 0.6555E+00 0.7499E+00  0  0  0 0.7366E+00 0.0000E+00
   5.890 2.0373 35.659 0.6224 4.5000 0.6625E+00 0.5968E+00 0.1790E-01 0.0000E+00 0.5789E+00 0.6625E+00  0  0  0 0.6512E+00 0.0000E+00
   5.890 1.9841 36.565 0.6276 4.6000 0.5858E+00 0.5279E+00 0.1619E-01 0.0000E+00 0.5118E+00 0.5858E+00  0  0  0 0.5763E+00 0.0000E+00
   5.890 1.9308 37.500 0.6326 4.7000 0.5184E+00 0.4674E+00 0.1469E-01 0.0000E+00 0.4527E+00 0.5184E+00  0  0  0 0.5104E+00 0.0000E+00
   5.890 1.8775 38.467 0.6375 4.8000 0.4591E+00 0.4142E+00 0.1336E-01 0.0000E+00 0.4008E+00 0.4591E+00  0  0  0 0.4525E+00 0.0000E+00
   5.890 1.8242 39.468 0.6422 4.9000 0.4068E+00 0.3673E+00 0.1220E-01 0.0000E+00 0.3551E+00 0.4068E+00  0  0  0 0.4014E+00 0.0000E+00
   5.890 1.7709 40.508 0.6469 5.0000 0.3607E+00 0.3259E+00 0.1117E-01 0.0000E+00 0.3148E+00 0.3607E+00  0  0  0 0.3563E+00 0.0000E+00
   5.890 1.7176 41.588 0.6514 5.1000 0.3199E+00 0.2894E+00 0.1026E-01 0.0000E+00 0.2791E+00 0.3199E+00  0  0  0 0.3165E+00 0.0000E+00
   5.890 1.6643 42.712 0.6558 5.2000 0.2839E+00 0.2571E+00 0.9452E-02 0.0000E+00 0.2476E+00 0.2839E+00  0  0  0 0.2812E+00 0.0000E+00
   5.890 1.6110 43.885 0.6600 5.3000 0.2519E+00 0.2284E+00 0.8737E-02 0.0000E+00 0.2197E+00 0.2519E+00  0  0  0 0.2500E+00 0.0000E+00
   5.890 1.5577 45.112 0.6642 5.4000 0.2236E+00 0.2031E+00 0.8103E-02 0.0000E+00 0.1950E+00 0.2236E+00  0  0  0 0.2223E+00 0.0000E+00
   5.890 1.5045 46.397 0.6683 5.5000 0.1985E+00 0.1805E+00 0.7541E-02 0.0000E+00 0.1730E+00 0.1985E+00  0  0  0 0.1977E+00 0.0000E+00
   5.890 1.4512 47.746 0.6723 5.6000 0.1762E+00 0.1605E+00 0.7044E-02 0.0000E+00 0.1535E+00 0.1762E+00  0  0  0 0.1759E+00 0.0000E+00
   5.890 1.3979 49.167 0.6762 5.7000 0.1563E+00 0.1427E+00 0.6602E-02 0.0000E+00 0.1361E+00 0.1563E+00  0  0  0 0.1565E+00 0.0000E+00
   5.890 1.3446 50.667 0.6800 5.8000 0.1387E+00 0.1268E+00 0.6212E-02 0.0000E+00 0.1206E+00 0.1387E+00  0  0  0 0.1392E+00 0.0000E+00
   5.890 1.2913 52.256 0.6837 5.9000 0.1229E+00 0.1127E+00 0.5869E-02 0.0000E+00 0.1068E+00 0.1229E+00  0  0  0 0.1238E+00 0.0000E+00
   5.890 1.2380 53.944 0.6873 6.0000 0.1089E+00 0.1001E+00 0.5570E-02 0.0000E+00 0.9453E-01 0.1089E+00  0  0  0 0.1101E+00 0.0000E+00
   5.890 1.1847 55.743 0.6908 6.1000 0.9644E-01 0.8883E-01 0.5308E-02 0.0000E+00 0.8352E-01 0.9644E-01  0  0  0 0.9780E-01 0.0000E+00
   5.890 1.1314 57.668 0.6943 6.2000 0.8528E-01 0.7876E-01 0.5086E-02 0.0000E+00 0.7367E-01 0.8528E-01  0  0  0 0.8687E-01 0.0000E+00
   5.890 1.9361 35.761 0.5795 4.3000 0.8227E+00 0.7663E+00 0.2469E-01 0.0000E+00 0.7416E+00 0.8227E+00  0  0  0 0.8230E+00 0.0000E+00
   5.890 1.8828 36.715 0.5851 4.4000 0.7268E+00 0.6773E+00 0.2238E-01 0.0000E+00 0.6549E+00 0.7268E+00  0  0  0 0.7276E+00 0.0000E+00
   5.890 1.8295 37.702 0.5906 4.5000 0.6425E+00 0.5991E+00 0.2036E-01 0.0000E+00 0.5788E+00 0.6425E+00  0  0  0 0.6439E+00 0.0000E+00
   5.890 1.7762 38.725 0.5959 4.6000 0.5684E+00 0.5305E+00 0.1858E-01 0.0000E+00 0.5119E+00 0.5684E+00  0  0  0 0.5702E+00 0.0000E+00
   5.890 1.7229 39.787 0.6010 4.7000 0.5030E+00 0.4700E+00 0.1702E-01 0.0000E+00 0.4530E+00 0.5030E+00  0  0  0 0.5053E+00 0.0000E+00
   5.890 1.6696 40.891 0.6061 4.8000 0.4454E+00 0.4167E+00 0.1564E-01 0.0000E+00 0.4010E+00 0.4454E+00  0  0  0 0.4481E+00 0.0000E+00
   5.890 1.6164 42.042 0.6110 4.9000 0.3946E+00 0.3696E+00 0.1442E-01 0.0000E+00 0.3552E+00 0.3946E+00  0  0  0 0.3976E+00 0.0000E+00
   5.890 1.5631 43.243 0.6158 5.0000 0.3496E+00 0.3280E+00 0.1335E-01 0.0000E+00 0.3147E+00 0.3496E+00  0  0  0 0.3529E+00 0.0000E+00
   5.890 1.5098 44.500 0.6205 5.1000 0.3097E+00 0.2912E+00 0.1240E-01 0.0000E+00 0.2788E+00 0.3097E+00  0  0  0 0.3133E+00 0.0000E+00
   5.890 1.4565 45.819 0.6250 5.2000 0.2744E+00 0.2586E+00 0.1156E-01 0.0000E+00 0.2470E+00 0.2744E+00  0  0  0 0.2782E+00 0.0000E+00
   5.890 1.4032 47.206 0.6295 5.3000 0.2431E+00 0.2296E+00 0.1082E-01 0.0000E+00 0.2188E+00 0.2431E+00  0  0  0 0.2471E+00 0.0000E+00
   5.890 1.3499 48.668 0.6338 5.4000 0.2153E+00 0.2039E+00 0.1017E-01 0.0000E+00 0.1938E+00 0.2153E+00  0  0  0 0.2195E+00 0.0000E+00
   5.890 1.2966 50.214 0.6381 5.5000 0.1906E+00 0.1811E+00 0.9593E-02 0.0000E+00 0.1715E+00 0.1906E+00  0  0  0 0.1949E+00 0.0000E+00
   5.890 1.2433 51.855 0.6422 5.6000 0.1687E+00 0.1607E+00 0.9098E-02 0.0000E+00 0.1516E+00 0.1687E+00  0  0  0 0.1731E+00 0.0000E+00
   5.890 1.1901 53.601 0.6463 5.7000 0.1491E+00 0.1426E+00 0.8661E-02 0.0000E+00 0.1339E+00 0.1491E+00  0  0  0 0.1536E+00 0.0000E+00
   5.890 1.1368 55.468 0.6502 5.8000 0.1317E+00 0.1265E+00 0.8295E-02 0.0000E+00 0.1182E+00 0.1317E+00  0  0  0 0.1363E+00 0.0000E+00
   5.890 1.0835 57.470 0.6541 5.9000 0.1162E+00 0.1120E+00 0.7976E-02 0.0000E+00 0.1040E+00 0.1162E+00  0  0  0 0.1208E+00 0.0000E+00
   5.890 1.0302 59.630 0.6579 6.0000 0.1023E+00 0.9911E-01 0.7710E-02 0.0000E+00 0.9140E-01 0.1023E+00  0  0  0 0.1071E+00 0.0000E+00
   5.890 0.9769 61.971 0.6616 6.1000 0.8998E-01 0.8754E-01 0.7497E-02 0.0000E+00 0.8004E-01 0.8998E-01  0  0  0 0.9477E-01 0.0000E+00
   5.890 0.9236 64.523 0.6653 6.2000 0.7896E-01 0.7713E-01 0.7334E-02 0.0000E+00 0.6979E-01 0.7896E-01  0  0  0 0.8380E-01 0.0000E+00
   5.890 1.7176 38.049 0.5492 4.3000 0.7692E+00 0.7439E+00 0.2884E-01 0.0000E+00 0.7150E+00 0.7692E+00  0  0  0 0.7858E+00 0.0000E+00
   5.890 1.6643 39.143 0.5549 4.4000 0.6795E+00 0.6579E+00 0.2641E-01 0.0000E+00 0.6315E+00 0.6795E+00  0  0  0 0.6951E+00 0.0000E+00
   5.890 1.6110 40.281 0.5604 4.5000 0.6005E+00 0.5823E+00 0.2427E-01 0.0000E+00 0.5580E+00 0.6005E+00  0  0  0 0.6152E+00 0.0000E+00
   5.890 1.5577 41.468 0.5658 4.6000 0.5308E+00 0.5157E+00 0.2239E-01 0.0000E+00 0.4933E+00 0.5308E+00  0  0  0 0.5448E+00 0.0000E+00
   5.890 1.5045 42.710 0.5711 4.7000 0.4693E+00 0.4569E+00 0.2074E-01 0.0000E+00 0.4362E+00 0.4693E+00  0  0  0 0.4827E+00 0.0000E+00
   5.890 1.4512 44.011 0.5763 4.8000 0.4150E+00 0.4050E+00 0.1928E-01 0.0000E+00 0.3857E+00 0.4150E+00  0  0  0 0.4277E+00 0.0000E+00
   5.890 1.3979 45.377 0.5813 4.9000 0.3669E+00 0.3591E+00 0.1801E-01 0.0000E+00 0.3411E+00 0.3669E+00  0  0  0 0.3792E+00 0.0000E+00
   5.890 1.3446 46.817 0.5862 5.0000 0.3243E+00 0.3184E+00 0.1688E-01 0.0000E+00 0.3015E+00 0.3243E+00  0  0  0 0.3361E+00 0.0000E+00
   5.890 1.2913 48.339 0.5910 5.1000 0.2866E+00 0.2824E+00 0.1591E-01 0.0000E+00 0.2665E+00 0.2866E+00  0  0  0 0.2980E+00 0.0000E+00
   5.890 1.2380 49.951 0.5957 5.2000 0.2531E+00 0.2504E+00 0.1505E-01 0.0000E+00 0.2354E+00 0.2531E+00  0  0  0 0.2641E+00 0.0000E+00
   5.890 1.1847 51.667 0.6002 5.3000 0.2234E+00 0.2220E+00 0.1430E-01 0.0000E+00 0.2077E+00 0.2234E+00  0  0  0 0.2341E+00 0.0000E+00
   5.890 1.1314 53.498 0.6047 5.4000 0.1969E+00 0.1967E+00 0.1366E-01 0.0000E+00 0.1831E+00 0.1969E+00  0  0  0 0.2073E+00 0.0000E+00
   5.890 1.0781 55.463 0.6091 5.5000 0.1734E+00 0.1742E+00 0.1312E-01 0.0000E+00 0.1611E+00 0.1734E+00  0  0  0 0.1836E+00 0.0000E+00
   5.890 1.0249 57.578 0.6134 5.6000 0.1525E+00 0.1542E+00 0.1266E-01 0.0000E+00 0.1415E+00 0.1525E+00  0  0  0 0.1624E+00 0.0000E+00
   5.890 0.9716 59.870 0.6176 5.7000 0.1339E+00 0.1363E+00 0.1230E-01 0.0000E+00 0.1240E+00 0.1339E+00  0  0  0 0.1436E+00 0.0000E+00
   5.890 0.9183 62.366 0.6217 5.8000 0.1173E+00 0.1202E+00 0.1202E-01 0.0000E+00 0.1082E+00 0.1173E+00  0  0  0 0.1268E+00 0.0000E+00
   5.890 0.8650 65.104 0.6257 5.9000 0.1025E+00 0.1058E+00 0.1183E-01 0.0000E+00 0.9401E-01 0.1025E+00  0  0  0 0.1119E+00 0.0000E+00
   5.890 0.8117 68.130 0.6296 6.0000 0.8933E-01 0.9283E-01 0.1172E-01 0.0000E+00 0.8111E-01 0.8933E-01  0  0  0 0.9858E-01 0.0000E+00
   5.890 0.7584 71.506 0.6335 6.1000 0.7758E-01 0.8087E-01 0.1168E-01 0.0000E+00 0.6918E-01 0.7758E-01  0  0  0 0.8675E-01 0.0000E+00
   5.890 0.7051 75.311 0.6372 6.2000 0.6710E-01 0.6948E-01 0.1169E-01 0.0000E+00 0.5778E-01 0.6710E-01  0  0  0 0.7624E-01 0.0000E+00
   5.890 1.4885 40.995 0.5206 4.3000 0.6987E+00 0.7050E+00 0.3527E-01 0.0000E+00 0.6697E+00 0.6987E+00  0  0  0 0.7311E+00 0.0000E+00
   5.890 1.4352 42.290 0.5263 4.4000 0.6162E+00 0.6234E+00 0.3267E-01 0.0000E+00 0.5907E+00 0.6162E+00  0  0  0 0.6462E+00 0.0000E+00
   5.890 1.3819 43.650 0.5319 4.5000 0.5434E+00 0.5515E+00 0.3042E-01 0.0000E+00 0.5211E+00 0.5434E+00  0  0  0 0.5714E+00 0.0000E+00
   5.890 1.3286 45.083 0.5374 4.6000 0.4791E+00 0.4881E+00 0.2843E-01 0.0000E+00 0.4596E+00 0.4791E+00  0  0  0 0.5053E+00 0.0000E+00
   5.890 1.2753 46.595 0.5427 4.7000 0.4224E+00 0.4320E+00 0.2669E-01 0.0000E+00 0.4053E+00 0.4224E+00  0  0  0 0.4470E+00 0.0000E+00
   5.890 1.2220 48.198 0.5480 4.8000 0.3721E+00 0.3825E+00 0.2517E-01 0.0000E+00 0.3573E+00 0.3721E+00  0  0  0 0.3953E+00 0.0000E+00
   5.890 1.1687 49.902 0.5531 4.9000 0.3276E+00 0.3386E+00 0.2386E-01 0.0000E+00 0.3147E+00 0.3276E+00  0  0  0 0.3495E+00 0.0000E+00
   5.890 1.1154 51.722 0.5581 5.0000 0.2882E+00 0.2997E+00 0.2274E-01 0.0000E+00 0.2769E+00 0.2882E+00  0  0  0 0.3090E+00 0.0000E+00
   5.890 1.0622 53.673 0.5629 5.1000 0.2532E+00 0.2651E+00 0.2179E-01 0.0000E+00 0.2434E+00 0.2532E+00  0  0  0 0.2730E+00 0.0000E+00
   5.890 1.0089 55.775 0.5677 5.2000 0.2222E+00 0.2345E+00 0.2100E-01 0.0000E+00 0.2135E+00 0.2222E+00  0  0  0 0.2411E+00 0.0000E+00
   5.890 0.9556 58.051 0.5724 5.3000 0.1946E+00 0.2072E+00 0.2036E-01 0.0000E+00 0.1868E+00 0.1946E+00  0  0  0 0.2128E+00 0.0000E+00
   5.890 0.9023 60.531 0.5769 5.4000 0.1701E+00 0.1829E+00 0.1987E-01 0.0000E+00 0.1630E+00 0.1701E+00  0  0  0 0.1876E+00 0.0000E+00
   5.890 0.8490 63.252 0.5814 5.5000 0.1483E+00 0.1612E+00 0.1952E-01 0.0000E+00 0.1417E+00 0.1483E+00  0  0  0 0.1652E+00 0.0000E+00
   5.890 0.7957 66.261 0.5858 5.6000 0.1289E+00 0.1417E+00 0.1931E-01 0.0000E+00 0.1224E+00 0.1289E+00  0  0  0 0.1454E+00 0.0000E+00
   5.890 0.7424 69.620 0.5901 5.7000 0.1116E+00 0.1240E+00 0.1925E-01 0.0000E+00 0.1048E+00 0.1116E+00  0  0  0 0.1277E+00 0.0000E+00
   5.890 0.6891 73.410 0.5943 5.8000 0.9629E-01 0.1076E+00 0.1929E-01 0.0000E+00 0.8833E-01 0.9629E-01  0  0  0 0.1121E+00 0.0000E+00
   5.890 0.6358 77.743 0.5984 5.9001 0.8262E-01 0.9125E-01 0.1936E-01 0.0000E+00 0.7188E-01 0.8262E-01  0  0  0 0.9823E-01 0.0000E+00
   5.890 0.5825 82.781 0.6024 6.0001 0.7046E-01 0.7114E-01 0.1897E-01 0.0000E+00 0.5216E-01 0.7046E-01  0  0  0 0.8599E-01 0.0000E+00
   5.890 0.5293 88.763 0.6064 6.1001 0.5964E-01 0.1983E-01 0.8407E-02 0.0000E+00 0.1143E-01 0.5964E-01  0  0  0 0.7521E-01 0.0000E+00
   5.890 0.4760 96.072 0.6103 6.2001 0.5001E-01 0.1158E+00 0.2503E-01 0.0000E+00 0.9075E-01 0.5001E-01  0  0  0 0.6577E-01 0.0000E+00
