1.2,2.7,3.0,4.3
   5.890 3.9931 20.573 0.8428 3.0000 0.3285E+01 0.2262E+01 0.3618E+00 0.0000E+00 0.1900E+01 0.3285E+01  0  0  0 0.2783E+01 0.0000E+00
   5.890 3.9398 21.060 0.8471 3.1000 0.2738E+01 0.1887E+01 0.3028E+00 0.0000E+00 0.1584E+01 0.2738E+01  0  0  0 0.2322E+01 0.0000E+00
   5.890 3.8865 21.549 0.8511 3.2000 0.2292E+01 0.1581E+01 0.2543E+00 0.0000E+00 0.1326E+01 0.2292E+01  0  0  0 0.1944E+01 0.0000E+00
   5.890 3.8332 22.041 0.8550 3.3000 0.1925E+01 0.1329E+01 0.2145E+00 0.0000E+00 0.1114E+01 0.1925E+01  0  0  0 0.1634E+01 0.0000E+00
   5.890 3.7799 22.535 0.8587 3.4000 0.1623E+01 0.1121E+01 0.1815E+00 0.0000E+00 0.9395E+00 0.1623E+01  0  0  0 0.1378E+01 0.0000E+00
   5.890 3.7266 23.034 0.8621 3.5000 0.1372E+01 0.9489E+00 0.1541E+00 0.0000E+00 0.7947E+00 0.1372E+01  0  0  0 0.1166E+01 0.0000E+00
   5.890 3.6733 23.537 0.8654 3.6000 0.1164E+01 0.8056E+00 0.1313E+00 0.0000E+00 0.6744E+00 0.1164E+01  0  0  0 0.9900E+00 0.0000E+00
   5.890 3.6200 24.044 0.8686 3.7000 0.9905E+00 0.6861E+00 0.1122E+00 0.0000E+00 0.5739E+00 0.9905E+00  0  0  0 0.8428E+00 0.0000E+00
   5.890 3.5668 24.556 0.8716 3.8000 0.8450E+00 0.5858E+00 0.9616E-01 0.0000E+00 0.4897E+00 0.8450E+00  0  0  0 0.7195E+00 0.0000E+00
   5.890 3.5135 25.073 0.8745 3.9000 0.7227E+00 0.5016E+00 0.8265E-01 0.0000E+00 0.4189E+00 0.7227E+00  0  0  0 0.6158E+00 0.0000E+00
   5.890 3.4602 25.595 0.8773 4.0000 0.6195E+00 0.4305E+00 0.7123E-01 0.0000E+00 0.3593E+00 0.6195E+00  0  0  0 0.5284E+00 0.0000E+00
   5.890 3.4069 26.124 0.8799 4.1000 0.5323E+00 0.3703E+00 0.6154E-01 0.0000E+00 0.3088E+00 0.5323E+00  0  0  0 0.4544E+00 0.0000E+00
   5.890 3.3536 26.660 0.8824 4.2000 0.4584E+00 0.3193E+00 0.5331E-01 0.0000E+00 0.2660E+00 0.4584E+00  0  0  0 0.3916E+00 0.0000E+00
   5.890 3.3003 27.202 0.8848 4.3000 0.3955E+00 0.2759E+00 0.4628E-01 0.0000E+00 0.2296E+00 0.3955E+00  0  0  0 0.3382E+00 0.0000E+00
   5.890 3.8598 20.929 0.7875 3.0000 0.2737E+01 0.2259E+01 0.2576E+00 0.0000E+00 0.2002E+01 0.2737E+01  0  0  0 0.2555E+01 0.0000E+00
   5.890 3.8066 21.430 0.7929 3.1000 0.2311E+01 0.1902E+01 0.2158E+00 0.0000E+00 0.1687E+01 0.2311E+01  0  0  0 0.2155E+01 0.0000E+00
   5.890 3.7533 21.933 0.7981 3.2000 0.1958E+01 0.1608E+01 0.1815E+00 0.0000E+00 0.1426E+01 0.1958E+01  0  0  0 0.1824E+01 0.0000E+00
   5.890 3.7000 22.439 0.8030 3.3000 0.1665E+01 0.1364E+01 0.1533E+00 0.0000E+00 0.1210E+01 0.1665E+01  0  0  0 0.1549E+01 0.0000E+00
   5.890 3.6467 22.949 0.8077 3.4000 0.1420E+01 0.1160E+01 0.1299E+00 0.0000E+00 0.1031E+01 0.1420E+01  0  0  0 0.1320E+01 0.0000E+00
   5.890 3.5934 23.463 0.8121 3.5000 0.1215E+01 0.9906E+00 0.1105E+00 0.0000E+00 0.8801E+00 0.1215E+01  0  0  0 0.1128E+01 0.0000E+00
   5.890 3.5401 23.982 0.8164 3.6000 0.1043E+01 0.8481E+00 0.9427E-01 0.0000E+00 0.7538E+00 0.1043E+01  0  0  0 0.9668E+00 0.0000E+00
   5.890 3.4868 24.506 0.8205 3.7000 0.8971E+00 0.7281E+00 0.8068E-01 0.0000E+00 0.6474E+00 0.8971E+00  0  0  0 0.8310E+00 0.0000E+00
   5.890 3.4335 25.035 0.8244 3.8000 0.7736E+00 0.6267E+00 0.6926E-01 0.0000E+00 0.5574E+00 0.7736E+00  0  0  0 0.7160E+00 0.0000E+00
   5.890 3.3802 25.570 0.8281 3.9000 0.6688E+00 0.5407E+00 0.5962E-01 0.0000E+00 0.4811E+00 0.6688E+00  0  0  0 0.6185E+00 0.0000E+00
   5.890 3.3270 26.112 0.8317 4.0000 0.5794E+00 0.4677E+00 0.5147E-01 0.0000E+00 0.4162E+00 0.5794E+00  0  0  0 0.5355E+00 0.0000E+00
   5.890 3.2737 26.660 0.8351 4.1000 0.5030E+00 0.4053E+00 0.4455E-01 0.0000E+00 0.3608E+00 0.5030E+00  0  0  0 0.4646E+00 0.0000E+00
   5.890 3.2204 27.216 0.8384 4.2000 0.4376E+00 0.3521E+00 0.3865E-01 0.0000E+00 0.3134E+00 0.4376E+00  0  0  0 0.4039E+00 0.0000E+00
   5.890 3.1671 27.780 0.8415 4.3000 0.3814E+00 0.3064E+00 0.3362E-01 0.0000E+00 0.2728E+00 0.3814E+00  0  0  0 0.3519E+00 0.0000E+00
   5.890 3.7160 21.335 0.7353 3.0000 0.3300E+01 0.2648E+01 0.1997E+00 0.0000E+00 0.2449E+01 0.3300E+01  0  0  0 0.3033E+01 0.0000E+00
   5.890 3.6627 21.852 0.7417 3.1000 0.2810E+01 0.2249E+01 0.1676E+00 0.0000E+00 0.2081E+01 0.2810E+01  0  0  0 0.2579E+01 0.0000E+00
   5.890 3.6094 22.371 0.7477 3.2000 0.2400E+01 0.1916E+01 0.1413E+00 0.0000E+00 0.1775E+01 0.2400E+01  0  0  0 0.2200E+01 0.0000E+00
   5.890 3.5561 22.894 0.7535 3.3000 0.2056E+01 0.1637E+01 0.1196E+00 0.0000E+00 0.1518E+01 0.2056E+01  0  0  0 0.1883E+01 0.0000E+00
   5.890 3.5028 23.422 0.7590 3.4000 0.1766E+01 0.1404E+01 0.1015E+00 0.0000E+00 0.1302E+01 0.1766E+01  0  0  0 0.1616E+01 0.0000E+00
   5.890 3.4495 23.955 0.7642 3.5000 0.1521E+01 0.1207E+01 0.8654E-01 0.0000E+00 0.1120E+01 0.1521E+01  0  0  0 0.1391E+01 0.0000E+00
   5.890 3.3962 24.492 0.7693 3.6000 0.1313E+01 0.1040E+01 0.7400E-01 0.0000E+00 0.9659E+00 0.1313E+01  0  0  0 0.1200E+01 0.0000E+00
   5.890 3.3430 25.036 0.7741 3.7000 0.1136E+01 0.8985E+00 0.6347E-01 0.0000E+00 0.8350E+00 0.1136E+01  0  0  0 0.1038E+01 0.0000E+00
   5.890 3.2897 25.586 0.7787 3.8000 0.9857E+00 0.7782E+00 0.5461E-01 0.0000E+00 0.7236E+00 0.9857E+00  0  0  0 0.8996E+00 0.0000E+00
   5.890 3.2364 26.142 0.7832 3.9000 0.8568E+00 0.6755E+00 0.4712E-01 0.0000E+00 0.6283E+00 0.8568E+00  0  0  0 0.7816E+00 0.0000E+00
   5.890 3.1831 26.706 0.7875 4.0000 0.7462E+00 0.5875E+00 0.4078E-01 0.0000E+00 0.5468E+00 0.7462E+00  0  0  0 0.6805E+00 0.0000E+00
   5.890 3.1298 27.278 0.7916 4.1000 0.6512E+00 0.5121E+00 0.3538E-01 0.0000E+00 0.4767E+00 0.6512E+00  0  0  0 0.5936E+00 0.0000E+00
   5.890 3.0765 27.858 0.7955 4.2000 0.5692E+00 0.4472E+00 0.3078E-01 0.0000E+00 0.4164E+00 0.5692E+00  0  0  0 0.5187E+00 0.0000E+00
   5.890 3.0232 28.447 0.7993 4.3000 0.4984E+00 0.3912E+00 0.2684E-01 0.0000E+00 0.3643E+00 0.4984E+00  0  0  0 0.4541E+00 0.0000E+00
   5.890 3.5614 21.799 0.6865 3.0000 0.6147E+01 0.4468E+01 0.1646E+00 0.0000E+00 0.4304E+01 0.6147E+01  0  0  0 0.5365E+01 0.0000E+00
   5.890 3.5081 22.334 0.6936 3.1000 0.5231E+01 0.3800E+01 0.1383E+00 0.0000E+00 0.3662E+01 0.5231E+01  0  0  0 0.4565E+01 0.0000E+00
   5.890 3.4548 22.872 0.7003 3.2000 0.4465E+01 0.3242E+01 0.1171E+00 0.0000E+00 0.3125E+01 0.4465E+01  0  0  0 0.3896E+01 0.0000E+00
   5.890 3.4016 23.416 0.7067 3.3000 0.3821E+01 0.2773E+01 0.9936E-01 0.0000E+00 0.2674E+01 0.3821E+01  0  0  0 0.3334E+01 0.0000E+00
   5.890 3.3483 23.964 0.7128 3.4000 0.3278E+01 0.2379E+01 0.8462E-01 0.0000E+00 0.2294E+01 0.3278E+01  0  0  0 0.2861E+01 0.0000E+00
   5.890 3.2950 24.518 0.7187 3.5000 0.2819E+01 0.2045E+01 0.7233E-01 0.0000E+00 0.1973E+01 0.2819E+01  0  0  0 0.2460E+01 0.0000E+00
   5.890 3.2417 25.079 0.7244 3.6000 0.2429E+01 0.1763E+01 0.6203E-01 0.0000E+00 0.1701E+01 0.2429E+01  0  0  0 0.2121E+01 0.0000E+00
   5.890 3.1884 25.645 0.7298 3.7000 0.2098E+01 0.1522E+01 0.5337E-01 0.0000E+00 0.1469E+01 0.2098E+01  0  0  0 0.1832E+01 0.0000E+00
   5.890 3.1351 26.220 0.7351 3.8000 0.1816E+01 0.1318E+01 0.4607E-01 0.0000E+00 0.1272E+01 0.1816E+01  0  0  0 0.1586E+01 0.0000E+00
   5.890 3.0818 26.802 0.7401 3.9000 0.1574E+01 0.1143E+01 0.3988E-01 0.0000E+00 0.1103E+01 0.1574E+01  0  0  0 0.1376E+01 0.0000E+00
   5.890 3.0285 27.392 0.7449 4.0000 0.1368E+01 0.9932E+00 0.3462E-01 0.0000E+00 0.9586E+00 0.1368E+01  0  0  0 0.1196E+01 0.0000E+00
   5.890 2.9753 27.991 0.7496 4.1000 0.1190E+01 0.8646E+00 0.3014E-01 0.0000E+00 0.8345E+00 0.1190E+01  0  0  0 0.1041E+01 0.0000E+00
   5.890 2.9220 28.600 0.7541 4.2000 0.1037E+01 0.7539E+00 0.2631E-01 0.0000E+00 0.7276E+00 0.1037E+01  0  0  0 0.9080E+00 0.0000E+00
   5.890 2.8687 29.220 0.7584 4.3000 0.9054E+00 0.6585E+00 0.2302E-01 0.0000E+00 0.6355E+00 0.9054E+00  0  0  0 0.7932E+00 0.0000E+00
   5.890 3.3962 22.330 0.6411 3.0000 0.4429E+01 0.3795E+01 0.1426E+00 0.0000E+00 0.3653E+01 0.4429E+01  0  0  0 0.4218E+01 0.0000E+00
   5.890 3.3430 22.886 0.6486 3.1000 0.3792E+01 0.3244E+01 0.1205E+00 0.0000E+00 0.3124E+01 0.3792E+01  0  0  0 0.3609E+01 0.0000E+00
   5.890 3.2897 23.448 0.6558 3.2000 0.3257E+01 0.2781E+01 0.1022E+00 0.0000E+00 0.2679E+01 0.3257E+01  0  0  0 0.3097E+01 0.0000E+00
   5.890 3.2364 24.015 0.6627 3.3000 0.2804E+01 0.2391E+01 0.8706E-01 0.0000E+00 0.2304E+01 0.2804E+01  0  0  0 0.2665E+01 0.0000E+00
   5.890 3.1831 24.588 0.6693 3.4000 0.2420E+01 0.2061E+01 0.7443E-01 0.0000E+00 0.1986E+01 0.2420E+01  0  0  0 0.2299E+01 0.0000E+00
   5.890 3.1298 25.167 0.6757 3.5000 0.2093E+01 0.1780E+01 0.6386E-01 0.0000E+00 0.1716E+01 0.2093E+01  0  0  0 0.1988E+01 0.0000E+00
   5.890 3.0765 25.754 0.6819 3.6000 0.1815E+01 0.1542E+01 0.5498E-01 0.0000E+00 0.1487E+01 0.1815E+01  0  0  0 0.1723E+01 0.0000E+00
   5.890 3.0232 26.349 0.6878 3.7000 0.1577E+01 0.1338E+01 0.4749E-01 0.0000E+00 0.1290E+01 0.1577E+01  0  0  0 0.1496E+01 0.0000E+00
   5.890 2.9699 26.952 0.6935 3.8000 0.1372E+01 0.1163E+01 0.4115E-01 0.0000E+00 0.1122E+01 0.1372E+01  0  0  0 0.1302E+01 0.0000E+00
   5.890 2.9166 27.565 0.6990 3.9000 0.1197E+01 0.1013E+01 0.3577E-01 0.0000E+00 0.9777E+00 0.1197E+01  0  0  0 0.1135E+01 0.0000E+00
   5.890 2.8633 28.187 0.7043 4.0000 0.1045E+01 0.8845E+00 0.3119E-01 0.0000E+00 0.8533E+00 0.1045E+01  0  0  0 0.9912E+00 0.0000E+00
   5.890 2.8101 28.820 0.7094 4.1000 0.9144E+00 0.7734E+00 0.2727E-01 0.0000E+00 0.7461E+00 0.9144E+00  0  0  0 0.8672E+00 0.0000E+00
   5.890 2.7568 29.464 0.7143 4.2000 0.8012E+00 0.6773E+00 0.2391E-01 0.0000E+00 0.6534E+00 0.8012E+00  0  0  0 0.7599E+00 0.0000E+00
   5.890 2.7035 30.120 0.7191 4.3000 0.7031E+00 0.5940E+00 0.2101E-01 0.0000E+00 0.5730E+00 0.7031E+00  0  0  0 0.6669E+00 0.0000E+00
   5.890 3.2204 22.939 0.5988 3.0000 0.6198E+01 0.4983E+01 0.1293E+00 0.0000E+00 0.4854E+01 0.6198E+01  0  0  0 0.5700E+01 0.0000E+00
   5.890 3.1671 23.522 0.6067 3.1000 0.5315E+01 0.4269E+01 0.1097E+00 0.0000E+00 0.4160E+01 0.5315E+01  0  0  0 0.4887E+01 0.0000E+00
   5.890 3.1138 24.110 0.6142 3.2000 0.4570E+01 0.3668E+01 0.9350E-01 0.0000E+00 0.3574E+01 0.4570E+01  0  0  0 0.4201E+01 0.0000E+00
   5.890 3.0605 24.706 0.6215 3.3000 0.3939E+01 0.3159E+01 0.8000E-01 0.0000E+00 0.3079E+01 0.3939E+01  0  0  0 0.3621E+01 0.0000E+00
   5.890 3.0072 25.308 0.6285 3.4000 0.3404E+01 0.2728E+01 0.6870E-01 0.0000E+00 0.2659E+01 0.3404E+01  0  0  0 0.3128E+01 0.0000E+00
   5.890 2.9539 25.918 0.6352 3.5000 0.2947E+01 0.2360E+01 0.5922E-01 0.0000E+00 0.2301E+01 0.2947E+01  0  0  0 0.2708E+01 0.0000E+00
   5.890 2.9006 26.537 0.6417 3.6000 0.2557E+01 0.2047E+01 0.5123E-01 0.0000E+00 0.1996E+01 0.2557E+01  0  0  0 0.2350E+01 0.0000E+00
   5.890 2.8473 27.166 0.6480 3.7000 0.2222E+01 0.1779E+01 0.4447E-01 0.0000E+00 0.1734E+01 0.2222E+01  0  0  0 0.2043E+01 0.0000E+00
   5.890 2.7941 27.804 0.6541 3.8000 0.1935E+01 0.1548E+01 0.3873E-01 0.0000E+00 0.1510E+01 0.1935E+01  0  0  0 0.1779E+01 0.0000E+00
   5.890 2.7408 28.453 0.6599 3.9000 0.1687E+01 0.1350E+01 0.3383E-01 0.0000E+00 0.1316E+01 0.1687E+01  0  0  0 0.1552E+01 0.0000E+00
   5.890 2.6875 29.114 0.6656 4.0000 0.1474E+01 0.1179E+01 0.2963E-01 0.0000E+00 0.1150E+01 0.1474E+01  0  0  0 0.1356E+01 0.0000E+00
   5.890 2.6342 29.788 0.6711 4.1000 0.1289E+01 0.1032E+01 0.2604E-01 0.0000E+00 0.1006E+01 0.1289E+01  0  0  0 0.1187E+01 0.0000E+00
   5.890 2.5809 30.474 0.6764 4.2000 0.1129E+01 0.9038E+00 0.2296E-01 0.0000E+00 0.8808E+00 0.1129E+01  0  0  0 0.1040E+01 0.0000E+00
   5.890 2.5276 31.176 0.6815 4.3000 0.9903E+00 0.7928E+00 0.2029E-01 0.0000E+00 0.7725E+00 0.9903E+00  0  0  0 0.9124E+00 0.0000E+00
   5.890 3.0339 23.644 0.5597 3.0000 0.4955E+01 0.4441E+01 0.1221E+00 0.0000E+00 0.4319E+01 0.4955E+01  0  0  0 0.4832E+01 0.0000E+00
   5.890 2.9806 24.257 0.5678 3.1000 0.4269E+01 0.3820E+01 0.1042E+00 0.0000E+00 0.3715E+01 0.4269E+01  0  0  0 0.4160E+01 0.0000E+00
   5.890 2.9273 24.879 0.5756 3.2000 0.3687E+01 0.3294E+01 0.8924E-01 0.0000E+00 0.3205E+01 0.3687E+01  0  0  0 0.3591E+01 0.0000E+00
   5.890 2.8740 25.508 0.5831 3.3000 0.3191E+01 0.2848E+01 0.7676E-01 0.0000E+00 0.2771E+01 0.3191E+01  0  0  0 0.3107E+01 0.0000E+00
   5.890 2.8207 26.146 0.5903 3.4000 0.2768E+01 0.2468E+01 0.6629E-01 0.0000E+00 0.2401E+01 0.2768E+01  0  0  0 0.2694E+01 0.0000E+00
   5.890 2.7674 26.793 0.5973 3.5000 0.2407E+01 0.2143E+01 0.5746E-01 0.0000E+00 0.2085E+01 0.2407E+01  0  0  0 0.2342E+01 0.0000E+00
   5.890 2.7141 27.451 0.6041 3.6000 0.2096E+01 0.1865E+01 0.4998E-01 0.0000E+00 0.1815E+01 0.2096E+01  0  0  0 0.2039E+01 0.0000E+00
   5.890 2.6608 28.121 0.6106 3.7000 0.1829E+01 0.1626E+01 0.4363E-01 0.0000E+00 0.1582E+01 0.1829E+01  0  0  0 0.1779E+01 0.0000E+00
   5.890 2.6075 28.802 0.6169 3.8000 0.1599E+01 0.1420E+01 0.3822E-01 0.0000E+00 0.1382E+01 0.1599E+01  0  0  0 0.1555E+01 0.0000E+00
   5.890 2.5543 29.497 0.6230 3.9000 0.1400E+01 0.1243E+01 0.3359E-01 0.0000E+00 0.1209E+01 0.1400E+01  0  0  0 0.1362E+01 0.0000E+00
   5.890 2.5010 30.205 0.6290 4.0000 0.1228E+01 0.1089E+01 0.2961E-01 0.0000E+00 0.1060E+01 0.1228E+01  0  0  0 0.1194E+01 0.0000E+00
   5.890 2.4477 30.929 0.6347 4.1000 0.1078E+01 0.9560E+00 0.2618E-01 0.0000E+00 0.9298E+00 0.1078E+01  0  0  0 0.1049E+01 0.0000E+00
   5.890 2.3944 31.669 0.6403 4.2000 0.9481E+00 0.8404E+00 0.2323E-01 0.0000E+00 0.8172E+00 0.9481E+00  0  0  0 0.9225E+00 0.0000E+00
   5.890 2.3411 32.427 0.6457 4.3000 0.8348E+00 0.7397E+00 0.2066E-01 0.0000E+00 0.7191E+00 0.8348E+00  0  0  0 0.8125E+00 0.0000E+00
   5.890 2.8367 24.464 0.5236 3.0000 0.4920E+01 0.4467E+01 0.1200E+00 0.0000E+00 0.4347E+01 0.4920E+01  0  0  0 0.4828E+01 0.0000E+00
   5.890 2.7834 25.115 0.5318 3.1000 0.4249E+01 0.3853E+01 0.1029E+00 0.0000E+00 0.3750E+01 0.4249E+01  0  0  0 0.4168E+01 0.0000E+00
   5.890 2.7301 25.776 0.5397 3.2000 0.3679E+01 0.3331E+01 0.8870E-01 0.0000E+00 0.3243E+01 0.3679E+01  0  0  0 0.3607E+01 0.0000E+00
   5.890 2.6768 26.447 0.5473 3.3000 0.3192E+01 0.2887E+01 0.7676E-01 0.0000E+00 0.2810E+01 0.3192E+01  0  0  0 0.3129E+01 0.0000E+00
   5.890 2.6235 27.128 0.5547 3.4000 0.2775E+01 0.2508E+01 0.6669E-01 0.0000E+00 0.2441E+01 0.2775E+01  0  0  0 0.2720E+01 0.0000E+00
   5.890 2.5703 27.822 0.5618 3.5000 0.2418E+01 0.2183E+01 0.5816E-01 0.0000E+00 0.2125E+01 0.2418E+01  0  0  0 0.2369E+01 0.0000E+00
   5.890 2.5170 28.528 0.5687 3.6000 0.2110E+01 0.1904E+01 0.5092E-01 0.0000E+00 0.1853E+01 0.2110E+01  0  0  0 0.2068E+01 0.0000E+00
   5.890 2.4637 29.248 0.5755 3.7000 0.1845E+01 0.1663E+01 0.4474E-01 0.0000E+00 0.1619E+01 0.1845E+01  0  0  0 0.1808E+01 0.0000E+00
   5.890 2.4104 29.983 0.5820 3.8000 0.1615E+01 0.1456E+01 0.3944E-01 0.0000E+00 0.1416E+01 0.1615E+01  0  0  0 0.1583E+01 0.0000E+00
   5.890 2.3571 30.735 0.5883 3.9000 0.1417E+01 0.1276E+01 0.3489E-01 0.0000E+00 0.1241E+01 0.1417E+01  0  0  0 0.1389E+01 0.0000E+00
   5.890 2.3038 31.503 0.5944 4.0000 0.1244E+01 0.1121E+01 0.3097E-01 0.0000E+00 0.1090E+01 0.1244E+01  0  0  0 0.1220E+01 0.0000E+00
   5.890 2.2505 32.291 0.6003 4.1000 0.1094E+01 0.9855E+00 0.2758E-01 0.0000E+00 0.9580E+00 0.1094E+01  0  0  0 0.1073E+01 0.0000E+00
   5.890 2.1972 33.099 0.6061 4.2000 0.9638E+00 0.8678E+00 0.2464E-01 0.0000E+00 0.8432E+00 0.9638E+00  0  0  0 0.9457E+00 0.0000E+00
   5.890 2.1439 33.928 0.6117 4.3000 0.8497E+00 0.7651E+00 0.2208E-01 0.0000E+00 0.7431E+00 0.8497E+00  0  0  0 0.8342E+00 0.0000E+00
   5.890 2.6289 25.428 0.4902 3.0000 0.4619E+01 0.4339E+01 0.1221E+00 0.0000E+00 0.4217E+01 0.4619E+01  0  0  0 0.4617E+01 0.0000E+00
   5.890 2.5756 26.126 0.4984 3.1000 0.4004E+01 0.3754E+01 0.1054E+00 0.0000E+00 0.3649E+01 0.4004E+01  0  0  0 0.4000E+01 0.0000E+00
   5.890 2.5223 26.836 0.5064 3.2000 0.3478E+01 0.3256E+01 0.9145E-01 0.0000E+00 0.3165E+01 0.3478E+01  0  0  0 0.3472E+01 0.0000E+00
   5.890 2.4690 27.559 0.5140 3.3000 0.3027E+01 0.2830E+01 0.7967E-01 0.0000E+00 0.2751E+01 0.3027E+01  0  0  0 0.3021E+01 0.0000E+00
   5.890 2.4157 28.295 0.5215 3.4000 0.2640E+01 0.2465E+01 0.6970E-01 0.0000E+00 0.2396E+01 0.2640E+01  0  0  0 0.2634E+01 0.0000E+00
   5.890 2.3624 29.046 0.5287 3.5000 0.2306E+01 0.2152E+01 0.6120E-01 0.0000E+00 0.2090E+01 0.2306E+01  0  0  0 0.2301E+01 0.0000E+00
   5.890 2.3091 29.813 0.5357 3.6000 0.2018E+01 0.1881E+01 0.5396E-01 0.0000E+00 0.1827E+01 0.2018E+01  0  0  0 0.2013E+01 0.0000E+00
   5.890 2.2558 30.597 0.5425 3.7000 0.1768E+01 0.1648E+01 0.4775E-01 0.0000E+00 0.1600E+01 0.1768E+01  0  0  0 0.1764E+01 0.0000E+00
   5.890 2.2025 31.401 0.5492 3.8000 0.1552E+01 0.1445E+01 0.4241E-01 0.0000E+00 0.1403E+01 0.1552E+01  0  0  0 0.1549E+01 0.0000E+00
   5.890 2.1493 32.225 0.5556 3.9000 0.1364E+01 0.1270E+01 0.3779E-01 0.0000E+00 0.1232E+01 0.1364E+01  0  0  0 0.1361E+01 0.0000E+00
   5.890 2.0960 33.071 0.5618 4.0000 0.1200E+01 0.1117E+01 0.3380E-01 0.0000E+00 0.1083E+01 0.1200E+01  0  0  0 0.1198E+01 0.0000E+00
   5.890 2.0427 33.941 0.5679 4.1000 0.1057E+01 0.9840E+00 0.3034E-01 0.0000E+00 0.9537E+00 0.1057E+01  0  0  0 0.1056E+01 0.0000E+00
   5.890 1.9894 34.837 0.5738 4.2000 0.9321E+00 0.8679E+00 0.2732E-01 0.0000E+00 0.8406E+00 0.9321E+00  0  0  0 0.9317E+00 0.0000E+00
   5.890 1.9361 35.761 0.5795 4.3000 0.8227E+00 0.7663E+00 0.2469E-01 0.0000E+00 0.7416E+00 0.8227E+00  0  0  0 0.8230E+00 0.0000E+00
   5.890 2.4104 26.576 0.4594 3.0000 0.4218E+01 0.4101E+01 0.1283E+00 0.0000E+00 0.3973E+01 0.4218E+01  0  0  0 0.4296E+01 0.0000E+00
   5.890 2.3571 27.333 0.4676 3.1000 0.3668E+01 0.3560E+01 0.1117E+00 0.0000E+00 0.3448E+01 0.3668E+01  0  0  0 0.3733E+01 0.0000E+00
   5.890 2.3038 28.105 0.4755 3.2000 0.3196E+01 0.3097E+01 0.9755E-01 0.0000E+00 0.2999E+01 0.3196E+01  0  0  0 0.3251E+01 0.0000E+00
   5.890 2.2505 28.893 0.4832 3.3000 0.2789E+01 0.2699E+01 0.8561E-01 0.0000E+00 0.2614E+01 0.2789E+01  0  0  0 0.2836E+01 0.0000E+00
   5.890 2.1972 29.699 0.4906 3.4000 0.2438E+01 0.2357E+01 0.7546E-01 0.0000E+00 0.2282E+01 0.2438E+01  0  0  0 0.2479E+01 0.0000E+00
   5.890 2.1439 30.524 0.4979 3.5000 0.2135E+01 0.2062E+01 0.6677E-01 0.0000E+00 0.1995E+01 0.2135E+01  0  0  0 0.2171E+01 0.0000E+00
   5.890 2.0906 31.370 0.5049 3.6000 0.1872E+01 0.1807E+01 0.5933E-01 0.0000E+00 0.1748E+01 0.1872E+01  0  0  0 0.1903E+01 0.0000E+00
   5.890 2.0373 32.239 0.5118 3.7000 0.1644E+01 0.1586E+01 0.5292E-01 0.0000E+00 0.1533E+01 0.1644E+01  0  0  0 0.1672E+01 0.0000E+00
   5.890 1.9841 33.132 0.5184 3.8000 0.1445E+01 0.1394E+01 0.4738E-01 0.0000E+00 0.1346E+01 0.1445E+01  0  0  0 0.1470E+01 0.0000E+00
   5.890 1.9308 34.052 0.5249 3.9000 0.1271E+01 0.1227E+01 0.4258E-01 0.0000E+00 0.1184E+01 0.1271E+01  0  0  0 0.1294E+01 0.0000E+00
   5.890 1.8775 35.001 0.5312 4.0000 0.1120E+01 0.1081E+01 0.3842E-01 0.0000E+00 0.1042E+01 0.1120E+01  0  0  0 0.1141E+01 0.0000E+00
   5.890 1.8242 35.982 0.5374 4.1000 0.9874E+00 0.9533E+00 0.3478E-01 0.0000E+00 0.9185E+00 0.9874E+00  0  0  0 0.1007E+01 0.0000E+00
   5.890 1.7709 36.997 0.5434 4.2000 0.8712E+00 0.8417E+00 0.3161E-01 0.0000E+00 0.8101E+00 0.8712E+00  0  0  0 0.8890E+00 0.0000E+00
   5.890 1.7176 38.049 0.5492 4.3000 0.7692E+00 0.7439E+00 0.2884E-01 0.0000E+00 0.7150E+00 0.7692E+00  0  0  0 0.7858E+00 0.0000E+00
   5.890 2.1812 27.964 0.4311 3.0000 0.3807E+01 0.3826E+01 0.1392E+00 0.0000E+00 0.3687E+01 0.3807E+01  0  0  0 0.3948E+01 0.0000E+00
   5.890 2.1279 28.797 0.4391 3.1000 0.3317E+01 0.3329E+01 0.1221E+00 0.0000E+00 0.3207E+01 0.3317E+01  0  0  0 0.3439E+01 0.0000E+00
   5.890 2.0747 29.650 0.4469 3.2000 0.2895E+01 0.2902E+01 0.1075E+00 0.0000E+00 0.2794E+01 0.2895E+01  0  0  0 0.3000E+01 0.0000E+00
   5.890 2.0214 30.524 0.4546 3.3000 0.2531E+01 0.2534E+01 0.9513E-01 0.0000E+00 0.2439E+01 0.2531E+01  0  0  0 0.2622E+01 0.0000E+00
   5.890 1.9681 31.422 0.4620 3.4000 0.2215E+01 0.2217E+01 0.8454E-01 0.0000E+00 0.2133E+01 0.2215E+01  0  0  0 0.2296E+01 0.0000E+00
   5.890 1.9148 32.346 0.4692 3.5000 0.1942E+01 0.1943E+01 0.7545E-01 0.0000E+00 0.1867E+01 0.1942E+01  0  0  0 0.2013E+01 0.0000E+00
   5.890 1.8615 33.298 0.4762 3.6000 0.1704E+01 0.1705E+01 0.6763E-01 0.0000E+00 0.1637E+01 0.1704E+01  0  0  0 0.1767E+01 0.0000E+00
   5.890 1.8082 34.280 0.4830 3.7000 0.1497E+01 0.1498E+01 0.6086E-01 0.0000E+00 0.1437E+01 0.1497E+01  0  0  0 0.1554E+01 0.0000E+00
   5.890 1.7549 35.295 0.4897 3.8000 0.1316E+01 0.1318E+01 0.5500E-01 0.0000E+00 0.1263E+01 0.1316E+01  0  0  0 0.1367E+01 0.0000E+00
   5.890 1.7016 36.347 0.4962 3.9000 0.1158E+01 0.1161E+01 0.4991E-01 0.0000E+00 0.1111E+01 0.1158E+01  0  0  0 0.1204E+01 0.0000E+00
   5.890 1.6483 37.439 0.5025 4.0000 0.1020E+01 0.1024E+01 0.4548E-01 0.0000E+00 0.9780E+00 0.1020E+01  0  0  0 0.1062E+01 0.0000E+00
   5.890 1.5950 38.575 0.5087 4.1000 0.8989E+00 0.9032E+00 0.4161E-01 0.0000E+00 0.8616E+00 0.8989E+00  0  0  0 0.9371E+00 0.0000E+00
   5.890 1.5418 39.759 0.5147 4.2000 0.7924E+00 0.7977E+00 0.3824E-01 0.0000E+00 0.7595E+00 0.7924E+00  0  0  0 0.8275E+00 0.0000E+00
   5.890 1.4885 40.995 0.5206 4.3000 0.6987E+00 0.7050E+00 0.3527E-01 0.0000E+00 0.6697E+00 0.6987E+00  0  0  0 0.7311E+00 0.0000E+00
   5.890 1.9414 29.678 0.4049 3.0000 0.3359E+01 0.3505E+01 0.1558E+00 0.0000E+00 0.3349E+01 0.3359E+01  0  0  0 0.3556E+01 0.0000E+00
   5.890 1.8881 30.613 0.4128 3.1000 0.2929E+01 0.3054E+01 0.1378E+00 0.0000E+00 0.2916E+01 0.2929E+01  0  0  0 0.3101E+01 0.0000E+00
   5.890 1.8348 31.575 0.4205 3.2000 0.2557E+01 0.2666E+01 0.1224E+00 0.0000E+00 0.2543E+01 0.2557E+01  0  0  0 0.2708E+01 0.0000E+00
   5.890 1.7816 32.567 0.4280 3.3000 0.2236E+01 0.2331E+01 0.1093E+00 0.0000E+00 0.2222E+01 0.2236E+01  0  0  0 0.2369E+01 0.0000E+00
   5.890 1.7283 33.592 0.4354 3.4000 0.1958E+01 0.2041E+01 0.9808E-01 0.0000E+00 0.1943E+01 0.1958E+01  0  0  0 0.2076E+01 0.0000E+00
   5.890 1.6750 34.652 0.4425 3.5000 0.1716E+01 0.1790E+01 0.8839E-01 0.0000E+00 0.1702E+01 0.1716E+01  0  0  0 0.1821E+01 0.0000E+00
   5.890 1.6217 35.752 0.4495 3.6000 0.1505E+01 0.1572E+01 0.8005E-01 0.0000E+00 0.1492E+01 0.1505E+01  0  0  0 0.1599E+01 0.0000E+00
   5.890 1.5684 36.895 0.4562 3.7000 0.1321E+01 0.1382E+01 0.7279E-01 0.0000E+00 0.1309E+01 0.1321E+01  0  0  0 0.1405E+01 0.0000E+00
   5.890 1.5151 38.086 0.4629 3.8000 0.1160E+01 0.1216E+01 0.6654E-01 0.0000E+00 0.1149E+01 0.1160E+01  0  0  0 0.1236E+01 0.0000E+00
   5.890 1.4618 39.329 0.4693 3.9000 0.1019E+01 0.1071E+01 0.6106E-01 0.0000E+00 0.1010E+01 0.1019E+01  0  0  0 0.1088E+01 0.0000E+00
   5.890 1.4085 40.630 0.4756 4.0000 0.8958E+00 0.9441E+00 0.5629E-01 0.0000E+00 0.8878E+00 0.8958E+00  0  0  0 0.9588E+00 0.0000E+00
   5.890 1.3552 41.997 0.4818 4.1000 0.7874E+00 0.8327E+00 0.5213E-01 0.0000E+00 0.7806E+00 0.7874E+00  0  0  0 0.8450E+00 0.0000E+00
   5.890 1.3019 43.435 0.4878 4.2000 0.6921E+00 0.7349E+00 0.4851E-01 0.0000E+00 0.6864E+00 0.6921E+00  0  0  0 0.7450E+00 0.0000E+00
   5.890 1.2487 44.955 0.4937 4.3000 0.6081E+00 0.6489E+00 0.4536E-01 0.0000E+00 0.6035E+00 0.6081E+00  0  0  0 0.6569E+00 0.0000E+00
   5.890 1.6910 31.854 0.3807 3.0000 0.2869E+01 0.3137E+01 0.1801E+00 0.0000E+00 0.2957E+01 0.2869E+01  0  0  0 0.3117E+01 0.0000E+00
   5.890 1.6377 32.933 0.3885 3.1000 0.2501E+01 0.2735E+01 0.1609E+00 0.0000E+00 0.2574E+01 0.2501E+01  0  0  0 0.2719E+01 0.0000E+00
   5.890 1.5844 34.050 0.3961 3.2000 0.2182E+01 0.2389E+01 0.1444E+00 0.0000E+00 0.2245E+01 0.2182E+01  0  0  0 0.2375E+01 0.0000E+00
   5.890 1.5311 35.211 0.4034 3.3000 0.1906E+01 0.2090E+01 0.1303E+00 0.0000E+00 0.1959E+01 0.1906E+01  0  0  0 0.2077E+01 0.0000E+00
   5.890 1.4778 36.419 0.4106 3.4000 0.1666E+01 0.1830E+01 0.1182E+00 0.0000E+00 0.1712E+01 0.1666E+01  0  0  0 0.1819E+01 0.0000E+00
   5.890 1.4245 37.681 0.4177 3.5000 0.1457E+01 0.1605E+01 0.1077E+00 0.0000E+00 0.1498E+01 0.1457E+01  0  0  0 0.1594E+01 0.0000E+00
   5.890 1.3712 39.001 0.4245 3.6000 0.1275E+01 0.1409E+01 0.9870E-01 0.0000E+00 0.1311E+01 0.1275E+01  0  0  0 0.1398E+01 0.0000E+00
   5.890 1.3179 40.387 0.4312 3.7000 0.1116E+01 0.1239E+01 0.9089E-01 0.0000E+00 0.1148E+01 0.1116E+01  0  0  0 0.1227E+01 0.0000E+00
   5.890 1.2646 41.847 0.4378 3.8000 0.9769E+00 0.1089E+01 0.8412E-01 0.0000E+00 0.1005E+01 0.9769E+00  0  0  0 0.1078E+01 0.0000E+00
   5.890 1.2114 43.390 0.4442 3.9000 0.8549E+00 0.9585E+00 0.7827E-01 0.0000E+00 0.8802E+00 0.8549E+00  0  0  0 0.9468E+00 0.0000E+00
   5.890 1.1581 45.026 0.4505 4.0000 0.7479E+00 0.8441E+00 0.7322E-01 0.0000E+00 0.7708E+00 0.7479E+00  0  0  0 0.8320E+00 0.0000E+00
   5.890 1.1048 46.767 0.4566 4.1000 0.6539E+00 0.7437E+00 0.6887E-01 0.0000E+00 0.6748E+00 0.6539E+00  0  0  0 0.7312E+00 0.0000E+00
   5.890 1.0515 48.630 0.4626 4.2000 0.5712E+00 0.6554E+00 0.6515E-01 0.0000E+00 0.5903E+00 0.5712E+00  0  0  0 0.6426E+00 0.0000E+00
   5.890 0.9982 50.631 0.4684 4.3000 0.4983E+00 0.5778E+00 0.6200E-01 0.0000E+00 0.5158E+00 0.4983E+00  0  0  0 0.5645E+00 0.0000E+00
   5.890 1.4298 34.725 0.3584 3.0000 0.2354E+01 0.2737E+01 0.2155E+00 0.0000E+00 0.2522E+01 0.2354E+01  0  0  0 0.2647E+01 0.0000E+00
   5.890 1.3766 36.018 0.3660 3.1000 0.2047E+01 0.2387E+01 0.1947E+00 0.0000E+00 0.2192E+01 0.2047E+01  0  0  0 0.2306E+01 0.0000E+00
   5.890 1.3233 37.372 0.3734 3.2000 0.1781E+01 0.2084E+01 0.1770E+00 0.0000E+00 0.1908E+01 0.1781E+01  0  0  0 0.2012E+01 0.0000E+00
   5.890 1.2700 38.793 0.3806 3.3000 0.1550E+01 0.1823E+01 0.1617E+00 0.0000E+00 0.1661E+01 0.1550E+01  0  0  0 0.1757E+01 0.0000E+00
   5.890 1.2167 40.290 0.3877 3.4000 0.1350E+01 0.1596E+01 0.1486E+00 0.0000E+00 0.1447E+01 0.1350E+01  0  0  0 0.1535E+01 0.0000E+00
   5.890 1.1634 41.874 0.3946 3.5000 0.1175E+01 0.1398E+01 0.1374E+00 0.0000E+00 0.1261E+01 0.1175E+01  0  0  0 0.1342E+01 0.0000E+00
   5.890 1.1101 43.555 0.4013 3.6000 0.1023E+01 0.1227E+01 0.1277E+00 0.0000E+00 0.1099E+01 0.1023E+01  0  0  0 0.1174E+01 0.0000E+00
   5.890 1.0568 45.348 0.4079 3.7000 0.8896E+00 0.1077E+01 0.1194E+00 0.0000E+00 0.9575E+00 0.8896E+00  0  0  0 0.1027E+01 0.0000E+00
   5.890 1.0035 47.269 0.4144 3.8000 0.7731E+00 0.9460E+00 0.1124E+00 0.0000E+00 0.8337E+00 0.7731E+00  0  0  0 0.8988E+00 0.0000E+00
   5.890 0.9502 49.338 0.4207 3.9000 0.6711E+00 0.8315E+00 0.1064E+00 0.0000E+00 0.7251E+00 0.6711E+00  0  0  0 0.7863E+00 0.0000E+00
   5.890 0.8970 51.579 0.4269 4.0000 0.5815E+00 0.7313E+00 0.1014E+00 0.0000E+00 0.6299E+00 0.5815E+00  0  0  0 0.6878E+00 0.0000E+00
   5.890 0.8437 54.023 0.4330 4.1000 0.5029E+00 0.6433E+00 0.9725E-01 0.0000E+00 0.5460E+00 0.5029E+00  0  0  0 0.6013E+00 0.0000E+00
   5.890 0.7904 56.708 0.4389 4.2000 0.4337E+00 0.5660E+00 0.9394E-01 0.0000E+00 0.4721E+00 0.4337E+00  0  0  0 0.5253E+00 0.0000E+00
   5.890 0.7371 59.684 0.4447 4.3000 0.3729E+00 0.4981E+00 0.9139E-01 0.0000E+00 0.4067E+00 0.3729E+00  0  0  0 0.4585E+00 0.0000E+00
   5.890 1.1581 38.731 0.3378 3.0000 0.1831E+01 0.2326E+01 0.2686E+00 0.0000E+00 0.2057E+01 0.1831E+01  0  0  0 0.2163E+01 0.0000E+00
   5.890 1.1048 40.377 0.3452 3.1000 0.1583E+01 0.2027E+01 0.2461E+00 0.0000E+00 0.1781E+01 0.1583E+01  0  0  0 0.1879E+01 0.0000E+00
   5.890 1.0515 42.127 0.3524 3.2000 0.1369E+01 0.1769E+01 0.2270E+00 0.0000E+00 0.1542E+01 0.1369E+01  0  0  0 0.1634E+01 0.0000E+00
   5.890 0.9982 43.998 0.3595 3.3000 0.1183E+01 0.1546E+01 0.2107E+00 0.0000E+00 0.1335E+01 0.1183E+01  0  0  0 0.1422E+01 0.0000E+00
   5.890 0.9449 46.009 0.3664 3.4000 0.1021E+01 0.1352E+01 0.1968E+00 0.0000E+00 0.1155E+01 0.1021E+01  0  0  0 0.1237E+01 0.0000E+00
   5.890 0.8916 48.182 0.3731 3.5000 0.8803E+00 0.1184E+01 0.1851E+00 0.0000E+00 0.9989E+00 0.8803E+00  0  0  0 0.1077E+01 0.0000E+00
   5.890 0.8383 50.546 0.3798 3.6000 0.7575E+00 0.1038E+01 0.1752E+00 0.0000E+00 0.8624E+00 0.7575E+00  0  0  0 0.9369E+00 0.0000E+00
   5.890 0.7850 53.137 0.3862 3.7000 0.6503E+00 0.9102E+00 0.1671E+00 0.0000E+00 0.7431E+00 0.6503E+00  0  0  0 0.8149E+00 0.0000E+00
   5.890 0.7318 56.002 0.3926 3.8000 0.5566E+00 0.7989E+00 0.1604E+00 0.0000E+00 0.6385E+00 0.5566E+00  0  0  0 0.7084E+00 0.0000E+00
   5.890 0.6785 59.201 0.3988 3.9000 0.4746E+00 0.7015E+00 0.1551E+00 0.0000E+00 0.5464E+00 0.4746E+00  0  0  0 0.6153E+00 0.0000E+00
   5.890 0.6252 62.815 0.4049 4.0000 0.4028E+00 0.6161E+00 0.1511E+00 0.0000E+00 0.4650E+00 0.4028E+00  0  0  0 0.5339E+00 0.0000E+00
   5.890 0.5719 66.958 0.4108 4.1000 0.3398E+00 0.5406E+00 0.1483E+00 0.0000E+00 0.3923E+00 0.3398E+00  0  0  0 0.4626E+00 0.0000E+00
   5.890 0.5186 71.790 0.4167 4.2000 0.2846E+00 0.4723E+00 0.1464E+00 0.0000E+00 0.3258E+00 0.2846E+00  0  0  0 0.4003E+00 0.0000E+00
   5.890 0.4653 77.554 0.4224 4.3000 0.2362E+00 0.4054E+00 0.1449E+00 0.0000E+00 0.2605E+00 0.2362E+00  0  0  0 0.3456E+00 0.0000E+00
   5.890 0.8756 44.833 0.3188 3.0000 0.1318E+01 0.1927E+01 0.3511E+00 0.0000E+00 0.1576E+01 0.1318E+01  0  0  0 0.1685E+01 0.0000E+00
   5.890 0.8224 47.157 0.3260 3.1000 0.1126E+01 0.1679E+01 0.3272E+00 0.0000E+00 0.1352E+01 0.1126E+01  0  0  0 0.1456E+01 0.0000E+00
   5.890 0.7691 49.701 0.3330 3.2000 0.9603E+00 0.1465E+01 0.3072E+00 0.0000E+00 0.1158E+01 0.9603E+00  0  0  0 0.1258E+01 0.0000E+00
   5.890 0.7158 52.510 0.3399 3.3000 0.8163E+00 0.1279E+01 0.2904E+00 0.0000E+00 0.9890E+00 0.8163E+00  0  0  0 0.1087E+01 0.0000E+00
   5.890 0.6625 55.644 0.3466 3.4000 0.6914E+00 0.1119E+01 0.2766E+00 0.0000E+00 0.8423E+00 0.6914E+00  0  0  0 0.9388E+00 0.0000E+00
   5.890 0.6092 59.184 0.3532 3.5000 0.5829E+00 0.9794E+00 0.2653E+00 0.0000E+00 0.7141E+00 0.5829E+00  0  0  0 0.8100E+00 0.0000E+00
   5.890 0.5559 63.240 0.3596 3.6000 0.4885E+00 0.8575E+00 0.2563E+00 0.0000E+00 0.6012E+00 0.4885E+00  0  0  0 0.6978E+00 0.0000E+00
   5.890 0.5026 67.971 0.3660 3.7000 0.4063E+00 0.7494E+00 0.2486E+00 0.0000E+00 0.5007E+00 0.4063E+00  0  0  0 0.5997E+00 0.0000E+00
   5.890 0.4493 73.616 0.3722 3.8000 0.3346E+00 0.6513E+00 0.2432E+00 0.0000E+00 0.4081E+00 0.3346E+00  0  0  0 0.5150E+00 0.0000E+00
   5.890 0.3960 80.559 0.3783 3.9000 0.2721E+00 0.5455E+00 0.2361E+00 0.0000E+00 0.3094E+00 0.2721E+00  0  0  0 0.4403E+00 0.0000E+00
   5.890 0.3427 89.468 0.3843 4.0000 0.2176E+00 0.5300E+00 0.2300E+00 0.0000E+00 0.2494E-01 0.2176E+00  0  0  0 0.3744E+00 0.0000E+00
   5.890 0.2894101.679 0.3901 4.1000 0.1701E+00 0.5246E+00 0.2303E+00 0.0000E+00 0.2943E+00 0.1701E+00  0  0  0 0.3154E+00 0.0000E+00
   5.890 0.2362120.644 0.3959 4.1999 0.1286E+00 0.4350E+00 0.2217E+00 0.0000E+00 0.2132E+00 0.1286E+00  0  0  0 0.2605E+00 0.0000E+00
   5.890 0.1829174.906 0.4015 4.2999 0.9237E-01 0.3512E+00 0.1941E+00 0.0000E+00 0.1571E+00 0.9237E-01  0  0  0 0.2049E+00 0.0000E+00
