1.2,2.2,4.3,6.2
   5.890 3.3003 27.202 0.8848 4.3000 0.9919E+00 0.7528E+00 0.3905E-09 0.1969E+00 0.5559E+00 0.7898E+00  0  0  0 0.8874E+00 0.0000E+00
   5.890 3.2470 27.753 0.8871 4.4000 0.8681E+00 0.6588E+00 0.3105E-09 0.1692E+00 0.4896E+00 0.6946E+00  0  0  0 0.7768E+00 0.0000E+00
   5.890 3.1937 28.311 0.8894 4.5000 0.7615E+00 0.5780E+00 0.2482E-09 0.1457E+00 0.4323E+00 0.6122E+00  0  0  0 0.6816E+00 0.0000E+00
   5.890 3.1404 28.877 0.8915 4.6000 0.6695E+00 0.5082E+00 0.1995E-09 0.1257E+00 0.3824E+00 0.5409E+00  0  0  0 0.5995E+00 0.0000E+00
   5.890 3.0872 29.453 0.8936 4.7000 0.5899E+00 0.4478E+00 0.1610E-09 0.1087E+00 0.3391E+00 0.4789E+00  0  0  0 0.5284E+00 0.0000E+00
   5.890 3.0339 30.038 0.8956 4.8000 0.5212E+00 0.3956E+00 0.1307E-09 0.9421E-01 0.3014E+00 0.4252E+00  0  0  0 0.4669E+00 0.0000E+00
   5.890 2.9806 30.634 0.8975 4.9000 0.4626E+00 0.3508E+00 0.1065E-09 0.8177E-01 0.2690E+00 0.3794E+00  0  0  0 0.4144E+00 0.0000E+00
   5.890 2.9273 31.240 0.8993 5.0000 0.4127E+00 0.3123E+00 0.8716E-10 0.7111E-01 0.2412E+00 0.3405E+00  0  0  0 0.3694E+00 0.0000E+00
   5.890 2.8740 31.858 0.9011 5.1000 0.3634E+00 0.2759E+00 0.7164E-10 0.6195E-01 0.2139E+00 0.3006E+00  0  0  0 0.3259E+00 0.0000E+00
   5.890 2.8207 32.488 0.9028 5.2000 0.3218E+00 0.2447E+00 0.5912E-10 0.5405E-01 0.1906E+00 0.2671E+00  0  0  0 0.2890E+00 0.0000E+00
   5.890 2.7674 33.131 0.9045 5.3000 0.2861E+00 0.2178E+00 0.4898E-10 0.4724E-01 0.1705E+00 0.2385E+00  0  0  0 0.2572E+00 0.0000E+00
   5.890 2.7141 33.788 0.9061 5.4000 0.2549E+00 0.1942E+00 0.4072E-10 0.4135E-01 0.1529E+00 0.2133E+00  0  0  0 0.2293E+00 0.0000E+00
   5.890 2.6608 34.459 0.9076 5.5000 0.2275E+00 0.1735E+00 0.3398E-10 0.3625E-01 0.1372E+00 0.1912E+00  0  0  0 0.2049E+00 0.0000E+00
   5.890 2.6075 35.146 0.9091 5.6000 0.2033E+00 0.1552E+00 0.2845E-10 0.3183E-01 0.1233E+00 0.1715E+00  0  0  0 0.1832E+00 0.0000E+00
   5.890 2.5543 35.849 0.9106 5.7000 0.1819E+00 0.1390E+00 0.2390E-10 0.2799E-01 0.1110E+00 0.1541E+00  0  0  0 0.1641E+00 0.0000E+00
   5.890 2.5010 36.570 0.9120 5.8000 0.1630E+00 0.1246E+00 0.2013E-10 0.2464E-01 0.9995E-01 0.1385E+00  0  0  0 0.1472E+00 0.0000E+00
   5.890 2.4477 37.309 0.9134 5.9000 0.1461E+00 0.1118E+00 0.1702E-10 0.2172E-01 0.9011E-01 0.1247E+00  0  0  0 0.1321E+00 0.0000E+00
   5.890 2.3944 38.068 0.9147 6.0000 0.1312E+00 0.1005E+00 0.1443E-10 0.1917E-01 0.8132E-01 0.1123E+00  0  0  0 0.1187E+00 0.0000E+00
   5.890 2.3411 38.848 0.9160 6.1000 0.1179E+00 0.9040E-01 0.1226E-10 0.1695E-01 0.7345E-01 0.1013E+00  0  0  0 0.1068E+00 0.0000E+00
   5.890 2.2878 39.651 0.9172 6.2000 0.1060E+00 0.8139E-01 0.1045E-10 0.1500E-01 0.6639E-01 0.9137E-01  0  0  0 0.9617E-01 0.0000E+00
   5.890 3.1671 27.780 0.8415 4.3000 0.1224E+01 0.9399E+00 0.1510E-08 0.1567E+00 0.7832E+00 0.1082E+01  0  0  0 0.1102E+01 0.0000E+00
   5.890 3.1138 28.352 0.8446 4.4000 0.1072E+01 0.8228E+00 0.1191E-08 0.1353E+00 0.6875E+00 0.9489E+00  0  0  0 0.9648E+00 0.0000E+00
   5.890 3.0605 28.933 0.8475 4.5000 0.9399E+00 0.7219E+00 0.9451E-09 0.1170E+00 0.6049E+00 0.8337E+00  0  0  0 0.8466E+00 0.0000E+00
   5.890 3.0072 29.524 0.8503 4.6000 0.8260E+00 0.6347E+00 0.7536E-09 0.1015E+00 0.5332E+00 0.7340E+00  0  0  0 0.7444E+00 0.0000E+00
   5.890 2.9539 30.125 0.8530 4.7000 0.7273E+00 0.5590E+00 0.6038E-09 0.8811E-01 0.4709E+00 0.6474E+00  0  0  0 0.6557E+00 0.0000E+00
   5.890 2.9006 30.737 0.8557 4.8000 0.6415E+00 0.4933E+00 0.4861E-09 0.7665E-01 0.4167E+00 0.5721E+00  0  0  0 0.5788E+00 0.0000E+00
   5.890 2.8473 31.360 0.8582 4.9000 0.5670E+00 0.4362E+00 0.3930E-09 0.6681E-01 0.3694E+00 0.5066E+00  0  0  0 0.5118E+00 0.0000E+00
   5.890 2.7941 31.996 0.8606 5.0000 0.5021E+00 0.3865E+00 0.3192E-09 0.5833E-01 0.3282E+00 0.4495E+00  0  0  0 0.4535E+00 0.0000E+00
   5.890 2.7408 32.644 0.8630 5.1000 0.4457E+00 0.3432E+00 0.2603E-09 0.5101E-01 0.2921E+00 0.3998E+00  0  0  0 0.4028E+00 0.0000E+00
   5.890 2.6875 33.306 0.8653 5.2000 0.3971E+00 0.3056E+00 0.2131E-09 0.4468E-01 0.2609E+00 0.3570E+00  0  0  0 0.3589E+00 0.0000E+00
   5.890 2.6342 33.983 0.8675 5.3000 0.3551E+00 0.2730E+00 0.1751E-09 0.3920E-01 0.2338E+00 0.3200E+00  0  0  0 0.3209E+00 0.0000E+00
   5.890 2.5809 34.676 0.8696 5.4000 0.3155E+00 0.2429E+00 0.1444E-09 0.3444E-01 0.2085E+00 0.2848E+00  0  0  0 0.2855E+00 0.0000E+00
   5.890 2.5276 35.385 0.8717 5.5000 0.2794E+00 0.2158E+00 0.1195E-09 0.3030E-01 0.1855E+00 0.2524E+00  0  0  0 0.2533E+00 0.0000E+00
   5.890 2.4743 36.111 0.8737 5.6000 0.2484E+00 0.1923E+00 0.9927E-10 0.2670E-01 0.1656E+00 0.2247E+00  0  0  0 0.2256E+00 0.0000E+00
   5.890 2.4210 36.857 0.8756 5.7000 0.2215E+00 0.1717E+00 0.8272E-10 0.2356E-01 0.1482E+00 0.2006E+00  0  0  0 0.2015E+00 0.0000E+00
   5.890 2.3677 37.622 0.8775 5.8000 0.1979E+00 0.1537E+00 0.6915E-10 0.2082E-01 0.1328E+00 0.1795E+00  0  0  0 0.1802E+00 0.0000E+00
   5.890 2.3145 38.409 0.8793 5.9000 0.1770E+00 0.1377E+00 0.5799E-10 0.1842E-01 0.1193E+00 0.1608E+00  0  0  0 0.1615E+00 0.0000E+00
   5.890 2.2612 39.218 0.8811 6.0000 0.1585E+00 0.1235E+00 0.4877E-10 0.1632E-01 0.1072E+00 0.1443E+00  0  0  0 0.1448E+00 0.0000E+00
   5.890 2.2079 40.052 0.8828 6.1000 0.1421E+00 0.1109E+00 0.4113E-10 0.1447E-01 0.9642E-01 0.1295E+00  0  0  0 0.1300E+00 0.0000E+00
   5.890 2.1546 40.911 0.8845 6.2000 0.1275E+00 0.9965E-01 0.3478E-10 0.1285E-01 0.8680E-01 0.1164E+00  0  0  0 0.1168E+00 0.0000E+00
   5.890 3.0232 28.447 0.7993 4.3000 0.1481E+01 0.1155E+01 0.5482E-08 0.1218E+00 0.1034E+01 0.1386E+01  0  0  0 0.1344E+01 0.0000E+00
   5.890 2.9699 29.046 0.8030 4.4000 0.1296E+01 0.1012E+01 0.4305E-08 0.1056E+00 0.9059E+00 0.1213E+01  0  0  0 0.1177E+01 0.0000E+00
   5.890 2.9166 29.654 0.8065 4.5000 0.1136E+01 0.8873E+00 0.3398E-08 0.9184E-01 0.7954E+00 0.1064E+01  0  0  0 0.1032E+01 0.0000E+00
   5.890 2.8633 30.274 0.8099 4.6000 0.9977E+00 0.7798E+00 0.2695E-08 0.7999E-01 0.6998E+00 0.9351E+00  0  0  0 0.9073E+00 0.0000E+00
   5.890 2.8101 30.905 0.8132 4.7000 0.8777E+00 0.6866E+00 0.2148E-08 0.6980E-01 0.6168E+00 0.8231E+00  0  0  0 0.7988E+00 0.0000E+00
   5.890 2.7568 31.549 0.8164 4.8000 0.7734E+00 0.6054E+00 0.1719E-08 0.6101E-01 0.5444E+00 0.7257E+00  0  0  0 0.7045E+00 0.0000E+00
   5.890 2.7035 32.206 0.8194 4.9000 0.6826E+00 0.5348E+00 0.1382E-08 0.5342E-01 0.4814E+00 0.6409E+00  0  0  0 0.6223E+00 0.0000E+00
   5.890 2.6502 32.877 0.8224 5.0000 0.6033E+00 0.4731E+00 0.1116E-08 0.4685E-01 0.4263E+00 0.5668E+00  0  0  0 0.5505E+00 0.0000E+00
   5.890 2.5969 33.562 0.8253 5.1000 0.5340E+00 0.4193E+00 0.9045E-09 0.4116E-01 0.3781E+00 0.5020E+00  0  0  0 0.4877E+00 0.0000E+00
   5.890 2.5436 34.264 0.8281 5.2000 0.4733E+00 0.3720E+00 0.7361E-09 0.3621E-01 0.3358E+00 0.4452E+00  0  0  0 0.4327E+00 0.0000E+00
   5.890 2.4903 34.982 0.8308 5.3000 0.4201E+00 0.3307E+00 0.6013E-09 0.3191E-01 0.2987E+00 0.3954E+00  0  0  0 0.3846E+00 0.0000E+00
   5.890 2.4370 35.718 0.8334 5.4000 0.3734E+00 0.2943E+00 0.4929E-09 0.2816E-01 0.2661E+00 0.3517E+00  0  0  0 0.3422E+00 0.0000E+00
   5.890 2.3837 36.473 0.8359 5.5000 0.3322E+00 0.2623E+00 0.4055E-09 0.2489E-01 0.2374E+00 0.3131E+00  0  0  0 0.3049E+00 0.0000E+00
   5.890 2.3304 37.249 0.8384 5.6000 0.2960E+00 0.2340E+00 0.3347E-09 0.2203E-01 0.2120E+00 0.2791E+00  0  0  0 0.2720E+00 0.0000E+00
   5.890 2.2771 38.047 0.8407 5.7000 0.2615E+00 0.2077E+00 0.2772E-09 0.1953E-01 0.1882E+00 0.2466E+00  0  0  0 0.2411E+00 0.0000E+00
   5.890 2.2239 38.867 0.8431 5.8000 0.2340E+00 0.1860E+00 0.2303E-09 0.1734E-01 0.1687E+00 0.2208E+00  0  0  0 0.2159E+00 0.0000E+00
   5.890 2.1706 39.713 0.8453 5.9000 0.2096E+00 0.1667E+00 0.1919E-09 0.1541E-01 0.1513E+00 0.1980E+00  0  0  0 0.1936E+00 0.0000E+00
   5.890 2.1173 40.585 0.8475 6.0000 0.1879E+00 0.1496E+00 0.1603E-09 0.1371E-01 0.1359E+00 0.1776E+00  0  0  0 0.1738E+00 0.0000E+00
   5.890 2.0640 41.486 0.8496 6.1000 0.1687E+00 0.1344E+00 0.1344E-09 0.1222E-01 0.1222E+00 0.1596E+00  0  0  0 0.1562E+00 0.0000E+00
   5.890 2.0107 42.418 0.8517 6.2000 0.1516E+00 0.1209E+00 0.1129E-09 0.1091E-01 0.1100E+00 0.1436E+00  0  0  0 0.1405E+00 0.0000E+00
   5.890 2.8687 29.220 0.7584 4.3000 0.1734E+01 0.1381E+01 0.1853E-07 0.9427E-01 0.1287E+01 0.1673E+01  0  0  0 0.1592E+01 0.0000E+00
   5.890 2.8154 29.850 0.7626 4.4000 0.1518E+01 0.1210E+01 0.1451E-07 0.8222E-01 0.1128E+01 0.1464E+01  0  0  0 0.1394E+01 0.0000E+00
   5.890 2.7621 30.492 0.7666 4.5000 0.1330E+01 0.1062E+01 0.1142E-07 0.7184E-01 0.9898E+00 0.1284E+01  0  0  0 0.1223E+01 0.0000E+00
   5.890 2.7088 31.147 0.7706 4.6000 0.1168E+01 0.9330E+00 0.9034E-08 0.6289E-01 0.8701E+00 0.1128E+01  0  0  0 0.1075E+01 0.0000E+00
   5.890 2.6555 31.815 0.7743 4.7000 0.1028E+01 0.8213E+00 0.7175E-08 0.5516E-01 0.7661E+00 0.9918E+00  0  0  0 0.9462E+00 0.0000E+00
   5.890 2.6022 32.498 0.7780 4.8000 0.9052E+00 0.7241E+00 0.5724E-08 0.4846E-01 0.6757E+00 0.8737E+00  0  0  0 0.8342E+00 0.0000E+00
   5.890 2.5489 33.195 0.7815 4.9000 0.7985E+00 0.6395E+00 0.4585E-08 0.4265E-01 0.5968E+00 0.7709E+00  0  0  0 0.7365E+00 0.0000E+00
   5.890 2.4956 33.909 0.7850 5.0000 0.7054E+00 0.5656E+00 0.3688E-08 0.3760E-01 0.5280E+00 0.6811E+00  0  0  0 0.6514E+00 0.0000E+00
   5.890 2.4423 34.640 0.7883 5.1000 0.6240E+00 0.5011E+00 0.2978E-08 0.3320E-01 0.4679E+00 0.6026E+00  0  0  0 0.5770E+00 0.0000E+00
   5.890 2.3891 35.390 0.7915 5.2000 0.5504E+00 0.4433E+00 0.2414E-08 0.2937E-01 0.4139E+00 0.5315E+00  0  0  0 0.5100E+00 0.0000E+00
   5.890 2.3358 36.159 0.7946 5.3000 0.4888E+00 0.3940E+00 0.1963E-08 0.2602E-01 0.3680E+00 0.4721E+00  0  0  0 0.4533E+00 0.0000E+00
   5.890 2.2825 36.950 0.7977 5.4000 0.4346E+00 0.3506E+00 0.1603E-08 0.2309E-01 0.3275E+00 0.4199E+00  0  0  0 0.4035E+00 0.0000E+00
   5.890 2.2292 37.763 0.8006 5.5000 0.3868E+00 0.3124E+00 0.1313E-08 0.2052E-01 0.2919E+00 0.3738E+00  0  0  0 0.3595E+00 0.0000E+00
   5.890 2.1759 38.600 0.8035 5.6000 0.3446E+00 0.2786E+00 0.1079E-08 0.1826E-01 0.2604E+00 0.3331E+00  0  0  0 0.3207E+00 0.0000E+00
   5.890 2.1226 39.463 0.8063 5.7000 0.3073E+00 0.2487E+00 0.8894E-09 0.1628E-01 0.2325E+00 0.2971E+00  0  0  0 0.2863E+00 0.0000E+00
   5.890 2.0693 40.353 0.8090 5.8000 0.2743E+00 0.2222E+00 0.7355E-09 0.1454E-01 0.2077E+00 0.2653E+00  0  0  0 0.2559E+00 0.0000E+00
   5.890 2.0160 41.274 0.8116 5.9000 0.2449E+00 0.1987E+00 0.6100E-09 0.1300E-01 0.1857E+00 0.2370E+00  0  0  0 0.2289E+00 0.0000E+00
   5.890 1.9627 42.226 0.8141 6.0000 0.2189E+00 0.1778E+00 0.5073E-09 0.1165E-01 0.1662E+00 0.2118E+00  0  0  0 0.2048E+00 0.0000E+00
   5.890 1.9095 43.213 0.8166 6.1000 0.1957E+00 0.1592E+00 0.4232E-09 0.1045E-01 0.1488E+00 0.1895E+00  0  0  0 0.1835E+00 0.0000E+00
   5.890 1.8562 44.238 0.8191 6.2000 0.1751E+00 0.1427E+00 0.3540E-09 0.9393E-02 0.1333E+00 0.1696E+00  0  0  0 0.1644E+00 0.0000E+00
   5.890 2.7035 30.120 0.7191 4.3000 0.1958E+01 0.1598E+01 0.5799E-07 0.7426E-01 0.1524E+01 0.1921E+01  0  0  0 0.1821E+01 0.0000E+00
   5.890 2.6502 30.789 0.7237 4.4000 0.1715E+01 0.1401E+01 0.4541E-07 0.6512E-01 0.1335E+01 0.1682E+01  0  0  0 0.1596E+01 0.0000E+00
   5.890 2.5969 31.472 0.7282 4.5000 0.1504E+01 0.1229E+01 0.3571E-07 0.5722E-01 0.1172E+01 0.1475E+01  0  0  0 0.1401E+01 0.0000E+00
   5.890 2.5436 32.169 0.7325 4.6000 0.1321E+01 0.1081E+01 0.2821E-07 0.5037E-01 0.1031E+01 0.1296E+01  0  0  0 0.1232E+01 0.0000E+00
   5.890 2.4903 32.882 0.7367 4.7000 0.1162E+01 0.9517E+00 0.2238E-07 0.4443E-01 0.9073E+00 0.1140E+01  0  0  0 0.1084E+01 0.0000E+00
   5.890 2.4370 33.613 0.7408 4.8000 0.1024E+01 0.8394E+00 0.1783E-07 0.3927E-01 0.8001E+00 0.1004E+01  0  0  0 0.9562E+00 0.0000E+00
   5.890 2.3837 34.361 0.7447 4.9000 0.9018E+00 0.7407E+00 0.1426E-07 0.3476E-01 0.7059E+00 0.8842E+00  0  0  0 0.8435E+00 0.0000E+00
   5.890 2.3304 35.128 0.7485 5.0000 0.7973E+00 0.6555E+00 0.1145E-07 0.3083E-01 0.6247E+00 0.7817E+00  0  0  0 0.7465E+00 0.0000E+00
   5.890 2.2771 35.916 0.7522 5.1000 0.7057E+00 0.5806E+00 0.9225E-08 0.2739E-01 0.5532E+00 0.6919E+00  0  0  0 0.6613E+00 0.0000E+00
   5.890 2.2239 36.726 0.7558 5.2000 0.6253E+00 0.5150E+00 0.7460E-08 0.2438E-01 0.4907E+00 0.6131E+00  0  0  0 0.5866E+00 0.0000E+00
   5.890 2.1706 37.560 0.7593 5.3000 0.5546E+00 0.4574E+00 0.6054E-08 0.2175E-01 0.4356E+00 0.5438E+00  0  0  0 0.5209E+00 0.0000E+00
   5.890 2.1173 38.418 0.7627 5.4000 0.4924E+00 0.4066E+00 0.4929E-08 0.1943E-01 0.3871E+00 0.4828E+00  0  0  0 0.4631E+00 0.0000E+00
   5.890 2.0640 39.304 0.7660 5.5000 0.4375E+00 0.3617E+00 0.4027E-08 0.1739E-01 0.3443E+00 0.4290E+00  0  0  0 0.4120E+00 0.0000E+00
   5.890 2.0107 40.220 0.7693 5.6000 0.3891E+00 0.3221E+00 0.3300E-08 0.1559E-01 0.3065E+00 0.3816E+00  0  0  0 0.3670E+00 0.0000E+00
   5.890 1.9574 41.166 0.7724 5.7000 0.3463E+00 0.2871E+00 0.2713E-08 0.1401E-01 0.2731E+00 0.3396E+00  0  0  0 0.3271E+00 0.0000E+00
   5.890 1.9041 42.147 0.7754 5.8000 0.3083E+00 0.2560E+00 0.2237E-08 0.1261E-01 0.2434E+00 0.3024E+00  0  0  0 0.2917E+00 0.0000E+00
   5.890 1.8508 43.164 0.7784 5.9000 0.2747E+00 0.2285E+00 0.1850E-08 0.1137E-01 0.2171E+00 0.2694E+00  0  0  0 0.2604E+00 0.0000E+00
   5.890 1.7975 44.222 0.7813 6.0000 0.2448E+00 0.2040E+00 0.1535E-08 0.1028E-01 0.1937E+00 0.2401E+00  0  0  0 0.2325E+00 0.0000E+00
   5.890 1.7443 45.322 0.7841 6.1000 0.2183E+00 0.1822E+00 0.1276E-08 0.9311E-02 0.1729E+00 0.2141E+00  0  0  0 0.2078E+00 0.0000E+00
   5.890 1.6910 46.469 0.7868 6.2000 0.1947E+00 0.1629E+00 0.1065E-08 0.8453E-02 0.1544E+00 0.1910E+00  0  0  0 0.1857E+00 0.0000E+00
   5.890 2.5276 31.176 0.6815 4.3000 0.2133E+01 0.1787E+01 0.1677E-06 0.6085E-01 0.1726E+01 0.2111E+01  0  0  0 0.2012E+01 0.0000E+00
   5.890 2.4743 31.892 0.6865 4.4000 0.1869E+01 0.1567E+01 0.1315E-06 0.5368E-01 0.1513E+01 0.1849E+01  0  0  0 0.1764E+01 0.0000E+00
   5.890 2.4210 32.625 0.6913 4.5000 0.1640E+01 0.1377E+01 0.1035E-06 0.4746E-01 0.1329E+01 0.1623E+01  0  0  0 0.1550E+01 0.0000E+00
   5.890 2.3677 33.376 0.6959 4.6000 0.1442E+01 0.1211E+01 0.8186E-07 0.4205E-01 0.1169E+01 0.1426E+01  0  0  0 0.1363E+01 0.0000E+00
   5.890 2.3145 34.146 0.7005 4.7000 0.1268E+01 0.1067E+01 0.6498E-07 0.3733E-01 0.1029E+01 0.1255E+01  0  0  0 0.1201E+01 0.0000E+00
   5.890 2.2612 34.936 0.7049 4.8000 0.1118E+01 0.9409E+00 0.5178E-07 0.3321E-01 0.9077E+00 0.1106E+01  0  0  0 0.1059E+01 0.0000E+00
   5.890 2.2079 35.747 0.7091 4.9000 0.9868E+00 0.8314E+00 0.4142E-07 0.2961E-01 0.8017E+00 0.9760E+00  0  0  0 0.9360E+00 0.0000E+00
   5.890 2.1546 36.582 0.7133 5.0000 0.8719E+00 0.7354E+00 0.3325E-07 0.2646E-01 0.7089E+00 0.8623E+00  0  0  0 0.8279E+00 0.0000E+00
   5.890 2.1013 37.442 0.7173 5.1000 0.7712E+00 0.6512E+00 0.2678E-07 0.2369E-01 0.6275E+00 0.7626E+00  0  0  0 0.7332E+00 0.0000E+00
   5.890 2.0480 38.329 0.7212 5.2000 0.6827E+00 0.5773E+00 0.2165E-07 0.2126E-01 0.5560E+00 0.6751E+00  0  0  0 0.6500E+00 0.0000E+00
   5.890 1.9947 39.245 0.7251 5.3000 0.6049E+00 0.5122E+00 0.1756E-07 0.1912E-01 0.4931E+00 0.5982E+00  0  0  0 0.5767E+00 0.0000E+00
   5.890 1.9414 40.192 0.7288 5.4000 0.5364E+00 0.4549E+00 0.1429E-07 0.1723E-01 0.4377E+00 0.5304E+00  0  0  0 0.5122E+00 0.0000E+00
   5.890 1.8881 41.173 0.7324 5.5000 0.4759E+00 0.4043E+00 0.1166E-07 0.1557E-01 0.3887E+00 0.4706E+00  0  0  0 0.4552E+00 0.0000E+00
   5.890 1.8348 42.191 0.7359 5.6000 0.4227E+00 0.3596E+00 0.9547E-08 0.1410E-01 0.3455E+00 0.4179E+00  0  0  0 0.4050E+00 0.0000E+00
   5.890 1.7816 43.248 0.7393 5.7000 0.3756E+00 0.3202E+00 0.7840E-08 0.1281E-01 0.3074E+00 0.3714E+00  0  0  0 0.3605E+00 0.0000E+00
   5.890 1.7283 44.347 0.7427 5.8000 0.3340E+00 0.2851E+00 0.6458E-08 0.1166E-01 0.2735E+00 0.3302E+00  0  0  0 0.3212E+00 0.0000E+00
   5.890 1.6750 45.494 0.7459 5.9000 0.2971E+00 0.2541E+00 0.5335E-08 0.1065E-01 0.2434E+00 0.2937E+00  0  0  0 0.2863E+00 0.0000E+00
   5.890 1.6217 46.692 0.7491 6.0000 0.2643E+00 0.2265E+00 0.4420E-08 0.9746E-02 0.2168E+00 0.2613E+00  0  0  0 0.2553E+00 0.0000E+00
   5.890 1.5684 47.945 0.7522 6.1000 0.2352E+00 0.2020E+00 0.3672E-08 0.8950E-02 0.1930E+00 0.2325E+00  0  0  0 0.2277E+00 0.0000E+00
   5.890 1.5151 49.260 0.7552 6.2000 0.2093E+00 0.1802E+00 0.3059E-08 0.8246E-02 0.1719E+00 0.2069E+00  0  0  0 0.2032E+00 0.0000E+00
   5.890 2.3411 32.427 0.6457 4.3000 0.2244E+01 0.1933E+01 0.4487E-06 0.5304E-01 0.1880E+01 0.2231E+01  0  0  0 0.2148E+01 0.0000E+00
   5.890 2.2878 33.203 0.6509 4.4000 0.1968E+01 0.1696E+01 0.3529E-06 0.4712E-01 0.1649E+01 0.1956E+01  0  0  0 0.1886E+01 0.0000E+00
   5.890 2.2345 33.999 0.6560 4.5000 0.1728E+01 0.1491E+01 0.2786E-06 0.4196E-01 0.1449E+01 0.1718E+01  0  0  0 0.1657E+01 0.0000E+00
   5.890 2.1812 34.817 0.6609 4.6000 0.1519E+01 0.1312E+01 0.2208E-06 0.3746E-01 0.1275E+01 0.1510E+01  0  0  0 0.1459E+01 0.0000E+00
   5.890 2.1279 35.659 0.6657 4.7000 0.1338E+01 0.1157E+01 0.1756E-06 0.3353E-01 0.1123E+01 0.1330E+01  0  0  0 0.1286E+01 0.0000E+00
   5.890 2.0747 36.525 0.6704 4.8000 0.1179E+01 0.1021E+01 0.1402E-06 0.3009E-01 0.9907E+00 0.1172E+01  0  0  0 0.1135E+01 0.0000E+00
   5.890 2.0214 37.419 0.6750 4.9000 0.1041E+01 0.9018E+00 0.1124E-06 0.2706E-01 0.8747E+00 0.1034E+01  0  0  0 0.1003E+01 0.0000E+00
   5.890 1.9681 38.341 0.6794 5.0000 0.9190E+00 0.7975E+00 0.9032E-07 0.2441E-01 0.7730E+00 0.9133E+00  0  0  0 0.8867E+00 0.0000E+00
   5.890 1.9148 39.295 0.6837 5.1000 0.8123E+00 0.7059E+00 0.7286E-07 0.2207E-01 0.6838E+00 0.8072E+00  0  0  0 0.7849E+00 0.0000E+00
   5.890 1.8615 40.283 0.6879 5.2000 0.7185E+00 0.6254E+00 0.5895E-07 0.2002E-01 0.6054E+00 0.7139E+00  0  0  0 0.6954E+00 0.0000E+00
   5.890 1.8082 41.307 0.6919 5.3000 0.6362E+00 0.5546E+00 0.4786E-07 0.1820E-01 0.5364E+00 0.6321E+00  0  0  0 0.6167E+00 0.0000E+00
   5.890 1.7549 42.372 0.6959 5.4000 0.5636E+00 0.4922E+00 0.3897E-07 0.1660E-01 0.4756E+00 0.5600E+00  0  0  0 0.5473E+00 0.0000E+00
   5.890 1.7016 43.480 0.6998 5.5000 0.4996E+00 0.4371E+00 0.3184E-07 0.1519E-01 0.4219E+00 0.4963E+00  0  0  0 0.4861E+00 0.0000E+00
   5.890 1.6483 44.635 0.7035 5.6000 0.4430E+00 0.3883E+00 0.2609E-07 0.1394E-01 0.3744E+00 0.4401E+00  0  0  0 0.4319E+00 0.0000E+00
   5.890 1.5950 45.842 0.7072 5.7000 0.3929E+00 0.3452E+00 0.2144E-07 0.1284E-01 0.3323E+00 0.3903E+00  0  0  0 0.3840E+00 0.0000E+00
   5.890 1.5418 47.106 0.7108 5.8000 0.3486E+00 0.3069E+00 0.1767E-07 0.1187E-01 0.2951E+00 0.3463E+00  0  0  0 0.3415E+00 0.0000E+00
   5.890 1.4885 48.432 0.7143 5.9000 0.3091E+00 0.2729E+00 0.1461E-07 0.1101E-01 0.2619E+00 0.3071E+00  0  0  0 0.3038E+00 0.0000E+00
   5.890 1.4352 49.826 0.7177 6.0000 0.2743E+00 0.2428E+00 0.1212E-07 0.1026E-01 0.2325E+00 0.2725E+00  0  0  0 0.2704E+00 0.0000E+00
   5.890 1.3819 51.298 0.7211 6.1000 0.2434E+00 0.2161E+00 0.1008E-07 0.9603E-02 0.2065E+00 0.2418E+00  0  0  0 0.2408E+00 0.0000E+00
   5.890 1.3286 52.853 0.7243 6.2000 0.2160E+00 0.1923E+00 0.8407E-08 0.9026E-02 0.1832E+00 0.2145E+00  0  0  0 0.2144E+00 0.0000E+00
   5.890 2.1439 33.928 0.6117 4.3000 0.2281E+01 0.2024E+01 0.1114E-05 0.4994E-01 0.1974E+01 0.2275E+01  0  0  0 0.2220E+01 0.0000E+00
   5.890 2.0906 34.781 0.6171 4.4000 0.2002E+01 0.1778E+01 0.8800E-06 0.4474E-01 0.1733E+01 0.1996E+01  0  0  0 0.1950E+01 0.0000E+00
   5.890 2.0373 35.659 0.6224 4.5000 0.1759E+01 0.1564E+01 0.6976E-06 0.4020E-01 0.1524E+01 0.1754E+01  0  0  0 0.1716E+01 0.0000E+00
   5.890 1.9841 36.565 0.6276 4.6000 0.1548E+01 0.1377E+01 0.5549E-06 0.3623E-01 0.1341E+01 0.1543E+01  0  0  0 0.1511E+01 0.0000E+00
   5.890 1.9308 37.500 0.6326 4.7000 0.1363E+01 0.1214E+01 0.4430E-06 0.3275E-01 0.1181E+01 0.1358E+01  0  0  0 0.1332E+01 0.0000E+00
   5.890 1.8775 38.467 0.6375 4.8000 0.1201E+01 0.1071E+01 0.3549E-06 0.2970E-01 0.1042E+01 0.1197E+01  0  0  0 0.1175E+01 0.0000E+00
   5.890 1.8242 39.468 0.6422 4.9000 0.1059E+01 0.9462E+00 0.2852E-06 0.2702E-01 0.9191E+00 0.1055E+01  0  0  0 0.1038E+01 0.0000E+00
   5.890 1.7709 40.508 0.6469 5.0000 0.9346E+00 0.8365E+00 0.2300E-06 0.2466E-01 0.8118E+00 0.9313E+00  0  0  0 0.9178E+00 0.0000E+00
   5.890 1.7176 41.588 0.6514 5.1000 0.8254E+00 0.7403E+00 0.1860E-06 0.2258E-01 0.7177E+00 0.8225E+00  0  0  0 0.8121E+00 0.0000E+00
   5.890 1.6643 42.712 0.6558 5.2000 0.7294E+00 0.6553E+00 0.1510E-06 0.2075E-01 0.6346E+00 0.7268E+00  0  0  0 0.7191E+00 0.0000E+00
   5.890 1.6110 43.885 0.6600 5.3000 0.6448E+00 0.5806E+00 0.1229E-06 0.1913E-01 0.5615E+00 0.6424E+00  0  0  0 0.6371E+00 0.0000E+00
   5.890 1.5577 45.112 0.6642 5.4000 0.5702E+00 0.5146E+00 0.1004E-06 0.1771E-01 0.4969E+00 0.5681E+00  0  0  0 0.5647E+00 0.0000E+00
   5.890 1.5045 46.397 0.6683 5.5000 0.5042E+00 0.4562E+00 0.8219E-07 0.1647E-01 0.4398E+00 0.5023E+00  0  0  0 0.5006E+00 0.0000E+00
   5.890 1.4512 47.746 0.6723 5.6000 0.4460E+00 0.4047E+00 0.6753E-07 0.1538E-01 0.3893E+00 0.4443E+00  0  0  0 0.4441E+00 0.0000E+00
   5.890 1.3979 49.167 0.6762 5.7000 0.3945E+00 0.3592E+00 0.5566E-07 0.1442E-01 0.3448E+00 0.3929E+00  0  0  0 0.3942E+00 0.0000E+00
   5.890 1.3446 50.667 0.6800 5.8000 0.3488E+00 0.3187E+00 0.4602E-07 0.1360E-01 0.3051E+00 0.3475E+00  0  0  0 0.3499E+00 0.0000E+00
   5.890 1.2913 52.256 0.6837 5.9000 0.3084E+00 0.2827E+00 0.3817E-07 0.1289E-01 0.2699E+00 0.3072E+00  0  0  0 0.3105E+00 0.0000E+00
   5.890 1.2380 53.944 0.6873 6.0000 0.2725E+00 0.2508E+00 0.3177E-07 0.1228E-01 0.2385E+00 0.2714E+00  0  0  0 0.2756E+00 0.0000E+00
   5.890 1.1847 55.743 0.6908 6.1000 0.2407E+00 0.2223E+00 0.2654E-07 0.1177E-01 0.2106E+00 0.2397E+00  0  0  0 0.2446E+00 0.0000E+00
   5.890 1.1314 57.668 0.6943 6.2000 0.2125E+00 0.1972E+00 0.2226E-07 0.1136E-01 0.1858E+00 0.2116E+00  0  0  0 0.2172E+00 0.0000E+00
   5.890 1.9361 35.761 0.5795 4.3000 0.2243E+01 0.2055E+01 0.2582E-05 0.5116E-01 0.2004E+01 0.2240E+01  0  0  0 0.2222E+01 0.0000E+00
   5.890 1.8828 36.715 0.5851 4.4000 0.1969E+01 0.1806E+01 0.2050E-05 0.4631E-01 0.1760E+01 0.1966E+01  0  0  0 0.1953E+01 0.0000E+00
   5.890 1.8295 37.702 0.5906 4.5000 0.1730E+01 0.1589E+01 0.1634E-05 0.4207E-01 0.1547E+01 0.1728E+01  0  0  0 0.1719E+01 0.0000E+00
   5.890 1.7762 38.725 0.5959 4.6000 0.1522E+01 0.1400E+01 0.1306E-05 0.3835E-01 0.1361E+01 0.1519E+01  0  0  0 0.1514E+01 0.0000E+00
   5.890 1.7229 39.787 0.6010 4.7000 0.1339E+01 0.1234E+01 0.1048E-05 0.3509E-01 0.1199E+01 0.1337E+01  0  0  0 0.1334E+01 0.0000E+00
   5.890 1.6696 40.891 0.6061 4.8000 0.1179E+01 0.1088E+01 0.8435E-06 0.3224E-01 0.1056E+01 0.1177E+01  0  0  0 0.1177E+01 0.0000E+00
   5.890 1.6164 42.042 0.6110 4.9000 0.1039E+01 0.9609E+00 0.6811E-06 0.2973E-01 0.9312E+00 0.1037E+01  0  0  0 0.1039E+01 0.0000E+00
   5.890 1.5631 43.243 0.6158 5.0000 0.9154E+00 0.8490E+00 0.5517E-06 0.2748E-01 0.8215E+00 0.9136E+00  0  0  0 0.9179E+00 0.0000E+00
   5.890 1.5098 44.500 0.6205 5.1000 0.8070E+00 0.7505E+00 0.4484E-06 0.2557E-01 0.7249E+00 0.8054E+00  0  0  0 0.8113E+00 0.0000E+00
   5.890 1.4565 45.819 0.6250 5.2000 0.7115E+00 0.6637E+00 0.3655E-06 0.2393E-01 0.6397E+00 0.7100E+00  0  0  0 0.7173E+00 0.0000E+00
   5.890 1.4032 47.206 0.6295 5.3000 0.6273E+00 0.5871E+00 0.2990E-06 0.2246E-01 0.5646E+00 0.6260E+00  0  0  0 0.6345E+00 0.0000E+00
   5.890 1.3499 48.668 0.6338 5.4000 0.5530E+00 0.5194E+00 0.2453E-06 0.2118E-01 0.4982E+00 0.5519E+00  0  0  0 0.5613E+00 0.0000E+00
   5.890 1.2966 50.214 0.6381 5.5000 0.4874E+00 0.4596E+00 0.2019E-06 0.2009E-01 0.4395E+00 0.4864E+00  0  0  0 0.4966E+00 0.0000E+00
   5.890 1.2433 51.855 0.6422 5.6000 0.4295E+00 0.4067E+00 0.1668E-06 0.1915E-01 0.3875E+00 0.4285E+00  0  0  0 0.4395E+00 0.0000E+00
   5.890 1.1901 53.601 0.6463 5.7000 0.3782E+00 0.3598E+00 0.1383E-06 0.1837E-01 0.3414E+00 0.3774E+00  0  0  0 0.3889E+00 0.0000E+00
   5.890 1.1368 55.468 0.6502 5.8000 0.3330E+00 0.3184E+00 0.1151E-06 0.1773E-01 0.3007E+00 0.3322E+00  0  0  0 0.3444E+00 0.0000E+00
   5.890 1.0835 57.470 0.6541 5.9000 0.2925E+00 0.2814E+00 0.9624E-07 0.1722E-01 0.2642E+00 0.2918E+00  0  0  0 0.3046E+00 0.0000E+00
   5.890 1.0302 59.630 0.6579 6.0000 0.2567E+00 0.2486E+00 0.8082E-07 0.1685E-01 0.2317E+00 0.2561E+00  0  0  0 0.2694E+00 0.0000E+00
   5.890 0.9769 61.971 0.6616 6.1000 0.2250E+00 0.2194E+00 0.6822E-07 0.1659E-01 0.2028E+00 0.2245E+00  0  0  0 0.2383E+00 0.0000E+00
   5.890 0.9236 64.523 0.6653 6.2000 0.1969E+00 0.1931E+00 0.5793E-07 0.1638E-01 0.1767E+00 0.1964E+00  0  0  0 0.2105E+00 0.0000E+00
   5.890 1.7176 38.049 0.5492 4.3000 0.2129E+01 0.2022E+01 0.5624E-05 0.5702E-01 0.1965E+01 0.2128E+01  0  0  0 0.2153E+01 0.0000E+00
   5.890 1.6643 39.143 0.5549 4.4000 0.1868E+01 0.1777E+01 0.4496E-05 0.5226E-01 0.1725E+01 0.1867E+01  0  0  0 0.1893E+01 0.0000E+00
   5.890 1.6110 40.281 0.5604 4.5000 0.1640E+01 0.1564E+01 0.3606E-05 0.4811E-01 0.1515E+01 0.1639E+01  0  0  0 0.1665E+01 0.0000E+00
   5.890 1.5577 41.468 0.5658 4.6000 0.1441E+01 0.1377E+01 0.2902E-05 0.4448E-01 0.1332E+01 0.1439E+01  0  0  0 0.1465E+01 0.0000E+00
   5.890 1.5045 42.710 0.5711 4.7000 0.1266E+01 0.1213E+01 0.2343E-05 0.4130E-01 0.1171E+01 0.1265E+01  0  0  0 0.1291E+01 0.0000E+00
   5.890 1.4512 44.011 0.5763 4.8000 0.1112E+01 0.1069E+01 0.1898E-05 0.3853E-01 0.1030E+01 0.1111E+01  0  0  0 0.1137E+01 0.0000E+00
   5.890 1.3979 45.377 0.5813 4.9000 0.9777E+00 0.9428E+00 0.1542E-05 0.3612E-01 0.9066E+00 0.9767E+00  0  0  0 0.1003E+01 0.0000E+00
   5.890 1.3446 46.817 0.5862 5.0000 0.8593E+00 0.8318E+00 0.1258E-05 0.3404E-01 0.7977E+00 0.8584E+00  0  0  0 0.8843E+00 0.0000E+00
   5.890 1.2913 48.339 0.5910 5.1000 0.7550E+00 0.7340E+00 0.1029E-05 0.3225E-01 0.7017E+00 0.7542E+00  0  0  0 0.7800E+00 0.0000E+00
   5.890 1.2380 49.951 0.5957 5.2000 0.6632E+00 0.6478E+00 0.8450E-06 0.3073E-01 0.6171E+00 0.6624E+00  0  0  0 0.6882E+00 0.0000E+00
   5.890 1.1847 51.667 0.6002 5.3000 0.5822E+00 0.5717E+00 0.6965E-06 0.2944E-01 0.5423E+00 0.5815E+00  0  0  0 0.6071E+00 0.0000E+00
   5.890 1.1314 53.498 0.6047 5.4000 0.5108E+00 0.5045E+00 0.5764E-06 0.2838E-01 0.4761E+00 0.5102E+00  0  0  0 0.5356E+00 0.0000E+00
   5.890 1.0781 55.463 0.6091 5.5000 0.4477E+00 0.4452E+00 0.4790E-06 0.2748E-01 0.4178E+00 0.4471E+00  0  0  0 0.4727E+00 0.0000E+00
   5.890 1.0249 57.578 0.6134 5.6000 0.3918E+00 0.3925E+00 0.3999E-06 0.2676E-01 0.3658E+00 0.3913E+00  0  0  0 0.4168E+00 0.0000E+00
   5.890 0.9716 59.870 0.6176 5.7000 0.3424E+00 0.3459E+00 0.3356E-06 0.2623E-01 0.3197E+00 0.3420E+00  0  0  0 0.3676E+00 0.0000E+00
   5.890 0.9183 62.366 0.6217 5.8000 0.2987E+00 0.3043E+00 0.2834E-06 0.2587E-01 0.2784E+00 0.2983E+00  0  0  0 0.3239E+00 0.0000E+00
   5.890 0.8650 65.104 0.6257 5.9000 0.2600E+00 0.2671E+00 0.2410E-06 0.2564E-01 0.2414E+00 0.2597E+00  0  0  0 0.2854E+00 0.0000E+00
   5.890 0.8117 68.130 0.6296 6.0000 0.2257E+00 0.2336E+00 0.2069E-06 0.2560E-01 0.2080E+00 0.2254E+00  0  0  0 0.2513E+00 0.0000E+00
   5.890 0.7584 71.506 0.6335 6.1000 0.1954E+00 0.2030E+00 0.1797E-06 0.2558E-01 0.1775E+00 0.1951E+00  0  0  0 0.2214E+00 0.0000E+00
   5.890 0.7051 75.311 0.6372 6.2000 0.1684E+00 0.1738E+00 0.1590E-06 0.2544E-01 0.1484E+00 0.1682E+00  0  0  0 0.1949E+00 0.0000E+00
   5.890 1.4885 40.995 0.5206 4.3000 0.1944E+01 0.1926E+01 0.1162E-04 0.6883E-01 0.1857E+01 0.1943E+01  0  0  0 0.2015E+01 0.0000E+00
   5.890 1.4352 42.290 0.5263 4.4000 0.1703E+01 0.1692E+01 0.9368E-05 0.6402E-01 0.1628E+01 0.1702E+01  0  0  0 0.1769E+01 0.0000E+00
   5.890 1.3819 43.650 0.5319 4.5000 0.1491E+01 0.1487E+01 0.7575E-05 0.5985E-01 0.1427E+01 0.1491E+01  0  0  0 0.1555E+01 0.0000E+00
   5.890 1.3286 45.083 0.5374 4.6000 0.1306E+01 0.1308E+01 0.6147E-05 0.5620E-01 0.1252E+01 0.1306E+01  0  0  0 0.1366E+01 0.0000E+00
   5.890 1.2753 46.595 0.5427 4.7000 0.1144E+01 0.1151E+01 0.5006E-05 0.5305E-01 0.1098E+01 0.1144E+01  0  0  0 0.1201E+01 0.0000E+00
   5.890 1.2220 48.198 0.5480 4.8000 0.1002E+01 0.1013E+01 0.4092E-05 0.5035E-01 0.9622E+00 0.1001E+01  0  0  0 0.1056E+01 0.0000E+00
   5.890 1.1687 49.902 0.5531 4.9000 0.8765E+00 0.8912E+00 0.3357E-05 0.4805E-01 0.8432E+00 0.8760E+00  0  0  0 0.9291E+00 0.0000E+00
   5.890 1.1154 51.722 0.5581 5.0000 0.7664E+00 0.7848E+00 0.2765E-05 0.4614E-01 0.7387E+00 0.7660E+00  0  0  0 0.8174E+00 0.0000E+00
   5.890 1.0622 53.673 0.5629 5.1000 0.6695E+00 0.6911E+00 0.2288E-05 0.4456E-01 0.6465E+00 0.6691E+00  0  0  0 0.7191E+00 0.0000E+00
   5.890 1.0089 55.775 0.5677 5.2000 0.5841E+00 0.6081E+00 0.1903E-05 0.4330E-01 0.5648E+00 0.5838E+00  0  0  0 0.6323E+00 0.0000E+00
   5.890 0.9556 58.051 0.5724 5.3000 0.5088E+00 0.5346E+00 0.1590E-05 0.4234E-01 0.4922E+00 0.5085E+00  0  0  0 0.5557E+00 0.0000E+00
   5.890 0.9023 60.531 0.5769 5.4000 0.4424E+00 0.4697E+00 0.1338E-05 0.4166E-01 0.4280E+00 0.4421E+00  0  0  0 0.4883E+00 0.0000E+00
   5.890 0.8490 63.252 0.5814 5.5000 0.3838E+00 0.4120E+00 0.1134E-05 0.4126E-01 0.3708E+00 0.3835E+00  0  0  0 0.4290E+00 0.0000E+00
   5.890 0.7957 66.261 0.5858 5.6000 0.3320E+00 0.3606E+00 0.9705E-06 0.4108E-01 0.3195E+00 0.3318E+00  0  0  0 0.3768E+00 0.0000E+00
   5.890 0.7424 69.620 0.5901 5.7000 0.2863E+00 0.3141E+00 0.8418E-06 0.4106E-01 0.2731E+00 0.2861E+00  0  0  0 0.3308E+00 0.0000E+00
   5.890 0.6891 73.410 0.5943 5.8000 0.2458E+00 0.2709E+00 0.7454E-06 0.4100E-01 0.2299E+00 0.2457E+00  0  0  0 0.2905E+00 0.0000E+00
   5.890 0.6358 77.743 0.5984 5.9001 0.2101E+00 0.2279E+00 0.6847E-06 0.4030E-01 0.1876E+00 0.2099E+00  0  0  0 0.2552E+00 0.0000E+00
   5.890 0.5825 82.781 0.6024 6.0001 0.1785E+00 0.1738E+00 0.6758E-06 0.3643E-01 0.1374E+00 0.1783E+00  0  0  0 0.2245E+00 0.0000E+00
   5.890 0.5293 88.763 0.6064 6.1001 0.1505E+00 0.4298E-01 0.3103E-06 0.1182E-01 0.3116E-01 0.1504E+00  0  0  0 0.1979E+00 0.0000E+00
   5.890 0.4760 96.072 0.6103 6.2001 0.1258E+00 0.3312E+00 0.1058E-05 0.9684E-01 0.2344E+00 0.1257E+00  0  0  0 0.1752E+00 0.0000E+00
