2.0,2.6,1.2,2.5
   4.730 2.4281 18.602 0.2778 1.2000 0.1914E+03 0.1976E+03 0.4157E-01 0.7371E+01 0.1902E+03 0.1914E+03  0  0  0 0.2002E+03 0.0000E+00
   4.730 2.3748 19.587 0.2941 1.3000 0.1499E+03 0.1536E+03 0.2638E-01 0.5523E+01 0.1480E+03 0.1499E+03  0  0  0 0.1562E+03 0.0000E+00
   4.730 2.3215 20.569 0.3098 1.4000 0.1186E+03 0.1206E+03 0.1704E-01 0.4211E+01 0.1164E+03 0.1186E+03  0  0  0 0.1231E+03 0.0000E+00
   4.730 2.2682 21.551 0.3247 1.5000 0.9452E+02 0.9556E+02 0.1118E-01 0.3259E+01 0.9229E+02 0.9453E+02  0  0  0 0.9789E+02 0.0000E+00
   4.730 2.2149 22.536 0.3390 1.6000 0.7590E+02 0.7636E+02 0.7437E-02 0.2557E+01 0.7379E+02 0.7592E+02  0  0  0 0.7843E+02 0.0000E+00
   4.730 2.1616 23.528 0.3527 1.7000 0.6134E+02 0.6144E+02 0.5009E-02 0.2031E+01 0.5941E+02 0.6136E+02  0  0  0 0.6327E+02 0.0000E+00
   4.730 2.1083 24.529 0.3659 1.8000 0.4987E+02 0.4975E+02 0.3412E-02 0.1632E+01 0.4811E+02 0.4988E+02  0  0  0 0.5135E+02 0.0000E+00
   4.730 2.0550 25.542 0.3785 1.9000 0.4075E+02 0.4052E+02 0.2348E-02 0.1324E+01 0.3919E+02 0.4076E+02  0  0  0 0.4190E+02 0.0000E+00
   4.730 2.0018 26.571 0.3906 2.0000 0.3346E+02 0.3316E+02 0.1631E-02 0.1085E+01 0.3207E+02 0.3346E+02  0  0  0 0.3436E+02 0.0000E+00
   4.730 1.9485 27.616 0.4023 2.1000 0.2759E+02 0.2729E+02 0.1144E-02 0.8966E+00 0.2639E+02 0.2759E+02  0  0  0 0.2831E+02 0.0000E+00
   4.730 1.8952 28.683 0.4136 2.2000 0.2284E+02 0.2255E+02 0.8085E-03 0.7470E+00 0.2180E+02 0.2284E+02  0  0  0 0.2343E+02 0.0000E+00
   4.730 1.8419 29.773 0.4244 2.3000 0.1897E+02 0.1870E+02 0.5760E-03 0.6272E+00 0.1808E+02 0.1897E+02  0  0  0 0.1946E+02 0.0000E+00
   4.730 1.7886 30.890 0.4348 2.4000 0.1582E+02 0.1557E+02 0.4134E-03 0.5307E+00 0.1504E+02 0.1581E+02  0  0  0 0.1622E+02 0.0000E+00
   4.730 1.7353 32.037 0.4449 2.5000 0.1322E+02 0.1301E+02 0.2988E-03 0.4522E+00 0.1256E+02 0.1322E+02  0  0  0 0.1356E+02 0.0000E+00
   4.730 2.2096 19.509 0.2537 1.2000 0.1578E+03 0.1696E+03 0.6214E-01 0.6899E+01 0.1626E+03 0.1577E+03  0  0  0 0.1687E+03 0.0000E+00
   4.730 2.1563 20.566 0.2692 1.3000 0.1243E+03 0.1326E+03 0.4021E-01 0.5222E+01 0.1273E+03 0.1243E+03  0  0  0 0.1324E+03 0.0000E+00
   4.730 2.1030 21.623 0.2840 1.4000 0.9886E+02 0.1047E+03 0.2647E-01 0.4020E+01 0.1007E+03 0.9885E+02  0  0  0 0.1050E+03 0.0000E+00
   4.730 2.0497 22.685 0.2982 1.5000 0.7923E+02 0.8341E+02 0.1769E-01 0.3143E+01 0.8025E+02 0.7923E+02  0  0  0 0.8388E+02 0.0000E+00
   4.730 1.9964 23.754 0.3119 1.6000 0.6393E+02 0.6696E+02 0.1198E-01 0.2492E+01 0.6446E+02 0.6394E+02  0  0  0 0.6753E+02 0.0000E+00
   4.730 1.9431 24.835 0.3251 1.7000 0.5190E+02 0.5411E+02 0.8215E-02 0.1999E+01 0.5210E+02 0.5191E+02  0  0  0 0.5471E+02 0.0000E+00
   4.730 1.8899 25.931 0.3377 1.8000 0.4237E+02 0.4401E+02 0.5693E-02 0.1622E+01 0.4238E+02 0.4237E+02  0  0  0 0.4460E+02 0.0000E+00
   4.730 1.8366 27.046 0.3499 1.9000 0.3475E+02 0.3599E+02 0.3984E-02 0.1329E+01 0.3466E+02 0.3476E+02  0  0  0 0.3654E+02 0.0000E+00
   4.730 1.7833 28.183 0.3617 2.0000 0.2863E+02 0.2957E+02 0.2814E-02 0.1100E+01 0.2847E+02 0.2863E+02  0  0  0 0.3007E+02 0.0000E+00
   4.730 1.7300 29.345 0.3730 2.1000 0.2368E+02 0.2441E+02 0.2004E-02 0.9189E+00 0.2349E+02 0.2368E+02  0  0  0 0.2486E+02 0.0000E+00
   4.730 1.6767 30.537 0.3840 2.2000 0.1965E+02 0.2023E+02 0.1439E-02 0.7739E+00 0.1945E+02 0.1966E+02  0  0  0 0.2063E+02 0.0000E+00
   4.730 1.6234 31.763 0.3945 2.3000 0.1636E+02 0.1682E+02 0.1040E-02 0.6576E+00 0.1616E+02 0.1636E+02  0  0  0 0.1717E+02 0.0000E+00
   4.730 1.5701 33.026 0.4047 2.4000 0.1366E+02 0.1404E+02 0.7576E-03 0.5625E+00 0.1348E+02 0.1366E+02  0  0  0 0.1435E+02 0.0000E+00
   4.730 1.5168 34.333 0.4146 2.5000 0.1144E+02 0.1176E+02 0.5555E-03 0.4851E+00 0.1127E+02 0.1144E+02  0  0  0 0.1202E+02 0.0000E+00
   4.730 1.9805 20.618 0.2326 1.2000 0.1273E+03 0.1427E+03 0.8961E-01 0.6639E+01 0.1360E+03 0.1272E+03  0  0  0 0.1393E+03 0.0000E+00
   4.730 1.9272 21.768 0.2472 1.3000 0.1007E+03 0.1121E+03 0.5899E-01 0.5089E+01 0.1070E+03 0.1007E+03  0  0  0 0.1098E+03 0.0000E+00
   4.730 1.8739 22.924 0.2612 1.4000 0.8041E+02 0.8889E+02 0.3951E-01 0.3966E+01 0.8489E+02 0.8039E+02  0  0  0 0.8741E+02 0.0000E+00
   4.730 1.8206 24.090 0.2747 1.5000 0.6468E+02 0.7110E+02 0.2686E-01 0.3137E+01 0.6794E+02 0.6467E+02  0  0  0 0.7013E+02 0.0000E+00
   4.730 1.7673 25.271 0.2878 1.6000 0.5237E+02 0.5728E+02 0.1850E-01 0.2515E+01 0.5475E+02 0.5237E+02  0  0  0 0.5666E+02 0.0000E+00
   4.730 1.7140 26.472 0.3004 1.7000 0.4265E+02 0.4647E+02 0.1289E-01 0.2041E+01 0.4442E+02 0.4265E+02  0  0  0 0.4607E+02 0.0000E+00
   4.730 1.6607 27.696 0.3125 1.8000 0.3491E+02 0.3792E+02 0.9080E-02 0.1676E+01 0.3623E+02 0.3491E+02  0  0  0 0.3767E+02 0.0000E+00
   4.730 1.6074 28.949 0.3242 1.9000 0.2870E+02 0.3109E+02 0.6457E-02 0.1392E+01 0.2969E+02 0.2870E+02  0  0  0 0.3094E+02 0.0000E+00
   4.730 1.5541 30.235 0.3356 2.0000 0.2369E+02 0.2562E+02 0.4632E-02 0.1166E+01 0.2445E+02 0.2369E+02  0  0  0 0.2553E+02 0.0000E+00
   4.730 1.5008 31.560 0.3466 2.1000 0.1962E+02 0.2120E+02 0.3351E-02 0.9865E+00 0.2021E+02 0.1962E+02  0  0  0 0.2115E+02 0.0000E+00
   4.730 1.4476 32.929 0.3572 2.2000 0.1630E+02 0.1761E+02 0.2442E-02 0.8419E+00 0.1676E+02 0.1630E+02  0  0  0 0.1758E+02 0.0000E+00
   4.730 1.3943 34.348 0.3674 2.3000 0.1358E+02 0.1467E+02 0.1793E-02 0.7246E+00 0.1395E+02 0.1358E+02  0  0  0 0.1466E+02 0.0000E+00
   4.730 1.3410 35.825 0.3774 2.4000 0.1134E+02 0.1226E+02 0.1326E-02 0.6289E+00 0.1163E+02 0.1134E+02  0  0  0 0.1225E+02 0.0000E+00
   4.730 1.2877 37.366 0.3870 2.5000 0.9483E+01 0.1027E+02 0.9870E-03 0.5502E+00 0.9724E+01 0.9484E+01  0  0  0 0.1027E+02 0.0000E+00
   4.730 1.7406 22.009 0.2139 1.2000 0.1003E+03 0.1178E+03 0.1261E+00 0.6567E+01 0.1111E+03 0.1002E+03  0  0  0 0.1127E+03 0.0000E+00
   4.730 1.6874 23.284 0.2277 1.3000 0.7957E+02 0.9282E+02 0.8430E-01 0.5101E+01 0.8763E+02 0.7953E+02  0  0  0 0.8908E+02 0.0000E+00
   4.730 1.6341 24.573 0.2410 1.4000 0.6366E+02 0.7384E+02 0.5734E-01 0.4029E+01 0.6975E+02 0.6364E+02  0  0  0 0.7109E+02 0.0000E+00
   4.730 1.5808 25.882 0.2538 1.5000 0.5131E+02 0.5923E+02 0.3960E-01 0.3232E+01 0.5596E+02 0.5129E+02  0  0  0 0.5719E+02 0.0000E+00
   4.730 1.5275 27.218 0.2662 1.6000 0.4161E+02 0.4785E+02 0.2771E-01 0.2626E+01 0.4519E+02 0.4160E+02  0  0  0 0.4630E+02 0.0000E+00
   4.730 1.4742 28.586 0.2782 1.7000 0.3392E+02 0.3889E+02 0.1961E-01 0.2161E+01 0.3671E+02 0.3391E+02  0  0  0 0.3771E+02 0.0000E+00
   4.730 1.4209 29.993 0.2899 1.8000 0.2778E+02 0.3180E+02 0.1403E-01 0.1799E+01 0.2998E+02 0.2778E+02  0  0  0 0.3088E+02 0.0000E+00
   4.730 1.3676 31.445 0.3011 1.9000 0.2285E+02 0.2612E+02 0.1014E-01 0.1513E+01 0.2460E+02 0.2284E+02  0  0  0 0.2540E+02 0.0000E+00
   4.730 1.3143 32.950 0.3120 2.0000 0.1885E+02 0.2155E+02 0.7390E-02 0.1287E+01 0.2026E+02 0.1885E+02  0  0  0 0.2097E+02 0.0000E+00
   4.730 1.2610 34.516 0.3226 2.1000 0.1560E+02 0.1785E+02 0.5433E-02 0.1105E+01 0.1674E+02 0.1560E+02  0  0  0 0.1738E+02 0.0000E+00
   4.730 1.2077 36.153 0.3328 2.2000 0.1294E+02 0.1484E+02 0.4026E-02 0.9573E+00 0.1387E+02 0.1294E+02  0  0  0 0.1445E+02 0.0000E+00
   4.730 1.1545 37.871 0.3428 2.3000 0.1075E+02 0.1237E+02 0.3007E-02 0.8372E+00 0.1153E+02 0.1076E+02  0  0  0 0.1204E+02 0.0000E+00
   4.730 1.1012 39.681 0.3524 2.4000 0.8953E+01 0.1034E+02 0.2262E-02 0.7387E+00 0.9595E+01 0.8953E+01  0  0  0 0.1006E+02 0.0000E+00
   4.730 1.0479 41.600 0.3618 2.5000 0.7461E+01 0.8659E+01 0.1715E-02 0.6574E+00 0.8000E+01 0.7461E+01  0  0  0 0.8416E+01 0.0000E+00
   4.730 1.4902 23.812 0.1974 1.2000 0.7684E+02 0.9529E+02 0.1763E+00 0.6677E+01 0.8844E+02 0.7678E+02  0  0  0 0.8905E+02 0.0000E+00
   4.730 1.4369 25.262 0.2104 1.3000 0.6097E+02 0.7519E+02 0.1194E+00 0.5264E+01 0.6981E+02 0.6094E+02  0  0  0 0.7049E+02 0.0000E+00
   4.730 1.3836 26.742 0.2229 1.4000 0.4878E+02 0.5988E+02 0.8237E-01 0.4220E+01 0.5558E+02 0.4876E+02  0  0  0 0.5629E+02 0.0000E+00
   4.730 1.3303 28.260 0.2351 1.5000 0.3929E+02 0.4810E+02 0.5774E-01 0.3434E+01 0.4461E+02 0.3927E+02  0  0  0 0.4530E+02 0.0000E+00
   4.730 1.2770 29.824 0.2469 1.6000 0.3183E+02 0.3890E+02 0.4104E-01 0.2833E+01 0.3602E+02 0.3182E+02  0  0  0 0.3669E+02 0.0000E+00
   4.730 1.2237 31.444 0.2584 1.7000 0.2591E+02 0.3165E+02 0.2954E-01 0.2367E+01 0.2925E+02 0.2590E+02  0  0  0 0.2989E+02 0.0000E+00
   4.730 1.1704 33.130 0.2695 1.8000 0.2117E+02 0.2588E+02 0.2150E-01 0.2001E+01 0.2385E+02 0.2117E+02  0  0  0 0.2445E+02 0.0000E+00
   4.730 1.1171 34.894 0.2802 1.9000 0.1736E+02 0.2126E+02 0.1582E-01 0.1712E+01 0.1953E+02 0.1736E+02  0  0  0 0.2010E+02 0.0000E+00
   4.730 1.0639 36.748 0.2907 2.0000 0.1427E+02 0.1754E+02 0.1176E-01 0.1479E+01 0.1605E+02 0.1427E+02  0  0  0 0.1657E+02 0.0000E+00
   4.730 1.0106 38.709 0.3009 2.1000 0.1175E+02 0.1452E+02 0.8829E-02 0.1291E+01 0.1322E+02 0.1175E+02  0  0  0 0.1370E+02 0.0000E+00
   4.730 0.9573 40.794 0.3107 2.2000 0.9692E+01 0.1204E+02 0.6699E-02 0.1138E+01 0.1090E+02 0.9692E+01  0  0  0 0.1135E+02 0.0000E+00
   4.730 0.9040 43.025 0.3203 2.3000 0.7999E+01 0.1002E+02 0.5141E-02 0.1014E+01 0.9006E+01 0.7999E+01  0  0  0 0.9431E+01 0.0000E+00
   4.730 0.8507 45.430 0.3297 2.4000 0.6603E+01 0.8366E+01 0.3997E-02 0.9113E+00 0.7451E+01 0.6603E+01  0  0  0 0.7849E+01 0.0000E+00
   4.730 0.7974 48.042 0.3388 2.5000 0.5447E+01 0.6990E+01 0.3156E-02 0.8269E+00 0.6160E+01 0.5447E+01  0  0  0 0.6538E+01 0.0000E+00
   4.730 1.2291 26.261 0.1827 1.2000 0.5669E+02 0.7520E+02 0.2550E+00 0.6969E+01 0.6798E+02 0.5665E+02  0  0  0 0.6837E+02 0.0000E+00
   4.730 1.1758 27.979 0.1949 1.3000 0.4486E+02 0.5933E+02 0.1750E+00 0.5582E+01 0.5358E+02 0.4483E+02  0  0  0 0.5406E+02 0.0000E+00
   4.730 1.1225 29.755 0.2068 1.4000 0.3576E+02 0.4725E+02 0.1227E+00 0.4548E+01 0.4258E+02 0.3574E+02  0  0  0 0.4311E+02 0.0000E+00
   4.730 1.0692 31.603 0.2183 1.5000 0.2868E+02 0.3792E+02 0.8761E-01 0.3761E+01 0.3407E+02 0.2867E+02  0  0  0 0.3462E+02 0.0000E+00
   4.730 1.0159 33.539 0.2296 1.6000 0.2311E+02 0.3063E+02 0.6365E-01 0.3155E+01 0.2742E+02 0.2311E+02  0  0  0 0.2797E+02 0.0000E+00
   4.730 0.9626 35.579 0.2405 1.7000 0.1870E+02 0.2488E+02 0.4700E-01 0.2681E+01 0.2216E+02 0.1869E+02  0  0  0 0.2271E+02 0.0000E+00
   4.730 0.9093 37.744 0.2511 1.8000 0.1517E+02 0.2032E+02 0.3528E-01 0.2306E+01 0.1798E+02 0.1517E+02  0  0  0 0.1852E+02 0.0000E+00
   4.730 0.8560 40.060 0.2614 1.9000 0.1233E+02 0.1666E+02 0.2695E-01 0.2007E+01 0.1462E+02 0.1233E+02  0  0  0 0.1515E+02 0.0000E+00
   4.730 0.8027 42.555 0.2714 2.0000 0.1003E+02 0.1370E+02 0.2101E-01 0.1766E+01 0.1192E+02 0.1003E+02  0  0  0 0.1242E+02 0.0000E+00
   4.730 0.7495 45.267 0.2811 2.1000 0.8158E+01 0.1131E+02 0.1677E-01 0.1571E+01 0.9718E+01 0.8157E+01  0  0  0 0.1021E+02 0.0000E+00
   4.730 0.6962 48.245 0.2906 2.2000 0.6630E+01 0.9349E+01 0.1382E-01 0.1412E+01 0.7923E+01 0.6630E+01  0  0  0 0.8406E+01 0.0000E+00
   4.730 0.6429 51.552 0.2999 2.3000 0.5377E+01 0.7743E+01 0.1186E-01 0.1281E+01 0.6450E+01 0.5377E+01  0  0  0 0.6925E+01 0.0000E+00
   4.730 0.5896 55.271 0.3089 2.4000 0.4346E+01 0.6420E+01 0.1075E-01 0.1174E+01 0.5235E+01 0.4346E+01  0  0  0 0.5706E+01 0.0000E+00
   4.730 0.5363 59.520 0.3177 2.5000 0.3496E+01 0.5323E+01 0.1046E-01 0.1085E+01 0.4228E+01 0.3496E+01  0  0  0 0.4700E+01 0.0000E+00
   4.730 0.9573 29.832 0.1695 1.2000 0.3954E+02 0.5760E+02 0.4252E+00 0.7459E+01 0.4971E+02 0.3952E+02  0  0  0 0.5051E+02 0.0000E+00
   4.730 0.9040 32.007 0.1811 1.3000 0.3103E+02 0.4534E+02 0.3010E+00 0.6076E+01 0.3896E+02 0.3101E+02  0  0  0 0.3974E+02 0.0000E+00
   4.730 0.8507 34.306 0.1923 1.4000 0.2450E+02 0.3598E+02 0.2196E+00 0.5035E+01 0.3073E+02 0.2449E+02  0  0  0 0.3153E+02 0.0000E+00
   4.730 0.7974 36.759 0.2033 1.5000 0.1943E+02 0.2877E+02 0.1651E+00 0.4237E+01 0.2437E+02 0.1942E+02  0  0  0 0.2515E+02 0.0000E+00
   4.730 0.7441 39.402 0.2139 1.6000 0.1545E+02 0.2315E+02 0.1281E+00 0.3616E+01 0.1940E+02 0.1544E+02  0  0  0 0.2017E+02 0.0000E+00
   4.730 0.6908 42.279 0.2243 1.7000 0.1230E+02 0.1872E+02 0.1031E+00 0.3127E+01 0.1549E+02 0.1230E+02  0  0  0 0.1624E+02 0.0000E+00
   4.730 0.6375 45.448 0.2344 1.8000 0.9796E+01 0.1520E+02 0.8643E-01 0.2738E+01 0.1238E+02 0.9793E+01  0  0  0 0.1312E+02 0.0000E+00
   4.730 0.5843 48.986 0.2442 1.9000 0.7786E+01 0.1238E+02 0.7615E-01 0.2426E+01 0.9883E+01 0.7785E+01  0  0  0 0.1061E+02 0.0000E+00
   4.730 0.5310 52.999 0.2538 2.0000 0.6167E+01 0.1011E+02 0.7113E-01 0.2171E+01 0.7871E+01 0.6166E+01  0  0  0 0.8593E+01 0.0000E+00
   4.730 0.4777 57.637 0.2632 2.1000 0.4857E+01 0.8266E+01 0.7101E-01 0.1962E+01 0.6233E+01 0.4857E+01  0  0  0 0.6957E+01 0.0000E+00
   4.730 0.4244 63.127 0.2723 2.2000 0.3793E+01 0.6750E+01 0.7613E-01 0.1784E+01 0.4890E+01 0.3793E+01  0  0  0 0.5624E+01 0.0000E+00
   4.730 0.3711 69.828 0.2812 2.3000 0.2926E+01 0.5476E+01 0.8753E-01 0.1622E+01 0.3766E+01 0.2926E+01  0  0  0 0.4534E+01 0.0000E+00
   4.730 0.3178 78.362 0.2899 2.4000 0.2219E+01 0.4287E+01 0.1067E+00 0.1427E+01 0.2754E+01 0.2219E+01  0  0  0 0.3638E+01 0.0000E+00
   4.730 0.2645 89.946 0.2983 2.5000 0.1641E+01 0.0000E+00 0.0000E+00 0.1910E+00 0.2169E+00 0.1641E+01  0  0  0 0.2892E+01 0.0000E+00
