1.2,2.4,2.7,3.6
   4.730 2.9929 25.225 0.8283 2.7000 0.2409E+02 0.1941E+02 0.4364E-07 0.6027E+01 0.1339E+02 0.1823E+02  0  0  0 0.2216E+02 0.0000E+00
   4.730 2.9397 25.932 0.8334 2.8000 0.1995E+02 0.1606E+02 0.2978E-07 0.4886E+01 0.1117E+02 0.1519E+02  0  0  0 0.1834E+02 0.0000E+00
   4.730 2.8864 26.646 0.8382 2.9000 0.1659E+02 0.1335E+02 0.2056E-07 0.3978E+01 0.9370E+01 0.1272E+02  0  0  0 0.1525E+02 0.0000E+00
   4.730 2.8331 27.369 0.8428 3.0000 0.1386E+02 0.1114E+02 0.1436E-07 0.3254E+01 0.7890E+01 0.1070E+02  0  0  0 0.1274E+02 0.0000E+00
   4.730 2.7798 28.101 0.8471 3.1000 0.1163E+02 0.9343E+01 0.1014E-07 0.2672E+01 0.6671E+01 0.9031E+01  0  0  0 0.1069E+02 0.0000E+00
   4.730 2.7265 28.844 0.8511 3.2000 0.9791E+01 0.7864E+01 0.7233E-08 0.2202E+01 0.5661E+01 0.7653E+01  0  0  0 0.9002E+01 0.0000E+00
   4.730 2.6732 29.599 0.8550 3.3000 0.8274E+01 0.6644E+01 0.5210E-08 0.1822E+01 0.4822E+01 0.6508E+01  0  0  0 0.7609E+01 0.0000E+00
   4.730 2.6199 30.366 0.8587 3.4000 0.7017E+01 0.5634E+01 0.3788E-08 0.1513E+01 0.4121E+01 0.5553E+01  0  0  0 0.6455E+01 0.0000E+00
   4.730 2.5666 31.146 0.8621 3.5000 0.5970E+01 0.4793E+01 0.2778E-08 0.1260E+01 0.3533E+01 0.4753E+01  0  0  0 0.5494E+01 0.0000E+00
   4.730 2.5133 31.942 0.8654 3.6000 0.5095E+01 0.4091E+01 0.2054E-08 0.1053E+01 0.3038E+01 0.4080E+01  0  0  0 0.4691E+01 0.0000E+00
   4.730 2.8597 25.816 0.7693 2.7000 0.2767E+02 0.2259E+02 0.2004E-06 0.4447E+01 0.1815E+02 0.2396E+02  0  0  0 0.2562E+02 0.0000E+00
   4.730 2.8064 26.551 0.7757 2.8000 0.2298E+02 0.1874E+02 0.1368E-06 0.3636E+01 0.1511E+02 0.1994E+02  0  0  0 0.2127E+02 0.0000E+00
   4.730 2.7531 27.296 0.7817 2.9000 0.1917E+02 0.1562E+02 0.9446E-07 0.2985E+01 0.1263E+02 0.1666E+02  0  0  0 0.1774E+02 0.0000E+00
   4.730 2.6999 28.050 0.7875 3.0000 0.1605E+02 0.1307E+02 0.6588E-07 0.2461E+01 0.1061E+02 0.1398E+02  0  0  0 0.1485E+02 0.0000E+00
   4.730 2.6466 28.815 0.7929 3.1000 0.1349E+02 0.1098E+02 0.4641E-07 0.2036E+01 0.8943E+01 0.1178E+02  0  0  0 0.1249E+02 0.0000E+00
   4.730 2.5933 29.592 0.7981 3.2000 0.1138E+02 0.9258E+01 0.3299E-07 0.1691E+01 0.7567E+01 0.9954E+01  0  0  0 0.1053E+02 0.0000E+00
   4.730 2.5400 30.383 0.8030 3.3000 0.9630E+01 0.7834E+01 0.2367E-07 0.1409E+01 0.6425E+01 0.8443E+01  0  0  0 0.8917E+01 0.0000E+00
   4.730 2.4867 31.189 0.8077 3.4000 0.8177E+01 0.6650E+01 0.1713E-07 0.1178E+01 0.5473E+01 0.7185E+01  0  0  0 0.7574E+01 0.0000E+00
   4.730 2.4334 32.010 0.8121 3.5000 0.6964E+01 0.5664E+01 0.1249E-07 0.9875E+00 0.4676E+01 0.6133E+01  0  0  0 0.6453E+01 0.0000E+00
   4.730 2.3801 32.848 0.8164 3.6000 0.5948E+01 0.4838E+01 0.9188E-08 0.8305E+00 0.4007E+01 0.5250E+01  0  0  0 0.5514E+01 0.0000E+00
   4.730 2.7158 26.503 0.7143 2.7000 0.3118E+02 0.2588E+02 0.7933E-06 0.3199E+01 0.2268E+02 0.2900E+02  0  0  0 0.2913E+02 0.0000E+00
   4.730 2.6625 27.273 0.7217 2.8000 0.2594E+02 0.2151E+02 0.5457E-06 0.2639E+01 0.1887E+02 0.2413E+02  0  0  0 0.2423E+02 0.0000E+00
   4.730 2.6093 28.053 0.7287 2.9000 0.2167E+02 0.1796E+02 0.3788E-06 0.2186E+01 0.1577E+02 0.2016E+02  0  0  0 0.2024E+02 0.0000E+00
   4.730 2.5560 28.845 0.7353 3.0000 0.1817E+02 0.1505E+02 0.2654E-06 0.1817E+01 0.1323E+02 0.1691E+02  0  0  0 0.1697E+02 0.0000E+00
   4.730 2.5027 29.650 0.7417 3.1000 0.1529E+02 0.1266E+02 0.1875E-06 0.1516E+01 0.1115E+02 0.1423E+02  0  0  0 0.1429E+02 0.0000E+00
   4.730 2.4494 30.470 0.7477 3.2000 0.1291E+02 0.1069E+02 0.1336E-06 0.1269E+01 0.9420E+01 0.1202E+02  0  0  0 0.1206E+02 0.0000E+00
   4.730 2.3961 31.305 0.7535 3.3000 0.1094E+02 0.9053E+01 0.9595E-07 0.1065E+01 0.7987E+01 0.1019E+02  0  0  0 0.1022E+02 0.0000E+00
   4.730 2.3428 32.157 0.7590 3.4000 0.9292E+01 0.7691E+01 0.6945E-07 0.8974E+00 0.6794E+01 0.8661E+01  0  0  0 0.8690E+01 0.0000E+00
   4.730 2.2895 33.028 0.7642 3.5000 0.7917E+01 0.6554E+01 0.5064E-07 0.7581E+00 0.5796E+01 0.7384E+01  0  0  0 0.7407E+01 0.0000E+00
   4.730 2.2362 33.919 0.7693 3.6000 0.6763E+01 0.5600E+01 0.3719E-07 0.6423E+00 0.4957E+01 0.6312E+01  0  0  0 0.6332E+01 0.0000E+00
   4.730 2.5613 27.306 0.6634 2.7000 0.3400E+02 0.2882E+02 0.2692E-05 0.2311E+01 0.2651E+02 0.3281E+02  0  0  0 0.3213E+02 0.0000E+00
   4.730 2.5080 28.117 0.6715 2.8000 0.2834E+02 0.2401E+02 0.1875E-05 0.1923E+01 0.2208E+02 0.2733E+02  0  0  0 0.2678E+02 0.0000E+00
   4.730 2.4547 28.941 0.6792 2.9000 0.2371E+02 0.2008E+02 0.1316E-05 0.1607E+01 0.1847E+02 0.2286E+02  0  0  0 0.2241E+02 0.0000E+00
   4.730 2.4014 29.779 0.6865 3.0000 0.1991E+02 0.1686E+02 0.9310E-06 0.1347E+01 0.1551E+02 0.1919E+02  0  0  0 0.1882E+02 0.0000E+00
   4.730 2.3481 30.633 0.6936 3.1000 0.1678E+02 0.1420E+02 0.6632E-06 0.1133E+01 0.1307E+02 0.1616E+02  0  0  0 0.1586E+02 0.0000E+00
   4.730 2.2949 31.505 0.7003 3.2000 0.1418E+02 0.1200E+02 0.4758E-06 0.9565E+00 0.1105E+02 0.1366E+02  0  0  0 0.1342E+02 0.0000E+00
   4.730 2.2416 32.395 0.7067 3.3000 0.1203E+02 0.1018E+02 0.3437E-06 0.8098E+00 0.9369E+01 0.1158E+02  0  0  0 0.1138E+02 0.0000E+00
   4.730 2.1883 33.305 0.7128 3.4000 0.1023E+02 0.8656E+01 0.2500E-06 0.6879E+00 0.7968E+01 0.9847E+01  0  0  0 0.9682E+01 0.0000E+00
   4.730 2.1350 34.238 0.7187 3.5000 0.8718E+01 0.7387E+01 0.1830E-06 0.5860E+00 0.6801E+01 0.8395E+01  0  0  0 0.8263E+01 0.0000E+00
   4.730 2.0817 35.195 0.7244 3.6000 0.7345E+01 0.6263E+01 0.1348E-06 0.5006E+00 0.5763E+01 0.7070E+01  0  0  0 0.6991E+01 0.0000E+00
   4.730 2.3961 28.251 0.6165 2.7000 0.3575E+02 0.3106E+02 0.7838E-05 0.1731E+01 0.2933E+02 0.3513E+02  0  0  0 0.3423E+02 0.0000E+00
   4.730 2.3428 29.113 0.6250 2.8000 0.2986E+02 0.2594E+02 0.5555E-05 0.1453E+01 0.2448E+02 0.2933E+02  0  0  0 0.2860E+02 0.0000E+00
   4.730 2.2895 29.991 0.6332 2.9000 0.2503E+02 0.2174E+02 0.3960E-05 0.1224E+01 0.2051E+02 0.2458E+02  0  0  0 0.2398E+02 0.0000E+00
   4.730 2.2362 30.886 0.6411 3.0000 0.2106E+02 0.1828E+02 0.2840E-05 0.1035E+01 0.1724E+02 0.2067E+02  0  0  0 0.2018E+02 0.0000E+00
   4.730 2.1830 31.801 0.6486 3.1000 0.1777E+02 0.1543E+02 0.2048E-05 0.8778E+00 0.1455E+02 0.1744E+02  0  0  0 0.1704E+02 0.0000E+00
   4.730 2.1297 32.737 0.6558 3.2000 0.1505E+02 0.1306E+02 0.1486E-05 0.7473E+00 0.1231E+02 0.1476E+02  0  0  0 0.1443E+02 0.0000E+00
   4.730 2.0764 33.696 0.6627 3.3000 0.1268E+02 0.1105E+02 0.1084E-05 0.6384E+00 0.1041E+02 0.1244E+02  0  0  0 0.1220E+02 0.0000E+00
   4.730 2.0231 34.680 0.6693 3.4000 0.1081E+02 0.9418E+01 0.7953E-06 0.5472E+00 0.8871E+01 0.1059E+02  0  0  0 0.1040E+02 0.0000E+00
   4.730 1.9698 35.691 0.6757 3.5000 0.9229E+01 0.8048E+01 0.5867E-06 0.4705E+00 0.7578E+01 0.9045E+01  0  0  0 0.8889E+01 0.0000E+00
   4.730 1.9165 36.733 0.6819 3.6000 0.7901E+01 0.6895E+01 0.4352E-06 0.4059E+00 0.6489E+01 0.7741E+01  0  0  0 0.7618E+01 0.0000E+00
   4.730 2.2202 29.372 0.5733 2.7000 0.3623E+02 0.3237E+02 0.1968E-04 0.1384E+01 0.3098E+02 0.3594E+02  0  0  0 0.3522E+02 0.0000E+00
   4.730 2.1670 30.298 0.5822 2.8000 0.3034E+02 0.2709E+02 0.1425E-04 0.1170E+01 0.2592E+02 0.3008E+02  0  0  0 0.2950E+02 0.0000E+00
   4.730 2.1137 31.244 0.5907 2.9000 0.2549E+02 0.2276E+02 0.1035E-04 0.9939E+00 0.2177E+02 0.2527E+02  0  0  0 0.2480E+02 0.0000E+00
   4.730 2.0604 32.212 0.5988 3.0000 0.2149E+02 0.1919E+02 0.7556E-05 0.8476E+00 0.1834E+02 0.2129E+02  0  0  0 0.2091E+02 0.0000E+00
   4.730 2.0071 33.204 0.6067 3.1000 0.1812E+02 0.1620E+02 0.5538E-05 0.7256E+00 0.1548E+02 0.1795E+02  0  0  0 0.1766E+02 0.0000E+00
   4.730 1.9538 34.222 0.6142 3.2000 0.1537E+02 0.1375E+02 0.4077E-05 0.6237E+00 0.1313E+02 0.1522E+02  0  0  0 0.1499E+02 0.0000E+00
   4.730 1.9005 35.269 0.6215 3.3000 0.1307E+02 0.1170E+02 0.3015E-05 0.5382E+00 0.1116E+02 0.1294E+02  0  0  0 0.1276E+02 0.0000E+00
   4.730 1.8472 36.348 0.6285 3.4000 0.1114E+02 0.9979E+01 0.2239E-05 0.4662E+00 0.9513E+01 0.1103E+02  0  0  0 0.1089E+02 0.0000E+00
   4.730 1.7939 37.462 0.6352 3.5000 0.9517E+01 0.8534E+01 0.1670E-05 0.4054E+00 0.8128E+01 0.9417E+01  0  0  0 0.9312E+01 0.0000E+00
   4.730 1.7406 38.613 0.6417 3.6000 0.8147E+01 0.7315E+01 0.1252E-05 0.3539E+00 0.6961E+01 0.8060E+01  0  0  0 0.7983E+01 0.0000E+00
   4.730 2.0337 30.721 0.5336 2.7000 0.3542E+02 0.3263E+02 0.4304E-04 0.1204E+01 0.3143E+02 0.3530E+02  0  0  0 0.3503E+02 0.0000E+00
   4.730 1.9805 31.729 0.5427 2.8000 0.2974E+02 0.2739E+02 0.3191E-04 0.1027E+01 0.2636E+02 0.2963E+02  0  0  0 0.2941E+02 0.0000E+00
   4.730 1.9272 32.762 0.5514 2.9000 0.2504E+02 0.2306E+02 0.2371E-04 0.8802E+00 0.2218E+02 0.2494E+02  0  0  0 0.2478E+02 0.0000E+00
   4.730 1.8739 33.823 0.5597 3.0000 0.2114E+02 0.1948E+02 0.1767E-04 0.7580E+00 0.1872E+02 0.2104E+02  0  0  0 0.2094E+02 0.0000E+00
   4.730 1.8206 34.915 0.5678 3.1000 0.1790E+02 0.1651E+02 0.1320E-04 0.6557E+00 0.1585E+02 0.1782E+02  0  0  0 0.1775E+02 0.0000E+00
   4.730 1.7673 36.041 0.5756 3.2000 0.1520E+02 0.1403E+02 0.9890E-05 0.5699E+00 0.1346E+02 0.1513E+02  0  0  0 0.1509E+02 0.0000E+00
   4.730 1.7140 37.205 0.5831 3.3000 0.1293E+02 0.1195E+02 0.7434E-05 0.4977E+00 0.1145E+02 0.1287E+02  0  0  0 0.1285E+02 0.0000E+00
   4.730 1.6607 38.410 0.5903 3.4000 0.1103E+02 0.1020E+02 0.5606E-05 0.4366E+00 0.9765E+01 0.1097E+02  0  0  0 0.1098E+02 0.0000E+00
   4.730 1.6074 39.661 0.5973 3.5000 0.9422E+01 0.8730E+01 0.4242E-05 0.3848E+00 0.8346E+01 0.9372E+01  0  0  0 0.9395E+01 0.0000E+00
   4.730 1.5541 40.963 0.6041 3.6000 0.8064E+01 0.7484E+01 0.3221E-05 0.3408E+00 0.7144E+01 0.8019E+01  0  0  0 0.8055E+01 0.0000E+00
   4.730 1.8366 32.372 0.4973 2.7000 0.3342E+02 0.3183E+02 0.8297E-04 0.1147E+01 0.3068E+02 0.3337E+02  0  0  0 0.3366E+02 0.0000E+00
   4.730 1.7833 33.486 0.5064 2.8000 0.2811E+02 0.2679E+02 0.6319E-04 0.9879E+00 0.2580E+02 0.2806E+02  0  0  0 0.2834E+02 0.0000E+00
   4.730 1.7300 34.634 0.5151 2.9000 0.2371E+02 0.2261E+02 0.4814E-04 0.8558E+00 0.2176E+02 0.2367E+02  0  0  0 0.2393E+02 0.0000E+00
   4.730 1.6767 35.820 0.5236 3.0000 0.2006E+02 0.1914E+02 0.3671E-04 0.7454E+00 0.1839E+02 0.2002E+02  0  0  0 0.2026E+02 0.0000E+00
   4.730 1.6234 37.047 0.5318 3.1000 0.1700E+02 0.1624E+02 0.2803E-04 0.6529E+00 0.1559E+02 0.1697E+02  0  0  0 0.1720E+02 0.0000E+00
   4.730 1.5701 38.320 0.5397 3.2000 0.1444E+02 0.1381E+02 0.2143E-04 0.5750E+00 0.1324E+02 0.1441E+02  0  0  0 0.1463E+02 0.0000E+00
   4.730 1.5168 39.644 0.5473 3.3000 0.1229E+02 0.1178E+02 0.1642E-04 0.5092E+00 0.1127E+02 0.1226E+02  0  0  0 0.1248E+02 0.0000E+00
   4.730 1.4635 41.025 0.5547 3.4000 0.1048E+02 0.1007E+02 0.1261E-04 0.4535E+00 0.9614E+01 0.1045E+02  0  0  0 0.1066E+02 0.0000E+00
   4.730 1.4102 42.468 0.5618 3.5000 0.8947E+01 0.8617E+01 0.9707E-05 0.4061E+00 0.8211E+01 0.8923E+01  0  0  0 0.9126E+01 0.0000E+00
   4.730 1.3570 43.982 0.5687 3.6000 0.7648E+01 0.7388E+01 0.7493E-05 0.3659E+00 0.7022E+01 0.7627E+01  0  0  0 0.7823E+01 0.0000E+00
   4.730 1.6287 34.435 0.4639 2.7000 0.3037E+02 0.3007E+02 0.1432E-03 0.1186E+01 0.2888E+02 0.3036E+02  0  0  0 0.3127E+02 0.0000E+00
   4.730 1.5754 35.696 0.4730 2.8000 0.2558E+02 0.2533E+02 0.1122E-03 0.1034E+01 0.2430E+02 0.2557E+02  0  0  0 0.2636E+02 0.0000E+00
   4.730 1.5222 37.003 0.4817 2.9000 0.2160E+02 0.2142E+02 0.8785E-04 0.9073E+00 0.2051E+02 0.2159E+02  0  0  0 0.2229E+02 0.0000E+00
   4.730 1.4689 38.362 0.4902 3.0000 0.1828E+02 0.1816E+02 0.6872E-04 0.8013E+00 0.1735E+02 0.1826E+02  0  0  0 0.1890E+02 0.0000E+00
   4.730 1.4156 39.780 0.4984 3.1000 0.1549E+02 0.1542E+02 0.5375E-04 0.7124E+00 0.1471E+02 0.1548E+02  0  0  0 0.1605E+02 0.0000E+00
   4.730 1.3623 41.263 0.5064 3.2000 0.1315E+02 0.1313E+02 0.4206E-04 0.6371E+00 0.1249E+02 0.1314E+02  0  0  0 0.1366E+02 0.0000E+00
   4.730 1.3090 42.819 0.5140 3.3000 0.1118E+02 0.1120E+02 0.3295E-04 0.5732E+00 0.1062E+02 0.1117E+02  0  0  0 0.1165E+02 0.0000E+00
   4.730 1.2557 44.457 0.5215 3.4000 0.9515E+01 0.9564E+01 0.2585E-04 0.5191E+00 0.9045E+01 0.9504E+01  0  0  0 0.9946E+01 0.0000E+00
   4.730 1.2024 46.187 0.5287 3.5000 0.8106E+01 0.8182E+01 0.2031E-04 0.4731E+00 0.7709E+01 0.8096E+01  0  0  0 0.8506E+01 0.0000E+00
   4.730 1.1491 48.023 0.5357 3.6000 0.6909E+01 0.7008E+01 0.1600E-04 0.4340E+00 0.6574E+01 0.6900E+01  0  0  0 0.7282E+01 0.0000E+00
   4.730 1.4102 37.097 0.4334 2.7000 0.2650E+02 0.2743E+02 0.2251E-03 0.1305E+01 0.2612E+02 0.2650E+02  0  0  0 0.2800E+02 0.0000E+00
   4.730 1.3570 38.567 0.4424 2.8000 0.2232E+02 0.2315E+02 0.1820E-03 0.1154E+01 0.2199E+02 0.2232E+02  0  0  0 0.2363E+02 0.0000E+00
   4.730 1.3037 40.106 0.4510 2.9000 0.1884E+02 0.1959E+02 0.1467E-03 0.1027E+01 0.1856E+02 0.1883E+02  0  0  0 0.1999E+02 0.0000E+00
   4.730 1.2504 41.723 0.4594 3.0000 0.1592E+02 0.1660E+02 0.1181E-03 0.9209E+00 0.1568E+02 0.1591E+02  0  0  0 0.1694E+02 0.0000E+00
   4.730 1.1971 43.427 0.4676 3.1000 0.1347E+02 0.1411E+02 0.9494E-04 0.8315E+00 0.1327E+02 0.1346E+02  0  0  0 0.1438E+02 0.0000E+00
   4.730 1.1438 45.230 0.4755 3.2000 0.1140E+02 0.1200E+02 0.7631E-04 0.7561E+00 0.1125E+02 0.1140E+02  0  0  0 0.1223E+02 0.0000E+00
   4.730 1.0905 47.147 0.4832 3.3000 0.9660E+01 0.1023E+02 0.6136E-04 0.6926E+00 0.9534E+01 0.9657E+01  0  0  0 0.1041E+02 0.0000E+00
   4.730 1.0372 49.195 0.4906 3.4000 0.8187E+01 0.8724E+01 0.4940E-04 0.6385E+00 0.8085E+01 0.8184E+01  0  0  0 0.8874E+01 0.0000E+00
   4.730 0.9839 51.393 0.4979 3.5000 0.6938E+01 0.7462E+01 0.3986E-04 0.5938E+00 0.6869E+01 0.6935E+01  0  0  0 0.7578E+01 0.0000E+00
   4.730 0.9306 53.766 0.5049 3.6000 0.5877E+01 0.6380E+01 0.3226E-04 0.5560E+00 0.5824E+01 0.5874E+01  0  0  0 0.6472E+01 0.0000E+00
   4.730 1.1811 40.681 0.4054 2.7000 0.2206E+02 0.2418E+02 0.3309E-03 0.1525E+01 0.2265E+02 0.2206E+02  0  0  0 0.2411E+02 0.0000E+00
   4.730 1.1278 42.476 0.4142 2.8000 0.1854E+02 0.2041E+02 0.2765E-03 0.1370E+01 0.1904E+02 0.1854E+02  0  0  0 0.2034E+02 0.0000E+00
   4.730 1.0745 44.381 0.4228 2.9000 0.1559E+02 0.1726E+02 0.2304E-03 0.1240E+01 0.1602E+02 0.1559E+02  0  0  0 0.1718E+02 0.0000E+00
   4.730 1.0212 46.412 0.4311 3.0000 0.1311E+02 0.1463E+02 0.1916E-03 0.1131E+01 0.1349E+02 0.1311E+02  0  0  0 0.1454E+02 0.0000E+00
   4.730 0.9679 48.589 0.4391 3.1000 0.1104E+02 0.1241E+02 0.1592E-03 0.1040E+01 0.1137E+02 0.1104E+02  0  0  0 0.1232E+02 0.0000E+00
   4.730 0.9147 50.937 0.4469 3.2000 0.9284E+01 0.1055E+02 0.1323E-03 0.9643E+00 0.9581E+01 0.9283E+01  0  0  0 0.1045E+02 0.0000E+00
   4.730 0.8614 53.486 0.4546 3.3000 0.7804E+01 0.8969E+01 0.1102E-03 0.9010E+00 0.8068E+01 0.7804E+01  0  0  0 0.8868E+01 0.0000E+00
   4.730 0.8081 56.274 0.4620 3.4000 0.6552E+01 0.7631E+01 0.9220E-04 0.8485E+00 0.6783E+01 0.6552E+01  0  0  0 0.7531E+01 0.0000E+00
   4.730 0.7548 59.348 0.4692 3.5000 0.5491E+01 0.6494E+01 0.7770E-04 0.8054E+00 0.5689E+01 0.5490E+01  0  0  0 0.6398E+01 0.0000E+00
   4.730 0.7015 62.773 0.4762 3.6000 0.4589E+01 0.5521E+01 0.6631E-04 0.7698E+00 0.4752E+01 0.4588E+01  0  0  0 0.5437E+01 0.0000E+00
   4.730 0.9413 45.830 0.3798 2.7000 0.1727E+02 0.2049E+02 0.4769E-03 0.1881E+01 0.1861E+02 0.1727E+02  0  0  0 0.1982E+02 0.0000E+00
   4.730 0.8880 48.188 0.3884 2.8000 0.1441E+02 0.1727E+02 0.4147E-03 0.1721E+01 0.1555E+02 0.1441E+02  0  0  0 0.1667E+02 0.0000E+00
   4.730 0.8347 50.747 0.3967 2.9000 0.1201E+02 0.1458E+02 0.3611E-03 0.1588E+01 0.1299E+02 0.1201E+02  0  0  0 0.1404E+02 0.0000E+00
   4.730 0.7814 53.546 0.4049 3.0000 0.1000E+02 0.1233E+02 0.3159E-03 0.1478E+01 0.1085E+02 0.1000E+02  0  0  0 0.1183E+02 0.0000E+00
   4.730 0.7281 56.636 0.4128 3.1000 0.8316E+01 0.1042E+02 0.2793E-03 0.1387E+01 0.9037E+01 0.8316E+01  0  0  0 0.9973E+01 0.0000E+00
   4.730 0.6748 60.082 0.4205 3.2000 0.6894E+01 0.8815E+01 0.2522E-03 0.1311E+01 0.7504E+01 0.6894E+01  0  0  0 0.8411E+01 0.0000E+00
   4.730 0.6216 63.974 0.4280 3.3000 0.5693E+01 0.7447E+01 0.2373E-03 0.1248E+01 0.6198E+01 0.5693E+01  0  0  0 0.7095E+01 0.0000E+00
   4.730 0.5683 68.436 0.4354 3.4000 0.4679E+01 0.6266E+01 0.2411E-03 0.1193E+01 0.5073E+01 0.4679E+01  0  0  0 0.5986E+01 0.0000E+00
   4.730 0.5150 73.646 0.4425 3.5000 0.3821E+01 0.5216E+01 0.2788E-03 0.1137E+01 0.4079E+01 0.3821E+01  0  0  0 0.5053E+01 0.0000E+00
   4.730 0.4617 79.878 0.4495 3.6000 0.3093E+01 0.4146E+01 0.3842E-03 0.1044E+01 0.3102E+01 0.3093E+01  0  0  0 0.4264E+01 0.0000E+00
   4.730 0.6908 54.066 0.3562 2.7000 0.1233E+02 0.1658E+02 0.9041E-03 0.2439E+01 0.1414E+02 0.1233E+02  0  0  0 0.1535E+02 0.0000E+00
   4.730 0.6375 57.605 0.3646 2.8000 0.1012E+02 0.1392E+02 0.9193E-03 0.2274E+01 0.1164E+02 0.1012E+02  0  0  0 0.1283E+02 0.0000E+00
   4.730 0.5843 61.620 0.3728 2.9000 0.8264E+01 0.1168E+02 0.1004E-02 0.2137E+01 0.9541E+01 0.8264E+01  0  0  0 0.1072E+02 0.0000E+00
   4.730 0.5310 66.250 0.3807 3.0000 0.6713E+01 0.9777E+01 0.1206E-02 0.2018E+01 0.7758E+01 0.6713E+01  0  0  0 0.8964E+01 0.0000E+00
   4.730 0.4777 71.701 0.3885 3.1000 0.5413E+01 0.8116E+01 0.1610E-02 0.1904E+01 0.6211E+01 0.5413E+01  0  0  0 0.7489E+01 0.0000E+00
   4.730 0.4244 78.291 0.3961 3.2000 0.4322E+01 0.6519E+01 0.2363E-02 0.1751E+01 0.4766E+01 0.4322E+01  0  0  0 0.6252E+01 0.0000E+00
   4.730 0.3711 86.561 0.4034 3.3000 0.3404E+01 0.3684E+01 0.3556E-02 0.1161E+01 0.2519E+01 0.3404E+01  0  0  0 0.5214E+01 0.0000E+00
   4.730 0.3178 97.521 0.4106 3.4000 0.2632E+01 0.7113E+01 0.4579E-02 0.2574E+01 0.4534E+01 0.2632E+01  0  0  0 0.4340E+01 0.0000E+00
   4.730 0.2645113.495 0.4177 3.5000 0.1983E+01 0.5295E+01 0.5723E-02 0.2200E+01 0.3090E+01 0.1983E+01  0  0  0 0.3598E+01 0.0000E+00
   4.730 0.2112143.281 0.4245 3.6000 0.1436E+01 0.4366E+01 0.2585E-02 0.2095E+01 0.2268E+01 0.1436E+01  0  0  0 0.2948E+01 0.0000E+00
