1.5,2.6,1.6,2.7
   4.730 3.1475 18.868 0.5388 1.6000 0.1096E+03 0.9339E+02 0.2244E-03 0.6851E+01 0.8653E+02 0.1076E+03  0  0  0 0.1037E+03 0.0000E+00
   4.730 3.0942 19.623 0.5538 1.7000 0.8572E+02 0.7277E+02 0.1354E-03 0.5374E+01 0.6740E+02 0.8397E+02  0  0  0 0.8101E+02 0.0000E+00
   4.730 3.0409 20.376 0.5679 1.8000 0.6757E+02 0.5718E+02 0.8316E-04 0.4248E+01 0.5293E+02 0.6608E+02  0  0  0 0.6376E+02 0.0000E+00
   4.730 2.9876 21.129 0.5811 1.9000 0.5361E+02 0.4526E+02 0.5193E-04 0.3382E+01 0.4188E+02 0.5235E+02  0  0  0 0.5054E+02 0.0000E+00
   4.730 2.9343 21.882 0.5935 2.0000 0.4286E+02 0.3610E+02 0.3293E-04 0.2711E+01 0.3339E+02 0.4180E+02  0  0  0 0.4037E+02 0.0000E+00
   4.730 2.8810 22.639 0.6052 2.1000 0.3448E+02 0.2899E+02 0.2119E-04 0.2186E+01 0.2680E+02 0.3359E+02  0  0  0 0.3245E+02 0.0000E+00
   4.730 2.8277 23.399 0.6163 2.2000 0.2790E+02 0.2341E+02 0.1382E-04 0.1772E+01 0.2164E+02 0.2715E+02  0  0  0 0.2624E+02 0.0000E+00
   4.730 2.7745 24.165 0.6268 2.3000 0.2270E+02 0.1901E+02 0.9133E-05 0.1445E+01 0.1757E+02 0.2207E+02  0  0  0 0.2134E+02 0.0000E+00
   4.730 2.7212 24.938 0.6367 2.4000 0.1857E+02 0.1552E+02 0.6107E-05 0.1184E+01 0.1434E+02 0.1803E+02  0  0  0 0.1744E+02 0.0000E+00
   4.730 2.6679 25.718 0.6460 2.5000 0.1523E+02 0.1272E+02 0.4132E-05 0.9740E+00 0.1175E+02 0.1477E+02  0  0  0 0.1430E+02 0.0000E+00
   4.730 2.6146 26.507 0.6550 2.6000 0.1257E+02 0.1049E+02 0.2825E-05 0.8050E+00 0.9687E+01 0.1219E+02  0  0  0 0.1181E+02 0.0000E+00
   4.730 2.5613 27.306 0.6634 2.7000 0.1042E+02 0.8690E+01 0.1952E-05 0.6680E+00 0.8022E+01 0.1010E+02  0  0  0 0.9786E+01 0.0000E+00
   4.730 2.9823 19.389 0.4879 1.6000 0.1095E+03 0.9595E+02 0.5530E-03 0.4818E+01 0.9114E+02 0.1089E+03  0  0  0 0.1052E+03 0.0000E+00
   4.730 2.9290 20.175 0.5030 1.7000 0.8629E+02 0.7532E+02 0.3418E-03 0.3787E+01 0.7153E+02 0.8566E+02  0  0  0 0.8273E+02 0.0000E+00
   4.730 2.8757 20.959 0.5173 1.8000 0.6850E+02 0.5960E+02 0.2146E-03 0.3003E+01 0.5660E+02 0.6794E+02  0  0  0 0.6559E+02 0.0000E+00
   4.730 2.8224 21.745 0.5308 1.9000 0.5477E+02 0.4751E+02 0.1367E-03 0.2401E+01 0.4511E+02 0.5426E+02  0  0  0 0.5237E+02 0.0000E+00
   4.730 2.7691 22.534 0.5435 2.0000 0.4406E+02 0.3811E+02 0.8832E-04 0.1933E+01 0.3618E+02 0.4362E+02  0  0  0 0.4208E+02 0.0000E+00
   4.730 2.7158 23.327 0.5556 2.1000 0.3564E+02 0.3077E+02 0.5779E-04 0.1566E+01 0.2920E+02 0.3526E+02  0  0  0 0.3401E+02 0.0000E+00
   4.730 2.6625 24.125 0.5671 2.2000 0.2899E+02 0.2498E+02 0.3827E-04 0.1277E+01 0.2370E+02 0.2865E+02  0  0  0 0.2765E+02 0.0000E+00
   4.730 2.6093 24.930 0.5779 2.3000 0.2369E+02 0.2039E+02 0.2564E-04 0.1047E+01 0.1934E+02 0.2340E+02  0  0  0 0.2259E+02 0.0000E+00
   4.730 2.5560 25.744 0.5883 2.4000 0.1945E+02 0.1672E+02 0.1736E-04 0.8629E+00 0.1586E+02 0.1920E+02  0  0  0 0.1854E+02 0.0000E+00
   4.730 2.5027 26.568 0.5981 2.5000 0.1604E+02 0.1377E+02 0.1188E-04 0.7146E+00 0.1306E+02 0.1582E+02  0  0  0 0.1529E+02 0.0000E+00
   4.730 2.4494 27.403 0.6075 2.6000 0.1328E+02 0.1139E+02 0.8208E-05 0.5946E+00 0.1080E+02 0.1309E+02  0  0  0 0.1265E+02 0.0000E+00
   4.730 2.3961 28.251 0.6165 2.7000 0.1103E+02 0.9461E+01 0.5724E-05 0.4970E+00 0.8964E+01 0.1087E+02  0  0  0 0.1051E+02 0.0000E+00
   4.730 2.8064 19.993 0.4433 1.6000 0.1059E+03 0.9556E+02 0.1211E-02 0.3693E+01 0.9186E+02 0.1057E+03  0  0  0 0.1033E+03 0.0000E+00
   4.730 2.7531 20.816 0.4583 1.7000 0.8394E+02 0.7548E+02 0.7660E-03 0.2902E+01 0.7257E+02 0.8376E+02  0  0  0 0.8173E+02 0.0000E+00
   4.730 2.6999 21.639 0.4725 1.8000 0.6703E+02 0.6008E+02 0.4826E-03 0.2304E+01 0.5778E+02 0.6685E+02  0  0  0 0.6518E+02 0.0000E+00
   4.730 2.6466 22.465 0.4860 1.9000 0.5387E+02 0.4817E+02 0.3197E-03 0.1845E+01 0.4632E+02 0.5370E+02  0  0  0 0.5234E+02 0.0000E+00
   4.730 2.5933 23.296 0.4988 2.0000 0.4359E+02 0.3886E+02 0.2105E-03 0.1490E+01 0.3737E+02 0.4343E+02  0  0  0 0.4230E+02 0.0000E+00
   4.730 2.5400 24.132 0.5110 2.1000 0.3556E+02 0.3158E+02 0.1402E-03 0.1211E+01 0.3037E+02 0.3541E+02  0  0  0 0.3445E+02 0.0000E+00
   4.730 2.4867 24.977 0.5226 2.2000 0.2903E+02 0.2575E+02 0.9435E-04 0.9916E+00 0.2476E+02 0.2890E+02  0  0  0 0.2811E+02 0.0000E+00
   4.730 2.4334 25.831 0.5337 2.3000 0.2380E+02 0.2108E+02 0.6417E-04 0.8167E+00 0.2027E+02 0.2367E+02  0  0  0 0.2304E+02 0.0000E+00
   4.730 2.3801 26.695 0.5443 2.4000 0.1962E+02 0.1736E+02 0.4407E-04 0.6765E+00 0.1668E+02 0.1951E+02  0  0  0 0.1899E+02 0.0000E+00
   4.730 2.3268 27.573 0.5544 2.5000 0.1624E+02 0.1436E+02 0.3054E-04 0.5633E+00 0.1379E+02 0.1615E+02  0  0  0 0.1572E+02 0.0000E+00
   4.730 2.2735 28.464 0.5640 2.6000 0.1350E+02 0.1192E+02 0.2136E-04 0.4715E+00 0.1145E+02 0.1341E+02  0  0  0 0.1306E+02 0.0000E+00
   4.730 2.2202 29.372 0.5733 2.7000 0.1126E+02 0.9937E+01 0.1506E-04 0.3965E+00 0.9540E+01 0.1118E+02  0  0  0 0.1089E+02 0.0000E+00
   4.730 2.6199 20.700 0.4041 1.6000 0.9807E+02 0.9159E+02 0.2397E-02 0.3072E+01 0.8851E+02 0.9807E+02  0  0  0 0.9739E+02 0.0000E+00
   4.730 2.5666 21.568 0.4188 1.7000 0.7834E+02 0.7284E+02 0.1551E-02 0.2415E+01 0.7042E+02 0.7832E+02  0  0  0 0.7764E+02 0.0000E+00
   4.730 2.5133 22.438 0.4327 1.8000 0.6294E+02 0.5834E+02 0.1017E-02 0.1919E+01 0.5642E+02 0.6291E+02  0  0  0 0.6230E+02 0.0000E+00
   4.730 2.4601 23.313 0.4460 1.9000 0.5090E+02 0.4702E+02 0.6746E-03 0.1540E+01 0.4548E+02 0.5086E+02  0  0  0 0.5031E+02 0.0000E+00
   4.730 2.4068 24.195 0.4587 2.0000 0.4139E+02 0.3814E+02 0.4525E-03 0.1246E+01 0.3689E+02 0.4135E+02  0  0  0 0.4087E+02 0.0000E+00
   4.730 2.3535 25.085 0.4709 2.1000 0.3383E+02 0.3110E+02 0.3067E-03 0.1017E+01 0.3008E+02 0.3379E+02  0  0  0 0.3337E+02 0.0000E+00
   4.730 2.3002 25.987 0.4825 2.2000 0.2778E+02 0.2548E+02 0.2100E-03 0.8360E+00 0.2465E+02 0.2773E+02  0  0  0 0.2739E+02 0.0000E+00
   4.730 2.2469 26.901 0.4936 2.3000 0.2291E+02 0.2098E+02 0.1450E-03 0.6920E+00 0.2029E+02 0.2286E+02  0  0  0 0.2257E+02 0.0000E+00
   4.730 2.1936 27.829 0.5042 2.4000 0.1897E+02 0.1735E+02 0.1011E-03 0.5764E+00 0.1678E+02 0.1893E+02  0  0  0 0.1869E+02 0.0000E+00
   4.730 2.1403 28.774 0.5144 2.5000 0.1577E+02 0.1440E+02 0.7102E-04 0.4828E+00 0.1392E+02 0.1573E+02  0  0  0 0.1553E+02 0.0000E+00
   4.730 2.0870 29.737 0.5242 2.6000 0.1317E+02 0.1201E+02 0.5030E-04 0.4068E+00 0.1160E+02 0.1313E+02  0  0  0 0.1296E+02 0.0000E+00
   4.730 2.0337 30.721 0.5336 2.7000 0.1100E+02 0.1003E+02 0.3590E-04 0.3445E+00 0.9686E+01 0.1097E+02  0  0  0 0.1083E+02 0.0000E+00
   4.730 2.4227 21.536 0.3695 1.6000 0.8762E+02 0.8485E+02 0.4369E-02 0.2734E+01 0.8212E+02 0.8764E+02  0  0  0 0.8871E+02 0.0000E+00
   4.730 2.3695 22.458 0.3838 1.7000 0.7041E+02 0.6790E+02 0.2886E-02 0.2156E+01 0.6574E+02 0.7043E+02  0  0  0 0.7115E+02 0.0000E+00
   4.730 2.3162 23.386 0.3974 1.8000 0.5694E+02 0.5469E+02 0.1930E-02 0.1719E+01 0.5297E+02 0.5694E+02  0  0  0 0.5743E+02 0.0000E+00
   4.730 2.2629 24.322 0.4104 1.9000 0.4630E+02 0.4433E+02 0.1305E-02 0.1384E+01 0.4294E+02 0.4631E+02  0  0  0 0.4665E+02 0.0000E+00
   4.730 2.2096 25.268 0.4229 2.0000 0.3785E+02 0.3614E+02 0.8913E-03 0.1125E+01 0.3501E+02 0.3785E+02  0  0  0 0.3809E+02 0.0000E+00
   4.730 2.1563 26.227 0.4348 2.1000 0.3108E+02 0.2960E+02 0.6146E-03 0.9233E+00 0.2868E+02 0.3108E+02  0  0  0 0.3125E+02 0.0000E+00
   4.730 2.1030 27.200 0.4463 2.2000 0.2564E+02 0.2437E+02 0.4276E-03 0.7634E+00 0.2360E+02 0.2563E+02  0  0  0 0.2576E+02 0.0000E+00
   4.730 2.0497 28.190 0.4573 2.3000 0.2123E+02 0.2014E+02 0.3000E-03 0.6359E+00 0.1951E+02 0.2122E+02  0  0  0 0.2132E+02 0.0000E+00
   4.730 1.9964 29.200 0.4679 2.4000 0.1764E+02 0.1672E+02 0.2122E-03 0.5333E+00 0.1618E+02 0.1763E+02  0  0  0 0.1771E+02 0.0000E+00
   4.730 1.9431 30.232 0.4780 2.5000 0.1471E+02 0.1392E+02 0.1512E-03 0.4502E+00 0.1347E+02 0.1470E+02  0  0  0 0.1477E+02 0.0000E+00
   4.730 1.8899 31.288 0.4878 2.6000 0.1230E+02 0.1164E+02 0.1085E-03 0.3824E+00 0.1125E+02 0.1229E+02  0  0  0 0.1235E+02 0.0000E+00
   4.730 1.8366 32.372 0.4973 2.7000 0.1032E+02 0.9756E+01 0.7845E-04 0.3268E+00 0.9429E+01 0.1031E+02  0  0  0 0.1037E+02 0.0000E+00
   4.730 2.2149 22.536 0.3390 1.6000 0.7590E+02 0.7636E+02 0.7437E-02 0.2557E+01 0.7379E+02 0.7592E+02  0  0  0 0.7843E+02 0.0000E+00
   4.730 2.1616 23.528 0.3527 1.7000 0.6134E+02 0.6144E+02 0.5009E-02 0.2031E+01 0.5941E+02 0.6136E+02  0  0  0 0.6327E+02 0.0000E+00
   4.730 2.1083 24.529 0.3659 1.8000 0.4987E+02 0.4975E+02 0.3412E-02 0.1632E+01 0.4811E+02 0.4988E+02  0  0  0 0.5135E+02 0.0000E+00
   4.730 2.0550 25.542 0.3785 1.9000 0.4075E+02 0.4052E+02 0.2348E-02 0.1324E+01 0.3919E+02 0.4076E+02  0  0  0 0.4190E+02 0.0000E+00
   4.730 2.0018 26.571 0.3906 2.0000 0.3346E+02 0.3316E+02 0.1631E-02 0.1085E+01 0.3207E+02 0.3346E+02  0  0  0 0.3436E+02 0.0000E+00
   4.730 1.9485 27.616 0.4023 2.1000 0.2759E+02 0.2729E+02 0.1144E-02 0.8966E+00 0.2639E+02 0.2759E+02  0  0  0 0.2831E+02 0.0000E+00
   4.730 1.8952 28.683 0.4136 2.2000 0.2284E+02 0.2255E+02 0.8085E-03 0.7470E+00 0.2180E+02 0.2284E+02  0  0  0 0.2343E+02 0.0000E+00
   4.730 1.8419 29.773 0.4244 2.3000 0.1897E+02 0.1870E+02 0.5760E-03 0.6272E+00 0.1808E+02 0.1897E+02  0  0  0 0.1946E+02 0.0000E+00
   4.730 1.7886 30.890 0.4348 2.4000 0.1582E+02 0.1557E+02 0.4134E-03 0.5307E+00 0.1504E+02 0.1581E+02  0  0  0 0.1622E+02 0.0000E+00
   4.730 1.7353 32.037 0.4449 2.5000 0.1322E+02 0.1301E+02 0.2988E-03 0.4522E+00 0.1256E+02 0.1322E+02  0  0  0 0.1356E+02 0.0000E+00
   4.730 1.6820 33.217 0.4546 2.6000 0.1108E+02 0.1090E+02 0.2174E-03 0.3880E+00 0.1051E+02 0.1108E+02  0  0  0 0.1137E+02 0.0000E+00
   4.730 1.6287 34.435 0.4639 2.7000 0.9313E+01 0.9163E+01 0.1592E-03 0.3350E+00 0.8827E+01 0.9310E+01  0  0  0 0.9563E+01 0.0000E+00
   4.730 1.9964 23.754 0.3119 1.6000 0.6393E+02 0.6696E+02 0.1198E-01 0.2492E+01 0.6446E+02 0.6394E+02  0  0  0 0.6753E+02 0.0000E+00
   4.730 1.9431 24.835 0.3251 1.7000 0.5190E+02 0.5411E+02 0.8215E-02 0.1999E+01 0.5210E+02 0.5191E+02  0  0  0 0.5471E+02 0.0000E+00
   4.730 1.8899 25.931 0.3377 1.8000 0.4237E+02 0.4401E+02 0.5693E-02 0.1622E+01 0.4238E+02 0.4237E+02  0  0  0 0.4460E+02 0.0000E+00
   4.730 1.8366 27.046 0.3499 1.9000 0.3475E+02 0.3599E+02 0.3984E-02 0.1329E+01 0.3466E+02 0.3476E+02  0  0  0 0.3654E+02 0.0000E+00
   4.730 1.7833 28.183 0.3617 2.0000 0.2863E+02 0.2957E+02 0.2814E-02 0.1100E+01 0.2847E+02 0.2863E+02  0  0  0 0.3007E+02 0.0000E+00
   4.730 1.7300 29.345 0.3730 2.1000 0.2368E+02 0.2441E+02 0.2004E-02 0.9189E+00 0.2349E+02 0.2368E+02  0  0  0 0.2486E+02 0.0000E+00
   4.730 1.6767 30.537 0.3840 2.2000 0.1965E+02 0.2023E+02 0.1439E-02 0.7739E+00 0.1945E+02 0.1966E+02  0  0  0 0.2063E+02 0.0000E+00
   4.730 1.6234 31.763 0.3945 2.3000 0.1636E+02 0.1682E+02 0.1040E-02 0.6576E+00 0.1616E+02 0.1636E+02  0  0  0 0.1717E+02 0.0000E+00
   4.730 1.5701 33.026 0.4047 2.4000 0.1366E+02 0.1404E+02 0.7576E-03 0.5625E+00 0.1348E+02 0.1366E+02  0  0  0 0.1435E+02 0.0000E+00
   4.730 1.5168 34.333 0.4146 2.5000 0.1144E+02 0.1176E+02 0.5555E-03 0.4851E+00 0.1127E+02 0.1144E+02  0  0  0 0.1202E+02 0.0000E+00
   4.730 1.4635 35.688 0.4242 2.6000 0.9596E+01 0.9871E+01 0.4099E-03 0.4212E+00 0.9449E+01 0.9596E+01  0  0  0 0.1010E+02 0.0000E+00
   4.730 1.4102 37.097 0.4334 2.7000 0.8067E+01 0.8307E+01 0.3043E-03 0.3685E+00 0.7939E+01 0.8066E+01  0  0  0 0.8501E+01 0.0000E+00
   4.730 1.7673 25.271 0.2878 1.6000 0.5237E+02 0.5728E+02 0.1850E-01 0.2515E+01 0.5475E+02 0.5237E+02  0  0  0 0.5666E+02 0.0000E+00
   4.730 1.7140 26.472 0.3004 1.7000 0.4265E+02 0.4647E+02 0.1289E-01 0.2041E+01 0.4442E+02 0.4265E+02  0  0  0 0.4607E+02 0.0000E+00
   4.730 1.6607 27.696 0.3125 1.8000 0.3491E+02 0.3792E+02 0.9080E-02 0.1676E+01 0.3623E+02 0.3491E+02  0  0  0 0.3767E+02 0.0000E+00
   4.730 1.6074 28.949 0.3242 1.9000 0.2870E+02 0.3109E+02 0.6457E-02 0.1392E+01 0.2969E+02 0.2870E+02  0  0  0 0.3094E+02 0.0000E+00
   4.730 1.5541 30.235 0.3356 2.0000 0.2369E+02 0.2562E+02 0.4632E-02 0.1166E+01 0.2445E+02 0.2369E+02  0  0  0 0.2553E+02 0.0000E+00
   4.730 1.5008 31.560 0.3466 2.1000 0.1962E+02 0.2120E+02 0.3351E-02 0.9865E+00 0.2021E+02 0.1962E+02  0  0  0 0.2115E+02 0.0000E+00
   4.730 1.4476 32.929 0.3572 2.2000 0.1630E+02 0.1761E+02 0.2442E-02 0.8419E+00 0.1676E+02 0.1630E+02  0  0  0 0.1758E+02 0.0000E+00
   4.730 1.3943 34.348 0.3674 2.3000 0.1358E+02 0.1467E+02 0.1793E-02 0.7246E+00 0.1395E+02 0.1358E+02  0  0  0 0.1466E+02 0.0000E+00
   4.730 1.3410 35.825 0.3774 2.4000 0.1134E+02 0.1226E+02 0.1326E-02 0.6289E+00 0.1163E+02 0.1134E+02  0  0  0 0.1225E+02 0.0000E+00
   4.730 1.2877 37.366 0.3870 2.5000 0.9483E+01 0.1027E+02 0.9870E-03 0.5502E+00 0.9724E+01 0.9484E+01  0  0  0 0.1027E+02 0.0000E+00
   4.730 1.2344 38.982 0.3964 2.6000 0.7947E+01 0.8631E+01 0.7395E-03 0.4851E+00 0.8145E+01 0.7947E+01  0  0  0 0.8628E+01 0.0000E+00
   4.730 1.1811 40.681 0.4054 2.7000 0.6668E+01 0.7267E+01 0.5576E-03 0.4311E+00 0.6835E+01 0.6668E+01  0  0  0 0.7261E+01 0.0000E+00
   4.730 1.5275 27.218 0.2662 1.6000 0.4161E+02 0.4785E+02 0.2771E-01 0.2626E+01 0.4519E+02 0.4160E+02  0  0  0 0.4630E+02 0.0000E+00
   4.730 1.4742 28.586 0.2782 1.7000 0.3392E+02 0.3889E+02 0.1961E-01 0.2161E+01 0.3671E+02 0.3391E+02  0  0  0 0.3771E+02 0.0000E+00
   4.730 1.4209 29.993 0.2899 1.8000 0.2778E+02 0.3180E+02 0.1403E-01 0.1799E+01 0.2998E+02 0.2778E+02  0  0  0 0.3088E+02 0.0000E+00
   4.730 1.3676 31.445 0.3011 1.9000 0.2285E+02 0.2612E+02 0.1014E-01 0.1513E+01 0.2460E+02 0.2284E+02  0  0  0 0.2540E+02 0.0000E+00
   4.730 1.3143 32.950 0.3120 2.0000 0.1885E+02 0.2155E+02 0.7390E-02 0.1287E+01 0.2026E+02 0.1885E+02  0  0  0 0.2097E+02 0.0000E+00
   4.730 1.2610 34.516 0.3226 2.1000 0.1560E+02 0.1785E+02 0.5433E-02 0.1105E+01 0.1674E+02 0.1560E+02  0  0  0 0.1738E+02 0.0000E+00
   4.730 1.2077 36.153 0.3328 2.2000 0.1294E+02 0.1484E+02 0.4026E-02 0.9573E+00 0.1387E+02 0.1294E+02  0  0  0 0.1445E+02 0.0000E+00
   4.730 1.1545 37.871 0.3428 2.3000 0.1075E+02 0.1237E+02 0.3007E-02 0.8372E+00 0.1153E+02 0.1076E+02  0  0  0 0.1204E+02 0.0000E+00
   4.730 1.1012 39.681 0.3524 2.4000 0.8953E+01 0.1034E+02 0.2262E-02 0.7387E+00 0.9595E+01 0.8953E+01  0  0  0 0.1006E+02 0.0000E+00
   4.730 1.0479 41.600 0.3618 2.5000 0.7461E+01 0.8659E+01 0.1715E-02 0.6574E+00 0.8000E+01 0.7461E+01  0  0  0 0.8416E+01 0.0000E+00
   4.730 0.9946 43.642 0.3709 2.6000 0.6221E+01 0.7268E+01 0.1311E-02 0.5901E+00 0.6677E+01 0.6222E+01  0  0  0 0.7055E+01 0.0000E+00
   4.730 0.9413 45.830 0.3798 2.7000 0.5189E+01 0.6111E+01 0.1010E-02 0.5343E+00 0.5576E+01 0.5189E+01  0  0  0 0.5922E+01 0.0000E+00
   4.730 1.2770 29.824 0.2469 1.6000 0.3183E+02 0.3890E+02 0.4104E-01 0.2833E+01 0.3602E+02 0.3182E+02  0  0  0 0.3669E+02 0.0000E+00
   4.730 1.2237 31.444 0.2584 1.7000 0.2591E+02 0.3165E+02 0.2954E-01 0.2367E+01 0.2925E+02 0.2590E+02  0  0  0 0.2989E+02 0.0000E+00
   4.730 1.1704 33.130 0.2695 1.8000 0.2117E+02 0.2588E+02 0.2150E-01 0.2001E+01 0.2385E+02 0.2117E+02  0  0  0 0.2445E+02 0.0000E+00
   4.730 1.1171 34.894 0.2802 1.9000 0.1736E+02 0.2126E+02 0.1582E-01 0.1712E+01 0.1953E+02 0.1736E+02  0  0  0 0.2010E+02 0.0000E+00
   4.730 1.0639 36.748 0.2907 2.0000 0.1427E+02 0.1754E+02 0.1176E-01 0.1479E+01 0.1605E+02 0.1427E+02  0  0  0 0.1657E+02 0.0000E+00
   4.730 1.0106 38.709 0.3009 2.1000 0.1175E+02 0.1452E+02 0.8829E-02 0.1291E+01 0.1322E+02 0.1175E+02  0  0  0 0.1370E+02 0.0000E+00
   4.730 0.9573 40.794 0.3107 2.2000 0.9692E+01 0.1204E+02 0.6699E-02 0.1138E+01 0.1090E+02 0.9692E+01  0  0  0 0.1135E+02 0.0000E+00
   4.730 0.9040 43.025 0.3203 2.3000 0.7999E+01 0.1002E+02 0.5141E-02 0.1014E+01 0.9006E+01 0.7999E+01  0  0  0 0.9431E+01 0.0000E+00
   4.730 0.8507 45.430 0.3297 2.4000 0.6603E+01 0.8366E+01 0.3997E-02 0.9113E+00 0.7451E+01 0.6603E+01  0  0  0 0.7849E+01 0.0000E+00
   4.730 0.7974 48.042 0.3388 2.5000 0.5447E+01 0.6990E+01 0.3156E-02 0.8269E+00 0.6160E+01 0.5447E+01  0  0  0 0.6538E+01 0.0000E+00
   4.730 0.7441 50.902 0.3476 2.6000 0.4487E+01 0.5849E+01 0.2545E-02 0.7573E+00 0.5089E+01 0.4488E+01  0  0  0 0.5450E+01 0.0000E+00
   4.730 0.6908 54.065 0.3562 2.7000 0.3689E+01 0.4898E+01 0.2112E-02 0.6997E+00 0.4196E+01 0.3689E+01  0  0  0 0.4545E+01 0.0000E+00
   4.730 1.0159 33.539 0.2296 1.6000 0.2311E+02 0.3063E+02 0.6365E-01 0.3155E+01 0.2742E+02 0.2311E+02  0  0  0 0.2797E+02 0.0000E+00
   4.730 0.9626 35.579 0.2405 1.7000 0.1870E+02 0.2488E+02 0.4700E-01 0.2681E+01 0.2216E+02 0.1869E+02  0  0  0 0.2271E+02 0.0000E+00
   4.730 0.9093 37.744 0.2511 1.8000 0.1517E+02 0.2032E+02 0.3528E-01 0.2306E+01 0.1798E+02 0.1517E+02  0  0  0 0.1852E+02 0.0000E+00
   4.730 0.8560 40.060 0.2614 1.9000 0.1233E+02 0.1666E+02 0.2695E-01 0.2007E+01 0.1462E+02 0.1233E+02  0  0  0 0.1515E+02 0.0000E+00
   4.730 0.8027 42.555 0.2714 2.0000 0.1003E+02 0.1370E+02 0.2101E-01 0.1766E+01 0.1192E+02 0.1003E+02  0  0  0 0.1242E+02 0.0000E+00
   4.730 0.7495 45.267 0.2811 2.1000 0.8158E+01 0.1131E+02 0.1677E-01 0.1571E+01 0.9718E+01 0.8157E+01  0  0  0 0.1021E+02 0.0000E+00
   4.730 0.6962 48.245 0.2906 2.2000 0.6630E+01 0.9349E+01 0.1382E-01 0.1412E+01 0.7923E+01 0.6630E+01  0  0  0 0.8406E+01 0.0000E+00
   4.730 0.6429 51.552 0.2999 2.3000 0.5377E+01 0.7743E+01 0.1186E-01 0.1281E+01 0.6450E+01 0.5377E+01  0  0  0 0.6925E+01 0.0000E+00
   4.730 0.5896 55.271 0.3089 2.4000 0.4346E+01 0.6420E+01 0.1075E-01 0.1174E+01 0.5235E+01 0.4346E+01  0  0  0 0.5706E+01 0.0000E+00
   4.730 0.5363 59.520 0.3177 2.5000 0.3496E+01 0.5323E+01 0.1046E-01 0.1085E+01 0.4228E+01 0.3496E+01  0  0  0 0.4700E+01 0.0000E+00
   4.730 0.4830 64.470 0.3262 2.6000 0.2793E+01 0.4404E+01 0.1111E-01 0.1009E+01 0.3384E+01 0.2793E+01  0  0  0 0.3868E+01 0.0000E+00
   4.730 0.4297 70.378 0.3346 2.7000 0.2210E+01 0.3617E+01 0.1297E-01 0.9384E+00 0.2666E+01 0.2210E+01  0  0  0 0.3179E+01 0.0000E+00
   4.730 0.7441 39.402 0.2139 1.6000 0.1545E+02 0.2315E+02 0.1281E+00 0.3616E+01 0.1940E+02 0.1544E+02  0  0  0 0.2017E+02 0.0000E+00
   4.730 0.6908 42.279 0.2243 1.7000 0.1230E+02 0.1872E+02 0.1031E+00 0.3127E+01 0.1549E+02 0.1230E+02  0  0  0 0.1624E+02 0.0000E+00
   4.730 0.6375 45.448 0.2344 1.8000 0.9796E+01 0.1520E+02 0.8643E-01 0.2738E+01 0.1238E+02 0.9793E+01  0  0  0 0.1312E+02 0.0000E+00
   4.730 0.5843 48.986 0.2442 1.9000 0.7786E+01 0.1238E+02 0.7615E-01 0.2426E+01 0.9883E+01 0.7785E+01  0  0  0 0.1061E+02 0.0000E+00
   4.730 0.5310 52.999 0.2538 2.0000 0.6167E+01 0.1011E+02 0.7113E-01 0.2171E+01 0.7871E+01 0.6166E+01  0  0  0 0.8593E+01 0.0000E+00
   4.730 0.4777 57.637 0.2632 2.1000 0.4857E+01 0.8266E+01 0.7101E-01 0.1962E+01 0.6233E+01 0.4857E+01  0  0  0 0.6957E+01 0.0000E+00
   4.730 0.4244 63.127 0.2723 2.2000 0.3793E+01 0.6750E+01 0.7613E-01 0.1784E+01 0.4890E+01 0.3793E+01  0  0  0 0.5624E+01 0.0000E+00
   4.730 0.3711 69.828 0.2812 2.3000 0.2926E+01 0.5476E+01 0.8753E-01 0.1622E+01 0.3766E+01 0.2926E+01  0  0  0 0.4534E+01 0.0000E+00
   4.730 0.3178 78.362 0.2899 2.4000 0.2219E+01 0.4287E+01 0.1067E+00 0.1427E+01 0.2754E+01 0.2219E+01  0  0  0 0.3638E+01 0.0000E+00
   4.730 0.2645 89.946 0.2983 2.5000 0.1641E+01 0.4000E+01 0.0000E+00 0.1910E+00 0.2169E+00 0.1641E+01  0  0  0 0.2892E+01 0.0000E+00
   4.730 0.2112107.526 0.3066 2.6000 0.1167E+01 0.3626E+01 0.1381E+00 0.1598E+01 0.1890E+01 0.1167E+01  0  0  0 0.2253E+01 0.0000E+00
   4.730 0.1579143.811 0.3147 2.7000 0.7800E+00 0.2703E+01 0.7138E-01 0.1377E+01 0.1255E+01 0.7800E+00  0  0  0 0.1647E+01 0.0000E+00
