1.5,2.6,1.9,2.7
   4.730 2.9876 21.129 0.5811 1.9000 0.1777E+03 0.1517E+03 0.6454E-04 0.1177E+02 0.1399E+03 0.1729E+03  0  0  0 0.1682E+03 0.0000E+00
   4.730 2.9343 21.882 0.5935 2.0000 0.1416E+03 0.1206E+03 0.4223E-04 0.9428E+01 0.1112E+03 0.1376E+03  0  0  0 0.1339E+03 0.0000E+00
   4.730 2.8810 22.639 0.6052 2.1000 0.1137E+03 0.9659E+02 0.2784E-04 0.7600E+01 0.8899E+02 0.1103E+03  0  0  0 0.1073E+03 0.0000E+00
   4.730 2.8277 23.399 0.6163 2.2000 0.9182E+02 0.7787E+02 0.1849E-04 0.6160E+01 0.7171E+02 0.8899E+02  0  0  0 0.8663E+02 0.0000E+00
   4.730 2.7745 24.165 0.6268 2.3000 0.7461E+02 0.6319E+02 0.1238E-04 0.5018E+01 0.5817E+02 0.7223E+02  0  0  0 0.7036E+02 0.0000E+00
   4.730 2.7212 24.938 0.6367 2.4000 0.6028E+02 0.5124E+02 0.8351E-05 0.4107E+01 0.4713E+02 0.5828E+02  0  0  0 0.5699E+02 0.0000E+00
   4.730 2.6679 25.718 0.6460 2.5000 0.4958E+02 0.4209E+02 0.5681E-05 0.3376E+01 0.3872E+02 0.4790E+02  0  0  0 0.4685E+02 0.0000E+00
   4.730 2.6146 26.507 0.6550 2.6000 0.4097E+02 0.3475E+02 0.3895E-05 0.2788E+01 0.3197E+02 0.3955E+02  0  0  0 0.3871E+02 0.0000E+00
   4.730 2.5613 27.306 0.6634 2.7000 0.3400E+02 0.2882E+02 0.2692E-05 0.2311E+01 0.2651E+02 0.3281E+02  0  0  0 0.3213E+02 0.0000E+00
   4.730 2.8224 21.745 0.5308 1.9000 0.1797E+03 0.1576E+03 0.1490E-03 0.8321E+01 0.1493E+03 0.1778E+03  0  0  0 0.1725E+03 0.0000E+00
   4.730 2.7691 22.534 0.5435 2.0000 0.1440E+03 0.1260E+03 0.1016E-03 0.6708E+01 0.1193E+03 0.1423E+03  0  0  0 0.1381E+03 0.0000E+00
   4.730 2.7158 23.327 0.5556 2.1000 0.1162E+03 0.1014E+03 0.6949E-04 0.5442E+01 0.9596E+02 0.1147E+03  0  0  0 0.1113E+03 0.0000E+00
   4.730 2.6625 24.125 0.5671 2.2000 0.9427E+02 0.8214E+02 0.4770E-04 0.4441E+01 0.7770E+02 0.9298E+02  0  0  0 0.9025E+02 0.0000E+00
   4.730 2.6093 24.930 0.5779 2.3000 0.7693E+02 0.6695E+02 0.3289E-04 0.3644E+01 0.6331E+02 0.7582E+02  0  0  0 0.7362E+02 0.0000E+00
   4.730 2.5560 25.744 0.5883 2.4000 0.6286E+02 0.5476E+02 0.2279E-04 0.3004E+01 0.5176E+02 0.6189E+02  0  0  0 0.6021E+02 0.0000E+00
   4.730 2.5027 26.568 0.5981 2.5000 0.5185E+02 0.4513E+02 0.1588E-04 0.2489E+01 0.4264E+02 0.5102E+02  0  0  0 0.4966E+02 0.0000E+00
   4.730 2.4494 27.403 0.6075 2.6000 0.4296E+02 0.3735E+02 0.1112E-04 0.2072E+01 0.3528E+02 0.4225E+02  0  0  0 0.4114E+02 0.0000E+00
   4.730 2.3961 28.251 0.6165 2.7000 0.3575E+02 0.3106E+02 0.7838E-05 0.1731E+01 0.2933E+02 0.3513E+02  0  0  0 0.3423E+02 0.0000E+00
   4.730 2.6466 22.465 0.4860 1.9000 0.1755E+03 0.1585E+03 0.2871E-03 0.6368E+01 0.1521E+03 0.1749E+03  0  0  0 0.1711E+03 0.0000E+00
   4.730 2.5933 23.296 0.4988 2.0000 0.1415E+03 0.1274E+03 0.2049E-03 0.5149E+01 0.1223E+03 0.1408E+03  0  0  0 0.1378E+03 0.0000E+00
   4.730 2.5400 24.132 0.5110 2.1000 0.1147E+03 0.1032E+03 0.1460E-03 0.4193E+01 0.9896E+02 0.1142E+03  0  0  0 0.1117E+03 0.0000E+00
   4.730 2.4867 24.977 0.5226 2.2000 0.9357E+02 0.8398E+02 0.1040E-03 0.3437E+01 0.8054E+02 0.9304E+02  0  0  0 0.9103E+02 0.0000E+00
   4.730 2.4334 25.831 0.5337 2.3000 0.7659E+02 0.6862E+02 0.7420E-04 0.2836E+01 0.6578E+02 0.7612E+02  0  0  0 0.7446E+02 0.0000E+00
   4.730 2.3801 26.695 0.5443 2.4000 0.6311E+02 0.5650E+02 0.5302E-04 0.2352E+01 0.5415E+02 0.6269E+02  0  0  0 0.6135E+02 0.0000E+00
   4.730 2.3268 27.573 0.5544 2.5000 0.5224E+02 0.4673E+02 0.3798E-04 0.1962E+01 0.4477E+02 0.5186E+02  0  0  0 0.5078E+02 0.0000E+00
   4.730 2.2735 28.464 0.5640 2.6000 0.4342E+02 0.3881E+02 0.2729E-04 0.1644E+01 0.3716E+02 0.4309E+02  0  0  0 0.4220E+02 0.0000E+00
   4.730 2.2202 29.372 0.5733 2.7000 0.3623E+02 0.3237E+02 0.1968E-04 0.1384E+01 0.3098E+02 0.3594E+02  0  0  0 0.3522E+02 0.0000E+00
   4.730 2.4601 23.313 0.4460 1.9000 0.1658E+03 0.1545E+03 0.4697E-03 0.5308E+01 0.1492E+03 0.1656E+03  0  0  0 0.1644E+03 0.0000E+00
   4.730 2.4068 24.195 0.4587 2.0000 0.1344E+03 0.1249E+03 0.3520E-03 0.4305E+01 0.1206E+03 0.1342E+03  0  0  0 0.1332E+03 0.0000E+00
   4.730 2.3535 25.085 0.4709 2.1000 0.1096E+03 0.1016E+03 0.2622E-03 0.3519E+01 0.9807E+02 0.1094E+03  0  0  0 0.1084E+03 0.0000E+00
   4.730 2.3002 25.987 0.4825 2.2000 0.8974E+02 0.8308E+02 0.1945E-03 0.2898E+01 0.8018E+02 0.8957E+02  0  0  0 0.8879E+02 0.0000E+00
   4.730 2.2469 26.901 0.4936 2.3000 0.7390E+02 0.6830E+02 0.1440E-03 0.2402E+01 0.6590E+02 0.7373E+02  0  0  0 0.7308E+02 0.0000E+00
   4.730 2.1936 27.829 0.5042 2.4000 0.6113E+02 0.5639E+02 0.1064E-03 0.2005E+01 0.5438E+02 0.6097E+02  0  0  0 0.6040E+02 0.0000E+00
   4.730 2.1403 28.774 0.5144 2.5000 0.5077E+02 0.4680E+02 0.7863E-04 0.1682E+01 0.4512E+02 0.5062E+02  0  0  0 0.5017E+02 0.0000E+00
   4.730 2.0870 29.737 0.5242 2.6000 0.4233E+02 0.3901E+02 0.5814E-04 0.1420E+01 0.3759E+02 0.4220E+02  0  0  0 0.4185E+02 0.0000E+00
   4.730 2.0337 30.721 0.5336 2.7000 0.3542E+02 0.3263E+02 0.4304E-04 0.1204E+01 0.3143E+02 0.3530E+02  0  0  0 0.3503E+02 0.0000E+00
   4.730 2.2629 24.322 0.4104 1.9000 0.1516E+03 0.1460E+03 0.6678E-03 0.4779E+01 0.1412E+03 0.1516E+03  0  0  0 0.1531E+03 0.0000E+00
   4.730 2.2096 25.268 0.4229 2.0000 0.1235E+03 0.1187E+03 0.5252E-03 0.3896E+01 0.1148E+03 0.1235E+03  0  0  0 0.1247E+03 0.0000E+00
   4.730 2.1563 26.227 0.4348 2.1000 0.1012E+03 0.9701E+02 0.4095E-03 0.3202E+01 0.9381E+02 0.1012E+03  0  0  0 0.1020E+03 0.0000E+00
   4.730 2.1030 27.200 0.4463 2.2000 0.8331E+02 0.7970E+02 0.3169E-03 0.2653E+01 0.7705E+02 0.8327E+02  0  0  0 0.8393E+02 0.0000E+00
   4.730 2.0497 28.190 0.4573 2.3000 0.6888E+02 0.6580E+02 0.2439E-03 0.2213E+01 0.6358E+02 0.6883E+02  0  0  0 0.6936E+02 0.0000E+00
   4.730 1.9964 29.200 0.4679 2.4000 0.5718E+02 0.5457E+02 0.1869E-03 0.1860E+01 0.5271E+02 0.5713E+02  0  0  0 0.5757E+02 0.0000E+00
   4.730 1.9431 30.232 0.4780 2.5000 0.4764E+02 0.4541E+02 0.1428E-03 0.1573E+01 0.4384E+02 0.4759E+02  0  0  0 0.4796E+02 0.0000E+00
   4.730 1.8899 31.288 0.4878 2.6000 0.3984E+02 0.3795E+02 0.1089E-03 0.1339E+01 0.3661E+02 0.3979E+02  0  0  0 0.4011E+02 0.0000E+00
   4.730 1.8366 32.372 0.4973 2.7000 0.3342E+02 0.3183E+02 0.8297E-04 0.1147E+01 0.3068E+02 0.3337E+02  0  0  0 0.3366E+02 0.0000E+00
   4.730 2.0550 25.542 0.3785 1.9000 0.1344E+03 0.1342E+03 0.8554E-03 0.4578E+01 0.1296E+03 0.1344E+03  0  0  0 0.1384E+03 0.0000E+00
   4.730 2.0018 26.571 0.3906 2.0000 0.1100E+03 0.1095E+03 0.6998E-03 0.3761E+01 0.1058E+03 0.1100E+03  0  0  0 0.1132E+03 0.0000E+00
   4.730 1.9485 27.616 0.4023 2.1000 0.9050E+02 0.8990E+02 0.5688E-03 0.3116E+01 0.8678E+02 0.9051E+02  0  0  0 0.9305E+02 0.0000E+00
   4.730 1.8952 28.683 0.4136 2.2000 0.7477E+02 0.7417E+02 0.4588E-03 0.2603E+01 0.7157E+02 0.7478E+02  0  0  0 0.7685E+02 0.0000E+00
   4.730 1.8419 29.773 0.4244 2.3000 0.6202E+02 0.6144E+02 0.3673E-03 0.2192E+01 0.5925E+02 0.6202E+02  0  0  0 0.6373E+02 0.0000E+00
   4.730 1.7886 30.890 0.4348 2.4000 0.5164E+02 0.5111E+02 0.2922E-03 0.1861E+01 0.4924E+02 0.5163E+02  0  0  0 0.5306E+02 0.0000E+00
   4.730 1.7353 32.037 0.4449 2.5000 0.4313E+02 0.4267E+02 0.2312E-03 0.1591E+01 0.4108E+02 0.4312E+02  0  0  0 0.4434E+02 0.0000E+00
   4.730 1.6820 33.217 0.4546 2.6000 0.3614E+02 0.3577E+02 0.1822E-03 0.1369E+01 0.3440E+02 0.3613E+02  0  0  0 0.3718E+02 0.0000E+00
   4.730 1.6287 34.435 0.4639 2.7000 0.3037E+02 0.3007E+02 0.1432E-03 0.1186E+01 0.2888E+02 0.3036E+02  0  0  0 0.3127E+02 0.0000E+00
   4.730 1.8366 27.046 0.3499 1.9000 0.1154E+03 0.1199E+03 0.1056E-02 0.4602E+01 0.1153E+03 0.1154E+03  0  0  0 0.1215E+03 0.0000E+00
   4.730 1.7833 28.183 0.3617 2.0000 0.9482E+02 0.9827E+02 0.8729E-03 0.3818E+01 0.9445E+02 0.9483E+02  0  0  0 0.9978E+02 0.0000E+00
   4.730 1.7300 29.345 0.3730 2.1000 0.7825E+02 0.8094E+02 0.7280E-03 0.3197E+01 0.7774E+02 0.7826E+02  0  0  0 0.8230E+02 0.0000E+00
   4.730 1.6767 30.537 0.3840 2.2000 0.6482E+02 0.6692E+02 0.6069E-03 0.2701E+01 0.6422E+02 0.6483E+02  0  0  0 0.6814E+02 0.0000E+00
   4.730 1.6234 31.763 0.3945 2.3000 0.5389E+02 0.5561E+02 0.5035E-03 0.2299E+01 0.5331E+02 0.5390E+02  0  0  0 0.5667E+02 0.0000E+00
   4.730 1.5701 33.026 0.4047 2.4000 0.4495E+02 0.4638E+02 0.4152E-03 0.1974E+01 0.4440E+02 0.4495E+02  0  0  0 0.4730E+02 0.0000E+00
   4.730 1.5168 34.333 0.4146 2.5000 0.3760E+02 0.3881E+02 0.3403E-03 0.1707E+01 0.3711E+02 0.3760E+02  0  0  0 0.3960E+02 0.0000E+00
   4.730 1.4635 35.688 0.4242 2.6000 0.3153E+02 0.3258E+02 0.2774E-03 0.1487E+01 0.3109E+02 0.3153E+02  0  0  0 0.3325E+02 0.0000E+00
   4.730 1.4102 37.097 0.4334 2.7000 0.2650E+02 0.2743E+02 0.2251E-03 0.1305E+01 0.2612E+02 0.2650E+02  0  0  0 0.2800E+02 0.0000E+00
   4.730 1.6074 28.949 0.3242 1.9000 0.9578E+02 0.1042E+03 0.1409E-02 0.4818E+01 0.9937E+02 0.9578E+02  0  0  0 0.1036E+03 0.0000E+00
   4.730 1.5541 30.235 0.3356 2.0000 0.7888E+02 0.8567E+02 0.1110E-02 0.4047E+01 0.8162E+02 0.7888E+02  0  0  0 0.8526E+02 0.0000E+00
   4.730 1.5008 31.560 0.3466 2.1000 0.6521E+02 0.7071E+02 0.9133E-03 0.3432E+01 0.6728E+02 0.6521E+02  0  0  0 0.7047E+02 0.0000E+00
   4.730 1.4476 32.929 0.3572 2.2000 0.5409E+02 0.5865E+02 0.7682E-03 0.2937E+01 0.5571E+02 0.5409E+02  0  0  0 0.5849E+02 0.0000E+00
   4.730 1.3943 34.348 0.3674 2.3000 0.4500E+02 0.4882E+02 0.6515E-03 0.2535E+01 0.4629E+02 0.4501E+02  0  0  0 0.4872E+02 0.0000E+00
   4.730 1.3410 35.825 0.3774 2.4000 0.3754E+02 0.4079E+02 0.5530E-03 0.2206E+01 0.3858E+02 0.3754E+02  0  0  0 0.4071E+02 0.0000E+00
   4.730 1.2877 37.366 0.3870 2.5000 0.3139E+02 0.3416E+02 0.4680E-03 0.1935E+01 0.3223E+02 0.3139E+02  0  0  0 0.3410E+02 0.0000E+00
   4.730 1.2344 38.982 0.3964 2.6000 0.2629E+02 0.2870E+02 0.3944E-03 0.1711E+01 0.2699E+02 0.2630E+02  0  0  0 0.2864E+02 0.0000E+00
   4.730 1.1811 40.681 0.4054 2.7000 0.2206E+02 0.2418E+02 0.3309E-03 0.1525E+01 0.2265E+02 0.2206E+02  0  0  0 0.2411E+02 0.0000E+00
   4.730 1.3676 31.445 0.3011 1.9000 0.7647E+02 0.8783E+02 0.2251E-02 0.5232E+01 0.8260E+02 0.7646E+02  0  0  0 0.8533E+02 0.0000E+00
   4.730 1.3143 32.950 0.3120 2.0000 0.6298E+02 0.7236E+02 0.1610E-02 0.4458E+01 0.6790E+02 0.6298E+02  0  0  0 0.7035E+02 0.0000E+00
   4.730 1.2610 34.516 0.3226 2.1000 0.5205E+02 0.5985E+02 0.1240E-02 0.3836E+01 0.5601E+02 0.5205E+02  0  0  0 0.5821E+02 0.0000E+00
   4.730 1.2077 36.153 0.3328 2.2000 0.4312E+02 0.4970E+02 0.1009E-02 0.3332E+01 0.4636E+02 0.4313E+02  0  0  0 0.4834E+02 0.0000E+00
   4.730 1.1545 37.871 0.3428 2.3000 0.3581E+02 0.4140E+02 0.8496E-03 0.2921E+01 0.3848E+02 0.3581E+02  0  0  0 0.4026E+02 0.0000E+00
   4.730 1.1012 39.681 0.3524 2.4000 0.2980E+02 0.3460E+02 0.7294E-03 0.2583E+01 0.3201E+02 0.2980E+02  0  0  0 0.3362E+02 0.0000E+00
   4.730 1.0479 41.600 0.3618 2.5000 0.2482E+02 0.2899E+02 0.6316E-03 0.2304E+01 0.2668E+02 0.2482E+02  0  0  0 0.2814E+02 0.0000E+00
   4.730 0.9946 43.642 0.3709 2.6000 0.2070E+02 0.2435E+02 0.5487E-03 0.2073E+01 0.2227E+02 0.2070E+02  0  0  0 0.2360E+02 0.0000E+00
   4.730 0.9413 45.830 0.3798 2.7000 0.1727E+02 0.2049E+02 0.4769E-03 0.1881E+01 0.1861E+02 0.1727E+02  0  0  0 0.1982E+02 0.0000E+00
   4.730 1.1171 34.894 0.2802 1.9000 0.5813E+02 0.7183E+02 0.4323E-02 0.5892E+01 0.6593E+02 0.5812E+02  0  0  0 0.6776E+02 0.0000E+00
   4.730 1.0639 36.748 0.2907 2.0000 0.4772E+02 0.5918E+02 0.2877E-02 0.5101E+01 0.5408E+02 0.4772E+02  0  0  0 0.5581E+02 0.0000E+00
   4.730 1.0106 38.709 0.3009 2.1000 0.3927E+02 0.4895E+02 0.2059E-02 0.4462E+01 0.4448E+02 0.3927E+02  0  0  0 0.4612E+02 0.0000E+00
   4.730 0.9573 40.794 0.3107 2.2000 0.3236E+02 0.4062E+02 0.1585E-02 0.3941E+01 0.3668E+02 0.3236E+02  0  0  0 0.3822E+02 0.0000E+00
   4.730 0.9040 43.025 0.3203 2.3000 0.2670E+02 0.3381E+02 0.1300E-02 0.3516E+01 0.3029E+02 0.2670E+02  0  0  0 0.3175E+02 0.0000E+00
   4.730 0.8507 45.430 0.3297 2.4000 0.2204E+02 0.2821E+02 0.1122E-02 0.3165E+01 0.2505E+02 0.2204E+02  0  0  0 0.2642E+02 0.0000E+00
   4.730 0.7974 48.042 0.3388 2.5000 0.1819E+02 0.2359E+02 0.1007E-02 0.2877E+01 0.2071E+02 0.1819E+02  0  0  0 0.2202E+02 0.0000E+00
   4.730 0.7441 50.902 0.3476 2.6000 0.1499E+02 0.1976E+02 0.9359E-03 0.2637E+01 0.1713E+02 0.1499E+02  0  0  0 0.1838E+02 0.0000E+00
   4.730 0.6908 54.065 0.3562 2.7000 0.1233E+02 0.1658E+02 0.9041E-03 0.2439E+01 0.1414E+02 0.1233E+02  0  0  0 0.1535E+02 0.0000E+00
   4.730 0.8560 40.060 0.2614 1.9000 0.4119E+02 0.5655E+02 0.1056E-01 0.6865E+01 0.4967E+02 0.4118E+02  0  0  0 0.5126E+02 0.0000E+00
   4.730 0.8027 42.555 0.2714 2.0000 0.3348E+02 0.4650E+02 0.7501E-02 0.6047E+01 0.4045E+02 0.3348E+02  0  0  0 0.4204E+02 0.0000E+00
   4.730 0.7495 45.267 0.2811 2.1000 0.2723E+02 0.3837E+02 0.5835E-02 0.5382E+01 0.3298E+02 0.2723E+02  0  0  0 0.3456E+02 0.0000E+00
   4.730 0.6962 48.245 0.2906 2.2000 0.2213E+02 0.3174E+02 0.5045E-02 0.4840E+01 0.2690E+02 0.2213E+02  0  0  0 0.2847E+02 0.0000E+00
   4.730 0.6429 51.552 0.2999 2.3000 0.1795E+02 0.2632E+02 0.4862E-02 0.4394E+01 0.2192E+02 0.1795E+02  0  0  0 0.2348E+02 0.0000E+00
   4.730 0.5896 55.271 0.3089 2.4000 0.1452E+02 0.2185E+02 0.5185E-02 0.4024E+01 0.1783E+02 0.1452E+02  0  0  0 0.1938E+02 0.0000E+00
   4.730 0.5363 59.520 0.3177 2.5000 0.1169E+02 0.1815E+02 0.6030E-02 0.3716E+01 0.1443E+02 0.1169E+02  0  0  0 0.1600E+02 0.0000E+00
   4.730 0.4830 64.470 0.3262 2.6000 0.9347E+01 0.1505E+02 0.7504E-02 0.3450E+01 0.1159E+02 0.9347E+01  0  0  0 0.1320E+02 0.0000E+00
   4.730 0.4297 70.378 0.3346 2.7000 0.7407E+01 0.1239E+02 0.9747E-02 0.3202E+01 0.9174E+01 0.7407E+01  0  0  0 0.1088E+02 0.0000E+00
   4.730 0.5843 48.986 0.2442 1.9000 0.2588E+02 0.4223E+02 0.4631E-01 0.8183E+01 0.3400E+02 0.2588E+02  0  0  0 0.3607E+02 0.0000E+00
   4.730 0.5310 52.999 0.2538 2.0000 0.2050E+02 0.3448E+02 0.4194E-01 0.7315E+01 0.2712E+02 0.2050E+02  0  0  0 0.2924E+02 0.0000E+00
   4.730 0.4777 57.637 0.2632 2.1000 0.1615E+02 0.2819E+02 0.4078E-01 0.6595E+01 0.2156E+02 0.1615E+02  0  0  0 0.2371E+02 0.0000E+00
   4.730 0.4244 63.127 0.2723 2.2000 0.1262E+02 0.2297E+02 0.4119E-01 0.5978E+01 0.1695E+02 0.1262E+02  0  0  0 0.1919E+02 0.0000E+00
   4.730 0.3711 69.828 0.2812 2.3000 0.9748E+01 0.1858E+02 0.4087E-01 0.5409E+01 0.1313E+02 0.9747E+01  0  0  0 0.1549E+02 0.0000E+00
   4.730 0.3178 78.362 0.2899 2.4000 0.7401E+01 0.1448E+02 0.3607E-01 0.4732E+01 0.9716E+01 0.7400E+01  0  0  0 0.1243E+02 0.0000E+00
   4.730 0.2645 89.946 0.2983 2.5000 0.5480E+01 0.1980E+01 0.0000E+00 0.1241E+01 0.1625E+01 0.5480E+01  0  0  0 0.9880E+01 0.0000E+00
   4.730 0.2112107.526 0.3066 2.6000 0.3906E+01 0.1170E+02 0.2883E-02 0.4921E+01 0.6773E+01 0.3906E+01  0  0  0 0.7657E+01 0.0000E+00
   4.730 0.1579143.811 0.3147 2.7000 0.2615E+01 0.8563E+01 0.9199E-02 0.3973E+01 0.4581E+01 0.2615E+01  0  0  0 0.5619E+01 0.0000E+00
