2.0,2.8,0.8,1.7
   4.730 2.6412 14.538 0.2041 0.8000 0.5786E+03 0.6250E+03 0.3309E+00 0.2939E+02 0.5953E+03 0.5779E+03  0  0  0 0.6189E+03 0.0000E+00
   4.730 2.5879 15.584 0.2239 0.9000 0.4282E+03 0.4562E+03 0.1873E+00 0.1996E+02 0.4360E+03 0.4278E+03  0  0  0 0.4549E+03 0.0000E+00
   4.730 2.5347 16.606 0.2427 1.0000 0.3228E+03 0.3398E+03 0.1102E+00 0.1397E+02 0.3257E+03 0.3226E+03  0  0  0 0.3409E+03 0.0000E+00
   4.730 2.4814 17.610 0.2607 1.1000 0.2470E+03 0.2573E+03 0.6687E-01 0.1004E+02 0.2472E+03 0.2469E+03  0  0  0 0.2595E+03 0.0000E+00
   4.730 2.4281 18.602 0.2778 1.2000 0.1914E+03 0.1976E+03 0.4157E-01 0.7371E+01 0.1902E+03 0.1914E+03  0  0  0 0.2002E+03 0.0000E+00
   4.730 2.3748 19.587 0.2941 1.3000 0.1499E+03 0.1536E+03 0.2638E-01 0.5523E+01 0.1480E+03 0.1499E+03  0  0  0 0.1562E+03 0.0000E+00
   4.730 2.3215 20.569 0.3098 1.4000 0.1186E+03 0.1206E+03 0.1704E-01 0.4211E+01 0.1164E+03 0.1186E+03  0  0  0 0.1231E+03 0.0000E+00
   4.730 2.2682 21.551 0.3247 1.5000 0.9452E+02 0.9556E+02 0.1118E-01 0.3259E+01 0.9229E+02 0.9453E+02  0  0  0 0.9789E+02 0.0000E+00
   4.730 2.2149 22.536 0.3390 1.6000 0.7590E+02 0.7636E+02 0.7437E-02 0.2557E+01 0.7379E+02 0.7592E+02  0  0  0 0.7843E+02 0.0000E+00
   4.730 2.1616 23.528 0.3527 1.7000 0.6134E+02 0.6144E+02 0.5009E-02 0.2031E+01 0.5941E+02 0.6136E+02  0  0  0 0.6327E+02 0.0000E+00
   4.730 2.4227 15.183 0.1848 0.8000 0.4647E+03 0.5230E+03 0.4576E+00 0.2627E+02 0.4963E+03 0.4641E+03  0  0  0 0.5083E+03 0.0000E+00
   4.730 2.3695 16.291 0.2032 0.9000 0.3463E+03 0.3842E+03 0.2639E+00 0.1805E+02 0.3659E+03 0.3459E+03  0  0  0 0.3760E+03 0.0000E+00
   4.730 2.3162 17.377 0.2208 1.0000 0.2628E+03 0.2880E+03 0.1584E+00 0.1279E+02 0.2751E+03 0.2625E+03  0  0  0 0.2836E+03 0.0000E+00
   4.730 2.2629 18.447 0.2376 1.1000 0.2024E+03 0.2195E+03 0.9801E-01 0.9289E+01 0.2101E+03 0.2022E+03  0  0  0 0.2173E+03 0.0000E+00
   4.730 2.2096 19.509 0.2537 1.2000 0.1578E+03 0.1696E+03 0.6214E-01 0.6899E+01 0.1626E+03 0.1577E+03  0  0  0 0.1687E+03 0.0000E+00
   4.730 2.1563 20.566 0.2692 1.3000 0.1243E+03 0.1326E+03 0.4021E-01 0.5222E+01 0.1273E+03 0.1243E+03  0  0  0 0.1324E+03 0.0000E+00
   4.730 2.1030 21.623 0.2840 1.4000 0.9886E+02 0.1047E+03 0.2647E-01 0.4020E+01 0.1007E+03 0.9885E+02  0  0  0 0.1050E+03 0.0000E+00
   4.730 2.0497 22.685 0.2982 1.5000 0.7923E+02 0.8341E+02 0.1769E-01 0.3143E+01 0.8025E+02 0.7923E+02  0  0  0 0.8388E+02 0.0000E+00
   4.730 1.9964 23.754 0.3119 1.6000 0.6393E+02 0.6696E+02 0.1198E-01 0.2492E+01 0.6446E+02 0.6394E+02  0  0  0 0.6753E+02 0.0000E+00
   4.730 1.9431 24.835 0.3251 1.7000 0.5190E+02 0.5411E+02 0.8215E-02 0.1999E+01 0.5210E+02 0.5191E+02  0  0  0 0.5471E+02 0.0000E+00
   4.730 2.1936 15.961 0.1681 0.8000 0.3678E+03 0.4317E+03 0.6186E+00 0.2398E+02 0.4071E+03 0.3673E+03  0  0  0 0.4117E+03 0.0000E+00
   4.730 2.1403 17.147 0.1852 0.9000 0.2754E+03 0.3187E+03 0.3620E+00 0.1670E+02 0.3016E+03 0.2751E+03  0  0  0 0.3061E+03 0.0000E+00
   4.730 2.0870 18.314 0.2016 1.0000 0.2100E+03 0.2402E+03 0.2208E+00 0.1199E+02 0.2280E+03 0.2098E+03  0  0  0 0.2321E+03 0.0000E+00
   4.730 2.0337 19.469 0.2174 1.1000 0.1625E+03 0.1839E+03 0.1389E+00 0.8824E+01 0.1749E+03 0.1624E+03  0  0  0 0.1786E+03 0.0000E+00
   4.730 1.9805 20.618 0.2326 1.2000 0.1273E+03 0.1427E+03 0.8961E-01 0.6639E+01 0.1360E+03 0.1272E+03  0  0  0 0.1393E+03 0.0000E+00
   4.730 1.9272 21.768 0.2472 1.3000 0.1007E+03 0.1121E+03 0.5899E-01 0.5089E+01 0.1070E+03 0.1007E+03  0  0  0 0.1098E+03 0.0000E+00
   4.730 1.8739 22.924 0.2612 1.4000 0.8041E+02 0.8889E+02 0.3951E-01 0.3966E+01 0.8489E+02 0.8039E+02  0  0  0 0.8741E+02 0.0000E+00
   4.730 1.8206 24.090 0.2747 1.5000 0.6468E+02 0.7110E+02 0.2686E-01 0.3137E+01 0.6794E+02 0.6467E+02  0  0  0 0.7013E+02 0.0000E+00
   4.730 1.7673 25.271 0.2878 1.6000 0.5237E+02 0.5728E+02 0.1850E-01 0.2515E+01 0.5475E+02 0.5237E+02  0  0  0 0.5666E+02 0.0000E+00
   4.730 1.7140 26.472 0.3004 1.7000 0.4265E+02 0.4647E+02 0.1289E-01 0.2041E+01 0.4442E+02 0.4265E+02  0  0  0 0.4607E+02 0.0000E+00
   4.730 1.9538 16.919 0.1536 0.8000 0.2863E+03 0.3514E+03 0.8280E+00 0.2241E+02 0.3282E+03 0.2859E+03  0  0  0 0.3286E+03 0.0000E+00
   4.730 1.9005 18.206 0.1695 0.9000 0.2151E+03 0.2603E+03 0.4893E+00 0.1584E+02 0.2440E+03 0.2149E+03  0  0  0 0.2452E+03 0.0000E+00
   4.730 1.8472 19.477 0.1849 1.0000 0.1646E+03 0.1969E+03 0.3021E+00 0.1154E+02 0.1851E+03 0.1644E+03  0  0  0 0.1865E+03 0.0000E+00
   4.730 1.7939 20.742 0.1996 1.1000 0.1277E+03 0.1513E+03 0.1927E+00 0.8611E+01 0.1425E+03 0.1276E+03  0  0  0 0.1441E+03 0.0000E+00
   4.730 1.7406 22.009 0.2139 1.2000 0.1003E+03 0.1178E+03 0.1261E+00 0.6567E+01 0.1111E+03 0.1002E+03  0  0  0 0.1127E+03 0.0000E+00
   4.730 1.6874 23.284 0.2277 1.3000 0.7957E+02 0.9282E+02 0.8430E-01 0.5101E+01 0.8763E+02 0.7953E+02  0  0  0 0.8908E+02 0.0000E+00
   4.730 1.6341 24.573 0.2410 1.4000 0.6366E+02 0.7384E+02 0.5734E-01 0.4029E+01 0.6975E+02 0.6364E+02  0  0  0 0.7109E+02 0.0000E+00
   4.730 1.5808 25.882 0.2538 1.5000 0.5131E+02 0.5923E+02 0.3960E-01 0.3232E+01 0.5596E+02 0.5129E+02  0  0  0 0.5719E+02 0.0000E+00
   4.730 1.5275 27.218 0.2662 1.6000 0.4161E+02 0.4785E+02 0.2771E-01 0.2626E+01 0.4519E+02 0.4160E+02  0  0  0 0.4630E+02 0.0000E+00
   4.730 1.4742 28.586 0.2782 1.7000 0.3392E+02 0.3889E+02 0.1961E-01 0.2161E+01 0.3671E+02 0.3391E+02  0  0  0 0.3771E+02 0.0000E+00
   4.730 1.7033 18.130 0.1409 0.8000 0.2183E+03 0.2817E+03 0.1119E+01 0.2146E+02 0.2591E+03 0.2181E+03  0  0  0 0.2580E+03 0.0000E+00
   4.730 1.6501 19.551 0.1557 0.9000 0.1643E+03 0.2093E+03 0.6643E+00 0.1540E+02 0.1932E+03 0.1642E+03  0  0  0 0.1929E+03 0.0000E+00
   4.730 1.5968 20.965 0.1701 1.0000 0.1259E+03 0.1585E+03 0.4132E+00 0.1138E+02 0.1467E+03 0.1257E+03  0  0  0 0.1469E+03 0.0000E+00
   4.730 1.5435 22.382 0.1840 1.1000 0.9777E+02 0.1221E+03 0.2662E+00 0.8622E+01 0.1132E+03 0.9769E+02  0  0  0 0.1137E+03 0.0000E+00
   4.730 1.4902 23.812 0.1974 1.2000 0.7684E+02 0.9529E+02 0.1763E+00 0.6677E+01 0.8844E+02 0.7678E+02  0  0  0 0.8905E+02 0.0000E+00
   4.730 1.4369 25.262 0.2104 1.3000 0.6097E+02 0.7519E+02 0.1194E+00 0.5264E+01 0.6981E+02 0.6094E+02  0  0  0 0.7049E+02 0.0000E+00
   4.730 1.3836 26.742 0.2229 1.4000 0.4878E+02 0.5988E+02 0.8237E-01 0.4220E+01 0.5558E+02 0.4876E+02  0  0  0 0.5629E+02 0.0000E+00
   4.730 1.3303 28.260 0.2351 1.5000 0.3929E+02 0.4810E+02 0.5774E-01 0.3434E+01 0.4461E+02 0.3927E+02  0  0  0 0.4530E+02 0.0000E+00
   4.730 1.2770 29.824 0.2469 1.6000 0.3183E+02 0.3890E+02 0.4104E-01 0.2833E+01 0.3602E+02 0.3182E+02  0  0  0 0.3669E+02 0.0000E+00
   4.730 1.2237 31.444 0.2584 1.7000 0.2591E+02 0.3165E+02 0.2954E-01 0.2367E+01 0.2925E+02 0.2590E+02  0  0  0 0.2989E+02 0.0000E+00
   4.730 1.4422 19.718 0.1297 0.8000 0.1620E+03 0.2220E+03 0.1579E+01 0.2102E+02 0.1994E+03 0.1618E+03  0  0  0 0.1984E+03 0.0000E+00
   4.730 1.3889 21.330 0.1435 0.9000 0.1218E+03 0.1650E+03 0.9392E+00 0.1534E+02 0.1488E+03 0.1217E+03  0  0  0 0.1484E+03 0.0000E+00
   4.730 1.3356 22.948 0.1570 1.0000 0.9322E+02 0.1251E+03 0.5868E+00 0.1152E+02 0.1130E+03 0.9314E+02  0  0  0 0.1130E+03 0.0000E+00
   4.730 1.2823 24.588 0.1700 1.1000 0.7229E+02 0.9637E+02 0.3810E+00 0.8864E+01 0.8712E+02 0.7224E+02  0  0  0 0.8737E+02 0.0000E+00
   4.730 1.2291 26.261 0.1827 1.2000 0.5669E+02 0.7520E+02 0.2550E+00 0.6969E+01 0.6798E+02 0.5665E+02  0  0  0 0.6837E+02 0.0000E+00
   4.730 1.1758 27.979 0.1949 1.3000 0.4486E+02 0.5933E+02 0.1750E+00 0.5582E+01 0.5358E+02 0.4483E+02  0  0  0 0.5406E+02 0.0000E+00
   4.730 1.1225 29.755 0.2068 1.4000 0.3576E+02 0.4725E+02 0.1227E+00 0.4548E+01 0.4258E+02 0.3574E+02  0  0  0 0.4311E+02 0.0000E+00
   4.730 1.0692 31.603 0.2183 1.5000 0.2868E+02 0.3792E+02 0.8761E-01 0.3761E+01 0.3407E+02 0.2867E+02  0  0  0 0.3462E+02 0.0000E+00
   4.730 1.0159 33.539 0.2296 1.6000 0.2311E+02 0.3063E+02 0.6365E-01 0.3155E+01 0.2742E+02 0.2311E+02  0  0  0 0.2797E+02 0.0000E+00
   4.730 0.9626 35.579 0.2405 1.7000 0.1870E+02 0.2488E+02 0.4700E-01 0.2681E+01 0.2216E+02 0.1869E+02  0  0  0 0.2271E+02 0.0000E+00
   4.730 1.1704 21.914 0.1198 0.8000 0.1155E+03 0.1715E+03 0.2457E+01 0.2106E+02 0.1479E+03 0.1154E+03  0  0  0 0.1486E+03 0.0000E+00
   4.730 1.1171 23.817 0.1327 0.9000 0.8654E+02 0.1271E+03 0.1480E+01 0.1562E+02 0.1101E+03 0.8648E+02  0  0  0 0.1108E+03 0.0000E+00
   4.730 1.0639 25.758 0.1454 1.0000 0.6588E+02 0.9624E+02 0.9380E+00 0.1193E+02 0.8337E+02 0.6583E+02  0  0  0 0.8414E+02 0.0000E+00
   4.730 1.0106 27.756 0.1576 1.1000 0.5078E+02 0.7396E+02 0.6203E+00 0.9330E+01 0.6401E+02 0.5075E+02  0  0  0 0.6479E+02 0.0000E+00
   4.730 0.9573 29.832 0.1695 1.2000 0.3954E+02 0.5760E+02 0.4252E+00 0.7459E+01 0.4971E+02 0.3952E+02  0  0  0 0.5051E+02 0.0000E+00
   4.730 0.9040 32.007 0.1811 1.3000 0.3103E+02 0.4534E+02 0.3010E+00 0.6076E+01 0.3896E+02 0.3101E+02  0  0  0 0.3974E+02 0.0000E+00
   4.730 0.8507 34.306 0.1923 1.4000 0.2450E+02 0.3598E+02 0.2196E+00 0.5035E+01 0.3073E+02 0.2449E+02  0  0  0 0.3153E+02 0.0000E+00
   4.730 0.7974 36.759 0.2033 1.5000 0.1943E+02 0.2877E+02 0.1651E+00 0.4237E+01 0.2437E+02 0.1942E+02  0  0  0 0.2515E+02 0.0000E+00
   4.730 0.7441 39.402 0.2139 1.6000 0.1545E+02 0.2315E+02 0.1281E+00 0.3616E+01 0.1940E+02 0.1544E+02  0  0  0 0.2017E+02 0.0000E+00
   4.730 0.6908 42.279 0.2243 1.7000 0.1230E+02 0.1872E+02 0.1031E+00 0.3127E+01 0.1549E+02 0.1230E+02  0  0  0 0.1624E+02 0.0000E+00
   4.730 0.8880 25.208 0.1110 0.8000 0.7731E+02 0.1294E+03 0.4505E+01 0.2146E+02 0.1035E+03 0.7726E+02  0  0  0 0.1073E+03 0.0000E+00
   4.730 0.8347 27.622 0.1231 0.9000 0.5730E+02 0.9547E+02 0.2854E+01 0.1618E+02 0.7643E+02 0.5726E+02  0  0  0 0.7936E+02 0.0000E+00
   4.730 0.7814 30.149 0.1350 1.0000 0.4307E+02 0.7178E+02 0.1914E+01 0.1256E+02 0.5731E+02 0.4304E+02  0  0  0 0.5973E+02 0.0000E+00
   4.730 0.7281 32.827 0.1465 1.1000 0.3271E+02 0.5487E+02 0.1352E+01 0.9997E+01 0.4352E+02 0.3269E+02  0  0  0 0.4560E+02 0.0000E+00
   4.730 0.6748 35.705 0.1577 1.2000 0.2503E+02 0.4246E+02 0.1003E+01 0.8126E+01 0.3333E+02 0.2502E+02  0  0  0 0.3518E+02 0.0000E+00
   4.730 0.6216 38.839 0.1686 1.3000 0.1924E+02 0.3320E+02 0.7822E+00 0.6730E+01 0.2569E+02 0.1923E+02  0  0  0 0.2737E+02 0.0000E+00
   4.730 0.5683 42.305 0.1793 1.4000 0.1482E+02 0.2617E+02 0.6418E+00 0.5667E+01 0.1986E+02 0.1482E+02  0  0  0 0.2142E+02 0.0000E+00
   4.730 0.5150 46.203 0.1896 1.5000 0.1141E+02 0.2077E+02 0.5557E+00 0.4842E+01 0.1537E+02 0.1141E+02  0  0  0 0.1684E+02 0.0000E+00
   4.730 0.4617 50.679 0.1998 1.6000 0.8758E+01 0.1657E+02 0.5092E+00 0.4191E+01 0.1187E+02 0.8755E+01  0  0  0 0.1327E+02 0.0000E+00
   4.730 0.4084 55.945 0.2096 1.7000 0.6675E+01 0.1327E+02 0.4948E+00 0.3667E+01 0.9109E+01 0.6672E+01  0  0  0 0.1046E+02 0.0000E+00
   4.730 0.5949 30.924 0.1031 0.8000 0.4591E+02 0.9662E+02 0.1006E+02 0.2181E+02 0.6475E+02 0.4589E+02  0  0  0 0.7347E+02 0.0000E+00
   4.730 0.5416 34.478 0.1145 0.9000 0.3310E+02 0.7059E+02 0.7086E+01 0.1674E+02 0.4676E+02 0.3308E+02  0  0  0 0.5346E+02 0.0000E+00
   4.730 0.4883 38.415 0.1256 1.0000 0.2406E+02 0.5265E+02 0.5333E+01 0.1319E+02 0.3413E+02 0.2405E+02  0  0  0 0.3952E+02 0.0000E+00
   4.730 0.4351 42.885 0.1365 1.1000 0.1755E+02 0.3992E+02 0.4274E+01 0.1062E+02 0.2503E+02 0.1754E+02  0  0  0 0.2955E+02 0.0000E+00
   4.730 0.3818 48.109 0.1471 1.2000 0.1276E+02 0.3068E+02 0.3636E+01 0.8702E+01 0.1834E+02 0.1276E+02  0  0  0 0.2225E+02 0.0000E+00
   4.730 0.3285 54.435 0.1574 1.3000 0.9205E+01 0.2382E+02 0.3270E+01 0.7212E+01 0.1334E+02 0.9200E+01  0  0  0 0.1680E+02 0.0000E+00
   4.730 0.2752 62.471 0.1675 1.4000 0.6525E+01 0.1861E+02 0.3082E+01 0.5991E+01 0.9539E+01 0.6522E+01  0  0  0 0.1264E+02 0.0000E+00
   4.730 0.2219 73.417 0.1773 1.5000 0.4489E+01 0.1440E+02 0.2982E+01 0.4868E+01 0.6550E+01 0.4487E+01  0  0  0 0.9381E+01 0.0000E+00
   4.730 0.1686 90.181 0.1869 1.6000 0.2931E+01 0.1000E+02 0.0000E+00 0.8047E+23 0.1663E+24 0.2930E+01  0  0  0 0.6657E+01 0.0000E+00
   4.730 0.1153123.948 0.1963 1.7000 0.1735E+01 0.7525E+01 0.1483E+01 0.3145E+01 0.2897E+01 0.1734E+01  0  0  0 0.3992E+01 0.0000E+00
