2.0,2.6,1.2,2.5
   4.730 2.4281 18.602 0.2778 1.2000 0.5507E+02 0.5975E+02 0.3711E+01 0.0000E+00 0.5604E+02 0.5507E+02  0  0  0 0.5917E+02 0.0000E+00
   4.730 2.3748 19.587 0.2941 1.3000 0.4355E+02 0.4678E+02 0.2773E+01 0.0000E+00 0.4401E+02 0.4355E+02  0  0  0 0.4656E+02 0.0000E+00
   4.730 2.3215 20.569 0.3098 1.4000 0.3475E+02 0.3701E+02 0.2108E+01 0.0000E+00 0.3490E+02 0.3475E+02  0  0  0 0.3700E+02 0.0000E+00
   4.730 2.2682 21.551 0.3247 1.5000 0.2795E+02 0.2955E+02 0.1628E+01 0.0000E+00 0.2792E+02 0.2795E+02  0  0  0 0.2966E+02 0.0000E+00
   4.730 2.2149 22.536 0.3390 1.6000 0.2265E+02 0.2378E+02 0.1275E+01 0.0000E+00 0.2251E+02 0.2265E+02  0  0  0 0.2395E+02 0.0000E+00
   4.730 2.1616 23.528 0.3527 1.7000 0.1847E+02 0.1928E+02 0.1011E+01 0.0000E+00 0.1827E+02 0.1847E+02  0  0  0 0.1948E+02 0.0000E+00
   4.730 2.1083 24.529 0.3659 1.8000 0.1514E+02 0.1573E+02 0.8104E+00 0.0000E+00 0.1492E+02 0.1514E+02  0  0  0 0.1593E+02 0.0000E+00
   4.730 2.0550 25.542 0.3785 1.9000 0.1248E+02 0.1291E+02 0.6565E+00 0.0000E+00 0.1225E+02 0.1248E+02  0  0  0 0.1311E+02 0.0000E+00
   4.730 2.0018 26.571 0.3906 2.0000 0.1033E+02 0.1065E+02 0.5370E+00 0.0000E+00 0.1011E+02 0.1033E+02  0  0  0 0.1084E+02 0.0000E+00
   4.730 1.9485 27.616 0.4023 2.1000 0.8594E+01 0.8825E+01 0.4432E+00 0.0000E+00 0.8382E+01 0.8594E+01  0  0  0 0.9000E+01 0.0000E+00
   4.730 1.8952 28.683 0.4136 2.2000 0.7175E+01 0.7347E+01 0.3688E+00 0.0000E+00 0.6978E+01 0.7175E+01  0  0  0 0.7506E+01 0.0000E+00
   4.730 1.8419 29.773 0.4244 2.3000 0.6011E+01 0.6141E+01 0.3093E+00 0.0000E+00 0.5832E+01 0.6011E+01  0  0  0 0.6284E+01 0.0000E+00
   4.730 1.7886 30.890 0.4348 2.4000 0.5053E+01 0.5153E+01 0.2614E+00 0.0000E+00 0.4891E+01 0.5053E+01  0  0  0 0.5279E+01 0.0000E+00
   4.730 1.7353 32.037 0.4449 2.5000 0.4260E+01 0.4338E+01 0.2224E+00 0.0000E+00 0.4115E+01 0.4260E+01  0  0  0 0.4449E+01 0.0000E+00
   4.730 2.2096 19.509 0.2537 1.2000 0.4439E+02 0.5057E+02 0.3580E+01 0.0000E+00 0.4699E+02 0.4439E+02  0  0  0 0.4898E+02 0.0000E+00
   4.730 2.1563 20.566 0.2692 1.3000 0.3530E+02 0.3979E+02 0.2702E+01 0.0000E+00 0.3709E+02 0.3530E+02  0  0  0 0.3874E+02 0.0000E+00
   4.730 2.1030 21.623 0.2840 1.4000 0.2832E+02 0.3163E+02 0.2076E+01 0.0000E+00 0.2956E+02 0.2832E+02  0  0  0 0.3094E+02 0.0000E+00
   4.730 2.0497 22.685 0.2982 1.5000 0.2289E+02 0.2538E+02 0.1620E+01 0.0000E+00 0.2376E+02 0.2289E+02  0  0  0 0.2492E+02 0.0000E+00
   4.730 1.9964 23.754 0.3119 1.6000 0.1864E+02 0.2052E+02 0.1281E+01 0.0000E+00 0.1924E+02 0.1864E+02  0  0  0 0.2022E+02 0.0000E+00
   4.730 1.9431 24.835 0.3251 1.7000 0.1527E+02 0.1671E+02 0.1026E+01 0.0000E+00 0.1568E+02 0.1527E+02  0  0  0 0.1652E+02 0.0000E+00
   4.730 1.8899 25.931 0.3377 1.8000 0.1257E+02 0.1369E+02 0.8309E+00 0.0000E+00 0.1286E+02 0.1257E+02  0  0  0 0.1357E+02 0.0000E+00
   4.730 1.8366 27.046 0.3499 1.9000 0.1040E+02 0.1128E+02 0.6802E+00 0.0000E+00 0.1060E+02 0.1040E+02  0  0  0 0.1121E+02 0.0000E+00
   4.730 1.7833 28.183 0.3617 2.0000 0.8649E+01 0.9341E+01 0.5622E+00 0.0000E+00 0.8779E+01 0.8649E+01  0  0  0 0.9304E+01 0.0000E+00
   4.730 1.7300 29.345 0.3730 2.1000 0.7217E+01 0.7772E+01 0.4689E+00 0.0000E+00 0.7303E+01 0.7217E+01  0  0  0 0.7755E+01 0.0000E+00
   4.730 1.6767 30.537 0.3840 2.2000 0.6044E+01 0.6493E+01 0.3944E+00 0.0000E+00 0.6098E+01 0.6044E+01  0  0  0 0.6490E+01 0.0000E+00
   4.730 1.6234 31.763 0.3945 2.3000 0.5078E+01 0.5445E+01 0.3344E+00 0.0000E+00 0.5110E+01 0.5078E+01  0  0  0 0.5450E+01 0.0000E+00
   4.730 1.5701 33.026 0.4047 2.4000 0.4279E+01 0.4582E+01 0.2858E+00 0.0000E+00 0.4296E+01 0.4279E+01  0  0  0 0.4591E+01 0.0000E+00
   4.730 1.5168 34.333 0.4146 2.5000 0.3614E+01 0.3868E+01 0.2460E+00 0.0000E+00 0.3622E+01 0.3614E+01  0  0  0 0.3879E+01 0.0000E+00
   4.730 1.9805 20.618 0.2326 1.2000 0.3572E+02 0.4261E+02 0.3547E+01 0.0000E+00 0.3906E+02 0.3572E+02  0  0  0 0.4041E+02 0.0000E+00
   4.730 1.9272 21.768 0.2472 1.3000 0.2852E+02 0.3367E+02 0.2708E+01 0.0000E+00 0.3096E+02 0.2852E+02  0  0  0 0.3210E+02 0.0000E+00
   4.730 1.8739 22.924 0.2612 1.4000 0.2298E+02 0.2688E+02 0.2103E+01 0.0000E+00 0.2477E+02 0.2298E+02  0  0  0 0.2574E+02 0.0000E+00
   4.730 1.8206 24.090 0.2747 1.5000 0.1864E+02 0.2164E+02 0.1659E+01 0.0000E+00 0.1999E+02 0.1864E+02  0  0  0 0.2081E+02 0.0000E+00
   4.730 1.7673 25.271 0.2878 1.6000 0.1523E+02 0.1757E+02 0.1326E+01 0.0000E+00 0.1624E+02 0.1523E+02  0  0  0 0.1695E+02 0.0000E+00
   4.730 1.7140 26.472 0.3004 1.7000 0.1251E+02 0.1435E+02 0.1074E+01 0.0000E+00 0.1328E+02 0.1251E+02  0  0  0 0.1389E+02 0.0000E+00
   4.730 1.6607 27.696 0.3125 1.8000 0.1033E+02 0.1180E+02 0.8798E+00 0.0000E+00 0.1092E+02 0.1033E+02  0  0  0 0.1145E+02 0.0000E+00
   4.730 1.6074 28.949 0.3242 1.9000 0.8571E+01 0.9751E+01 0.7284E+00 0.0000E+00 0.9023E+01 0.8571E+01  0  0  0 0.9480E+01 0.0000E+00
   4.730 1.5541 30.235 0.3356 2.0000 0.7138E+01 0.8099E+01 0.6089E+00 0.0000E+00 0.7490E+01 0.7138E+01  0  0  0 0.7887E+01 0.0000E+00
   4.730 1.5008 31.560 0.3466 2.1000 0.5966E+01 0.6755E+01 0.5138E+00 0.0000E+00 0.6241E+01 0.5966E+01  0  0  0 0.6588E+01 0.0000E+00
   4.730 1.4476 32.929 0.3572 2.2000 0.5001E+01 0.5657E+01 0.4375E+00 0.0000E+00 0.5219E+01 0.5001E+01  0  0  0 0.5523E+01 0.0000E+00
   4.730 1.3943 34.348 0.3674 2.3000 0.4204E+01 0.4753E+01 0.3756E+00 0.0000E+00 0.4378E+01 0.4204E+01  0  0  0 0.4644E+01 0.0000E+00
   4.730 1.3410 35.825 0.3774 2.4000 0.3542E+01 0.4007E+01 0.3251E+00 0.0000E+00 0.3682E+01 0.3542E+01  0  0  0 0.3917E+01 0.0000E+00
   4.730 1.2877 37.366 0.3870 2.5000 0.2991E+01 0.3388E+01 0.2836E+00 0.0000E+00 0.3104E+01 0.2991E+01  0  0  0 0.3311E+01 0.0000E+00
   4.730 1.7406 22.009 0.2139 1.2000 0.2829E+02 0.3555E+02 0.3609E+01 0.0000E+00 0.3194E+02 0.2829E+02  0  0  0 0.3291E+02 0.0000E+00
   4.730 1.6874 23.284 0.2277 1.3000 0.2265E+02 0.2817E+02 0.2788E+01 0.0000E+00 0.2538E+02 0.2265E+02  0  0  0 0.2622E+02 0.0000E+00
   4.730 1.6341 24.573 0.2410 1.4000 0.1829E+02 0.2258E+02 0.2191E+01 0.0000E+00 0.2038E+02 0.1829E+02  0  0  0 0.2110E+02 0.0000E+00
   4.730 1.5808 25.882 0.2538 1.5000 0.1487E+02 0.1823E+02 0.1749E+01 0.0000E+00 0.1648E+02 0.1487E+02  0  0  0 0.1710E+02 0.0000E+00
   4.730 1.5275 27.218 0.2662 1.6000 0.1217E+02 0.1484E+02 0.1415E+01 0.0000E+00 0.1342E+02 0.1217E+02  0  0  0 0.1395E+02 0.0000E+00
   4.730 1.4742 28.586 0.2782 1.7000 0.1001E+02 0.1215E+02 0.1160E+01 0.0000E+00 0.1099E+02 0.1001E+02  0  0  0 0.1146E+02 0.0000E+00
   4.730 1.4209 29.993 0.2899 1.8000 0.8268E+01 0.1001E+02 0.9620E+00 0.0000E+00 0.9048E+01 0.8268E+01  0  0  0 0.9455E+01 0.0000E+00
   4.730 1.3676 31.445 0.3011 1.9000 0.6859E+01 0.8289E+01 0.8066E+00 0.0000E+00 0.7483E+01 0.6859E+01  0  0  0 0.7840E+01 0.0000E+00
   4.730 1.3143 32.950 0.3120 2.0000 0.5710E+01 0.6895E+01 0.6830E+00 0.0000E+00 0.6212E+01 0.5710E+01  0  0  0 0.6527E+01 0.0000E+00
   4.730 1.2610 34.516 0.3226 2.1000 0.4767E+01 0.5760E+01 0.5843E+00 0.0000E+00 0.5175E+01 0.4767E+01  0  0  0 0.5454E+01 0.0000E+00
   4.730 1.2077 36.153 0.3328 2.2000 0.3990E+01 0.4828E+01 0.5042E+00 0.0000E+00 0.4324E+01 0.3990E+01  0  0  0 0.4571E+01 0.0000E+00
   4.730 1.1545 37.871 0.3428 2.3000 0.3346E+01 0.4060E+01 0.4389E+00 0.0000E+00 0.3621E+01 0.3346E+01  0  0  0 0.3842E+01 0.0000E+00
   4.730 1.1012 39.681 0.3524 2.4000 0.2810E+01 0.3425E+01 0.3855E+00 0.0000E+00 0.3039E+01 0.2810E+01  0  0  0 0.3236E+01 0.0000E+00
   4.730 1.0479 41.600 0.3618 2.5000 0.2363E+01 0.2896E+01 0.3414E+00 0.0000E+00 0.2554E+01 0.2363E+01  0  0  0 0.2731E+01 0.0000E+00
   4.730 1.4902 23.812 0.1974 1.2000 0.2175E+02 0.2923E+02 0.3770E+01 0.0000E+00 0.2546E+02 0.2175E+02  0  0  0 0.2626E+02 0.0000E+00
   4.730 1.4369 25.262 0.2104 1.3000 0.1743E+02 0.2322E+02 0.2949E+01 0.0000E+00 0.2027E+02 0.1743E+02  0  0  0 0.2096E+02 0.0000E+00
   4.730 1.3836 26.742 0.2229 1.4000 0.1407E+02 0.1863E+02 0.2349E+01 0.0000E+00 0.1628E+02 0.1407E+02  0  0  0 0.1687E+02 0.0000E+00
   4.730 1.3303 28.260 0.2351 1.5000 0.1144E+02 0.1507E+02 0.1900E+01 0.0000E+00 0.1317E+02 0.1144E+02  0  0  0 0.1368E+02 0.0000E+00
   4.730 1.2770 29.824 0.2469 1.6000 0.9352E+01 0.1228E+02 0.1558E+01 0.0000E+00 0.1073E+02 0.9352E+01  0  0  0 0.1117E+02 0.0000E+00
   4.730 1.2237 31.444 0.2584 1.7000 0.7681E+01 0.1007E+02 0.1294E+01 0.0000E+00 0.8779E+01 0.7681E+01  0  0  0 0.9171E+01 0.0000E+00
   4.730 1.1704 33.130 0.2695 1.8000 0.6332E+01 0.8306E+01 0.1088E+01 0.0000E+00 0.7219E+01 0.6332E+01  0  0  0 0.7566E+01 0.0000E+00
   4.730 1.1171 34.894 0.2802 1.9000 0.5237E+01 0.6883E+01 0.9246E+00 0.0000E+00 0.5959E+01 0.5237E+01  0  0  0 0.6267E+01 0.0000E+00
   4.730 1.0639 36.748 0.2907 2.0000 0.4343E+01 0.5729E+01 0.7945E+00 0.0000E+00 0.4934E+01 0.4343E+01  0  0  0 0.5210E+01 0.0000E+00
   4.730 1.0106 38.709 0.3009 2.1000 0.3608E+01 0.4784E+01 0.6881E+00 0.0000E+00 0.4096E+01 0.3608E+01  0  0  0 0.4342E+01 0.0000E+00
   4.730 0.9573 40.794 0.3107 2.2000 0.3002E+01 0.4012E+01 0.6047E+00 0.0000E+00 0.3407E+01 0.3002E+01  0  0  0 0.3631E+01 0.0000E+00
   4.730 0.9040 43.025 0.3203 2.3000 0.2499E+01 0.3373E+01 0.5352E+00 0.0000E+00 0.2838E+01 0.2499E+01  0  0  0 0.3041E+01 0.0000E+00
   4.730 0.8507 45.430 0.3297 2.4000 0.2081E+01 0.2844E+01 0.4782E+00 0.0000E+00 0.2365E+01 0.2081E+01  0  0  0 0.2551E+01 0.0000E+00
   4.730 0.7974 48.042 0.3388 2.5000 0.1732E+01 0.2403E+01 0.4313E+00 0.0000E+00 0.1971E+01 0.1732E+01  0  0  0 0.2143E+01 0.0000E+00
   4.730 1.2291 26.261 0.1827 1.2000 0.1601E+02 0.2360E+02 0.4042E+01 0.0000E+00 0.1956E+02 0.1601E+02  0  0  0 0.2035E+02 0.0000E+00
   4.730 1.1758 27.979 0.1949 1.3000 0.1280E+02 0.1877E+02 0.3207E+01 0.0000E+00 0.1556E+02 0.1280E+02  0  0  0 0.1623E+02 0.0000E+00
   4.730 1.1225 29.755 0.2068 1.4000 0.1031E+02 0.1507E+02 0.2589E+01 0.0000E+00 0.1248E+02 0.1031E+02  0  0  0 0.1305E+02 0.0000E+00
   4.730 1.0692 31.603 0.2183 1.5000 0.8350E+01 0.1219E+02 0.2124E+01 0.0000E+00 0.1007E+02 0.8350E+01  0  0  0 0.1057E+02 0.0000E+00
   4.730 1.0159 33.539 0.2296 1.6000 0.6793E+01 0.9940E+01 0.1767E+01 0.0000E+00 0.8173E+01 0.6793E+01  0  0  0 0.8611E+01 0.0000E+00
   4.730 0.9626 35.579 0.2405 1.7000 0.5546E+01 0.8152E+01 0.1490E+01 0.0000E+00 0.6662E+01 0.5546E+01  0  0  0 0.7051E+01 0.0000E+00
   4.730 0.9093 37.744 0.2511 1.8000 0.4540E+01 0.6722E+01 0.1272E+01 0.0000E+00 0.5450E+01 0.4540E+01  0  0  0 0.5797E+01 0.0000E+00
   4.730 0.8560 40.060 0.2614 1.9000 0.3723E+01 0.5569E+01 0.1099E+01 0.0000E+00 0.4469E+01 0.3723E+01  0  0  0 0.4782E+01 0.0000E+00
   4.730 0.8027 42.555 0.2714 2.0000 0.3055E+01 0.4632E+01 0.9605E+00 0.0000E+00 0.3671E+01 0.3055E+01  0  0  0 0.3956E+01 0.0000E+00
   4.730 0.7495 45.267 0.2811 2.1000 0.2507E+01 0.3867E+01 0.8483E+00 0.0000E+00 0.3018E+01 0.2507E+01  0  0  0 0.3279E+01 0.0000E+00
   4.730 0.6962 48.245 0.2906 2.2000 0.2055E+01 0.3237E+01 0.7570E+00 0.0000E+00 0.2480E+01 0.2055E+01  0  0  0 0.2722E+01 0.0000E+00
   4.730 0.6429 51.552 0.2999 2.3000 0.1682E+01 0.2718E+01 0.6824E+00 0.0000E+00 0.2036E+01 0.1682E+01  0  0  0 0.2261E+01 0.0000E+00
   4.730 0.5896 55.271 0.3089 2.4000 0.1371E+01 0.2287E+01 0.6211E+00 0.0000E+00 0.1666E+01 0.1371E+01  0  0  0 0.1878E+01 0.0000E+00
   4.730 0.5363 59.520 0.3177 2.5000 0.1112E+01 0.1927E+01 0.5705E+00 0.0000E+00 0.1357E+01 0.1112E+01  0  0  0 0.1559E+01 0.0000E+00
   4.730 0.9573 29.832 0.1695 1.2000 0.1107E+02 0.1867E+02 0.4444E+01 0.0000E+00 0.1422E+02 0.1107E+02  0  0  0 0.1517E+02 0.0000E+00
   4.730 0.9040 32.007 0.1811 1.3000 0.8785E+01 0.1484E+02 0.3580E+01 0.0000E+00 0.1126E+02 0.8785E+01  0  0  0 0.1205E+02 0.0000E+00
   4.730 0.8507 34.306 0.1923 1.4000 0.7012E+01 0.1191E+02 0.2936E+01 0.0000E+00 0.8970E+01 0.7012E+01  0  0  0 0.9649E+01 0.0000E+00
   4.730 0.7974 36.759 0.2033 1.5000 0.5619E+01 0.9629E+01 0.2447E+01 0.0000E+00 0.7183E+01 0.5619E+01  0  0  0 0.7774E+01 0.0000E+00
   4.730 0.7441 39.402 0.2139 1.6000 0.4513E+01 0.7841E+01 0.2069E+01 0.0000E+00 0.5773E+01 0.4513E+01  0  0  0 0.6294E+01 0.0000E+00
   4.730 0.6908 42.279 0.2243 1.7000 0.3629E+01 0.6423E+01 0.1773E+01 0.0000E+00 0.4650E+01 0.3629E+01  0  0  0 0.5115E+01 0.0000E+00
   4.730 0.6375 45.448 0.2344 1.8000 0.2917E+01 0.5287E+01 0.1539E+01 0.0000E+00 0.3748E+01 0.2917E+01  0  0  0 0.4168E+01 0.0000E+00
   4.730 0.5843 48.986 0.2442 1.9000 0.2340E+01 0.4370E+01 0.1351E+01 0.0000E+00 0.3019E+01 0.2340E+01  0  0  0 0.3403E+01 0.0000E+00
   4.730 0.5310 52.999 0.2538 2.0000 0.1871E+01 0.3625E+01 0.1199E+01 0.0000E+00 0.2425E+01 0.1871E+01  0  0  0 0.2779E+01 0.0000E+00
   4.730 0.4777 57.637 0.2632 2.1000 0.1486E+01 0.3013E+01 0.1075E+01 0.0000E+00 0.1938E+01 0.1486E+01  0  0  0 0.2269E+01 0.0000E+00
   4.730 0.4244 63.127 0.2723 2.2000 0.1171E+01 0.2505E+01 0.9703E+00 0.0000E+00 0.1535E+01 0.1171E+01  0  0  0 0.1848E+01 0.0000E+00
   4.730 0.3711 69.828 0.2812 2.3000 0.9116E+00 0.2074E+01 0.8801E+00 0.0000E+00 0.1194E+01 0.9116E+00  0  0  0 0.1498E+01 0.0000E+00
   4.730 0.3178 78.362 0.2899 2.4000 0.6973E+00 0.1676E+01 0.7953E+00 0.0000E+00 0.8803E+00 0.6973E+00  0  0  0 0.1204E+01 0.0000E+00
   4.730 0.2645 89.946 0.2983 2.5000 0.5200E+00 0.4234E-01 0.0000E+00 0.0000E+00 0.7002E-01 0.5200E+00  0  0  0 0.9532E+00 0.0000E+00
