   4.730 1.6630 36.093 0.5246 3.0196 0.2040E+01 0.1983E+01 0.9497E-01 0.0000E+00 0.1888E+01 0.2040E+01  0  0  0 0.2084E+01 0.0000E+00
   4.730 1.5300 37.679 0.5027 3.0185 0.1906E+01 0.1906E+01 0.1022E+00 0.0000E+00 0.1804E+01 0.1906E+01  0  0  0 0.1977E+01 0.0000E+00
   4.730 1.4030 39.412 0.4834 3.0181 0.1751E+01 0.1806E+01 0.1112E+00 0.0000E+00 0.1695E+01 0.1751E+01  0  0  0 0.1848E+01 0.0000E+00
   4.730 1.2820 41.318 0.4666 3.0191 0.1598E+01 0.1701E+01 0.1219E+00 0.0000E+00 0.1579E+01 0.1598E+01  0  0  0 0.1716E+01 0.0000E+00
   4.730 1.1660 43.422 0.4514 3.0189 0.1455E+01 0.1601E+01 0.1351E+00 0.0000E+00 0.1465E+01 0.1455E+01  0  0  0 0.1592E+01 0.0000E+00
   4.730 1.0560 45.758 0.4380 3.0200 0.1317E+01 0.1501E+01 0.1500E+00 0.0000E+00 0.1351E+01 0.1317E+01  0  0  0 0.1469E+01 0.0000E+00
   4.730 0.9510 48.370 0.4259 3.0200 0.1186E+01 0.1406E+01 0.1677E+00 0.0000E+00 0.1239E+01 0.1186E+01  0  0  0 0.1352E+01 0.0000E+00
   4.730 0.8510 51.310 0.4146 3.0181 0.1061E+01 0.1319E+01 0.1888E+00 0.0000E+00 0.1130E+01 0.1061E+01  0  0  0 0.1242E+01 0.0000E+00
   5.890 2.0890 28.566 0.4200 2.9957 0.3648E+01 0.3717E+01 0.1459E+00 0.0000E+00 0.3571E+01 0.3648E+01  0  0  0 0.3812E+01 0.0000E+00
   5.890 1.9400 29.665 0.4041 2.9953 0.3366E+01 0.3514E+01 0.1570E+00 0.0000E+00 0.3357E+01 0.3366E+01  0  0  0 0.3565E+01 0.0000E+00
   5.890 1.7970 30.853 0.3900 2.9957 0.3086E+01 0.3305E+01 0.1699E+00 0.0000E+00 0.3135E+01 0.3086E+01  0  0  0 0.3315E+01 0.0000E+00
   5.890 1.6590 32.141 0.3772 2.9951 0.2815E+01 0.3098E+01 0.1851E+00 0.0000E+00 0.2913E+01 0.2815E+01  0  0  0 0.3070E+01 0.0000E+00
   5.890 1.5270 33.544 0.3659 2.9957 0.2552E+01 0.2894E+01 0.2022E+00 0.0000E+00 0.2692E+01 0.2552E+01  0  0  0 0.2829E+01 0.0000E+00
   5.890 1.4000 35.076 0.3555 2.9951 0.2303E+01 0.2700E+01 0.2220E+00 0.0000E+00 0.2478E+01 0.2303E+01  0  0  0 0.2601E+01 0.0000E+00
   5.890 1.2790 36.758 0.3462 2.9957 0.2066E+01 0.2512E+01 0.2439E+00 0.0000E+00 0.2268E+01 0.2066E+01  0  0  0 0.2382E+01 0.0000E+00
   5.890 1.1630 38.613 0.3377 2.9951 0.1846E+01 0.2339E+01 0.2692E+00 0.0000E+00 0.2070E+01 0.1846E+01  0  0  0 0.2177E+01 0.0000E+00
   5.890 1.0530 40.670 0.3301 2.9959 0.1640E+01 0.2177E+01 0.2969E+00 0.0000E+00 0.1880E+01 0.1640E+01  0  0  0 0.1985E+01 0.0000E+00
   5.890 0.9480 42.965 0.3230 2.9954 0.1450E+01 0.2030E+01 0.3285E+00 0.0000E+00 0.1701E+01 0.1450E+01  0  0  0 0.1808E+01 0.0000E+00
   5.890 0.8490 45.542 0.3168 2.9965 0.1274E+01 0.1894E+01 0.3625E+00 0.0000E+00 0.1532E+01 0.1274E+01  0  0  0 0.1643E+01 0.0000E+00
   5.890 0.7550 48.459 0.3109 2.9959 0.1114E+01 0.1774E+01 0.4006E+00 0.0000E+00 0.1374E+01 0.1114E+01  0  0  0 0.1494E+01 0.0000E+00
   5.890 0.6660 51.791 0.3053 2.9928 0.9683E+00 0.1670E+01 0.4431E+00 0.0000E+00 0.1227E+01 0.9683E+00  0  0  0 0.1359E+01 0.0000E+00
