1.2,2.7,3.0,4.3
   5.890 3.9931 20.573 0.8428 3.0000 0.7247E+01 0.5537E+01 0.1432E-07 0.1808E+01 0.3730E+01 0.5397E+01  0  0  0 0.6492E+01 0.0000E+00
   5.890 3.9398 21.060 0.8471 3.1000 0.6097E+01 0.4652E+01 0.1032E-07 0.1495E+01 0.3157E+01 0.4565E+01  0  0  0 0.5458E+01 0.0000E+00
   5.890 3.8865 21.549 0.8511 3.2000 0.5171E+01 0.3935E+01 0.7510E-08 0.1241E+01 0.2694E+01 0.3897E+01  0  0  0 0.4623E+01 0.0000E+00
   5.890 3.8332 22.041 0.8550 3.3000 0.4360E+01 0.3321E+01 0.5519E-08 0.1034E+01 0.2287E+01 0.3297E+01  0  0  0 0.3900E+01 0.0000E+00
   5.890 3.7799 22.535 0.8587 3.4000 0.3701E+01 0.2819E+01 0.4093E-08 0.8642E+00 0.1955E+01 0.2812E+01  0  0  0 0.3311E+01 0.0000E+00
   5.890 3.7266 23.034 0.8621 3.5000 0.3156E+01 0.2404E+01 0.3061E-08 0.7249E+00 0.1679E+01 0.2410E+01  0  0  0 0.2824E+01 0.0000E+00
   5.890 3.6733 23.537 0.8654 3.6000 0.2701E+01 0.2056E+01 0.2308E-08 0.6099E+00 0.1446E+01 0.2073E+01  0  0  0 0.2417E+01 0.0000E+00
   5.890 3.6200 24.044 0.8686 3.7000 0.2322E+01 0.1766E+01 0.1754E-08 0.5148E+00 0.1251E+01 0.1792E+01  0  0  0 0.2077E+01 0.0000E+00
   5.890 3.5668 24.556 0.8716 3.8000 0.2002E+01 0.1522E+01 0.1343E-08 0.4357E+00 0.1086E+01 0.1554E+01  0  0  0 0.1791E+01 0.0000E+00
   5.890 3.5135 25.073 0.8745 3.9000 0.1731E+01 0.1315E+01 0.1036E-08 0.3698E+00 0.9451E+00 0.1351E+01  0  0  0 0.1548E+01 0.0000E+00
   5.890 3.4602 25.595 0.8773 4.0000 0.1501E+01 0.1139E+01 0.8041E-09 0.3147E+00 0.8246E+00 0.1177E+01  0  0  0 0.1342E+01 0.0000E+00
   5.890 3.4069 26.124 0.8799 4.1000 0.1304E+01 0.9898E+00 0.6282E-09 0.2685E+00 0.7213E+00 0.1028E+01  0  0  0 0.1166E+01 0.0000E+00
   5.890 3.3536 26.660 0.8824 4.2000 0.1136E+01 0.8621E+00 0.4939E-09 0.2297E+00 0.6325E+00 0.9000E+00  0  0  0 0.1016E+01 0.0000E+00
   5.890 3.3003 27.202 0.8848 4.3000 0.9919E+00 0.7528E+00 0.3905E-09 0.1969E+00 0.5559E+00 0.7898E+00  0  0  0 0.8874E+00 0.0000E+00
   5.890 3.8598 20.929 0.7875 3.0000 0.8926E+01 0.6844E+01 0.5986E-07 0.1331E+01 0.5514E+01 0.7755E+01  0  0  0 0.8008E+01 0.0000E+00
   5.890 3.8066 21.430 0.7929 3.1000 0.7504E+01 0.5754E+01 0.4297E-07 0.1109E+01 0.4645E+01 0.6523E+01  0  0  0 0.6732E+01 0.0000E+00
   5.890 3.7533 21.933 0.7981 3.2000 0.6337E+01 0.4859E+01 0.3114E-07 0.9271E+00 0.3932E+01 0.5514E+01  0  0  0 0.5687E+01 0.0000E+00
   5.890 3.7000 22.439 0.8030 3.3000 0.5283E+01 0.4074E+01 0.2277E-07 0.7777E+00 0.3297E+01 0.4589E+01  0  0  0 0.4756E+01 0.0000E+00
   5.890 3.6467 22.949 0.8077 3.4000 0.4509E+01 0.3473E+01 0.1680E-07 0.6545E+00 0.2819E+01 0.3923E+01  0  0  0 0.4058E+01 0.0000E+00
   5.890 3.5934 23.463 0.8121 3.5000 0.3860E+01 0.2971E+01 0.1249E-07 0.5525E+00 0.2418E+01 0.3364E+01  0  0  0 0.3473E+01 0.0000E+00
   5.890 3.5401 23.982 0.8164 3.6000 0.3314E+01 0.2549E+01 0.9365E-08 0.4677E+00 0.2081E+01 0.2893E+01  0  0  0 0.2981E+01 0.0000E+00
   5.890 3.4868 24.506 0.8205 3.7000 0.2854E+01 0.2193E+01 0.7073E-08 0.3971E+00 0.1796E+01 0.2496E+01  0  0  0 0.2567E+01 0.0000E+00
   5.890 3.4335 25.035 0.8244 3.8000 0.2463E+01 0.1892E+01 0.5380E-08 0.3380E+00 0.1554E+01 0.2158E+01  0  0  0 0.2215E+01 0.0000E+00
   5.890 3.3802 25.570 0.8281 3.9000 0.2132E+01 0.1637E+01 0.4121E-08 0.2885E+00 0.1349E+01 0.1871E+01  0  0  0 0.1917E+01 0.0000E+00
   5.890 3.3270 26.112 0.8317 4.0000 0.1850E+01 0.1420E+01 0.3177E-08 0.2468E+00 0.1173E+01 0.1626E+01  0  0  0 0.1664E+01 0.0000E+00
   5.890 3.2737 26.660 0.8351 4.1000 0.1608E+01 0.1235E+01 0.2464E-08 0.2117E+00 0.1023E+01 0.1416E+01  0  0  0 0.1447E+01 0.0000E+00
   5.890 3.2204 27.216 0.8384 4.2000 0.1402E+01 0.1076E+01 0.1923E-08 0.1819E+00 0.8943E+00 0.1237E+01  0  0  0 0.1261E+01 0.0000E+00
   5.890 3.1671 27.780 0.8415 4.3000 0.1224E+01 0.9399E+00 0.1510E-08 0.1567E+00 0.7832E+00 0.1082E+01  0  0  0 0.1102E+01 0.0000E+00
   5.890 3.7160 21.335 0.7353 3.0000 0.1056E+02 0.8230E+01 0.2253E-06 0.9565E+00 0.7274E+01 0.9860E+01  0  0  0 0.9553E+01 0.0000E+00
   5.890 3.6627 21.852 0.7417 3.1000 0.8914E+01 0.6944E+01 0.1617E-06 0.8026E+00 0.6141E+01 0.8322E+01  0  0  0 0.8064E+01 0.0000E+00
   5.890 3.6094 22.371 0.7477 3.2000 0.7551E+01 0.5880E+01 0.1171E-06 0.6757E+00 0.5204E+01 0.7049E+01  0  0  0 0.6830E+01 0.0000E+00
   5.890 3.5561 22.894 0.7535 3.3000 0.6418E+01 0.4997E+01 0.8557E-07 0.5707E+00 0.4426E+01 0.5990E+01  0  0  0 0.5806E+01 0.0000E+00
   5.890 3.5028 23.422 0.7590 3.4000 0.5471E+01 0.4261E+01 0.6301E-07 0.4834E+00 0.3777E+01 0.5107E+01  0  0  0 0.4951E+01 0.0000E+00
   5.890 3.4495 23.955 0.7642 3.5000 0.4649E+01 0.3629E+01 0.4677E-07 0.4106E+00 0.3219E+01 0.4337E+01  0  0  0 0.4213E+01 0.0000E+00
   5.890 3.3962 24.492 0.7693 3.6000 0.3995E+01 0.3118E+01 0.3497E-07 0.3497E+00 0.2768E+01 0.3728E+01  0  0  0 0.3621E+01 0.0000E+00
   5.890 3.3430 25.036 0.7741 3.7000 0.3443E+01 0.2686E+01 0.2633E-07 0.2986E+00 0.2387E+01 0.3214E+01  0  0  0 0.3121E+01 0.0000E+00
   5.890 3.2897 25.586 0.7787 3.8000 0.2974E+01 0.2320E+01 0.1996E-07 0.2557E+00 0.2064E+01 0.2777E+01  0  0  0 0.2696E+01 0.0000E+00
   5.890 3.2364 26.142 0.7832 3.9000 0.2576E+01 0.2009E+01 0.1523E-07 0.2194E+00 0.1789E+01 0.2406E+01  0  0  0 0.2335E+01 0.0000E+00
   5.890 3.1831 26.706 0.7875 4.0000 0.2236E+01 0.1744E+01 0.1169E-07 0.1888E+00 0.1555E+01 0.2089E+01  0  0  0 0.2028E+01 0.0000E+00
   5.890 3.1298 27.278 0.7916 4.1000 0.1945E+01 0.1517E+01 0.9033E-08 0.1628E+00 0.1354E+01 0.1818E+01  0  0  0 0.1764E+01 0.0000E+00
   5.890 3.0765 27.858 0.7955 4.2000 0.1695E+01 0.1323E+01 0.7018E-08 0.1406E+00 0.1182E+01 0.1586E+01  0  0  0 0.1539E+01 0.0000E+00
   5.890 3.0232 28.447 0.7993 4.3000 0.1481E+01 0.1155E+01 0.5482E-08 0.1218E+00 0.1034E+01 0.1386E+01  0  0  0 0.1344E+01 0.0000E+00
   5.890 3.5614 21.799 0.6865 3.0000 0.1208E+02 0.9623E+01 0.7602E-06 0.6875E+00 0.8935E+01 0.1168E+02  0  0  0 0.1105E+02 0.0000E+00
   5.890 3.5081 22.334 0.6936 3.1000 0.1023E+02 0.8145E+01 0.5476E-06 0.5806E+00 0.7564E+01 0.9889E+01  0  0  0 0.9360E+01 0.0000E+00
   5.890 3.4548 22.872 0.7003 3.2000 0.8691E+01 0.6913E+01 0.3977E-06 0.4918E+00 0.6421E+01 0.8399E+01  0  0  0 0.7949E+01 0.0000E+00
   5.890 3.4016 23.416 0.7067 3.3000 0.7407E+01 0.5890E+01 0.2911E-06 0.4179E+00 0.5472E+01 0.7156E+01  0  0  0 0.6775E+01 0.0000E+00
   5.890 3.3483 23.964 0.7128 3.4000 0.6331E+01 0.5034E+01 0.2147E-06 0.3561E+00 0.4678E+01 0.6115E+01  0  0  0 0.5792E+01 0.0000E+00
   5.890 3.2950 24.518 0.7187 3.5000 0.5409E+01 0.4307E+01 0.1595E-06 0.3042E+00 0.4003E+01 0.5223E+01  0  0  0 0.4954E+01 0.0000E+00
   5.890 3.2417 25.079 0.7244 3.6000 0.4655E+01 0.3706E+01 0.1193E-06 0.2606E+00 0.3445E+01 0.4493E+01  0  0  0 0.4263E+01 0.0000E+00
   5.890 3.1884 25.645 0.7298 3.7000 0.4016E+01 0.3197E+01 0.8979E-07 0.2238E+00 0.2973E+01 0.3876E+01  0  0  0 0.3679E+01 0.0000E+00
   5.890 3.1351 26.220 0.7351 3.8000 0.3473E+01 0.2764E+01 0.6803E-07 0.1927E+00 0.2571E+01 0.3352E+01  0  0  0 0.3182E+01 0.0000E+00
   5.890 3.0818 26.802 0.7401 3.9000 0.3010E+01 0.2396E+01 0.5186E-07 0.1663E+00 0.2229E+01 0.2905E+01  0  0  0 0.2759E+01 0.0000E+00
   5.890 3.0285 27.392 0.7449 4.0000 0.2615E+01 0.2081E+01 0.3977E-07 0.1438E+00 0.1937E+01 0.2523E+01  0  0  0 0.2397E+01 0.0000E+00
   5.890 2.9753 27.991 0.7496 4.1000 0.2276E+01 0.1812E+01 0.3067E-07 0.1247E+00 0.1687E+01 0.2196E+01  0  0  0 0.2087E+01 0.0000E+00
   5.890 2.9220 28.600 0.7541 4.2000 0.1984E+01 0.1580E+01 0.2378E-07 0.1083E+00 0.1472E+01 0.1915E+01  0  0  0 0.1821E+01 0.0000E+00
   5.890 2.8687 29.220 0.7584 4.3000 0.1734E+01 0.1381E+01 0.1853E-07 0.9427E-01 0.1287E+01 0.1673E+01  0  0  0 0.1592E+01 0.0000E+00
   5.890 3.3962 22.330 0.6411 3.0000 0.1329E+02 0.1087E+02 0.2302E-05 0.5057E+00 0.1036E+02 0.1308E+02  0  0  0 0.1233E+02 0.0000E+00
   5.890 3.3430 22.886 0.6486 3.1000 0.1130E+02 0.9227E+01 0.1668E-05 0.4292E+00 0.8798E+01 0.1111E+02  0  0  0 0.1048E+02 0.0000E+00
   5.890 3.2897 23.448 0.6558 3.2000 0.9634E+01 0.7860E+01 0.1218E-05 0.3654E+00 0.7494E+01 0.9472E+01  0  0  0 0.8931E+01 0.0000E+00
   5.890 3.2364 24.015 0.6627 3.3000 0.8240E+01 0.6716E+01 0.8954E-06 0.3121E+00 0.6404E+01 0.8099E+01  0  0  0 0.7636E+01 0.0000E+00
   5.890 3.1831 24.588 0.6693 3.4000 0.7071E+01 0.5758E+01 0.6630E-06 0.2674E+00 0.5491E+01 0.6949E+01  0  0  0 0.6551E+01 0.0000E+00
   5.890 3.1298 25.167 0.6757 3.5000 0.6092E+01 0.4955E+01 0.4941E-06 0.2296E+00 0.4725E+01 0.5985E+01  0  0  0 0.5642E+01 0.0000E+00
   5.890 3.0765 25.754 0.6819 3.6000 0.5265E+01 0.4277E+01 0.3706E-06 0.1978E+00 0.4079E+01 0.5171E+01  0  0  0 0.4874E+01 0.0000E+00
   5.890 3.0232 26.349 0.6878 3.7000 0.4550E+01 0.3696E+01 0.2797E-06 0.1708E+00 0.3525E+01 0.4468E+01  0  0  0 0.4213E+01 0.0000E+00
   5.890 2.9699 26.952 0.6935 3.8000 0.3925E+01 0.3193E+01 0.2123E-06 0.1478E+00 0.3045E+01 0.3854E+01  0  0  0 0.3638E+01 0.0000E+00
   5.890 2.9166 27.565 0.6990 3.9000 0.3397E+01 0.2766E+01 0.1620E-06 0.1282E+00 0.2638E+01 0.3334E+01  0  0  0 0.3151E+01 0.0000E+00
   5.890 2.8633 28.187 0.7043 4.0000 0.2950E+01 0.2403E+01 0.1244E-06 0.1115E+00 0.2292E+01 0.2895E+01  0  0  0 0.2738E+01 0.0000E+00
   5.890 2.8101 28.820 0.7094 4.1000 0.2568E+01 0.2093E+01 0.9597E-07 0.9716E-01 0.1996E+01 0.2520E+01  0  0  0 0.2385E+01 0.0000E+00
   5.890 2.7568 29.464 0.7143 4.2000 0.2240E+01 0.1827E+01 0.7442E-07 0.8485E-01 0.1743E+01 0.2198E+01  0  0  0 0.2082E+01 0.0000E+00
   5.890 2.7035 30.120 0.7191 4.3000 0.1958E+01 0.1598E+01 0.5800E-07 0.7426E-01 0.1524E+01 0.1921E+01  0  0  0 0.1821E+01 0.0000E+00
   5.890 3.2204 22.939 0.5988 3.0000 0.1412E+02 0.1185E+02 0.6285E-05 0.3884E+00 0.1146E+02 0.1401E+02  0  0  0 0.1328E+02 0.0000E+00
   5.890 3.1671 23.522 0.6067 3.1000 0.1203E+02 0.1009E+02 0.4590E-05 0.3310E+00 0.9758E+01 0.1194E+02  0  0  0 0.1131E+02 0.0000E+00
   5.890 3.1138 24.110 0.6142 3.2000 0.1028E+02 0.8618E+01 0.3375E-05 0.2831E+00 0.8335E+01 0.1020E+02  0  0  0 0.9670E+01 0.0000E+00
   5.890 3.0605 24.706 0.6215 3.3000 0.8816E+01 0.7382E+01 0.2497E-05 0.2429E+00 0.7140E+01 0.8741E+01  0  0  0 0.8288E+01 0.0000E+00
   5.890 3.0072 25.308 0.6285 3.4000 0.7576E+01 0.6342E+01 0.1860E-05 0.2090E+00 0.6133E+01 0.7510E+01  0  0  0 0.7122E+01 0.0000E+00
   5.890 2.9539 25.918 0.6352 3.5000 0.6526E+01 0.5461E+01 0.1393E-05 0.1804E+00 0.5280E+01 0.6467E+01  0  0  0 0.6136E+01 0.0000E+00
   5.890 2.9006 26.537 0.6417 3.6000 0.5633E+01 0.4714E+01 0.1050E-05 0.1561E+00 0.4558E+01 0.5582E+01  0  0  0 0.5298E+01 0.0000E+00
   5.890 2.8473 27.166 0.6480 3.7000 0.4876E+01 0.4079E+01 0.7958E-06 0.1354E+00 0.3944E+01 0.4830E+01  0  0  0 0.4586E+01 0.0000E+00
   5.890 2.7941 27.804 0.6541 3.8000 0.4231E+01 0.3538E+01 0.6063E-06 0.1178E+00 0.3420E+01 0.4191E+01  0  0  0 0.3980E+01 0.0000E+00
   5.890 2.7408 28.453 0.6599 3.9000 0.3683E+01 0.3078E+01 0.4644E-06 0.1027E+00 0.2975E+01 0.3647E+01  0  0  0 0.3464E+01 0.0000E+00
   5.890 2.6875 29.114 0.6656 4.0000 0.3218E+01 0.2686E+01 0.3575E-06 0.8982E-01 0.2596E+01 0.3186E+01  0  0  0 0.3026E+01 0.0000E+00
   5.890 2.6342 29.788 0.6711 4.1000 0.2799E+01 0.2340E+01 0.2765E-06 0.7870E-01 0.2261E+01 0.2770E+01  0  0  0 0.2634E+01 0.0000E+00
   5.890 2.5809 30.474 0.6764 4.2000 0.2440E+01 0.2042E+01 0.2149E-06 0.6912E-01 0.1973E+01 0.2415E+01  0  0  0 0.2299E+01 0.0000E+00
   5.890 2.5276 31.176 0.6815 4.3000 0.2133E+01 0.1787E+01 0.1677E-06 0.6085E-01 0.1726E+01 0.2111E+01  0  0  0 0.2012E+01 0.0000E+00
   5.890 3.0339 23.644 0.5597 3.0000 0.1447E+02 0.1249E+02 0.1557E-04 0.3166E+00 0.1217E+02 0.1442E+02  0  0  0 0.1381E+02 0.0000E+00
   5.890 2.9806 24.257 0.5678 3.1000 0.1237E+02 0.1067E+02 0.1147E-04 0.2709E+00 0.1040E+02 0.1233E+02  0  0  0 0.1181E+02 0.0000E+00
   5.890 2.9273 24.879 0.5756 3.2000 0.1061E+02 0.9138E+01 0.8508E-05 0.2326E+00 0.8906E+01 0.1056E+02  0  0  0 0.1012E+02 0.0000E+00
   5.890 2.8740 25.508 0.5831 3.3000 0.9116E+01 0.7848E+01 0.6346E-05 0.2004E+00 0.7648E+01 0.9078E+01  0  0  0 0.8697E+01 0.0000E+00
   5.890 2.8207 26.146 0.5903 3.4000 0.7853E+01 0.6758E+01 0.4761E-05 0.1732E+00 0.6585E+01 0.7819E+01  0  0  0 0.7493E+01 0.0000E+00
   5.890 2.7674 26.793 0.5973 3.5000 0.6780E+01 0.5834E+01 0.3591E-05 0.1502E+00 0.5683E+01 0.6750E+01  0  0  0 0.6470E+01 0.0000E+00
   5.890 2.7141 27.451 0.6041 3.6000 0.5867E+01 0.5047E+01 0.2723E-05 0.1306E+00 0.4916E+01 0.5840E+01  0  0  0 0.5600E+01 0.0000E+00
   5.890 2.6608 28.121 0.6106 3.7000 0.5088E+01 0.4376E+01 0.2075E-05 0.1139E+00 0.4262E+01 0.5063E+01  0  0  0 0.4857E+01 0.0000E+00
   5.890 2.6075 28.802 0.6169 3.8000 0.4420E+01 0.3801E+01 0.1590E-05 0.9962E-01 0.3701E+01 0.4398E+01  0  0  0 0.4220E+01 0.0000E+00
   5.890 2.5543 29.497 0.6230 3.9000 0.3847E+01 0.3308E+01 0.1223E-05 0.8737E-01 0.3221E+01 0.3827E+01  0  0  0 0.3675E+01 0.0000E+00
   5.890 2.5010 30.205 0.6290 4.0000 0.3356E+01 0.2885E+01 0.9458E-06 0.7683E-01 0.2808E+01 0.3338E+01  0  0  0 0.3206E+01 0.0000E+00
   5.890 2.4477 30.929 0.6347 4.1000 0.2937E+01 0.2524E+01 0.7345E-06 0.6773E-01 0.2457E+01 0.2922E+01  0  0  0 0.2807E+01 0.0000E+00
   5.890 2.3944 31.669 0.6403 4.2000 0.2564E+01 0.2206E+01 0.5729E-06 0.5986E-01 0.2146E+01 0.2550E+01  0  0  0 0.2453E+01 0.0000E+00
   5.890 2.3411 32.427 0.6457 4.3000 0.2244E+01 0.1933E+01 0.4487E-06 0.5304E-01 0.1880E+01 0.2231E+01  0  0  0 0.2148E+01 0.0000E+00
   5.890 2.8367 24.464 0.5236 3.0000 0.1434E+02 0.1275E+02 0.3531E-04 0.2766E+00 0.1247E+02 0.1432E+02  0  0  0 0.1391E+02 0.0000E+00
   5.890 2.7834 25.115 0.5318 3.1000 0.1230E+02 0.1092E+02 0.2628E-04 0.2375E+00 0.1069E+02 0.1228E+02  0  0  0 0.1193E+02 0.0000E+00
   5.890 2.7301 25.776 0.5397 3.2000 0.1058E+02 0.9383E+01 0.1967E-04 0.2048E+00 0.9179E+01 0.1056E+02  0  0  0 0.1025E+02 0.0000E+00
   5.890 2.6768 26.447 0.5473 3.3000 0.9117E+01 0.8082E+01 0.1480E-04 0.1772E+00 0.7905E+01 0.9099E+01  0  0  0 0.8836E+01 0.0000E+00
   5.890 2.6235 27.128 0.5547 3.4000 0.7874E+01 0.6977E+01 0.1119E-04 0.1538E+00 0.6823E+01 0.7858E+01  0  0  0 0.7632E+01 0.0000E+00
   5.890 2.5703 27.822 0.5618 3.5000 0.6815E+01 0.6036E+01 0.8508E-05 0.1340E+00 0.5902E+01 0.6801E+01  0  0  0 0.6606E+01 0.0000E+00
   5.890 2.5170 28.528 0.5687 3.6000 0.5911E+01 0.5233E+01 0.6499E-05 0.1172E+00 0.5115E+01 0.5897E+01  0  0  0 0.5730E+01 0.0000E+00
   5.890 2.4637 29.248 0.5755 3.7000 0.5135E+01 0.4546E+01 0.4987E-05 0.1028E+00 0.4443E+01 0.5123E+01  0  0  0 0.4979E+01 0.0000E+00
   5.890 2.4104 29.983 0.5820 3.8000 0.4469E+01 0.3956E+01 0.3844E-05 0.9047E-01 0.3866E+01 0.4457E+01  0  0  0 0.4335E+01 0.0000E+00
   5.890 2.3571 30.735 0.5883 3.9000 0.3895E+01 0.3449E+01 0.2976E-05 0.7985E-01 0.3369E+01 0.3885E+01  0  0  0 0.3780E+01 0.0000E+00
   5.890 2.3038 31.503 0.5944 4.0000 0.3401E+01 0.3012E+01 0.2314E-05 0.7069E-01 0.2941E+01 0.3392E+01  0  0  0 0.3302E+01 0.0000E+00
   5.890 2.2505 32.291 0.6003 4.1000 0.2976E+01 0.2636E+01 0.1806E-05 0.6277E-01 0.2573E+01 0.2968E+01  0  0  0 0.2891E+01 0.0000E+00
   5.890 2.1972 33.099 0.6061 4.2000 0.2604E+01 0.2308E+01 0.1416E-05 0.5591E-01 0.2252E+01 0.2596E+01  0  0  0 0.2532E+01 0.0000E+00
   5.890 2.1439 33.928 0.6117 4.3000 0.2281E+01 0.2024E+01 0.1114E-05 0.4994E-01 0.1974E+01 0.2275E+01  0  0  0 0.2220E+01 0.0000E+00
   5.890 2.6289 25.428 0.4902 3.0000 0.1379E+02 0.1264E+02 0.7398E-04 0.2581E+00 0.1238E+02 0.1378E+02  0  0  0 0.1359E+02 0.0000E+00
   5.890 2.5756 26.126 0.4984 3.1000 0.1186E+02 0.1086E+02 0.5563E-04 0.2227E+00 0.1064E+02 0.1185E+02  0  0  0 0.1169E+02 0.0000E+00
   5.890 2.5223 26.836 0.5064 3.2000 0.1023E+02 0.9357E+01 0.4204E-04 0.1930E+00 0.9164E+01 0.1022E+02  0  0  0 0.1008E+02 0.0000E+00
   5.890 2.4690 27.559 0.5140 3.3000 0.8838E+01 0.8079E+01 0.3193E-04 0.1679E+00 0.7911E+01 0.8831E+01  0  0  0 0.8709E+01 0.0000E+00
   5.890 2.4157 28.295 0.5215 3.4000 0.7652E+01 0.6990E+01 0.2436E-04 0.1468E+00 0.6843E+01 0.7645E+01  0  0  0 0.7540E+01 0.0000E+00
   5.890 2.3624 29.046 0.5287 3.5000 0.6637E+01 0.6060E+01 0.1868E-04 0.1287E+00 0.5932E+01 0.6631E+01  0  0  0 0.6541E+01 0.0000E+00
   5.890 2.3091 29.813 0.5357 3.6000 0.5767E+01 0.5265E+01 0.1438E-04 0.1133E+00 0.5151E+01 0.5761E+01  0  0  0 0.5685E+01 0.0000E+00
   5.890 2.2558 30.597 0.5425 3.7000 0.5019E+01 0.4581E+01 0.1112E-04 0.1001E+00 0.4481E+01 0.5013E+01  0  0  0 0.4949E+01 0.0000E+00
   5.890 2.2025 31.401 0.5492 3.8000 0.4374E+01 0.3993E+01 0.8633E-05 0.8870E-01 0.3905E+01 0.4369E+01  0  0  0 0.4315E+01 0.0000E+00
   5.890 2.1493 32.225 0.5556 3.9000 0.3818E+01 0.3487E+01 0.6730E-05 0.7890E-01 0.3408E+01 0.3813E+01  0  0  0 0.3769E+01 0.0000E+00
   5.890 2.0960 33.071 0.5618 4.0000 0.3337E+01 0.3049E+01 0.5267E-05 0.7045E-01 0.2979E+01 0.3333E+01  0  0  0 0.3296E+01 0.0000E+00
   5.890 2.0427 33.941 0.5679 4.1000 0.2921E+01 0.2670E+01 0.4137E-05 0.6310E-01 0.2607E+01 0.2917E+01  0  0  0 0.2888E+01 0.0000E+00
   5.890 1.9894 34.837 0.5738 4.2000 0.2558E+01 0.2341E+01 0.3262E-05 0.5673E-01 0.2284E+01 0.2554E+01  0  0  0 0.2531E+01 0.0000E+00
   5.890 1.9361 35.761 0.5795 4.3000 0.2243E+01 0.2055E+01 0.2582E-05 0.5116E-01 0.2004E+01 0.2240E+01  0  0  0 0.2222E+01 0.0000E+00
   5.890 2.4104 26.576 0.4594 3.0000 0.1288E+02 0.1219E+02 0.1446E-03 0.2568E+00 0.1193E+02 0.1288E+02  0  0  0 0.1292E+02 0.0000E+00
   5.890 2.3571 27.333 0.4676 3.1000 0.1111E+02 0.1050E+02 0.1099E-03 0.2231E+00 0.1028E+02 0.1111E+02  0  0  0 0.1114E+02 0.0000E+00
   5.890 2.3038 28.105 0.4755 3.2000 0.9602E+01 0.9073E+01 0.8386E-04 0.1946E+00 0.8878E+01 0.9600E+01  0  0  0 0.9631E+01 0.0000E+00
   5.890 2.2505 28.893 0.4832 3.3000 0.8315E+01 0.7852E+01 0.6430E-04 0.1705E+00 0.7681E+01 0.8312E+01  0  0  0 0.8340E+01 0.0000E+00
   5.890 2.1972 29.699 0.4906 3.4000 0.7213E+01 0.6808E+01 0.4952E-04 0.1501E+00 0.6658E+01 0.7210E+01  0  0  0 0.7236E+01 0.0000E+00
   5.890 2.1439 30.524 0.4979 3.5000 0.6267E+01 0.5914E+01 0.3829E-04 0.1326E+00 0.5782E+01 0.6264E+01  0  0  0 0.6289E+01 0.0000E+00
   5.890 2.0906 31.370 0.5049 3.6000 0.5453E+01 0.5146E+01 0.2974E-04 0.1177E+00 0.5029E+01 0.5451E+01  0  0  0 0.5475E+01 0.0000E+00
   5.890 2.0373 32.239 0.5118 3.7000 0.4752E+01 0.4485E+01 0.2318E-04 0.1048E+00 0.4380E+01 0.4749E+01  0  0  0 0.4773E+01 0.0000E+00
   5.890 1.9841 33.132 0.5184 3.8000 0.4146E+01 0.3914E+01 0.1814E-04 0.9376E-01 0.3821E+01 0.4144E+01  0  0  0 0.4167E+01 0.0000E+00
   5.890 1.9308 34.052 0.5249 3.9000 0.3622E+01 0.3421E+01 0.1425E-04 0.8420E-01 0.3337E+01 0.3619E+01  0  0  0 0.3643E+01 0.0000E+00
   5.890 1.8775 35.001 0.5312 4.0000 0.3167E+01 0.2995E+01 0.1124E-04 0.7591E-01 0.2919E+01 0.3165E+01  0  0  0 0.3189E+01 0.0000E+00
   5.890 1.8242 35.982 0.5374 4.1000 0.2772E+01 0.2624E+01 0.8890E-05 0.6872E-01 0.2555E+01 0.2770E+01  0  0  0 0.2795E+01 0.0000E+00
   5.890 1.7709 36.997 0.5434 4.2000 0.2429E+01 0.2302E+01 0.7059E-05 0.6245E-01 0.2240E+01 0.2427E+01  0  0  0 0.2452E+01 0.0000E+00
   5.890 1.7176 38.049 0.5492 4.3000 0.2129E+01 0.2022E+01 0.5624E-05 0.5702E-01 0.1965E+01 0.2128E+01  0  0  0 0.2153E+01 0.0000E+00
   5.890 2.1812 27.964 0.4311 3.0000 0.1170E+02 0.1145E+02 0.2662E-03 0.2698E+00 0.1118E+02 0.1170E+02  0  0  0 0.1196E+02 0.0000E+00
   5.890 2.1279 28.797 0.4391 3.1000 0.1011E+02 0.9893E+01 0.2043E-03 0.2362E+00 0.9657E+01 0.1011E+02  0  0  0 0.1033E+02 0.0000E+00
   5.890 2.0747 29.650 0.4469 3.2000 0.8752E+01 0.8561E+01 0.1576E-03 0.2078E+00 0.8353E+01 0.8752E+01  0  0  0 0.8948E+01 0.0000E+00
   5.890 2.0214 30.524 0.4546 3.3000 0.7590E+01 0.7422E+01 0.1220E-03 0.1836E+00 0.7239E+01 0.7589E+01  0  0  0 0.7762E+01 0.0000E+00
   5.890 1.9681 31.422 0.4620 3.4000 0.6592E+01 0.6447E+01 0.9484E-04 0.1631E+00 0.6283E+01 0.6591E+01  0  0  0 0.6745E+01 0.0000E+00
   5.890 1.9148 32.346 0.4692 3.5000 0.5733E+01 0.5608E+01 0.7402E-04 0.1455E+00 0.5463E+01 0.5732E+01  0  0  0 0.5870E+01 0.0000E+00
   5.890 1.8615 33.298 0.4762 3.6000 0.4992E+01 0.4886E+01 0.5799E-04 0.1304E+00 0.4756E+01 0.4992E+01  0  0  0 0.5115E+01 0.0000E+00
   5.890 1.8082 34.280 0.4830 3.7000 0.4352E+01 0.4263E+01 0.4561E-04 0.1174E+00 0.4146E+01 0.4352E+01  0  0  0 0.4464E+01 0.0000E+00
   5.890 1.7549 35.295 0.4897 3.8000 0.3798E+01 0.3724E+01 0.3600E-04 0.1062E+00 0.3618E+01 0.3797E+01  0  0  0 0.3900E+01 0.0000E+00
   5.890 1.7016 36.347 0.4962 3.9000 0.3318E+01 0.3257E+01 0.2852E-04 0.9649E-01 0.3161E+01 0.3317E+01  0  0  0 0.3411E+01 0.0000E+00
   5.890 1.6483 37.439 0.5025 4.0000 0.2900E+01 0.2852E+01 0.2267E-04 0.8806E-01 0.2764E+01 0.2899E+01  0  0  0 0.2987E+01 0.0000E+00
   5.890 1.5950 38.575 0.5087 4.1000 0.2537E+01 0.2500E+01 0.1808E-04 0.8073E-01 0.2419E+01 0.2536E+01  0  0  0 0.2617E+01 0.0000E+00
   5.890 1.5418 39.759 0.5147 4.2000 0.2220E+01 0.2193E+01 0.1447E-04 0.7436E-01 0.2119E+01 0.2219E+01  0  0  0 0.2296E+01 0.0000E+00
   5.890 1.4885 40.995 0.5206 4.3000 0.1944E+01 0.1926E+01 0.1162E-04 0.6883E-01 0.1857E+01 0.1943E+01  0  0  0 0.2015E+01 0.0000E+00
   5.890 1.9414 29.678 0.4049 3.0000 0.1032E+02 0.1050E+02 0.4659E-03 0.2969E+00 0.1020E+02 0.1032E+02  0  0  0 0.1077E+02 0.0000E+00
   5.890 1.8881 30.613 0.4128 3.1000 0.8925E+01 0.9078E+01 0.3614E-03 0.2625E+00 0.8815E+01 0.8925E+01  0  0  0 0.9322E+01 0.0000E+00
   5.890 1.8348 31.575 0.4205 3.2000 0.7733E+01 0.7866E+01 0.2815E-03 0.2333E+00 0.7633E+01 0.7734E+01  0  0  0 0.8082E+01 0.0000E+00
   5.890 1.7816 32.567 0.4280 3.3000 0.6710E+01 0.6828E+01 0.2201E-03 0.2083E+00 0.6620E+01 0.6710E+01  0  0  0 0.7018E+01 0.0000E+00
   5.890 1.7283 33.592 0.4354 3.4000 0.5829E+01 0.5936E+01 0.1728E-03 0.1870E+00 0.5749E+01 0.5829E+01  0  0  0 0.6102E+01 0.0000E+00
   5.890 1.6750 34.652 0.4425 3.5000 0.5069E+01 0.5168E+01 0.1362E-03 0.1687E+00 0.4999E+01 0.5069E+01  0  0  0 0.5313E+01 0.0000E+00
   5.890 1.6217 35.752 0.4495 3.6000 0.4413E+01 0.4504E+01 0.1077E-03 0.1530E+00 0.4351E+01 0.4413E+01  0  0  0 0.4631E+01 0.0000E+00
   5.890 1.5684 36.895 0.4562 3.7000 0.3844E+01 0.3931E+01 0.8554E-04 0.1394E+00 0.3791E+01 0.3844E+01  0  0  0 0.4041E+01 0.0000E+00
   5.890 1.5151 38.086 0.4629 3.8000 0.3351E+01 0.3434E+01 0.6816E-04 0.1277E+00 0.3307E+01 0.3351E+01  0  0  0 0.3530E+01 0.0000E+00
   5.890 1.4618 39.329 0.4693 3.9000 0.2923E+01 0.3004E+01 0.5451E-04 0.1175E+00 0.2886E+01 0.2923E+01  0  0  0 0.3086E+01 0.0000E+00
   5.890 1.4085 40.630 0.4756 4.0000 0.2550E+01 0.2630E+01 0.4374E-04 0.1088E+00 0.2521E+01 0.2550E+01  0  0  0 0.2700E+01 0.0000E+00
   5.890 1.3552 41.997 0.4818 4.1000 0.2226E+01 0.2304E+01 0.3523E-04 0.1012E+00 0.2203E+01 0.2225E+01  0  0  0 0.2364E+01 0.0000E+00
   5.890 1.3019 43.435 0.4878 4.2000 0.1942E+01 0.2019E+01 0.2848E-04 0.9460E-01 0.1925E+01 0.1942E+01  0  0  0 0.2070E+01 0.0000E+00
   5.890 1.2487 44.955 0.4937 4.3000 0.1695E+01 0.1771E+01 0.2310E-04 0.8894E-01 0.1682E+01 0.1695E+01  0  0  0 0.1814E+01 0.0000E+00
   5.890 1.6910 31.854 0.3807 3.0000 0.8811E+01 0.9366E+01 0.7827E-03 0.3405E+00 0.9024E+01 0.8811E+01  0  0  0 0.9432E+01 0.0000E+00
   5.890 1.6377 32.933 0.3885 3.1000 0.7622E+01 0.8108E+01 0.6136E-03 0.3046E+00 0.7803E+01 0.7622E+01  0  0  0 0.8167E+01 0.0000E+00
   5.890 1.5844 34.050 0.3961 3.2000 0.6601E+01 0.7030E+01 0.4830E-03 0.2739E+00 0.6756E+01 0.6601E+01  0  0  0 0.7082E+01 0.0000E+00
   5.890 1.5311 35.211 0.4034 3.3000 0.5722E+01 0.6105E+01 0.3818E-03 0.2477E+00 0.5857E+01 0.5722E+01  0  0  0 0.6149E+01 0.0000E+00
   5.890 1.4778 36.419 0.4106 3.4000 0.4964E+01 0.5308E+01 0.3029E-03 0.2253E+00 0.5083E+01 0.4964E+01  0  0  0 0.5346E+01 0.0000E+00
   5.890 1.4245 37.681 0.4177 3.5000 0.4310E+01 0.4621E+01 0.2413E-03 0.2060E+00 0.4415E+01 0.4310E+01  0  0  0 0.4652E+01 0.0000E+00
   5.890 1.3712 39.001 0.4245 3.6000 0.3743E+01 0.4027E+01 0.1929E-03 0.1894E+00 0.3838E+01 0.3743E+01  0  0  0 0.4051E+01 0.0000E+00
   5.890 1.3179 40.387 0.4312 3.7000 0.3252E+01 0.3513E+01 0.1548E-03 0.1751E+00 0.3338E+01 0.3252E+01  0  0  0 0.3531E+01 0.0000E+00
   5.890 1.2646 41.847 0.4378 3.8000 0.2826E+01 0.3068E+01 0.1248E-03 0.1628E+00 0.2905E+01 0.2826E+01  0  0  0 0.3080E+01 0.0000E+00
   5.890 1.2114 43.390 0.4442 3.9000 0.2455E+01 0.2681E+01 0.1009E-03 0.1522E+00 0.2529E+01 0.2455E+01  0  0  0 0.2688E+01 0.0000E+00
   5.890 1.1581 45.026 0.4505 4.0000 0.2133E+01 0.2344E+01 0.8199E-04 0.1432E+00 0.2200E+01 0.2133E+01  0  0  0 0.2347E+01 0.0000E+00
   5.890 1.1048 46.767 0.4566 4.1000 0.1852E+01 0.2050E+01 0.6689E-04 0.1355E+00 0.1914E+01 0.1852E+01  0  0  0 0.2049E+01 0.0000E+00
   5.890 1.0515 48.630 0.4626 4.2000 0.1606E+01 0.1793E+01 0.5482E-04 0.1291E+00 0.1664E+01 0.1606E+01  0  0  0 0.1789E+01 0.0000E+00
   5.890 0.9982 50.631 0.4684 4.3000 0.1392E+01 0.1570E+01 0.4515E-04 0.1237E+00 0.1446E+01 0.1392E+01  0  0  0 0.1563E+01 0.0000E+00
   5.890 1.4298 34.725 0.3584 3.0000 0.7244E+01 0.8133E+01 0.1276E-02 0.4080E+00 0.7723E+01 0.7245E+01  0  0  0 0.8005E+01 0.0000E+00
   5.890 1.3766 36.018 0.3660 3.1000 0.6253E+01 0.7040E+01 0.1012E-02 0.3699E+00 0.6669E+01 0.6253E+01  0  0  0 0.6926E+01 0.0000E+00
   5.890 1.3233 37.372 0.3734 3.2000 0.5401E+01 0.6103E+01 0.8062E-03 0.3374E+00 0.5764E+01 0.5401E+01  0  0  0 0.6000E+01 0.0000E+00
   5.890 1.2700 38.793 0.3806 3.3000 0.4667E+01 0.5296E+01 0.6449E-03 0.3096E+00 0.4986E+01 0.4667E+01  0  0  0 0.5202E+01 0.0000E+00
   5.890 1.2167 40.290 0.3877 3.4000 0.4034E+01 0.4602E+01 0.5180E-03 0.2858E+00 0.4315E+01 0.4034E+01  0  0  0 0.4514E+01 0.0000E+00
   5.890 1.1634 41.874 0.3946 3.5000 0.3486E+01 0.4002E+01 0.4180E-03 0.2655E+00 0.3736E+01 0.3486E+01  0  0  0 0.3920E+01 0.0000E+00
   5.890 1.1101 43.555 0.4013 3.6000 0.3012E+01 0.3484E+01 0.3388E-03 0.2481E+00 0.3235E+01 0.3012E+01  0  0  0 0.3406E+01 0.0000E+00
   5.890 1.0568 45.348 0.4079 3.7000 0.2601E+01 0.3034E+01 0.2759E-03 0.2334E+00 0.2800E+01 0.2601E+01  0  0  0 0.2960E+01 0.0000E+00
   5.890 1.0035 47.269 0.4144 3.8000 0.2244E+01 0.2644E+01 0.2259E-03 0.2209E+00 0.2423E+01 0.2244E+01  0  0  0 0.2573E+01 0.0000E+00
   5.890 0.9502 49.338 0.4207 3.9000 0.1934E+01 0.2305E+01 0.1860E-03 0.2104E+00 0.2095E+01 0.1934E+01  0  0  0 0.2237E+01 0.0000E+00
   5.890 0.8970 51.579 0.4269 4.0000 0.1664E+01 0.2010E+01 0.1542E-03 0.2018E+00 0.1808E+01 0.1664E+01  0  0  0 0.1944E+01 0.0000E+00
   5.890 0.8437 54.023 0.4330 4.1000 0.1429E+01 0.1753E+01 0.1289E-03 0.1949E+00 0.1558E+01 0.1429E+01  0  0  0 0.1690E+01 0.0000E+00
   5.890 0.7904 56.708 0.4389 4.2000 0.1224E+01 0.1530E+01 0.1088E-03 0.1894E+00 0.1340E+01 0.1224E+01  0  0  0 0.1469E+01 0.0000E+00
   5.890 0.7371 59.684 0.4447 4.3000 0.1045E+01 0.1334E+01 0.9331E-04 0.1853E+00 0.1148E+01 0.1045E+01  0  0  0 0.1276E+01 0.0000E+00
   5.890 1.1581 38.731 0.3378 3.0000 0.5667E+01 0.6844E+01 0.2053E-02 0.5114E+00 0.6330E+01 0.5667E+01  0  0  0 0.6542E+01 0.0000E+00
   5.890 1.1048 40.377 0.3452 3.1000 0.4865E+01 0.5917E+01 0.1652E-02 0.4711E+00 0.5444E+01 0.4865E+01  0  0  0 0.5645E+01 0.0000E+00
   5.890 1.0515 42.127 0.3524 3.2000 0.4175E+01 0.5121E+01 0.1336E-02 0.4367E+00 0.4683E+01 0.4175E+01  0  0  0 0.4875E+01 0.0000E+00
   5.890 0.9982 43.998 0.3595 3.3000 0.3582E+01 0.4437E+01 0.1087E-02 0.4076E+00 0.4028E+01 0.3582E+01  0  0  0 0.4212E+01 0.0000E+00
   5.890 0.9449 46.009 0.3664 3.4000 0.3069E+01 0.3847E+01 0.8904E-03 0.3830E+00 0.3463E+01 0.3069E+01  0  0  0 0.3641E+01 0.0000E+00
   5.890 0.8916 48.182 0.3731 3.5000 0.2627E+01 0.3340E+01 0.7345E-03 0.3622E+00 0.2977E+01 0.2627E+01  0  0  0 0.3149E+01 0.0000E+00
   5.890 0.8383 50.546 0.3798 3.6000 0.2244E+01 0.2900E+01 0.6117E-03 0.3451E+00 0.2554E+01 0.2244E+01  0  0  0 0.2722E+01 0.0000E+00
   5.890 0.7850 53.137 0.3862 3.7000 0.1913E+01 0.2519E+01 0.5156E-03 0.3309E+00 0.2188E+01 0.1913E+01  0  0  0 0.2354E+01 0.0000E+00
   5.890 0.7318 56.002 0.3926 3.8000 0.1625E+01 0.2188E+01 0.4424E-03 0.3196E+00 0.1868E+01 0.1625E+01  0  0  0 0.2034E+01 0.0000E+00
   5.890 0.6785 59.201 0.3988 3.9000 0.1376E+01 0.1901E+01 0.3900E-03 0.3106E+00 0.1589E+01 0.1376E+01  0  0  0 0.1758E+01 0.0000E+00
   5.890 0.6252 62.815 0.4049 4.0000 0.1160E+01 0.1649E+01 0.3594E-03 0.3037E+00 0.1345E+01 0.1160E+01  0  0  0 0.1518E+01 0.0000E+00
   5.890 0.5719 66.958 0.4108 4.1000 0.9715E+00 0.1427E+01 0.3558E-03 0.2982E+00 0.1128E+01 0.9715E+00  0  0  0 0.1311E+01 0.0000E+00
   5.890 0.5186 71.790 0.4167 4.2000 0.8080E+00 0.1225E+01 0.3933E-03 0.2923E+00 0.9321E+00 0.8080E+00  0  0  0 0.1131E+01 0.0000E+00
   5.890 0.4653 77.554 0.4224 4.3000 0.6658E+00 0.1024E+01 0.5023E-03 0.2807E+00 0.7423E+00 0.6658E+00  0  0  0 0.9761E+00 0.0000E+00
   5.890 0.8756 44.833 0.3188 3.0000 0.4117E+01 0.5560E+01 0.3424E-02 0.6720E+00 0.4884E+01 0.4117E+01  0  0  0 0.5096E+01 0.0000E+00
   5.890 0.8224 47.157 0.3260 3.1000 0.3492E+01 0.4794E+01 0.2849E-02 0.6300E+00 0.4161E+01 0.3492E+01  0  0  0 0.4374E+01 0.0000E+00
   5.890 0.7691 49.701 0.3330 3.2000 0.2955E+01 0.4137E+01 0.2409E-02 0.5949E+00 0.3540E+01 0.2955E+01  0  0  0 0.3754E+01 0.0000E+00
   5.890 0.7158 52.510 0.3399 3.3000 0.2494E+01 0.3573E+01 0.2083E-02 0.5658E+00 0.3005E+01 0.2494E+01  0  0  0 0.3223E+01 0.0000E+00
   5.890 0.6625 55.644 0.3466 3.4000 0.2097E+01 0.3086E+01 0.1863E-02 0.5419E+00 0.2543E+01 0.2097E+01  0  0  0 0.2765E+01 0.0000E+00
   5.890 0.6092 59.184 0.3532 3.5000 0.1755E+01 0.2665E+01 0.1753E-02 0.5223E+00 0.2141E+01 0.1755E+01  0  0  0 0.2372E+01 0.0000E+00
   5.890 0.5559 63.240 0.3596 3.6000 0.1460E+01 0.2299E+01 0.1777E-02 0.5062E+00 0.1791E+01 0.1460E+01  0  0  0 0.2033E+01 0.0000E+00
   5.890 0.5026 67.971 0.3660 3.7000 0.1205E+01 0.1976E+01 0.1992E-02 0.4919E+00 0.1483E+01 0.1205E+01  0  0  0 0.1741E+01 0.0000E+00
   5.890 0.4493 73.616 0.3722 3.8000 0.9853E+00 0.1678E+01 0.2515E-02 0.4756E+00 0.1200E+01 0.9853E+00  0  0  0 0.1490E+01 0.0000E+00
   5.890 0.3960 80.559 0.3783 3.9000 0.7955E+00 0.1345E+01 0.3569E-02 0.4351E+00 0.9061E+00 0.7955E+00  0  0  0 0.1273E+01 0.0000E+00
   5.890 0.3427 89.468 0.3843 4.0000 0.6316E+00 0.1353E+01 0.0000E+00 0.6945E-01 0.7359E-01 0.6316E+00  0  0  0 0.1086E+01 0.0000E+00
   5.890 0.2894101.679 0.3901 4.1000 0.4901E+00 0.1530E+01 0.7772E-02 0.6664E+00 0.8559E+00 0.4901E+00  0  0  0 0.9241E+00 0.0000E+00
   5.890 0.2362120.644 0.3959 4.1999 0.3679E+00 0.1245E+01 0.1060E-01 0.6207E+00 0.6135E+00 0.3679E+00  0  0  0 0.7801E+00 0.0000E+00
   5.890 0.1829174.906 0.4015 4.2999 0.2624E+00 0.1065E+01 0.8060E-03 0.6166E+00 0.4481E+00 0.2624E+00  0  0  0 0.6408E+00 0.0000E+00
