1.1,2.0,3.5,5.0
   4.730 2.6892 30.411 0.9139 3.5000 0.3467E-01 0.1587E+00 0.1408E+00 0.0000E+00 0.1796E-01 0.3467E-01  0  0  0 0.1104E+00 0.0000E+00
   4.730 2.6359 31.171 0.9161 3.6000 0.2918E-01 0.1344E+00 0.1192E+00 0.0000E+00 0.1514E-01 0.2918E-01  0  0  0 0.9334E-01 0.0000E+00
   4.730 2.5826 31.945 0.9182 3.7000 0.2462E-01 0.1141E+00 0.1013E+00 0.0000E+00 0.1280E-01 0.2462E-01  0  0  0 0.7918E-01 0.0000E+00
   4.730 2.5293 32.734 0.9202 3.8000 0.2083E-01 0.9716E-01 0.8631E-01 0.0000E+00 0.1084E-01 0.2083E-01  0  0  0 0.6736E-01 0.0000E+00
   4.730 2.4760 33.540 0.9221 3.9000 0.1766E-01 0.8296E-01 0.7375E-01 0.0000E+00 0.9212E-02 0.1766E-01  0  0  0 0.5745E-01 0.0000E+00
   4.730 2.4227 34.363 0.9239 4.0000 0.1501E-01 0.7102E-01 0.6317E-01 0.0000E+00 0.7841E-02 0.1501E-01  0  0  0 0.4912E-01 0.0000E+00
   4.730 2.3695 35.206 0.9256 4.1000 0.1278E-01 0.6094E-01 0.5425E-01 0.0000E+00 0.6688E-02 0.1278E-01  0  0  0 0.4209E-01 0.0000E+00
   4.730 2.3162 36.068 0.9272 4.2000 0.1090E-01 0.5232E-01 0.4660E-01 0.0000E+00 0.5716E-02 0.1090E-01  0  0  0 0.3603E-01 0.0000E+00
   4.730 2.2629 36.953 0.9288 4.3000 0.9317E-02 0.4519E-01 0.4030E-01 0.0000E+00 0.4894E-02 0.9317E-02  0  0  0 0.3112E-01 0.0000E+00
   4.730 2.2096 37.861 0.9303 4.4000 0.7975E-02 0.3904E-01 0.3484E-01 0.0000E+00 0.4196E-02 0.7975E-02  0  0  0 0.2684E-01 0.0000E+00
   4.730 2.1563 38.795 0.9317 4.5000 0.6837E-02 0.3380E-01 0.3019E-01 0.0000E+00 0.3604E-02 0.6837E-02  0  0  0 0.2319E-01 0.0000E+00
   4.730 2.1030 39.756 0.9331 4.6000 0.5869E-02 0.2932E-01 0.2622E-01 0.0000E+00 0.3099E-02 0.5869E-02  0  0  0 0.2008E-01 0.0000E+00
   4.730 2.0497 40.746 0.9344 4.7000 0.5045E-02 0.2547E-01 0.2281E-01 0.0000E+00 0.2669E-02 0.5045E-02  0  0  0 0.1741E-01 0.0000E+00
   4.730 1.9964 41.768 0.9357 4.8000 0.4341E-02 0.2218E-01 0.1988E-01 0.0000E+00 0.2301E-02 0.4341E-02  0  0  0 0.1512E-01 0.0000E+00
   4.730 1.9431 42.825 0.9370 4.9000 0.3739E-02 0.1934E-01 0.1735E-01 0.0000E+00 0.1985E-02 0.3739E-02  0  0  0 0.1316E-01 0.0000E+00
   4.730 1.8899 43.919 0.9381 5.0000 0.3224E-02 0.1689E-01 0.1518E-01 0.0000E+00 0.1714E-02 0.3224E-02  0  0  0 0.1146E-01 0.0000E+00
   4.730 2.5666 31.146 0.8621 3.5000 0.6986E+00 0.5050E+00 0.8705E-01 0.0000E+00 0.4180E+00 0.6986E+00  0  0  0 0.6101E+00 0.0000E+00
   4.730 2.5133 31.942 0.8654 3.6000 0.5872E+00 0.4252E+00 0.7388E-01 0.0000E+00 0.3514E+00 0.5872E+00  0  0  0 0.5135E+00 0.0000E+00
   4.730 2.4601 32.753 0.8686 3.7000 0.4948E+00 0.3590E+00 0.6289E-01 0.0000E+00 0.2962E+00 0.4948E+00  0  0  0 0.4334E+00 0.0000E+00
   4.730 2.4068 33.582 0.8716 3.8000 0.4180E+00 0.3039E+00 0.5370E-01 0.0000E+00 0.2502E+00 0.4180E+00  0  0  0 0.3667E+00 0.0000E+00
   4.730 2.3535 34.429 0.8745 3.9000 0.3539E+00 0.2579E+00 0.4598E-01 0.0000E+00 0.2119E+00 0.3539E+00  0  0  0 0.3110E+00 0.0000E+00
   4.730 2.3002 35.296 0.8773 4.0000 0.3003E+00 0.2193E+00 0.3948E-01 0.0000E+00 0.1798E+00 0.3003E+00  0  0  0 0.2644E+00 0.0000E+00
   4.730 2.2469 36.186 0.8799 4.1000 0.2553E+00 0.1868E+00 0.3399E-01 0.0000E+00 0.1528E+00 0.2553E+00  0  0  0 0.2251E+00 0.0000E+00
   4.730 2.1936 37.098 0.8824 4.2000 0.2174E+00 0.1595E+00 0.2933E-01 0.0000E+00 0.1302E+00 0.2174E+00  0  0  0 0.1921E+00 0.0000E+00
   4.730 2.1403 38.036 0.8848 4.3000 0.1854E+00 0.1364E+00 0.2537E-01 0.0000E+00 0.1110E+00 0.1854E+00  0  0  0 0.1642E+00 0.0000E+00
   4.730 2.0870 39.001 0.8871 4.4000 0.1584E+00 0.1168E+00 0.2200E-01 0.0000E+00 0.9482E-01 0.1584E+00  0  0  0 0.1406E+00 0.0000E+00
   4.730 2.0337 39.995 0.8894 4.5000 0.1355E+00 0.1002E+00 0.1912E-01 0.0000E+00 0.8110E-01 0.1355E+00  0  0  0 0.1206E+00 0.0000E+00
   4.730 1.9805 41.021 0.8915 4.6000 0.1161E+00 0.8607E-01 0.1665E-01 0.0000E+00 0.6943E-01 0.1161E+00  0  0  0 0.1035E+00 0.0000E+00
   4.730 1.9272 42.081 0.8936 4.7000 0.9953E-01 0.7403E-01 0.1453E-01 0.0000E+00 0.5951E-01 0.9953E-01  0  0  0 0.8900E-01 0.0000E+00
   4.730 1.8739 43.179 0.8956 4.8000 0.8544E-01 0.6375E-01 0.1270E-01 0.0000E+00 0.5105E-01 0.8544E-01  0  0  0 0.7661E-01 0.0000E+00
   4.730 1.8206 44.317 0.8975 4.9000 0.7341E-01 0.5496E-01 0.1113E-01 0.0000E+00 0.4383E-01 0.7341E-01  0  0  0 0.6601E-01 0.0000E+00
   4.730 1.7673 45.498 0.8993 5.0000 0.6312E-01 0.4742E-01 0.9771E-02 0.0000E+00 0.3764E-01 0.6312E-01  0  0  0 0.5694E-01 0.0000E+00
   4.730 2.4334 32.010 0.8121 3.5000 0.6142E+00 0.5227E+00 0.6356E-01 0.0000E+00 0.4592E+00 0.6142E+00  0  0  0 0.5851E+00 0.0000E+00
   4.730 2.3801 32.848 0.8164 3.6000 0.5226E+00 0.4441E+00 0.5411E-01 0.0000E+00 0.3900E+00 0.5226E+00  0  0  0 0.4977E+00 0.0000E+00
   4.730 2.3268 33.705 0.8205 3.7000 0.4458E+00 0.3782E+00 0.4622E-01 0.0000E+00 0.3320E+00 0.4458E+00  0  0  0 0.4244E+00 0.0000E+00
   4.730 2.2735 34.582 0.8244 3.8000 0.3811E+00 0.3228E+00 0.3960E-01 0.0000E+00 0.2832E+00 0.3811E+00  0  0  0 0.3627E+00 0.0000E+00
   4.730 2.2202 35.480 0.8281 3.9000 0.3265E+00 0.2762E+00 0.3402E-01 0.0000E+00 0.2422E+00 0.3265E+00  0  0  0 0.3107E+00 0.0000E+00
   4.730 2.1670 36.402 0.8317 4.0000 0.2803E+00 0.2368E+00 0.2932E-01 0.0000E+00 0.2075E+00 0.2803E+00  0  0  0 0.2667E+00 0.0000E+00
   4.730 2.1137 37.349 0.8351 4.1000 0.2410E+00 0.2034E+00 0.2534E-01 0.0000E+00 0.1781E+00 0.2410E+00  0  0  0 0.2293E+00 0.0000E+00
   4.730 2.0604 38.324 0.8384 4.2000 0.2076E+00 0.1750E+00 0.2196E-01 0.0000E+00 0.1531E+00 0.2076E+00  0  0  0 0.1976E+00 0.0000E+00
   4.730 2.0071 39.328 0.8415 4.3000 0.1791E+00 0.1508E+00 0.1907E-01 0.0000E+00 0.1318E+00 0.1791E+00  0  0  0 0.1705E+00 0.0000E+00
   4.730 1.9538 40.364 0.8446 4.4000 0.1547E+00 0.1302E+00 0.1661E-01 0.0000E+00 0.1136E+00 0.1547E+00  0  0  0 0.1473E+00 0.0000E+00
   4.730 1.9005 41.435 0.8475 4.5000 0.1338E+00 0.1126E+00 0.1450E-01 0.0000E+00 0.9806E-01 0.1338E+00  0  0  0 0.1275E+00 0.0000E+00
   4.730 1.8472 42.544 0.8503 4.6000 0.1159E+00 0.9740E-01 0.1267E-01 0.0000E+00 0.8473E-01 0.1159E+00  0  0  0 0.1105E+00 0.0000E+00
   4.730 1.7939 43.693 0.8530 4.7000 0.1005E+00 0.8439E-01 0.1111E-01 0.0000E+00 0.7328E-01 0.1005E+00  0  0  0 0.9587E-01 0.0000E+00
   4.730 1.7406 44.887 0.8557 4.8000 0.8721E-01 0.7320E-01 0.9772E-02 0.0000E+00 0.6343E-01 0.8721E-01  0  0  0 0.8327E-01 0.0000E+00
   4.730 1.6874 46.130 0.8582 4.9000 0.7574E-01 0.6355E-01 0.8610E-02 0.0000E+00 0.5494E-01 0.7574E-01  0  0  0 0.7240E-01 0.0000E+00
   4.730 1.6341 47.426 0.8606 5.0000 0.6583E-01 0.5521E-01 0.7604E-02 0.0000E+00 0.4760E-01 0.6583E-01  0  0  0 0.6300E-01 0.0000E+00
   4.730 2.2895 33.028 0.7642 3.5000 0.7543E+00 0.6265E+00 0.5146E-01 0.0000E+00 0.5751E+00 0.7543E+00  0  0  0 0.7093E+00 0.0000E+00
   4.730 2.2362 33.919 0.7693 3.6000 0.6459E+00 0.5358E+00 0.4401E-01 0.0000E+00 0.4918E+00 0.6459E+00  0  0  0 0.6073E+00 0.0000E+00
   4.730 2.1830 34.832 0.7741 3.7000 0.5542E+00 0.4592E+00 0.3777E-01 0.0000E+00 0.4214E+00 0.5542E+00  0  0  0 0.5211E+00 0.0000E+00
   4.730 2.1297 35.769 0.7787 3.8000 0.4765E+00 0.3944E+00 0.3248E-01 0.0000E+00 0.3619E+00 0.4765E+00  0  0  0 0.4480E+00 0.0000E+00
   4.730 2.0764 36.731 0.7832 3.9000 0.4104E+00 0.3394E+00 0.2805E-01 0.0000E+00 0.3113E+00 0.4104E+00  0  0  0 0.3859E+00 0.0000E+00
   4.730 2.0231 37.721 0.7875 4.0000 0.3541E+00 0.2926E+00 0.2431E-01 0.0000E+00 0.2683E+00 0.3541E+00  0  0  0 0.3331E+00 0.0000E+00
   4.730 1.9698 38.742 0.7916 4.1000 0.3059E+00 0.2527E+00 0.2112E-01 0.0000E+00 0.2315E+00 0.3059E+00  0  0  0 0.2879E+00 0.0000E+00
   4.730 1.9165 39.795 0.7955 4.2000 0.2647E+00 0.2185E+00 0.1841E-01 0.0000E+00 0.2001E+00 0.2647E+00  0  0  0 0.2493E+00 0.0000E+00
   4.730 1.8632 40.884 0.7993 4.3000 0.2294E+00 0.1893E+00 0.1609E-01 0.0000E+00 0.1732E+00 0.2294E+00  0  0  0 0.2162E+00 0.0000E+00
   4.730 1.8099 42.011 0.8030 4.4000 0.1990E+00 0.1641E+00 0.1410E-01 0.0000E+00 0.1500E+00 0.1990E+00  0  0  0 0.1877E+00 0.0000E+00
   4.730 1.7566 43.180 0.8065 4.5000 0.1728E+00 0.1425E+00 0.1239E-01 0.0000E+00 0.1301E+00 0.1728E+00  0  0  0 0.1631E+00 0.0000E+00
   4.730 1.7033 44.396 0.8099 4.6000 0.1502E+00 0.1238E+00 0.1092E-01 0.0000E+00 0.1129E+00 0.1502E+00  0  0  0 0.1419E+00 0.0000E+00
   4.730 1.6501 45.661 0.8132 4.7000 0.1306E+00 0.1077E+00 0.9653E-02 0.0000E+00 0.9805E-01 0.1306E+00  0  0  0 0.1236E+00 0.0000E+00
   4.730 1.5968 46.982 0.8164 4.8000 0.1137E+00 0.9375E-01 0.8554E-02 0.0000E+00 0.8519E-01 0.1137E+00  0  0  0 0.1078E+00 0.0000E+00
   4.730 1.5435 48.363 0.8194 4.9000 0.9906E-01 0.8165E-01 0.7600E-02 0.0000E+00 0.7405E-01 0.9906E-01  0  0  0 0.9403E-01 0.0000E+00
   4.730 1.4902 49.811 0.8224 5.0000 0.8633E-01 0.7114E-01 0.6772E-02 0.0000E+00 0.6437E-01 0.8633E-01  0  0  0 0.8208E-01 0.0000E+00
   4.730 2.1350 34.238 0.7187 3.5000 0.1339E+01 0.1018E+01 0.4516E-01 0.0000E+00 0.9728E+00 0.1339E+01  0  0  0 0.1203E+01 0.0000E+00
   4.730 2.0817 35.195 0.7244 3.6000 0.1143E+01 0.8691E+00 0.3886E-01 0.0000E+00 0.8303E+00 0.1143E+01  0  0  0 0.1028E+01 0.0000E+00
   4.730 2.0284 36.179 0.7298 3.7000 0.9768E+00 0.7435E+00 0.3356E-01 0.0000E+00 0.7100E+00 0.9768E+00  0  0  0 0.8796E+00 0.0000E+00
   4.730 1.9751 37.191 0.7351 3.8000 0.8365E+00 0.6372E+00 0.2909E-01 0.0000E+00 0.6081E+00 0.8365E+00  0  0  0 0.7541E+00 0.0000E+00
   4.730 1.9218 38.235 0.7401 3.9000 0.7175E+00 0.5470E+00 0.2530E-01 0.0000E+00 0.5217E+00 0.7175E+00  0  0  0 0.6476E+00 0.0000E+00
   4.730 1.8685 39.312 0.7449 4.0000 0.6163E+00 0.4702E+00 0.2208E-01 0.0000E+00 0.4482E+00 0.6163E+00  0  0  0 0.5570E+00 0.0000E+00
   4.730 1.8153 40.426 0.7496 4.1000 0.5301E+00 0.4048E+00 0.1933E-01 0.0000E+00 0.3855E+00 0.5301E+00  0  0  0 0.4798E+00 0.0000E+00
   4.730 1.7620 41.581 0.7541 4.2000 0.4564E+00 0.3490E+00 0.1698E-01 0.0000E+00 0.3320E+00 0.4564E+00  0  0  0 0.4138E+00 0.0000E+00
   4.730 1.7087 42.779 0.7584 4.3000 0.3935E+00 0.3011E+00 0.1496E-01 0.0000E+00 0.2862E+00 0.3935E+00  0  0  0 0.3573E+00 0.0000E+00
   4.730 1.6554 44.026 0.7626 4.4000 0.3395E+00 0.2601E+00 0.1323E-01 0.0000E+00 0.2469E+00 0.3395E+00  0  0  0 0.3089E+00 0.0000E+00
   4.730 1.6021 45.325 0.7666 4.5000 0.2932E+00 0.2249E+00 0.1173E-01 0.0000E+00 0.2132E+00 0.2932E+00  0  0  0 0.2673E+00 0.0000E+00
   4.730 1.5488 46.682 0.7706 4.6000 0.2534E+00 0.1946E+00 0.1044E-01 0.0000E+00 0.1841E+00 0.2534E+00  0  0  0 0.2315E+00 0.0000E+00
   4.730 1.4955 48.104 0.7743 4.7000 0.2191E+00 0.1684E+00 0.9316E-02 0.0000E+00 0.1591E+00 0.2191E+00  0  0  0 0.2006E+00 0.0000E+00
   4.730 1.4422 49.595 0.7780 4.8000 0.1896E+00 0.1458E+00 0.8344E-02 0.0000E+00 0.1375E+00 0.1896E+00  0  0  0 0.1740E+00 0.0000E+00
   4.730 1.3889 51.166 0.7815 4.9000 0.1641E+00 0.1263E+00 0.7498E-02 0.0000E+00 0.1188E+00 0.1641E+00  0  0  0 0.1510E+00 0.0000E+00
   4.730 1.3356 52.823 0.7850 5.0000 0.1420E+00 0.1094E+00 0.6760E-02 0.0000E+00 0.1026E+00 0.1420E+00  0  0  0 0.1311E+00 0.0000E+00
   4.730 1.9698 35.691 0.6757 3.5000 0.9772E+00 0.8742E+00 0.4262E-01 0.0000E+00 0.8315E+00 0.9772E+00  0  0  0 0.9570E+00 0.0000E+00
   4.730 1.9165 36.733 0.6819 3.6000 0.8387E+00 0.7500E+00 0.3696E-01 0.0000E+00 0.7130E+00 0.8387E+00  0  0  0 0.8217E+00 0.0000E+00
   4.730 1.8632 37.807 0.6878 3.7000 0.7211E+00 0.6446E+00 0.3218E-01 0.0000E+00 0.6124E+00 0.7211E+00  0  0  0 0.7068E+00 0.0000E+00
   4.730 1.8099 38.917 0.6935 3.8000 0.6209E+00 0.5549E+00 0.2813E-01 0.0000E+00 0.5268E+00 0.6209E+00  0  0  0 0.6090E+00 0.0000E+00
   4.730 1.7566 40.065 0.6990 3.9000 0.5354E+00 0.4785E+00 0.2467E-01 0.0000E+00 0.4538E+00 0.5354E+00  0  0  0 0.5255E+00 0.0000E+00
   4.730 1.7033 41.257 0.7043 4.0000 0.4622E+00 0.4132E+00 0.2173E-01 0.0000E+00 0.3914E+00 0.4622E+00  0  0  0 0.4541E+00 0.0000E+00
   4.730 1.6501 42.495 0.7094 4.1000 0.3994E+00 0.3572E+00 0.1920E-01 0.0000E+00 0.3380E+00 0.3994E+00  0  0  0 0.3929E+00 0.0000E+00
   4.730 1.5968 43.784 0.7143 4.2000 0.3455E+00 0.3091E+00 0.1703E-01 0.0000E+00 0.2921E+00 0.3455E+00  0  0  0 0.3403E+00 0.0000E+00
   4.730 1.5435 45.130 0.7191 4.3000 0.2991E+00 0.2678E+00 0.1517E-01 0.0000E+00 0.2526E+00 0.2991E+00  0  0  0 0.2951E+00 0.0000E+00
   4.730 1.4902 46.538 0.7237 4.4000 0.2592E+00 0.2321E+00 0.1356E-01 0.0000E+00 0.2186E+00 0.2592E+00  0  0  0 0.2560E+00 0.0000E+00
   4.730 1.4369 48.014 0.7282 4.5000 0.2246E+00 0.2014E+00 0.1216E-01 0.0000E+00 0.1892E+00 0.2246E+00  0  0  0 0.2224E+00 0.0000E+00
   4.730 1.3836 49.567 0.7325 4.6000 0.1948E+00 0.1748E+00 0.1095E-01 0.0000E+00 0.1638E+00 0.1948E+00  0  0  0 0.1932E+00 0.0000E+00
   4.730 1.3303 51.205 0.7367 4.7000 0.1689E+00 0.1517E+00 0.9904E-02 0.0000E+00 0.1418E+00 0.1689E+00  0  0  0 0.1680E+00 0.0000E+00
   4.730 1.2770 52.939 0.7408 4.8000 0.1465E+00 0.1317E+00 0.8990E-02 0.0000E+00 0.1227E+00 0.1465E+00  0  0  0 0.1461E+00 0.0000E+00
   4.730 1.2237 54.779 0.7447 4.9000 0.1270E+00 0.1143E+00 0.8196E-02 0.0000E+00 0.1061E+00 0.1270E+00  0  0  0 0.1270E+00 0.0000E+00
   4.730 1.1704 56.741 0.7485 5.0000 0.1101E+00 0.9919E-01 0.7503E-02 0.0000E+00 0.9169E-01 0.1101E+00  0  0  0 0.1105E+00 0.0000E+00
   4.730 1.7939 37.462 0.6352 3.5000 0.1327E+01 0.1119E+01 0.4294E-01 0.0000E+00 0.1076E+01 0.1327E+01  0  0  0 0.1260E+01 0.0000E+00
   4.730 1.7406 38.613 0.6417 3.6000 0.1139E+01 0.9603E+00 0.3759E-01 0.0000E+00 0.9227E+00 0.1139E+01  0  0  0 0.1082E+01 0.0000E+00
   4.730 1.6874 39.807 0.6480 3.7000 0.9784E+00 0.8254E+00 0.3304E-01 0.0000E+00 0.7924E+00 0.9784E+00  0  0  0 0.9304E+00 0.0000E+00
   4.730 1.6341 41.047 0.6541 3.8000 0.8416E+00 0.7104E+00 0.2917E-01 0.0000E+00 0.6813E+00 0.8416E+00  0  0  0 0.8013E+00 0.0000E+00
   4.730 1.5808 42.337 0.6599 3.9000 0.7247E+00 0.6122E+00 0.2586E-01 0.0000E+00 0.5863E+00 0.7247E+00  0  0  0 0.6910E+00 0.0000E+00
   4.730 1.5275 43.682 0.6656 4.0000 0.6246E+00 0.5280E+00 0.2302E-01 0.0000E+00 0.5050E+00 0.6246E+00  0  0  0 0.5964E+00 0.0000E+00
   4.730 1.4742 45.089 0.6711 4.1000 0.5386E+00 0.4558E+00 0.2058E-01 0.0000E+00 0.4352E+00 0.5386E+00  0  0  0 0.5153E+00 0.0000E+00
   4.730 1.4209 46.564 0.6764 4.2000 0.4648E+00 0.3938E+00 0.1848E-01 0.0000E+00 0.3753E+00 0.4648E+00  0  0  0 0.4455E+00 0.0000E+00
   4.730 1.3676 48.115 0.6815 4.3000 0.4012E+00 0.3403E+00 0.1667E-01 0.0000E+00 0.3236E+00 0.4012E+00  0  0  0 0.3854E+00 0.0000E+00
   4.730 1.3143 49.750 0.6865 4.4000 0.3463E+00 0.2941E+00 0.1510E-01 0.0000E+00 0.2790E+00 0.3463E+00  0  0  0 0.3335E+00 0.0000E+00
   4.730 1.2610 51.481 0.6913 4.5000 0.2990E+00 0.2542E+00 0.1373E-01 0.0000E+00 0.2405E+00 0.2990E+00  0  0  0 0.2887E+00 0.0000E+00
   4.730 1.2077 53.317 0.6959 4.6000 0.2580E+00 0.2197E+00 0.1256E-01 0.0000E+00 0.2072E+00 0.2580E+00  0  0  0 0.2500E+00 0.0000E+00
   4.730 1.1545 55.275 0.7005 4.7000 0.2226E+00 0.1897E+00 0.1149E-01 0.0000E+00 0.1782E+00 0.2226E+00  0  0  0 0.2164E+00 0.0000E+00
   4.730 1.1012 57.370 0.7049 4.8000 0.1919E+00 0.1638E+00 0.1065E-01 0.0000E+00 0.1531E+00 0.1919E+00  0  0  0 0.1873E+00 0.0000E+00
   4.730 1.0479 59.623 0.7091 4.9000 0.1653E+00 0.1411E+00 0.9890E-02 0.0000E+00 0.1312E+00 0.1653E+00  0  0  0 0.1620E+00 0.0000E+00
   4.730 0.9946 62.058 0.7133 5.0000 0.1422E+00 0.1214E+00 0.9231E-02 0.0000E+00 0.1121E+00 0.1422E+00  0  0  0 0.1401E+00 0.0000E+00
   4.730 1.6074 39.661 0.5973 3.5000 0.1027E+01 0.9773E+00 0.4596E-01 0.0000E+00 0.9313E+00 0.1027E+01  0  0  0 0.1041E+01 0.0000E+00
   4.730 1.5541 40.963 0.6041 3.6000 0.8830E+00 0.8407E+00 0.4068E-01 0.0000E+00 0.8000E+00 0.8830E+00  0  0  0 0.8956E+00 0.0000E+00
   4.730 1.5008 42.320 0.6106 3.7000 0.7599E+00 0.7242E+00 0.3617E-01 0.0000E+00 0.6880E+00 0.7599E+00  0  0  0 0.7719E+00 0.0000E+00
   4.730 1.4476 43.739 0.6169 3.8000 0.6546E+00 0.6246E+00 0.3231E-01 0.0000E+00 0.5923E+00 0.6546E+00  0  0  0 0.6660E+00 0.0000E+00
   4.730 1.3943 45.226 0.6230 3.9000 0.5644E+00 0.5393E+00 0.2900E-01 0.0000E+00 0.5103E+00 0.5644E+00  0  0  0 0.5753E+00 0.0000E+00
   4.730 1.3410 46.789 0.6290 4.0000 0.4869E+00 0.4660E+00 0.2616E-01 0.0000E+00 0.4398E+00 0.4869E+00  0  0  0 0.4974E+00 0.0000E+00
   4.730 1.2877 48.439 0.6347 4.1000 0.4202E+00 0.4030E+00 0.2372E-01 0.0000E+00 0.3793E+00 0.4202E+00  0  0  0 0.4303E+00 0.0000E+00
   4.730 1.2344 50.184 0.6403 4.2000 0.3628E+00 0.3486E+00 0.2161E-01 0.0000E+00 0.3270E+00 0.3628E+00  0  0  0 0.3725E+00 0.0000E+00
   4.730 1.1811 52.037 0.6457 4.3000 0.3132E+00 0.3017E+00 0.1979E-01 0.0000E+00 0.2819E+00 0.3132E+00  0  0  0 0.3226E+00 0.0000E+00
   4.730 1.1278 54.014 0.6509 4.4000 0.2703E+00 0.2611E+00 0.1822E-01 0.0000E+00 0.2428E+00 0.2703E+00  0  0  0 0.2795E+00 0.0000E+00
   4.730 1.0745 56.131 0.6560 4.5000 0.2332E+00 0.2258E+00 0.1687E-01 0.0000E+00 0.2089E+00 0.2332E+00  0  0  0 0.2421E+00 0.0000E+00
   4.730 1.0212 58.409 0.6609 4.6000 0.2010E+00 0.1952E+00 0.1572E-01 0.0000E+00 0.1795E+00 0.2010E+00  0  0  0 0.2097E+00 0.0000E+00
   4.730 0.9679 60.875 0.6657 4.7000 0.1731E+00 0.1685E+00 0.1473E-01 0.0000E+00 0.1538E+00 0.1731E+00  0  0  0 0.1815E+00 0.0000E+00
   4.730 0.9147 63.560 0.6704 4.8000 0.1489E+00 0.1452E+00 0.1391E-01 0.0000E+00 0.1313E+00 0.1489E+00  0  0  0 0.1571E+00 0.0000E+00
   4.730 0.8614 66.505 0.6750 4.9000 0.1278E+00 0.1247E+00 0.1320E-01 0.0000E+00 0.1115E+00 0.1278E+00  0  0  0 0.1358E+00 0.0000E+00
   4.730 0.8081 69.762 0.6794 5.0000 0.1094E+00 0.1065E+00 0.1262E-01 0.0000E+00 0.9388E-01 0.1094E+00  0  0  0 0.1173E+00 0.0000E+00
   4.730 1.4102 42.468 0.5618 3.5000 0.9698E+00 0.9474E+00 0.5210E-01 0.0000E+00 0.8953E+00 0.9698E+00  0  0  0 0.9971E+00 0.0000E+00
   4.730 1.3570 43.982 0.5687 3.6000 0.8329E+00 0.8152E+00 0.4671E-01 0.0000E+00 0.7685E+00 0.8329E+00  0  0  0 0.8581E+00 0.0000E+00
   4.730 1.3037 45.574 0.5755 3.7000 0.7159E+00 0.7023E+00 0.4210E-01 0.0000E+00 0.6602E+00 0.7159E+00  0  0  0 0.7393E+00 0.0000E+00
   4.730 1.2504 47.254 0.5820 3.8000 0.6156E+00 0.6056E+00 0.3815E-01 0.0000E+00 0.5674E+00 0.6156E+00  0  0  0 0.6375E+00 0.0000E+00
   4.730 1.1971 49.034 0.5883 3.9000 0.5296E+00 0.5226E+00 0.3477E-01 0.0000E+00 0.4878E+00 0.5296E+00  0  0  0 0.5501E+00 0.0000E+00
   4.730 1.1438 50.926 0.5944 4.0000 0.4556E+00 0.4512E+00 0.3188E-01 0.0000E+00 0.4193E+00 0.4556E+00  0  0  0 0.4750E+00 0.0000E+00
   4.730 1.0905 52.946 0.6003 4.1000 0.3919E+00 0.3896E+00 0.2939E-01 0.0000E+00 0.3602E+00 0.3919E+00  0  0  0 0.4103E+00 0.0000E+00
   4.730 1.0372 55.113 0.6061 4.2000 0.3370E+00 0.3365E+00 0.2727E-01 0.0000E+00 0.3092E+00 0.3370E+00  0  0  0 0.3544E+00 0.0000E+00
   4.730 0.9839 57.450 0.6117 4.3000 0.2895E+00 0.2904E+00 0.2546E-01 0.0000E+00 0.2650E+00 0.2895E+00  0  0  0 0.3062E+00 0.0000E+00
   4.730 0.9306 59.986 0.6171 4.4000 0.2484E+00 0.2505E+00 0.2395E-01 0.0000E+00 0.2266E+00 0.2484E+00  0  0  0 0.2644E+00 0.0000E+00
   4.730 0.8773 62.754 0.6224 4.5000 0.2129E+00 0.2157E+00 0.2266E-01 0.0000E+00 0.1930E+00 0.2129E+00  0  0  0 0.2282E+00 0.0000E+00
   4.730 0.8241 65.800 0.6276 4.6000 0.1820E+00 0.1852E+00 0.2160E-01 0.0000E+00 0.1636E+00 0.1820E+00  0  0  0 0.1968E+00 0.0000E+00
   4.730 0.7708 69.181 0.6326 4.7000 0.1553E+00 0.1583E+00 0.2073E-01 0.0000E+00 0.1376E+00 0.1553E+00  0  0  0 0.1696E+00 0.0000E+00
   4.730 0.7175 72.974 0.6375 4.8000 0.1320E+00 0.1339E+00 0.2001E-01 0.0000E+00 0.1139E+00 0.1320E+00  0  0  0 0.1460E+00 0.0000E+00
   4.730 0.6642 77.282 0.6422 4.9000 0.1118E+00 0.1107E+00 0.1935E-01 0.0000E+00 0.9133E-01 0.1118E+00  0  0  0 0.1255E+00 0.0000E+00
   4.730 0.6109 82.252 0.6468 5.0000 0.9421E-01 0.8433E-01 0.1829E-01 0.0000E+00 0.6604E-01 0.9421E-01  0  0  0 0.1077E+00 0.0000E+00
   4.730 1.2024 46.187 0.5287 3.5000 0.8606E+00 0.8857E+00 0.6258E-01 0.0000E+00 0.8231E+00 0.8606E+00  0  0  0 0.9112E+00 0.0000E+00
   4.730 1.1491 48.023 0.5357 3.6000 0.7377E+00 0.7621E+00 0.5701E-01 0.0000E+00 0.7051E+00 0.7377E+00  0  0  0 0.7837E+00 0.0000E+00
   4.730 1.0958 49.978 0.5425 3.7000 0.6323E+00 0.6562E+00 0.5223E-01 0.0000E+00 0.6040E+00 0.6323E+00  0  0  0 0.6744E+00 0.0000E+00
   4.730 1.0425 52.070 0.5492 3.8000 0.5419E+00 0.5654E+00 0.4820E-01 0.0000E+00 0.5172E+00 0.5419E+00  0  0  0 0.5807E+00 0.0000E+00
   4.730 0.9893 54.320 0.5556 3.9000 0.4641E+00 0.4872E+00 0.4473E-01 0.0000E+00 0.4425E+00 0.4641E+00  0  0  0 0.5000E+00 0.0000E+00
   4.730 0.9360 56.754 0.5618 4.0000 0.3971E+00 0.4197E+00 0.4181E-01 0.0000E+00 0.3779E+00 0.3971E+00  0  0  0 0.4305E+00 0.0000E+00
   4.730 0.8827 59.403 0.5679 4.1000 0.3393E+00 0.3614E+00 0.3936E-01 0.0000E+00 0.3221E+00 0.3393E+00  0  0  0 0.3706E+00 0.0000E+00
   4.730 0.8294 62.309 0.5738 4.2000 0.2894E+00 0.3108E+00 0.3734E-01 0.0000E+00 0.2735E+00 0.2894E+00  0  0  0 0.3188E+00 0.0000E+00
   4.730 0.7761 65.523 0.5795 4.3000 0.2463E+00 0.2667E+00 0.3569E-01 0.0000E+00 0.2310E+00 0.2463E+00  0  0  0 0.2741E+00 0.0000E+00
   4.730 0.7228 69.114 0.5851 4.4000 0.2090E+00 0.2278E+00 0.3439E-01 0.0000E+00 0.1935E+00 0.2090E+00  0  0  0 0.2354E+00 0.0000E+00
   4.730 0.6695 73.171 0.5906 4.5000 0.1766E+00 0.1928E+00 0.3335E-01 0.0000E+00 0.1594E+00 0.1766E+00  0  0  0 0.2020E+00 0.0000E+00
   4.730 0.6162 77.824 0.5959 4.6000 0.1486E+00 0.1590E+00 0.3237E-01 0.0000E+00 0.1266E+00 0.1486E+00  0  0  0 0.1730E+00 0.0000E+00
   4.730 0.5629 83.255 0.6010 4.7000 0.1242E+00 0.1181E+00 0.3045E-01 0.0000E+00 0.8769E-01 0.1242E+00  0  0  0 0.1480E+00 0.0000E+00
   4.730 0.5096 89.747 0.6061 4.8000 0.1031E+00 0.1500E+00 0.2075E-02 0.0000E+00 0.9291E-02 0.1031E+00  0  0  0 0.1264E+00 0.0000E+00
   4.730 0.4564 97.758 0.6110 4.9000 0.8475E-01 0.1735E+00 0.3836E-01 0.0000E+00 0.1352E+00 0.8475E-01  0  0  0 0.1078E+00 0.0000E+00
   4.730 0.4031108.136 0.6158 5.0000 0.6882E-01 0.1317E+00 0.3950E-01 0.0000E+00 0.9218E-01 0.6882E-01  0  0  0 0.9194E-01 0.0000E+00
