1.5,2.6,1.9,2.7
   4.730 2.9876 21.129 0.5811 1.9000 0.2505E+02 0.1935E+02 0.9553E+00 0.0000E+00 0.1839E+02 0.2505E+02  0  0  0 0.2254E+02 0.0000E+00
   4.730 2.9343 21.882 0.5935 2.0000 0.2022E+02 0.1556E+02 0.7525E+00 0.0000E+00 0.1481E+02 0.2022E+02  0  0  0 0.1817E+02 0.0000E+00
   4.730 2.8810 22.639 0.6052 2.1000 0.1641E+02 0.1260E+02 0.5978E+00 0.0000E+00 0.1200E+02 0.1641E+02  0  0  0 0.1473E+02 0.0000E+00
   4.730 2.8277 23.399 0.6163 2.2000 0.1339E+02 0.1026E+02 0.4787E+00 0.0000E+00 0.9777E+01 0.1339E+02  0  0  0 0.1201E+02 0.0000E+00
   4.730 2.7745 24.165 0.6268 2.3000 0.1098E+02 0.8392E+01 0.3858E+00 0.0000E+00 0.8007E+01 0.1098E+02  0  0  0 0.9839E+01 0.0000E+00
   4.730 2.7212 24.938 0.6367 2.4000 0.9041E+01 0.6901E+01 0.3133E+00 0.0000E+00 0.6588E+01 0.9041E+01  0  0  0 0.8100E+01 0.0000E+00
   4.730 2.6679 25.718 0.6460 2.5000 0.7479E+01 0.5701E+01 0.2561E+00 0.0000E+00 0.5445E+01 0.7479E+01  0  0  0 0.6698E+01 0.0000E+00
   4.730 2.6146 26.507 0.6550 2.6000 0.6210E+01 0.4729E+01 0.2105E+00 0.0000E+00 0.4518E+01 0.6210E+01  0  0  0 0.5561E+01 0.0000E+00
   4.730 2.5613 27.306 0.6634 2.7000 0.5176E+01 0.3938E+01 0.1741E+00 0.0000E+00 0.3763E+01 0.5176E+01  0  0  0 0.4634E+01 0.0000E+00
   4.730 2.8224 21.745 0.5308 1.9000 0.1648E+02 0.1523E+02 0.8160E+00 0.0000E+00 0.1442E+02 0.1648E+02  0  0  0 0.1631E+02 0.0000E+00
   4.730 2.7691 22.534 0.5435 2.0000 0.1339E+02 0.1233E+02 0.6462E+00 0.0000E+00 0.1168E+02 0.1339E+02  0  0  0 0.1323E+02 0.0000E+00
   4.730 2.7158 23.327 0.5556 2.1000 0.1094E+02 0.1004E+02 0.5163E+00 0.0000E+00 0.9520E+01 0.1094E+02  0  0  0 0.1079E+02 0.0000E+00
   4.730 2.6625 24.125 0.5671 2.2000 0.8988E+01 0.8218E+01 0.4156E+00 0.0000E+00 0.7802E+01 0.8988E+01  0  0  0 0.8855E+01 0.0000E+00
   4.730 2.6093 24.930 0.5779 2.3000 0.7420E+01 0.6763E+01 0.3371E+00 0.0000E+00 0.6426E+01 0.7420E+01  0  0  0 0.7301E+01 0.0000E+00
   4.730 2.5560 25.744 0.5883 2.4000 0.6153E+01 0.5593E+01 0.2754E+00 0.0000E+00 0.5318E+01 0.6153E+01  0  0  0 0.6047E+01 0.0000E+00
   4.730 2.5027 26.568 0.5981 2.5000 0.5124E+01 0.4646E+01 0.2264E+00 0.0000E+00 0.4420E+01 0.5124E+01  0  0  0 0.5031E+01 0.0000E+00
   4.730 2.4494 27.403 0.6075 2.6000 0.4283E+01 0.3875E+01 0.1872E+00 0.0000E+00 0.3688E+01 0.4283E+01  0  0  0 0.4202E+01 0.0000E+00
   4.730 2.3961 28.251 0.6165 2.7000 0.3593E+01 0.3245E+01 0.1558E+00 0.0000E+00 0.3089E+01 0.3593E+01  0  0  0 0.3523E+01 0.0000E+00
   4.730 2.6466 22.465 0.4860 1.9000 0.2181E+02 0.1872E+02 0.7288E+00 0.0000E+00 0.1799E+02 0.2181E+02  0  0  0 0.2073E+02 0.0000E+00
   4.730 2.5933 23.296 0.4988 2.0000 0.1779E+02 0.1522E+02 0.5809E+00 0.0000E+00 0.1464E+02 0.1779E+02  0  0  0 0.1689E+02 0.0000E+00
   4.730 2.5400 24.132 0.5110 2.1000 0.1458E+02 0.1245E+02 0.4671E+00 0.0000E+00 0.1198E+02 0.1458E+02  0  0  0 0.1383E+02 0.0000E+00
   4.730 2.4867 24.977 0.5226 2.2000 0.1202E+02 0.1023E+02 0.3786E+00 0.0000E+00 0.9856E+01 0.1202E+02  0  0  0 0.1139E+02 0.0000E+00
   4.730 2.4334 25.831 0.5337 2.3000 0.9945E+01 0.8454E+01 0.3092E+00 0.0000E+00 0.8145E+01 0.9945E+01  0  0  0 0.9418E+01 0.0000E+00
   4.730 2.3801 26.695 0.5443 2.4000 0.8265E+01 0.7014E+01 0.2543E+00 0.0000E+00 0.6760E+01 0.8265E+01  0  0  0 0.7824E+01 0.0000E+00
   4.730 2.3268 27.573 0.5544 2.5000 0.6896E+01 0.5844E+01 0.2106E+00 0.0000E+00 0.5634E+01 0.6896E+01  0  0  0 0.6526E+01 0.0000E+00
   4.730 2.2735 28.464 0.5640 2.6000 0.5775E+01 0.4888E+01 0.1754E+00 0.0000E+00 0.4713E+01 0.5775E+01  0  0  0 0.5464E+01 0.0000E+00
   4.730 2.2202 29.372 0.5733 2.7000 0.4853E+01 0.4103E+01 0.1470E+00 0.0000E+00 0.3956E+01 0.4853E+01  0  0  0 0.4591E+01 0.0000E+00
   4.730 2.4601 23.313 0.4460 1.9000 0.1579E+02 0.1536E+02 0.6781E+00 0.0000E+00 0.1469E+02 0.1579E+02  0  0  0 0.1606E+02 0.0000E+00
   4.730 2.4068 24.195 0.4587 2.0000 0.1297E+02 0.1257E+02 0.5447E+00 0.0000E+00 0.1202E+02 0.1297E+02  0  0  0 0.1317E+02 0.0000E+00
   4.730 2.3535 25.085 0.4709 2.1000 0.1070E+02 0.1033E+02 0.4414E+00 0.0000E+00 0.9893E+01 0.1070E+02  0  0  0 0.1085E+02 0.0000E+00
   4.730 2.3002 25.987 0.4825 2.2000 0.8871E+01 0.8540E+01 0.3606E+00 0.0000E+00 0.8179E+01 0.8871E+01  0  0  0 0.8980E+01 0.0000E+00
   4.730 2.2469 26.901 0.4936 2.3000 0.7383E+01 0.7089E+01 0.2968E+00 0.0000E+00 0.6792E+01 0.7383E+01  0  0  0 0.7467E+01 0.0000E+00
   4.730 2.1936 27.829 0.5042 2.4000 0.6168E+01 0.5909E+01 0.2461E+00 0.0000E+00 0.5663E+01 0.6168E+01  0  0  0 0.6233E+01 0.0000E+00
   4.730 2.1403 28.774 0.5144 2.5000 0.5172E+01 0.4945E+01 0.2054E+00 0.0000E+00 0.4739E+01 0.5172E+01  0  0  0 0.5223E+01 0.0000E+00
   4.730 2.0870 29.737 0.5242 2.6000 0.4351E+01 0.4153E+01 0.1725E+00 0.0000E+00 0.3980E+01 0.4351E+01  0  0  0 0.4392E+01 0.0000E+00
   4.730 2.0337 30.721 0.5336 2.7000 0.3671E+01 0.3499E+01 0.1458E+00 0.0000E+00 0.3354E+01 0.3671E+01  0  0  0 0.3705E+01 0.0000E+00
   4.730 2.2629 24.322 0.4104 1.9000 0.1451E+02 0.1436E+02 0.6554E+00 0.0000E+00 0.1370E+02 0.1451E+02  0  0  0 0.1488E+02 0.0000E+00
   4.730 2.2096 25.268 0.4229 2.0000 0.1196E+02 0.1179E+02 0.5310E+00 0.0000E+00 0.1126E+02 0.1196E+02  0  0  0 0.1225E+02 0.0000E+00
   4.730 2.1563 26.227 0.4348 2.1000 0.9908E+01 0.9736E+01 0.4341E+00 0.0000E+00 0.9302E+01 0.9908E+01  0  0  0 0.1013E+02 0.0000E+00
   4.730 2.1030 27.200 0.4463 2.2000 0.8239E+01 0.8075E+01 0.3577E+00 0.0000E+00 0.7717E+01 0.8239E+01  0  0  0 0.8416E+01 0.0000E+00
   4.730 2.0497 28.190 0.4573 2.3000 0.6878E+01 0.6725E+01 0.2971E+00 0.0000E+00 0.6428E+01 0.6878E+01  0  0  0 0.7020E+01 0.0000E+00
   4.730 1.9964 29.200 0.4679 2.4000 0.5762E+01 0.5624E+01 0.2485E+00 0.0000E+00 0.5375E+01 0.5762E+01  0  0  0 0.5878E+01 0.0000E+00
   4.730 1.9431 30.232 0.4780 2.5000 0.4843E+01 0.4719E+01 0.2093E+00 0.0000E+00 0.4510E+01 0.4843E+01  0  0  0 0.4939E+01 0.0000E+00
   4.730 1.8899 31.288 0.4878 2.6000 0.4082E+01 0.3974E+01 0.1775E+00 0.0000E+00 0.3796E+01 0.4082E+01  0  0  0 0.4163E+01 0.0000E+00
   4.730 1.8366 32.372 0.4973 2.7000 0.3451E+01 0.3356E+01 0.1514E+00 0.0000E+00 0.3205E+01 0.3451E+01  0  0  0 0.3519E+01 0.0000E+00
   4.730 2.0550 25.542 0.3785 1.9000 0.1248E+02 0.1291E+02 0.6565E+00 0.0000E+00 0.1225E+02 0.1248E+02  0  0  0 0.1311E+02 0.0000E+00
   4.730 2.0018 26.571 0.3906 2.0000 0.1033E+02 0.1065E+02 0.5370E+00 0.0000E+00 0.1011E+02 0.1033E+02  0  0  0 0.1084E+02 0.0000E+00
   4.730 1.9485 27.616 0.4023 2.1000 0.8594E+01 0.8825E+01 0.4432E+00 0.0000E+00 0.8382E+01 0.8594E+01  0  0  0 0.9000E+01 0.0000E+00
   4.730 1.8952 28.683 0.4136 2.2000 0.7175E+01 0.7347E+01 0.3688E+00 0.0000E+00 0.6978E+01 0.7175E+01  0  0  0 0.7506E+01 0.0000E+00
   4.730 1.8419 29.773 0.4244 2.3000 0.6011E+01 0.6141E+01 0.3093E+00 0.0000E+00 0.5832E+01 0.6011E+01  0  0  0 0.6284E+01 0.0000E+00
   4.730 1.7886 30.890 0.4348 2.4000 0.5053E+01 0.5153E+01 0.2614E+00 0.0000E+00 0.4891E+01 0.5053E+01  0  0  0 0.5279E+01 0.0000E+00
   4.730 1.7353 32.037 0.4449 2.5000 0.4260E+01 0.4338E+01 0.2224E+00 0.0000E+00 0.4115E+01 0.4260E+01  0  0  0 0.4449E+01 0.0000E+00
   4.730 1.6820 33.217 0.4546 2.6000 0.3600E+01 0.3663E+01 0.1906E+00 0.0000E+00 0.3473E+01 0.3600E+01  0  0  0 0.3761E+01 0.0000E+00
   4.730 1.6287 34.435 0.4639 2.7000 0.3051E+01 0.3102E+01 0.1643E+00 0.0000E+00 0.2938E+01 0.3051E+01  0  0  0 0.3188E+01 0.0000E+00
   4.730 1.8366 27.046 0.3499 1.9000 0.1040E+02 0.1128E+02 0.6802E+00 0.0000E+00 0.1060E+02 0.1040E+02  0  0  0 0.1121E+02 0.0000E+00
   4.730 1.7833 28.183 0.3617 2.0000 0.8649E+01 0.9341E+01 0.5622E+00 0.0000E+00 0.8779E+01 0.8649E+01  0  0  0 0.9304E+01 0.0000E+00
   4.730 1.7300 29.345 0.3730 2.1000 0.7217E+01 0.7772E+01 0.4689E+00 0.0000E+00 0.7303E+01 0.7217E+01  0  0  0 0.7755E+01 0.0000E+00
   4.730 1.6767 30.537 0.3840 2.2000 0.6044E+01 0.6493E+01 0.3944E+00 0.0000E+00 0.6098E+01 0.6044E+01  0  0  0 0.6490E+01 0.0000E+00
   4.730 1.6234 31.763 0.3945 2.3000 0.5078E+01 0.5445E+01 0.3344E+00 0.0000E+00 0.5110E+01 0.5078E+01  0  0  0 0.5450E+01 0.0000E+00
   4.730 1.5701 33.026 0.4047 2.4000 0.4279E+01 0.4582E+01 0.2858E+00 0.0000E+00 0.4296E+01 0.4279E+01  0  0  0 0.4591E+01 0.0000E+00
   4.730 1.5168 34.333 0.4146 2.5000 0.3614E+01 0.3868E+01 0.2460E+00 0.0000E+00 0.3622E+01 0.3614E+01  0  0  0 0.3879E+01 0.0000E+00
   4.730 1.4635 35.688 0.4242 2.6000 0.3060E+01 0.3274E+01 0.2133E+00 0.0000E+00 0.3061E+01 0.3060E+01  0  0  0 0.3286E+01 0.0000E+00
   4.730 1.4102 37.097 0.4334 2.7000 0.2596E+01 0.2779E+01 0.1862E+00 0.0000E+00 0.2593E+01 0.2596E+01  0  0  0 0.2790E+01 0.0000E+00
   4.730 1.6074 28.949 0.3242 1.9000 0.8571E+01 0.9751E+01 0.7284E+00 0.0000E+00 0.9023E+01 0.8571E+01  0  0  0 0.9480E+01 0.0000E+00
   4.730 1.5541 30.235 0.3356 2.0000 0.7138E+01 0.8099E+01 0.6089E+00 0.0000E+00 0.7490E+01 0.7138E+01  0  0  0 0.7887E+01 0.0000E+00
   4.730 1.5008 31.560 0.3466 2.1000 0.5966E+01 0.6755E+01 0.5138E+00 0.0000E+00 0.6241E+01 0.5966E+01  0  0  0 0.6588E+01 0.0000E+00
   4.730 1.4476 32.929 0.3572 2.2000 0.5001E+01 0.5657E+01 0.4375E+00 0.0000E+00 0.5219E+01 0.5001E+01  0  0  0 0.5523E+01 0.0000E+00
   4.730 1.3943 34.348 0.3674 2.3000 0.4204E+01 0.4753E+01 0.3756E+00 0.0000E+00 0.4378E+01 0.4204E+01  0  0  0 0.4644E+01 0.0000E+00
   4.730 1.3410 35.825 0.3774 2.4000 0.3542E+01 0.4007E+01 0.3251E+00 0.0000E+00 0.3682E+01 0.3542E+01  0  0  0 0.3917E+01 0.0000E+00
   4.730 1.2877 37.366 0.3870 2.5000 0.2991E+01 0.3388E+01 0.2836E+00 0.0000E+00 0.3104E+01 0.2991E+01  0  0  0 0.3311E+01 0.0000E+00
   4.730 1.2344 38.982 0.3964 2.6000 0.2529E+01 0.2871E+01 0.2494E+00 0.0000E+00 0.2622E+01 0.2529E+01  0  0  0 0.2806E+01 0.0000E+00
   4.730 1.1811 40.681 0.4054 2.7000 0.2142E+01 0.2439E+01 0.2208E+00 0.0000E+00 0.2218E+01 0.2142E+01  0  0  0 0.2382E+01 0.0000E+00
   4.730 1.3676 31.445 0.3011 1.9000 0.6859E+01 0.8289E+01 0.8066E+00 0.0000E+00 0.7483E+01 0.6859E+01  0  0  0 0.7840E+01 0.0000E+00
   4.730 1.3143 32.950 0.3120 2.0000 0.5710E+01 0.6895E+01 0.6830E+00 0.0000E+00 0.6212E+01 0.5710E+01  0  0  0 0.6527E+01 0.0000E+00
   4.730 1.2610 34.516 0.3226 2.1000 0.4767E+01 0.5760E+01 0.5843E+00 0.0000E+00 0.5175E+01 0.4767E+01  0  0  0 0.5454E+01 0.0000E+00
   4.730 1.2077 36.153 0.3328 2.2000 0.3990E+01 0.4828E+01 0.5042E+00 0.0000E+00 0.4324E+01 0.3990E+01  0  0  0 0.4571E+01 0.0000E+00
   4.730 1.1545 37.871 0.3428 2.3000 0.3346E+01 0.4060E+01 0.4389E+00 0.0000E+00 0.3621E+01 0.3346E+01  0  0  0 0.3842E+01 0.0000E+00
   4.730 1.1012 39.681 0.3524 2.4000 0.2810E+01 0.3425E+01 0.3855E+00 0.0000E+00 0.3039E+01 0.2810E+01  0  0  0 0.3236E+01 0.0000E+00
   4.730 1.0479 41.600 0.3618 2.5000 0.2363E+01 0.2896E+01 0.3414E+00 0.0000E+00 0.2554E+01 0.2363E+01  0  0  0 0.2731E+01 0.0000E+00
   4.730 0.9946 43.642 0.3709 2.6000 0.1988E+01 0.2454E+01 0.3049E+00 0.0000E+00 0.2149E+01 0.1988E+01  0  0  0 0.2309E+01 0.0000E+00
   4.730 0.9413 45.830 0.3798 2.7000 0.1673E+01 0.2084E+01 0.2746E+00 0.0000E+00 0.1809E+01 0.1673E+01  0  0  0 0.1954E+01 0.0000E+00
   4.730 1.1171 34.894 0.2802 1.9000 0.5237E+01 0.6883E+01 0.9246E+00 0.0000E+00 0.5959E+01 0.5237E+01  0  0  0 0.6267E+01 0.0000E+00
   4.730 1.0639 36.748 0.2907 2.0000 0.4343E+01 0.5729E+01 0.7945E+00 0.0000E+00 0.4934E+01 0.4343E+01  0  0  0 0.5210E+01 0.0000E+00
   4.730 1.0106 38.709 0.3009 2.1000 0.3608E+01 0.4784E+01 0.6881E+00 0.0000E+00 0.4096E+01 0.3608E+01  0  0  0 0.4342E+01 0.0000E+00
   4.730 0.9573 40.794 0.3107 2.2000 0.3002E+01 0.4012E+01 0.6047E+00 0.0000E+00 0.3407E+01 0.3002E+01  0  0  0 0.3631E+01 0.0000E+00
   4.730 0.9040 43.025 0.3203 2.3000 0.2499E+01 0.3373E+01 0.5352E+00 0.0000E+00 0.2838E+01 0.2499E+01  0  0  0 0.3041E+01 0.0000E+00
   4.730 0.8507 45.430 0.3297 2.4000 0.2081E+01 0.2844E+01 0.4782E+00 0.0000E+00 0.2365E+01 0.2081E+01  0  0  0 0.2551E+01 0.0000E+00
   4.730 0.7974 48.042 0.3388 2.5000 0.1732E+01 0.2403E+01 0.4313E+00 0.0000E+00 0.1971E+01 0.1732E+01  0  0  0 0.2143E+01 0.0000E+00
   4.730 0.7441 50.902 0.3476 2.6000 0.1440E+01 0.2034E+01 0.3925E+00 0.0000E+00 0.1642E+01 0.1440E+01  0  0  0 0.1801E+01 0.0000E+00
   4.730 0.6908 54.065 0.3562 2.7000 0.1194E+01 0.1725E+01 0.3606E+00 0.0000E+00 0.1365E+01 0.1194E+01  0  0  0 0.1514E+01 0.0000E+00
   4.730 0.8560 40.060 0.2614 1.9000 0.3723E+01 0.5569E+01 0.1099E+01 0.0000E+00 0.4469E+01 0.3723E+01  0  0  0 0.4782E+01 0.0000E+00
   4.730 0.8027 42.555 0.2714 2.0000 0.3055E+01 0.4632E+01 0.9605E+00 0.0000E+00 0.3671E+01 0.3055E+01  0  0  0 0.3956E+01 0.0000E+00
   4.730 0.7495 45.267 0.2811 2.1000 0.2507E+01 0.3867E+01 0.8483E+00 0.0000E+00 0.3018E+01 0.2507E+01  0  0  0 0.3279E+01 0.0000E+00
   4.730 0.6962 48.245 0.2906 2.2000 0.2055E+01 0.3237E+01 0.7570E+00 0.0000E+00 0.2480E+01 0.2055E+01  0  0  0 0.2722E+01 0.0000E+00
   4.730 0.6429 51.552 0.2999 2.3000 0.1682E+01 0.2718E+01 0.6824E+00 0.0000E+00 0.2036E+01 0.1682E+01  0  0  0 0.2261E+01 0.0000E+00
   4.730 0.5896 55.271 0.3089 2.4000 0.1371E+01 0.2287E+01 0.6211E+00 0.0000E+00 0.1666E+01 0.1371E+01  0  0  0 0.1878E+01 0.0000E+00
   4.730 0.5363 59.520 0.3177 2.5000 0.1112E+01 0.1927E+01 0.5705E+00 0.0000E+00 0.1357E+01 0.1112E+01  0  0  0 0.1559E+01 0.0000E+00
   4.730 0.4830 64.470 0.3262 2.6000 0.8963E+00 0.1624E+01 0.5285E+00 0.0000E+00 0.1095E+01 0.8963E+00  0  0  0 0.1293E+01 0.0000E+00
   4.730 0.4297 70.378 0.3346 2.7000 0.7156E+00 0.1363E+01 0.4927E+00 0.0000E+00 0.8705E+00 0.7156E+00  0  0  0 0.1069E+01 0.0000E+00
   4.730 0.5843 48.986 0.2442 1.9000 0.2340E+01 0.4370E+01 0.1351E+01 0.0000E+00 0.3019E+01 0.2340E+01  0  0  0 0.3403E+01 0.0000E+00
   4.730 0.5310 52.999 0.2538 2.0000 0.1871E+01 0.3625E+01 0.1199E+01 0.0000E+00 0.2425E+01 0.1871E+01  0  0  0 0.2779E+01 0.0000E+00
   4.730 0.4777 57.637 0.2632 2.1000 0.1486E+01 0.3013E+01 0.1075E+01 0.0000E+00 0.1938E+01 0.1486E+01  0  0  0 0.2269E+01 0.0000E+00
   4.730 0.4244 63.127 0.2723 2.2000 0.1171E+01 0.2505E+01 0.9703E+00 0.0000E+00 0.1535E+01 0.1171E+01  0  0  0 0.1848E+01 0.0000E+00
   4.730 0.3711 69.828 0.2812 2.3000 0.9116E+00 0.2074E+01 0.8801E+00 0.0000E+00 0.1194E+01 0.9116E+00  0  0  0 0.1498E+01 0.0000E+00
   4.730 0.3178 78.362 0.2899 2.4000 0.6973E+00 0.1676E+01 0.7953E+00 0.0000E+00 0.8803E+00 0.6973E+00  0  0  0 0.1204E+01 0.0000E+00
   4.730 0.2645 89.946 0.2983 2.5000 0.5200E+00 0.4223E-01 0.0000E+00 0.0000E+00 0.7001E-01 0.5200E+00  0  0  0 0.9532E+00 0.0000E+00
   4.730 0.2112107.526 0.3066 2.6000 0.3732E+00 0.1211E+01 0.5997E+00 0.0000E+00 0.6113E+00 0.3732E+00  0  0  0 0.7303E+00 0.0000E+00
   4.730 0.1579143.811 0.3147 2.7000 0.2516E+00 0.8554E+00 0.4436E+00 0.0000E+00 0.4118E+00 0.2516E+00  0  0  0 0.5153E+00 0.0000E+00
