1.2,2.3,3.5,5.0
   5.890 3.7266 23.034 0.8621 3.5000 0.3156E+01 0.2404E+01 0.3061E-08 0.7249E+00 0.1679E+01 0.2410E+01  0  0  0 0.2824E+01 0.0000E+00
   5.890 3.6733 23.537 0.8654 3.6000 0.2701E+01 0.2056E+01 0.2308E-08 0.6099E+00 0.1446E+01 0.2073E+01  0  0  0 0.2417E+01 0.0000E+00
   5.890 3.6200 24.044 0.8686 3.7000 0.2322E+01 0.1766E+01 0.1754E-08 0.5148E+00 0.1251E+01 0.1792E+01  0  0  0 0.2077E+01 0.0000E+00
   5.890 3.5668 24.556 0.8716 3.8000 0.2002E+01 0.1522E+01 0.1343E-08 0.4357E+00 0.1086E+01 0.1554E+01  0  0  0 0.1791E+01 0.0000E+00
   5.890 3.5135 25.073 0.8745 3.9000 0.1731E+01 0.1315E+01 0.1036E-08 0.3698E+00 0.9451E+00 0.1351E+01  0  0  0 0.1548E+01 0.0000E+00
   5.890 3.4602 25.595 0.8773 4.0000 0.1501E+01 0.1139E+01 0.8041E-09 0.3147E+00 0.8246E+00 0.1177E+01  0  0  0 0.1342E+01 0.0000E+00
   5.890 3.4069 26.124 0.8799 4.1000 0.1304E+01 0.9898E+00 0.6282E-09 0.2685E+00 0.7213E+00 0.1028E+01  0  0  0 0.1166E+01 0.0000E+00
   5.890 3.3536 26.660 0.8824 4.2000 0.1136E+01 0.8621E+00 0.4939E-09 0.2297E+00 0.6325E+00 0.9000E+00  0  0  0 0.1016E+01 0.0000E+00
   5.890 3.3003 27.202 0.8848 4.3000 0.9919E+00 0.7528E+00 0.3905E-09 0.1969E+00 0.5559E+00 0.7898E+00  0  0  0 0.8874E+00 0.0000E+00
   5.890 3.2470 27.753 0.8871 4.4000 0.8681E+00 0.6588E+00 0.3105E-09 0.1692E+00 0.4896E+00 0.6946E+00  0  0  0 0.7768E+00 0.0000E+00
   5.890 3.1937 28.311 0.8894 4.5000 0.7615E+00 0.5780E+00 0.2482E-09 0.1457E+00 0.4323E+00 0.6122E+00  0  0  0 0.6816E+00 0.0000E+00
   5.890 3.1404 28.877 0.8915 4.6000 0.6695E+00 0.5082E+00 0.1995E-09 0.1257E+00 0.3824E+00 0.5409E+00  0  0  0 0.5995E+00 0.0000E+00
   5.890 3.0872 29.453 0.8936 4.7000 0.5899E+00 0.4478E+00 0.1610E-09 0.1087E+00 0.3391E+00 0.4789E+00  0  0  0 0.5284E+00 0.0000E+00
   5.890 3.0339 30.038 0.8956 4.8000 0.5212E+00 0.3956E+00 0.1307E-09 0.9421E-01 0.3014E+00 0.4252E+00  0  0  0 0.4669E+00 0.0000E+00
   5.890 2.9806 30.634 0.8975 4.9000 0.4626E+00 0.3508E+00 0.1065E-09 0.8177E-01 0.2690E+00 0.3794E+00  0  0  0 0.4144E+00 0.0000E+00
   5.890 2.9273 31.240 0.8993 5.0000 0.4127E+00 0.3123E+00 0.8716E-10 0.7111E-01 0.2412E+00 0.3405E+00  0  0  0 0.3694E+00 0.0000E+00
   5.890 3.5934 23.463 0.8121 3.5000 0.3860E+01 0.2971E+01 0.1249E-07 0.5525E+00 0.2418E+01 0.3364E+01  0  0  0 0.3473E+01 0.0000E+00
   5.890 3.5401 23.982 0.8164 3.6000 0.3314E+01 0.2549E+01 0.9365E-08 0.4677E+00 0.2081E+01 0.2893E+01  0  0  0 0.2981E+01 0.0000E+00
   5.890 3.4868 24.506 0.8205 3.7000 0.2854E+01 0.2193E+01 0.7073E-08 0.3971E+00 0.1796E+01 0.2496E+01  0  0  0 0.2567E+01 0.0000E+00
   5.890 3.4335 25.035 0.8244 3.8000 0.2463E+01 0.1892E+01 0.5380E-08 0.3380E+00 0.1554E+01 0.2158E+01  0  0  0 0.2215E+01 0.0000E+00
   5.890 3.3802 25.570 0.8281 3.9000 0.2132E+01 0.1637E+01 0.4121E-08 0.2885E+00 0.1349E+01 0.1871E+01  0  0  0 0.1917E+01 0.0000E+00
   5.890 3.3270 26.112 0.8317 4.0000 0.1850E+01 0.1420E+01 0.3177E-08 0.2468E+00 0.1173E+01 0.1626E+01  0  0  0 0.1664E+01 0.0000E+00
   5.890 3.2737 26.660 0.8351 4.1000 0.1608E+01 0.1235E+01 0.2464E-08 0.2117E+00 0.1023E+01 0.1416E+01  0  0  0 0.1447E+01 0.0000E+00
   5.890 3.2204 27.216 0.8384 4.2000 0.1402E+01 0.1076E+01 0.1923E-08 0.1819E+00 0.8943E+00 0.1237E+01  0  0  0 0.1261E+01 0.0000E+00
   5.890 3.1671 27.780 0.8415 4.3000 0.1224E+01 0.9399E+00 0.1510E-08 0.1567E+00 0.7832E+00 0.1082E+01  0  0  0 0.1102E+01 0.0000E+00
   5.890 3.1138 28.352 0.8446 4.4000 0.1072E+01 0.8228E+00 0.1191E-08 0.1353E+00 0.6875E+00 0.9489E+00  0  0  0 0.9649E+00 0.0000E+00
   5.890 3.0605 28.933 0.8475 4.5000 0.9399E+00 0.7219E+00 0.9451E-09 0.1170E+00 0.6049E+00 0.8337E+00  0  0  0 0.8466E+00 0.0000E+00
   5.890 3.0072 29.524 0.8503 4.6000 0.8260E+00 0.6347E+00 0.7536E-09 0.1015E+00 0.5332E+00 0.7340E+00  0  0  0 0.7444E+00 0.0000E+00
   5.890 2.9539 30.125 0.8530 4.7000 0.7273E+00 0.5590E+00 0.6038E-09 0.8811E-01 0.4709E+00 0.6474E+00  0  0  0 0.6557E+00 0.0000E+00
   5.890 2.9006 30.737 0.8557 4.8000 0.6415E+00 0.4933E+00 0.4861E-09 0.7665E-01 0.4167E+00 0.5722E+00  0  0  0 0.5788E+00 0.0000E+00
   5.890 2.8473 31.360 0.8582 4.9000 0.5670E+00 0.4362E+00 0.3930E-09 0.6681E-01 0.3694E+00 0.5066E+00  0  0  0 0.5118E+00 0.0000E+00
   5.890 2.7941 31.996 0.8606 5.0000 0.5021E+00 0.3865E+00 0.3192E-09 0.5833E-01 0.3282E+00 0.4495E+00  0  0  0 0.4535E+00 0.0000E+00
   5.890 3.4495 23.955 0.7642 3.5000 0.4649E+01 0.3629E+01 0.4677E-07 0.4106E+00 0.3219E+01 0.4337E+01  0  0  0 0.4213E+01 0.0000E+00
   5.890 3.3962 24.492 0.7693 3.6000 0.3995E+01 0.3118E+01 0.3497E-07 0.3497E+00 0.2768E+01 0.3728E+01  0  0  0 0.3621E+01 0.0000E+00
   5.890 3.3430 25.036 0.7741 3.7000 0.3443E+01 0.2686E+01 0.2633E-07 0.2986E+00 0.2387E+01 0.3214E+01  0  0  0 0.3121E+01 0.0000E+00
   5.890 3.2897 25.586 0.7787 3.8000 0.2974E+01 0.2320E+01 0.1996E-07 0.2557E+00 0.2064E+01 0.2777E+01  0  0  0 0.2696E+01 0.0000E+00
   5.890 3.2364 26.142 0.7832 3.9000 0.2576E+01 0.2009E+01 0.1523E-07 0.2194E+00 0.1789E+01 0.2406E+01  0  0  0 0.2335E+01 0.0000E+00
   5.890 3.1831 26.706 0.7875 4.0000 0.2236E+01 0.1744E+01 0.1169E-07 0.1888E+00 0.1555E+01 0.2089E+01  0  0  0 0.2028E+01 0.0000E+00
   5.890 3.1298 27.278 0.7916 4.1000 0.1945E+01 0.1517E+01 0.9033E-08 0.1628E+00 0.1354E+01 0.1818E+01  0  0  0 0.1764E+01 0.0000E+00
   5.890 3.0765 27.858 0.7955 4.2000 0.1695E+01 0.1323E+01 0.7018E-08 0.1406E+00 0.1182E+01 0.1586E+01  0  0  0 0.1539E+01 0.0000E+00
   5.890 3.0232 28.447 0.7993 4.3000 0.1481E+01 0.1155E+01 0.5482E-08 0.1218E+00 0.1034E+01 0.1386E+01  0  0  0 0.1344E+01 0.0000E+00
   5.890 2.9699 29.046 0.8030 4.4000 0.1296E+01 0.1012E+01 0.4305E-08 0.1056E+00 0.9059E+00 0.1213E+01  0  0  0 0.1177E+01 0.0000E+00
   5.890 2.9166 29.654 0.8065 4.5000 0.1136E+01 0.8873E+00 0.3398E-08 0.9184E-01 0.7954E+00 0.1064E+01  0  0  0 0.1032E+01 0.0000E+00
   5.890 2.8633 30.274 0.8099 4.6000 0.9977E+00 0.7798E+00 0.2695E-08 0.7999E-01 0.6998E+00 0.9351E+00  0  0  0 0.9073E+00 0.0000E+00
   5.890 2.8101 30.905 0.8132 4.7000 0.8777E+00 0.6866E+00 0.2148E-08 0.6980E-01 0.6168E+00 0.8231E+00  0  0  0 0.7988E+00 0.0000E+00
   5.890 2.7568 31.549 0.8164 4.8000 0.7734E+00 0.6054E+00 0.1719E-08 0.6101E-01 0.5444E+00 0.7257E+00  0  0  0 0.7045E+00 0.0000E+00
   5.890 2.7035 32.206 0.8194 4.9000 0.6826E+00 0.5348E+00 0.1382E-08 0.5342E-01 0.4814E+00 0.6409E+00  0  0  0 0.6223E+00 0.0000E+00
   5.890 2.6502 32.877 0.8224 5.0000 0.6033E+00 0.4731E+00 0.1116E-08 0.4685E-01 0.4263E+00 0.5668E+00  0  0  0 0.5505E+00 0.0000E+00
   5.890 3.2950 24.518 0.7187 3.5000 0.5409E+01 0.4307E+01 0.1595E-06 0.3042E+00 0.4003E+01 0.5223E+01  0  0  0 0.4954E+01 0.0000E+00
   5.890 3.2417 25.079 0.7244 3.6000 0.4655E+01 0.3706E+01 0.1193E-06 0.2606E+00 0.3445E+01 0.4493E+01  0  0  0 0.4263E+01 0.0000E+00
   5.890 3.1884 25.645 0.7298 3.7000 0.4016E+01 0.3197E+01 0.8979E-07 0.2238E+00 0.2973E+01 0.3876E+01  0  0  0 0.3679E+01 0.0000E+00
   5.890 3.1351 26.220 0.7351 3.8000 0.3473E+01 0.2764E+01 0.6803E-07 0.1927E+00 0.2571E+01 0.3352E+01  0  0  0 0.3182E+01 0.0000E+00
   5.890 3.0818 26.802 0.7401 3.9000 0.3010E+01 0.2396E+01 0.5186E-07 0.1663E+00 0.2229E+01 0.2905E+01  0  0  0 0.2759E+01 0.0000E+00
   5.890 3.0285 27.392 0.7449 4.0000 0.2615E+01 0.2081E+01 0.3977E-07 0.1438E+00 0.1937E+01 0.2523E+01  0  0  0 0.2397E+01 0.0000E+00
   5.890 2.9753 27.991 0.7496 4.1000 0.2276E+01 0.1812E+01 0.3067E-07 0.1247E+00 0.1687E+01 0.2196E+01  0  0  0 0.2087E+01 0.0000E+00
   5.890 2.9220 28.600 0.7541 4.2000 0.1984E+01 0.1580E+01 0.2378E-07 0.1083E+00 0.1472E+01 0.1915E+01  0  0  0 0.1821E+01 0.0000E+00
   5.890 2.8687 29.220 0.7584 4.3000 0.1734E+01 0.1381E+01 0.1853E-07 0.9427E-01 0.1287E+01 0.1673E+01  0  0  0 0.1592E+01 0.0000E+00
   5.890 2.8154 29.850 0.7626 4.4000 0.1518E+01 0.1210E+01 0.1451E-07 0.8222E-01 0.1128E+01 0.1464E+01  0  0  0 0.1394E+01 0.0000E+00
   5.890 2.7621 30.492 0.7666 4.5000 0.1330E+01 0.1062E+01 0.1142E-07 0.7184E-01 0.9898E+00 0.1284E+01  0  0  0 0.1223E+01 0.0000E+00
   5.890 2.7088 31.147 0.7706 4.6000 0.1168E+01 0.9330E+00 0.9034E-08 0.6289E-01 0.8701E+00 0.1128E+01  0  0  0 0.1075E+01 0.0000E+00
   5.890 2.6555 31.815 0.7743 4.7000 0.1028E+01 0.8213E+00 0.7175E-08 0.5516E-01 0.7661E+00 0.9918E+00  0  0  0 0.9462E+00 0.0000E+00
   5.890 2.6022 32.498 0.7780 4.8000 0.9052E+00 0.7241E+00 0.5724E-08 0.4846E-01 0.6757E+00 0.8737E+00  0  0  0 0.8342E+00 0.0000E+00
   5.890 2.5489 33.195 0.7815 4.9000 0.7985E+00 0.6395E+00 0.4585E-08 0.4265E-01 0.5968E+00 0.7709E+00  0  0  0 0.7365E+00 0.0000E+00
   5.890 2.4956 33.909 0.7850 5.0000 0.7054E+00 0.5656E+00 0.3688E-08 0.3760E-01 0.5280E+00 0.6811E+00  0  0  0 0.6514E+00 0.0000E+00
   5.890 3.1298 25.167 0.6757 3.5000 0.6092E+01 0.4955E+01 0.4941E-06 0.2296E+00 0.4725E+01 0.5985E+01  0  0  0 0.5642E+01 0.0000E+00
   5.890 3.0765 25.754 0.6819 3.6000 0.5265E+01 0.4277E+01 0.3706E-06 0.1978E+00 0.4079E+01 0.5171E+01  0  0  0 0.4874E+01 0.0000E+00
   5.890 3.0232 26.349 0.6878 3.7000 0.4550E+01 0.3696E+01 0.2797E-06 0.1708E+00 0.3525E+01 0.4468E+01  0  0  0 0.4213E+01 0.0000E+00
   5.890 2.9699 26.952 0.6935 3.8000 0.3925E+01 0.3193E+01 0.2123E-06 0.1478E+00 0.3045E+01 0.3854E+01  0  0  0 0.3638E+01 0.0000E+00
   5.890 2.9166 27.565 0.6990 3.9000 0.3397E+01 0.2766E+01 0.1620E-06 0.1282E+00 0.2638E+01 0.3334E+01  0  0  0 0.3151E+01 0.0000E+00
   5.890 2.8633 28.187 0.7043 4.0000 0.2950E+01 0.2403E+01 0.1244E-06 0.1115E+00 0.2292E+01 0.2895E+01  0  0  0 0.2738E+01 0.0000E+00
   5.890 2.8101 28.820 0.7094 4.1000 0.2568E+01 0.2093E+01 0.9597E-07 0.9716E-01 0.1996E+01 0.2520E+01  0  0  0 0.2385E+01 0.0000E+00
   5.890 2.7568 29.464 0.7143 4.2000 0.2240E+01 0.1827E+01 0.7442E-07 0.8485E-01 0.1743E+01 0.2198E+01  0  0  0 0.2082E+01 0.0000E+00
   5.890 2.7035 30.120 0.7191 4.3000 0.1958E+01 0.1598E+01 0.5800E-07 0.7426E-01 0.1524E+01 0.1921E+01  0  0  0 0.1821E+01 0.0000E+00
   5.890 2.6502 30.789 0.7237 4.4000 0.1715E+01 0.1401E+01 0.4541E-07 0.6512E-01 0.1335E+01 0.1682E+01  0  0  0 0.1596E+01 0.0000E+00
   5.890 2.5969 31.472 0.7282 4.5000 0.1504E+01 0.1229E+01 0.3571E-07 0.5722E-01 0.1172E+01 0.1475E+01  0  0  0 0.1401E+01 0.0000E+00
   5.890 2.5436 32.169 0.7325 4.6000 0.1321E+01 0.1081E+01 0.2821E-07 0.5037E-01 0.1031E+01 0.1296E+01  0  0  0 0.1232E+01 0.0000E+00
   5.890 2.4903 32.882 0.7367 4.7000 0.1162E+01 0.9517E+00 0.2238E-07 0.4443E-01 0.9073E+00 0.1140E+01  0  0  0 0.1084E+01 0.0000E+00
   5.890 2.4370 33.613 0.7408 4.8000 0.1024E+01 0.8394E+00 0.1783E-07 0.3927E-01 0.8001E+00 0.1004E+01  0  0  0 0.9562E+00 0.0000E+00
   5.890 2.3837 34.361 0.7447 4.9000 0.9018E+00 0.7407E+00 0.1426E-07 0.3476E-01 0.7059E+00 0.8842E+00  0  0  0 0.8435E+00 0.0000E+00
   5.890 2.3304 35.128 0.7485 5.0000 0.7973E+00 0.6555E+00 0.1145E-07 0.3083E-01 0.6247E+00 0.7817E+00  0  0  0 0.7465E+00 0.0000E+00
   5.890 2.9539 25.918 0.6352 3.5000 0.6526E+01 0.5461E+01 0.1393E-05 0.1804E+00 0.5280E+01 0.6467E+01  0  0  0 0.6136E+01 0.0000E+00
   5.890 2.9006 26.537 0.6417 3.6000 0.5633E+01 0.4714E+01 0.1050E-05 0.1561E+00 0.4558E+01 0.5582E+01  0  0  0 0.5298E+01 0.0000E+00
   5.890 2.8473 27.166 0.6480 3.7000 0.4876E+01 0.4079E+01 0.7958E-06 0.1354E+00 0.3944E+01 0.4830E+01  0  0  0 0.4586E+01 0.0000E+00
   5.890 2.7941 27.804 0.6541 3.8000 0.4231E+01 0.3538E+01 0.6063E-06 0.1178E+00 0.3420E+01 0.4191E+01  0  0  0 0.3980E+01 0.0000E+00
   5.890 2.7408 28.453 0.6599 3.9000 0.3683E+01 0.3078E+01 0.4644E-06 0.1027E+00 0.2975E+01 0.3647E+01  0  0  0 0.3464E+01 0.0000E+00
   5.890 2.6875 29.114 0.6656 4.0000 0.3218E+01 0.2686E+01 0.3575E-06 0.8982E-01 0.2596E+01 0.3186E+01  0  0  0 0.3026E+01 0.0000E+00
   5.890 2.6342 29.788 0.6711 4.1000 0.2799E+01 0.2340E+01 0.2765E-06 0.7870E-01 0.2261E+01 0.2770E+01  0  0  0 0.2634E+01 0.0000E+00
   5.890 2.5809 30.474 0.6764 4.2000 0.2440E+01 0.2042E+01 0.2149E-06 0.6912E-01 0.1973E+01 0.2415E+01  0  0  0 0.2299E+01 0.0000E+00
   5.890 2.5276 31.176 0.6815 4.3000 0.2133E+01 0.1787E+01 0.1677E-06 0.6085E-01 0.1726E+01 0.2111E+01  0  0  0 0.2012E+01 0.0000E+00
   5.890 2.4743 31.892 0.6865 4.4000 0.1869E+01 0.1567E+01 0.1315E-06 0.5368E-01 0.1513E+01 0.1849E+01  0  0  0 0.1764E+01 0.0000E+00
   5.890 2.4210 32.625 0.6913 4.5000 0.1640E+01 0.1377E+01 0.1035E-06 0.4746E-01 0.1329E+01 0.1623E+01  0  0  0 0.1550E+01 0.0000E+00
   5.890 2.3677 33.376 0.6959 4.6000 0.1442E+01 0.1211E+01 0.8186E-07 0.4205E-01 0.1169E+01 0.1426E+01  0  0  0 0.1363E+01 0.0000E+00
   5.890 2.3145 34.146 0.7005 4.7000 0.1268E+01 0.1067E+01 0.6498E-07 0.3733E-01 0.1029E+01 0.1255E+01  0  0  0 0.1201E+01 0.0000E+00
   5.890 2.2612 34.936 0.7049 4.8000 0.1118E+01 0.9409E+00 0.5178E-07 0.3321E-01 0.9077E+00 0.1106E+01  0  0  0 0.1059E+01 0.0000E+00
   5.890 2.2079 35.747 0.7091 4.9000 0.9868E+00 0.8314E+00 0.4142E-07 0.2961E-01 0.8017E+00 0.9760E+00  0  0  0 0.9360E+00 0.0000E+00
   5.890 2.1546 36.582 0.7133 5.0000 0.8719E+00 0.7354E+00 0.3325E-07 0.2646E-01 0.7089E+00 0.8623E+00  0  0  0 0.8279E+00 0.0000E+00
   5.890 2.7674 26.793 0.5973 3.5000 0.6780E+01 0.5834E+01 0.3591E-05 0.1502E+00 0.5683E+01 0.6750E+01  0  0  0 0.6470E+01 0.0000E+00
   5.890 2.7141 27.451 0.6041 3.6000 0.5867E+01 0.5047E+01 0.2723E-05 0.1306E+00 0.4916E+01 0.5840E+01  0  0  0 0.5600E+01 0.0000E+00
   5.890 2.6608 28.121 0.6106 3.7000 0.5088E+01 0.4376E+01 0.2075E-05 0.1139E+00 0.4262E+01 0.5063E+01  0  0  0 0.4857E+01 0.0000E+00
   5.890 2.6075 28.802 0.6169 3.8000 0.4420E+01 0.3801E+01 0.1590E-05 0.9962E-01 0.3701E+01 0.4398E+01  0  0  0 0.4220E+01 0.0000E+00
   5.890 2.5543 29.497 0.6230 3.9000 0.3847E+01 0.3308E+01 0.1223E-05 0.8737E-01 0.3221E+01 0.3827E+01  0  0  0 0.3675E+01 0.0000E+00
   5.890 2.5010 30.205 0.6290 4.0000 0.3356E+01 0.2885E+01 0.9458E-06 0.7683E-01 0.2808E+01 0.3338E+01  0  0  0 0.3206E+01 0.0000E+00
   5.890 2.4477 30.929 0.6347 4.1000 0.2937E+01 0.2524E+01 0.7345E-06 0.6773E-01 0.2457E+01 0.2922E+01  0  0  0 0.2807E+01 0.0000E+00
   5.890 2.3944 31.669 0.6403 4.2000 0.2564E+01 0.2206E+01 0.5729E-06 0.5986E-01 0.2146E+01 0.2550E+01  0  0  0 0.2453E+01 0.0000E+00
   5.890 2.3411 32.427 0.6457 4.3000 0.2244E+01 0.1933E+01 0.4487E-06 0.5304E-01 0.1880E+01 0.2231E+01  0  0  0 0.2148E+01 0.0000E+00
   5.890 2.2878 33.203 0.6509 4.4000 0.1968E+01 0.1696E+01 0.3529E-06 0.4712E-01 0.1649E+01 0.1956E+01  0  0  0 0.1886E+01 0.0000E+00
   5.890 2.2345 33.999 0.6560 4.5000 0.1728E+01 0.1491E+01 0.2786E-06 0.4196E-01 0.1449E+01 0.1718E+01  0  0  0 0.1657E+01 0.0000E+00
   5.890 2.1812 34.817 0.6609 4.6000 0.1519E+01 0.1312E+01 0.2208E-06 0.3746E-01 0.1275E+01 0.1510E+01  0  0  0 0.1459E+01 0.0000E+00
   5.890 2.1279 35.659 0.6657 4.7000 0.1338E+01 0.1157E+01 0.1756E-06 0.3353E-01 0.1123E+01 0.1330E+01  0  0  0 0.1286E+01 0.0000E+00
   5.890 2.0747 36.525 0.6704 4.8000 0.1179E+01 0.1021E+01 0.1402E-06 0.3009E-01 0.9907E+00 0.1172E+01  0  0  0 0.1135E+01 0.0000E+00
   5.890 2.0214 37.419 0.6750 4.9000 0.1041E+01 0.9018E+00 0.1124E-06 0.2706E-01 0.8747E+00 0.1034E+01  0  0  0 0.1003E+01 0.0000E+00
   5.890 1.9681 38.341 0.6794 5.0000 0.9190E+00 0.7975E+00 0.9032E-07 0.2441E-01 0.7730E+00 0.9133E+00  0  0  0 0.8867E+00 0.0000E+00
   5.890 2.5703 27.822 0.5618 3.5000 0.6815E+01 0.6036E+01 0.8508E-05 0.1340E+00 0.5902E+01 0.6801E+01  0  0  0 0.6606E+01 0.0000E+00
   5.890 2.5170 28.528 0.5687 3.6000 0.5911E+01 0.5233E+01 0.6499E-05 0.1172E+00 0.5115E+01 0.5897E+01  0  0  0 0.5730E+01 0.0000E+00
   5.890 2.4637 29.248 0.5755 3.7000 0.5135E+01 0.4546E+01 0.4987E-05 0.1028E+00 0.4443E+01 0.5123E+01  0  0  0 0.4979E+01 0.0000E+00
   5.890 2.4104 29.983 0.5820 3.8000 0.4469E+01 0.3956E+01 0.3844E-05 0.9047E-01 0.3866E+01 0.4457E+01  0  0  0 0.4335E+01 0.0000E+00
   5.890 2.3571 30.735 0.5883 3.9000 0.3895E+01 0.3449E+01 0.2976E-05 0.7985E-01 0.3369E+01 0.3885E+01  0  0  0 0.3780E+01 0.0000E+00
   5.890 2.3038 31.503 0.5944 4.0000 0.3401E+01 0.3012E+01 0.2314E-05 0.7069E-01 0.2941E+01 0.3392E+01  0  0  0 0.3302E+01 0.0000E+00
   5.890 2.2505 32.291 0.6003 4.1000 0.2976E+01 0.2636E+01 0.1806E-05 0.6277E-01 0.2573E+01 0.2968E+01  0  0  0 0.2891E+01 0.0000E+00
   5.890 2.1972 33.099 0.6061 4.2000 0.2604E+01 0.2308E+01 0.1416E-05 0.5591E-01 0.2252E+01 0.2596E+01  0  0  0 0.2532E+01 0.0000E+00
   5.890 2.1439 33.928 0.6117 4.3000 0.2281E+01 0.2024E+01 0.1114E-05 0.4994E-01 0.1974E+01 0.2275E+01  0  0  0 0.2220E+01 0.0000E+00
   5.890 2.0906 34.781 0.6171 4.4000 0.2002E+01 0.1778E+01 0.8800E-06 0.4474E-01 0.1733E+01 0.1996E+01  0  0  0 0.1950E+01 0.0000E+00
   5.890 2.0373 35.659 0.6224 4.5000 0.1759E+01 0.1564E+01 0.6976E-06 0.4020E-01 0.1524E+01 0.1754E+01  0  0  0 0.1716E+01 0.0000E+00
   5.890 1.9841 36.565 0.6276 4.6000 0.1548E+01 0.1377E+01 0.5549E-06 0.3623E-01 0.1341E+01 0.1543E+01  0  0  0 0.1511E+01 0.0000E+00
   5.890 1.9308 37.500 0.6326 4.7000 0.1363E+01 0.1214E+01 0.4430E-06 0.3275E-01 0.1181E+01 0.1358E+01  0  0  0 0.1332E+01 0.0000E+00
   5.890 1.8775 38.467 0.6375 4.8000 0.1201E+01 0.1071E+01 0.3549E-06 0.2970E-01 0.1042E+01 0.1197E+01  0  0  0 0.1175E+01 0.0000E+00
   5.890 1.8242 39.468 0.6422 4.9000 0.1059E+01 0.9462E+00 0.2852E-06 0.2702E-01 0.9191E+00 0.1055E+01  0  0  0 0.1038E+01 0.0000E+00
   5.890 1.7709 40.508 0.6469 5.0000 0.9346E+00 0.8365E+00 0.2300E-06 0.2466E-01 0.8118E+00 0.9313E+00  0  0  0 0.9178E+00 0.0000E+00
   5.890 2.3624 29.046 0.5287 3.5000 0.6637E+01 0.6060E+01 0.1868E-04 0.1287E+00 0.5932E+01 0.6631E+01  0  0  0 0.6541E+01 0.0000E+00
   5.890 2.3091 29.813 0.5357 3.6000 0.5767E+01 0.5265E+01 0.1438E-04 0.1133E+00 0.5151E+01 0.5761E+01  0  0  0 0.5685E+01 0.0000E+00
   5.890 2.2558 30.597 0.5425 3.7000 0.5019E+01 0.4581E+01 0.1112E-04 0.1001E+00 0.4481E+01 0.5013E+01  0  0  0 0.4949E+01 0.0000E+00
   5.890 2.2025 31.401 0.5492 3.8000 0.4374E+01 0.3993E+01 0.8633E-05 0.8870E-01 0.3905E+01 0.4369E+01  0  0  0 0.4315E+01 0.0000E+00
   5.890 2.1493 32.225 0.5556 3.9000 0.3818E+01 0.3487E+01 0.6730E-05 0.7890E-01 0.3408E+01 0.3813E+01  0  0  0 0.3769E+01 0.0000E+00
   5.890 2.0960 33.071 0.5618 4.0000 0.3337E+01 0.3049E+01 0.5267E-05 0.7045E-01 0.2979E+01 0.3333E+01  0  0  0 0.3296E+01 0.0000E+00
   5.890 2.0427 33.941 0.5679 4.1000 0.2921E+01 0.2670E+01 0.4137E-05 0.6310E-01 0.2607E+01 0.2917E+01  0  0  0 0.2888E+01 0.0000E+00
   5.890 1.9894 34.837 0.5738 4.2000 0.2558E+01 0.2341E+01 0.3262E-05 0.5673E-01 0.2284E+01 0.2554E+01  0  0  0 0.2531E+01 0.0000E+00
   5.890 1.9361 35.761 0.5795 4.3000 0.2243E+01 0.2055E+01 0.2582E-05 0.5116E-01 0.2004E+01 0.2240E+01  0  0  0 0.2222E+01 0.0000E+00
   5.890 1.8828 36.715 0.5851 4.4000 0.1969E+01 0.1806E+01 0.2050E-05 0.4631E-01 0.1760E+01 0.1966E+01  0  0  0 0.1953E+01 0.0000E+00
   5.890 1.8295 37.702 0.5906 4.5000 0.1730E+01 0.1589E+01 0.1634E-05 0.4207E-01 0.1547E+01 0.1728E+01  0  0  0 0.1719E+01 0.0000E+00
   5.890 1.7762 38.725 0.5959 4.6000 0.1522E+01 0.1400E+01 0.1306E-05 0.3835E-01 0.1361E+01 0.1519E+01  0  0  0 0.1514E+01 0.0000E+00
   5.890 1.7229 39.787 0.6010 4.7000 0.1339E+01 0.1234E+01 0.1048E-05 0.3509E-01 0.1199E+01 0.1337E+01  0  0  0 0.1334E+01 0.0000E+00
   5.890 1.6696 40.891 0.6061 4.8000 0.1179E+01 0.1088E+01 0.8435E-06 0.3224E-01 0.1056E+01 0.1177E+01  0  0  0 0.1177E+01 0.0000E+00
   5.890 1.6164 42.042 0.6110 4.9000 0.1039E+01 0.9609E+00 0.6811E-06 0.2973E-01 0.9312E+00 0.1037E+01  0  0  0 0.1039E+01 0.0000E+00
   5.890 1.5631 43.243 0.6158 5.0000 0.9154E+00 0.8490E+00 0.5517E-06 0.2748E-01 0.8215E+00 0.9136E+00  0  0  0 0.9179E+00 0.0000E+00
   5.890 2.1439 30.524 0.4979 3.5000 0.6267E+01 0.5914E+01 0.3829E-04 0.1326E+00 0.5782E+01 0.6264E+01  0  0  0 0.6289E+01 0.0000E+00
   5.890 2.0906 31.370 0.5049 3.6000 0.5453E+01 0.5146E+01 0.2974E-04 0.1177E+00 0.5029E+01 0.5451E+01  0  0  0 0.5475E+01 0.0000E+00
   5.890 2.0373 32.239 0.5118 3.7000 0.4752E+01 0.4485E+01 0.2318E-04 0.1048E+00 0.4380E+01 0.4749E+01  0  0  0 0.4773E+01 0.0000E+00
   5.890 1.9841 33.132 0.5184 3.8000 0.4146E+01 0.3914E+01 0.1814E-04 0.9376E-01 0.3821E+01 0.4144E+01  0  0  0 0.4167E+01 0.0000E+00
   5.890 1.9308 34.052 0.5249 3.9000 0.3622E+01 0.3421E+01 0.1425E-04 0.8420E-01 0.3337E+01 0.3619E+01  0  0  0 0.3643E+01 0.0000E+00
   5.890 1.8775 35.001 0.5312 4.0000 0.3167E+01 0.2995E+01 0.1124E-04 0.7591E-01 0.2919E+01 0.3165E+01  0  0  0 0.3189E+01 0.0000E+00
   5.890 1.8242 35.982 0.5374 4.1000 0.2772E+01 0.2624E+01 0.8890E-05 0.6872E-01 0.2555E+01 0.2770E+01  0  0  0 0.2795E+01 0.0000E+00
   5.890 1.7709 36.997 0.5434 4.2000 0.2429E+01 0.2302E+01 0.7059E-05 0.6245E-01 0.2240E+01 0.2427E+01  0  0  0 0.2452E+01 0.0000E+00
   5.890 1.7176 38.049 0.5492 4.3000 0.2129E+01 0.2022E+01 0.5624E-05 0.5702E-01 0.1965E+01 0.2128E+01  0  0  0 0.2153E+01 0.0000E+00
   5.890 1.6643 39.143 0.5549 4.4000 0.1868E+01 0.1777E+01 0.4496E-05 0.5226E-01 0.1725E+01 0.1867E+01  0  0  0 0.1893E+01 0.0000E+00
   5.890 1.6110 40.281 0.5604 4.5000 0.1640E+01 0.1564E+01 0.3606E-05 0.4811E-01 0.1515E+01 0.1639E+01  0  0  0 0.1665E+01 0.0000E+00
   5.890 1.5577 41.468 0.5658 4.6000 0.1441E+01 0.1377E+01 0.2902E-05 0.4448E-01 0.1332E+01 0.1439E+01  0  0  0 0.1465E+01 0.0000E+00
   5.890 1.5045 42.710 0.5711 4.7000 0.1266E+01 0.1213E+01 0.2343E-05 0.4130E-01 0.1171E+01 0.1265E+01  0  0  0 0.1291E+01 0.0000E+00
   5.890 1.4512 44.011 0.5763 4.8000 0.1112E+01 0.1069E+01 0.1898E-05 0.3853E-01 0.1030E+01 0.1111E+01  0  0  0 0.1137E+01 0.0000E+00
   5.890 1.3979 45.377 0.5813 4.9000 0.9777E+00 0.9428E+00 0.1542E-05 0.3612E-01 0.9066E+00 0.9767E+00  0  0  0 0.1003E+01 0.0000E+00
   5.890 1.3446 46.817 0.5862 5.0000 0.8593E+00 0.8318E+00 0.1258E-05 0.3404E-01 0.7977E+00 0.8584E+00  0  0  0 0.8843E+00 0.0000E+00
   5.890 1.9148 32.346 0.4692 3.5000 0.5733E+01 0.5608E+01 0.7402E-04 0.1455E+00 0.5463E+01 0.5732E+01  0  0  0 0.5870E+01 0.0000E+00
   5.890 1.8615 33.298 0.4762 3.6000 0.4992E+01 0.4886E+01 0.5799E-04 0.1304E+00 0.4756E+01 0.4992E+01  0  0  0 0.5115E+01 0.0000E+00
   5.890 1.8082 34.280 0.4830 3.7000 0.4352E+01 0.4263E+01 0.4561E-04 0.1174E+00 0.4146E+01 0.4352E+01  0  0  0 0.4464E+01 0.0000E+00
   5.890 1.7549 35.295 0.4897 3.8000 0.3798E+01 0.3724E+01 0.3600E-04 0.1062E+00 0.3618E+01 0.3797E+01  0  0  0 0.3900E+01 0.0000E+00
   5.890 1.7016 36.347 0.4962 3.9000 0.3318E+01 0.3257E+01 0.2852E-04 0.9649E-01 0.3161E+01 0.3317E+01  0  0  0 0.3411E+01 0.0000E+00
   5.890 1.6483 37.439 0.5025 4.0000 0.2900E+01 0.2852E+01 0.2267E-04 0.8806E-01 0.2764E+01 0.2899E+01  0  0  0 0.2987E+01 0.0000E+00
   5.890 1.5950 38.575 0.5087 4.1000 0.2537E+01 0.2500E+01 0.1808E-04 0.8073E-01 0.2419E+01 0.2536E+01  0  0  0 0.2617E+01 0.0000E+00
   5.890 1.5418 39.759 0.5147 4.2000 0.2220E+01 0.2193E+01 0.1447E-04 0.7436E-01 0.2119E+01 0.2219E+01  0  0  0 0.2296E+01 0.0000E+00
   5.890 1.4885 40.995 0.5206 4.3000 0.1944E+01 0.1926E+01 0.1162E-04 0.6883E-01 0.1857E+01 0.1943E+01  0  0  0 0.2015E+01 0.0000E+00
   5.890 1.4352 42.290 0.5263 4.4000 0.1703E+01 0.1692E+01 0.9368E-05 0.6402E-01 0.1628E+01 0.1702E+01  0  0  0 0.1769E+01 0.0000E+00
   5.890 1.3819 43.650 0.5319 4.5000 0.1491E+01 0.1487E+01 0.7575E-05 0.5985E-01 0.1427E+01 0.1491E+01  0  0  0 0.1555E+01 0.0000E+00
   5.890 1.3286 45.083 0.5374 4.6000 0.1306E+01 0.1308E+01 0.6147E-05 0.5620E-01 0.1252E+01 0.1306E+01  0  0  0 0.1366E+01 0.0000E+00
   5.890 1.2753 46.595 0.5427 4.7000 0.1144E+01 0.1151E+01 0.5006E-05 0.5305E-01 0.1098E+01 0.1144E+01  0  0  0 0.1201E+01 0.0000E+00
   5.890 1.2220 48.198 0.5480 4.8000 0.1002E+01 0.1013E+01 0.4092E-05 0.5035E-01 0.9622E+00 0.1001E+01  0  0  0 0.1056E+01 0.0000E+00
   5.890 1.1687 49.902 0.5531 4.9000 0.8765E+00 0.8912E+00 0.3357E-05 0.4805E-01 0.8432E+00 0.8760E+00  0  0  0 0.9291E+00 0.0000E+00
   5.890 1.1154 51.722 0.5581 5.0000 0.7664E+00 0.7848E+00 0.2766E-05 0.4614E-01 0.7387E+00 0.7660E+00  0  0  0 0.8174E+00 0.0000E+00
   5.890 1.6750 34.652 0.4425 3.5000 0.5069E+01 0.5168E+01 0.1362E-03 0.1687E+00 0.4999E+01 0.5069E+01  0  0  0 0.5313E+01 0.0000E+00
   5.890 1.6217 35.752 0.4495 3.6000 0.4413E+01 0.4504E+01 0.1077E-03 0.1530E+00 0.4351E+01 0.4413E+01  0  0  0 0.4631E+01 0.0000E+00
   5.890 1.5684 36.895 0.4562 3.7000 0.3844E+01 0.3931E+01 0.8554E-04 0.1394E+00 0.3791E+01 0.3844E+01  0  0  0 0.4041E+01 0.0000E+00
   5.890 1.5151 38.086 0.4629 3.8000 0.3351E+01 0.3434E+01 0.6816E-04 0.1277E+00 0.3307E+01 0.3351E+01  0  0  0 0.3530E+01 0.0000E+00
   5.890 1.4618 39.329 0.4693 3.9000 0.2923E+01 0.3004E+01 0.5451E-04 0.1175E+00 0.2886E+01 0.2923E+01  0  0  0 0.3086E+01 0.0000E+00
   5.890 1.4085 40.630 0.4756 4.0000 0.2550E+01 0.2630E+01 0.4374E-04 0.1088E+00 0.2521E+01 0.2550E+01  0  0  0 0.2700E+01 0.0000E+00
   5.890 1.3552 41.997 0.4818 4.1000 0.2226E+01 0.2304E+01 0.3523E-04 0.1012E+00 0.2203E+01 0.2225E+01  0  0  0 0.2364E+01 0.0000E+00
   5.890 1.3019 43.435 0.4878 4.2000 0.1942E+01 0.2019E+01 0.2848E-04 0.9460E-01 0.1925E+01 0.1942E+01  0  0  0 0.2070E+01 0.0000E+00
   5.890 1.2487 44.955 0.4937 4.3000 0.1695E+01 0.1771E+01 0.2310E-04 0.8894E-01 0.1682E+01 0.1695E+01  0  0  0 0.1814E+01 0.0000E+00
   5.890 1.1954 46.565 0.4995 4.4000 0.1478E+01 0.1554E+01 0.1882E-04 0.8410E-01 0.1470E+01 0.1478E+01  0  0  0 0.1590E+01 0.0000E+00
   5.890 1.1421 48.278 0.5051 4.5000 0.1289E+01 0.1364E+01 0.1539E-04 0.7997E-01 0.1284E+01 0.1289E+01  0  0  0 0.1393E+01 0.0000E+00
   5.890 1.0888 50.107 0.5106 4.6000 0.1123E+01 0.1198E+01 0.1264E-04 0.7650E-01 0.1121E+01 0.1123E+01  0  0  0 0.1222E+01 0.0000E+00
   5.890 1.0355 52.070 0.5159 4.7000 0.9773E+00 0.1051E+01 0.1042E-04 0.7363E-01 0.9777E+00 0.9771E+00  0  0  0 0.1071E+01 0.0000E+00
   5.890 0.9822 54.186 0.5212 4.8000 0.8494E+00 0.9227E+00 0.8644E-05 0.7131E-01 0.8514E+00 0.8492E+00  0  0  0 0.9386E+00 0.0000E+00
   5.890 0.9289 56.481 0.5263 4.9000 0.7371E+00 0.8097E+00 0.7209E-05 0.6951E-01 0.7402E+00 0.7369E+00  0  0  0 0.8225E+00 0.0000E+00
   5.890 0.8756 58.985 0.5314 5.0000 0.6384E+00 0.7100E+00 0.6054E-05 0.6819E-01 0.6418E+00 0.6382E+00  0  0  0 0.7204E+00 0.0000E+00
