2.0,2.8,0.8,1.7
   4.730 2.6412 14.538 0.2041 0.8000 0.1595E+03 0.1837E+03 0.1511E+02 0.0000E+00 0.1686E+03 0.1595E+03  0  0  0 0.1766E+03 0.0000E+00
   4.730 2.5879 15.584 0.2239 0.9000 0.1194E+03 0.1350E+03 0.1017E+02 0.0000E+00 0.1248E+03 0.1194E+03  0  0  0 0.1310E+03 0.0000E+00
   4.730 2.5347 16.606 0.2427 1.0000 0.9102E+02 0.1013E+03 0.7082E+01 0.0000E+00 0.9419E+02 0.9102E+02  0  0  0 0.9904E+02 0.0000E+00
   4.730 2.4814 17.610 0.2607 1.1000 0.7037E+02 0.7724E+02 0.5068E+01 0.0000E+00 0.7217E+02 0.7037E+02  0  0  0 0.7605E+02 0.0000E+00
   4.730 2.4281 18.602 0.2778 1.2000 0.5507E+02 0.5975E+02 0.3711E+01 0.0000E+00 0.5604E+02 0.5507E+02  0  0  0 0.5917E+02 0.0000E+00
   4.730 2.3748 19.587 0.2941 1.3000 0.4355E+02 0.4678E+02 0.2773E+01 0.0000E+00 0.4401E+02 0.4355E+02  0  0  0 0.4656E+02 0.0000E+00
   4.730 2.3215 20.569 0.3098 1.4000 0.3475E+02 0.3701E+02 0.2108E+01 0.0000E+00 0.3490E+02 0.3475E+02  0  0  0 0.3700E+02 0.0000E+00
   4.730 2.2682 21.551 0.3247 1.5000 0.2795E+02 0.2955E+02 0.1628E+01 0.0000E+00 0.2792E+02 0.2795E+02  0  0  0 0.2966E+02 0.0000E+00
   4.730 2.2149 22.536 0.3390 1.6000 0.2265E+02 0.2378E+02 0.1275E+01 0.0000E+00 0.2251E+02 0.2265E+02  0  0  0 0.2395E+02 0.0000E+00
   4.730 2.1616 23.528 0.3527 1.7000 0.1847E+02 0.1928E+02 0.1011E+01 0.0000E+00 0.1827E+02 0.1847E+02  0  0  0 0.1948E+02 0.0000E+00
   4.730 2.4227 15.183 0.1848 0.8000 0.1256E+03 0.1522E+03 0.1396E+02 0.0000E+00 0.1383E+03 0.1256E+03  0  0  0 0.1430E+03 0.0000E+00
   4.730 2.3695 16.291 0.2032 0.9000 0.9464E+02 0.1125E+03 0.9504E+01 0.0000E+00 0.1030E+03 0.9464E+02  0  0  0 0.1067E+03 0.0000E+00
   4.730 2.3162 17.377 0.2208 1.0000 0.7255E+02 0.8482E+02 0.6688E+01 0.0000E+00 0.7813E+02 0.7255E+02  0  0  0 0.8110E+02 0.0000E+00
   4.730 2.2629 18.447 0.2376 1.1000 0.5641E+02 0.6504E+02 0.4837E+01 0.0000E+00 0.6020E+02 0.5641E+02  0  0  0 0.6261E+02 0.0000E+00
   4.730 2.2096 19.509 0.2537 1.2000 0.4439E+02 0.5057E+02 0.3580E+01 0.0000E+00 0.4699E+02 0.4439E+02  0  0  0 0.4898E+02 0.0000E+00
   4.730 2.1563 20.566 0.2692 1.3000 0.3530E+02 0.3979E+02 0.2702E+01 0.0000E+00 0.3709E+02 0.3530E+02  0  0  0 0.3874E+02 0.0000E+00
   4.730 2.1030 21.623 0.2840 1.4000 0.2832E+02 0.3163E+02 0.2076E+01 0.0000E+00 0.2956E+02 0.2832E+02  0  0  0 0.3094E+02 0.0000E+00
   4.730 2.0497 22.685 0.2982 1.5000 0.2289E+02 0.2538E+02 0.1620E+01 0.0000E+00 0.2376E+02 0.2289E+02  0  0  0 0.2492E+02 0.0000E+00
   4.730 1.9964 23.754 0.3119 1.6000 0.1864E+02 0.2052E+02 0.1281E+01 0.0000E+00 0.1924E+02 0.1864E+02  0  0  0 0.2022E+02 0.0000E+00
   4.730 1.9431 24.835 0.3251 1.7000 0.1527E+02 0.1671E+02 0.1026E+01 0.0000E+00 0.1568E+02 0.1527E+02  0  0  0 0.1652E+02 0.0000E+00
   4.730 2.1936 15.961 0.1681 0.8000 0.9909E+02 0.1260E+03 0.1320E+02 0.0000E+00 0.1128E+03 0.9909E+02  0  0  0 0.1158E+03 0.0000E+00
   4.730 2.1403 17.147 0.1852 0.9000 0.7507E+02 0.9351E+02 0.9100E+01 0.0000E+00 0.8441E+02 0.7507E+02  0  0  0 0.8681E+02 0.0000E+00
   4.730 2.0870 18.314 0.2016 1.0000 0.5784E+02 0.7084E+02 0.6479E+01 0.0000E+00 0.6436E+02 0.5784E+02  0  0  0 0.6631E+02 0.0000E+00
   4.730 2.0337 19.469 0.2174 1.1000 0.4519E+02 0.5456E+02 0.4740E+01 0.0000E+00 0.4982E+02 0.4519E+02  0  0  0 0.5143E+02 0.0000E+00
   4.730 1.9805 20.618 0.2326 1.2000 0.3572E+02 0.4261E+02 0.3547E+01 0.0000E+00 0.3906E+02 0.3572E+02  0  0  0 0.4041E+02 0.0000E+00
   4.730 1.9272 21.768 0.2472 1.3000 0.2852E+02 0.3367E+02 0.2708E+01 0.0000E+00 0.3096E+02 0.2852E+02  0  0  0 0.3210E+02 0.0000E+00
   4.730 1.8739 22.924 0.2612 1.4000 0.2298E+02 0.2688E+02 0.2103E+01 0.0000E+00 0.2477E+02 0.2298E+02  0  0  0 0.2574E+02 0.0000E+00
   4.730 1.8206 24.090 0.2747 1.5000 0.1864E+02 0.2164E+02 0.1659E+01 0.0000E+00 0.1999E+02 0.1864E+02  0  0  0 0.2081E+02 0.0000E+00
   4.730 1.7673 25.271 0.2878 1.6000 0.1523E+02 0.1757E+02 0.1326E+01 0.0000E+00 0.1624E+02 0.1523E+02  0  0  0 0.1695E+02 0.0000E+00
   4.730 1.7140 26.472 0.3004 1.7000 0.1251E+02 0.1435E+02 0.1074E+01 0.0000E+00 0.1328E+02 0.1251E+02  0  0  0 0.1389E+02 0.0000E+00
   4.730 1.9538 16.919 0.1536 0.8000 0.7734E+02 0.1036E+03 0.1279E+02 0.0000E+00 0.9083E+02 0.7734E+02  0  0  0 0.9303E+02 0.0000E+00
   4.730 1.9005 18.206 0.1695 0.9000 0.5883E+02 0.7722E+02 0.8928E+01 0.0000E+00 0.6829E+02 0.5883E+02  0  0  0 0.7001E+02 0.0000E+00
   4.730 1.8472 19.477 0.1849 1.0000 0.4550E+02 0.5871E+02 0.6436E+01 0.0000E+00 0.5228E+02 0.4550E+02  0  0  0 0.5367E+02 0.0000E+00
   4.730 1.7939 20.742 0.1996 1.1000 0.3567E+02 0.4538E+02 0.4765E+01 0.0000E+00 0.4062E+02 0.3567E+02  0  0  0 0.4178E+02 0.0000E+00
   4.730 1.7406 22.009 0.2139 1.2000 0.2829E+02 0.3555E+02 0.3609E+01 0.0000E+00 0.3194E+02 0.2829E+02  0  0  0 0.3291E+02 0.0000E+00
   4.730 1.6874 23.284 0.2277 1.3000 0.2265E+02 0.2817E+02 0.2788E+01 0.0000E+00 0.2538E+02 0.2265E+02  0  0  0 0.2622E+02 0.0000E+00
   4.730 1.6341 24.573 0.2410 1.4000 0.1829E+02 0.2258E+02 0.2191E+01 0.0000E+00 0.2038E+02 0.1829E+02  0  0  0 0.2110E+02 0.0000E+00
   4.730 1.5808 25.882 0.2538 1.5000 0.1487E+02 0.1823E+02 0.1749E+01 0.0000E+00 0.1648E+02 0.1487E+02  0  0  0 0.1710E+02 0.0000E+00
   4.730 1.5275 27.218 0.2662 1.6000 0.1217E+02 0.1484E+02 0.1415E+01 0.0000E+00 0.1342E+02 0.1217E+02  0  0  0 0.1395E+02 0.0000E+00
   4.730 1.4742 28.586 0.2782 1.7000 0.1001E+02 0.1215E+02 0.1160E+01 0.0000E+00 0.1099E+02 0.1001E+02  0  0  0 0.1146E+02 0.0000E+00
   4.730 1.7033 18.130 0.1409 0.8000 0.5900E+02 0.8434E+02 0.1267E+02 0.0000E+00 0.7166E+02 0.5900E+02  0  0  0 0.7357E+02 0.0000E+00
   4.730 1.6501 19.551 0.1557 0.9000 0.4499E+02 0.6301E+02 0.8968E+01 0.0000E+00 0.5404E+02 0.4499E+02  0  0  0 0.5550E+02 0.0000E+00
   4.730 1.5968 20.965 0.1701 1.0000 0.3487E+02 0.4803E+02 0.6551E+01 0.0000E+00 0.4148E+02 0.3487E+02  0  0  0 0.4264E+02 0.0000E+00
   4.730 1.5435 22.382 0.1840 1.1000 0.2739E+02 0.3722E+02 0.4913E+01 0.0000E+00 0.3230E+02 0.2739E+02  0  0  0 0.3326E+02 0.0000E+00
   4.730 1.4902 23.812 0.1974 1.2000 0.2175E+02 0.2923E+02 0.3770E+01 0.0000E+00 0.2546E+02 0.2175E+02  0  0  0 0.2626E+02 0.0000E+00
   4.730 1.4369 25.262 0.2104 1.3000 0.1743E+02 0.2322E+02 0.2949E+01 0.0000E+00 0.2027E+02 0.1743E+02  0  0  0 0.2096E+02 0.0000E+00
   4.730 1.3836 26.742 0.2229 1.4000 0.1407E+02 0.1863E+02 0.2349E+01 0.0000E+00 0.1628E+02 0.1407E+02  0  0  0 0.1687E+02 0.0000E+00
   4.730 1.3303 28.260 0.2351 1.5000 0.1144E+02 0.1507E+02 0.1900E+01 0.0000E+00 0.1317E+02 0.1144E+02  0  0  0 0.1368E+02 0.0000E+00
   4.730 1.2770 29.824 0.2469 1.6000 0.9352E+01 0.1228E+02 0.1558E+01 0.0000E+00 0.1073E+02 0.9352E+01  0  0  0 0.1117E+02 0.0000E+00
   4.730 1.2237 31.444 0.2584 1.7000 0.7681E+01 0.1007E+02 0.1294E+01 0.0000E+00 0.8779E+01 0.7681E+01  0  0  0 0.9171E+01 0.0000E+00
   4.730 1.4422 19.718 0.1297 0.8000 0.4353E+02 0.6774E+02 0.1285E+02 0.0000E+00 0.5490E+02 0.4353E+02  0  0  0 0.5694E+02 0.0000E+00
   4.730 1.3889 21.330 0.1435 0.9000 0.3320E+02 0.5068E+02 0.9219E+01 0.0000E+00 0.4146E+02 0.3320E+02  0  0  0 0.4298E+02 0.0000E+00
   4.730 1.3356 22.948 0.1570 1.0000 0.2573E+02 0.3868E+02 0.6830E+01 0.0000E+00 0.3185E+02 0.2573E+02  0  0  0 0.3304E+02 0.0000E+00
   4.730 1.2823 24.588 0.1700 1.1000 0.2019E+02 0.3001E+02 0.5196E+01 0.0000E+00 0.2482E+02 0.2019E+02  0  0  0 0.2577E+02 0.0000E+00
   4.730 1.2291 26.261 0.1827 1.2000 0.1601E+02 0.2360E+02 0.4042E+01 0.0000E+00 0.1956E+02 0.1601E+02  0  0  0 0.2035E+02 0.0000E+00
   4.730 1.1758 27.979 0.1949 1.3000 0.1280E+02 0.1877E+02 0.3207E+01 0.0000E+00 0.1556E+02 0.1280E+02  0  0  0 0.1623E+02 0.0000E+00
   4.730 1.1225 29.755 0.2068 1.4000 0.1031E+02 0.1507E+02 0.2589E+01 0.0000E+00 0.1248E+02 0.1031E+02  0  0  0 0.1305E+02 0.0000E+00
   4.730 1.0692 31.603 0.2183 1.5000 0.8350E+01 0.1219E+02 0.2124E+01 0.0000E+00 0.1007E+02 0.8350E+01  0  0  0 0.1057E+02 0.0000E+00
   4.730 1.0159 33.539 0.2296 1.6000 0.6793E+01 0.9940E+01 0.1767E+01 0.0000E+00 0.8173E+01 0.6793E+01  0  0  0 0.8611E+01 0.0000E+00
   4.730 0.9626 35.579 0.2405 1.7000 0.5546E+01 0.8152E+01 0.1490E+01 0.0000E+00 0.6662E+01 0.5546E+01  0  0  0 0.7051E+01 0.0000E+00
   4.730 1.1704 21.914 0.1198 0.8000 0.3064E+02 0.5365E+02 0.1330E+02 0.0000E+00 0.4034E+02 0.3064E+02  0  0  0 0.4287E+02 0.0000E+00
   4.730 1.1171 23.817 0.1327 0.9000 0.2330E+02 0.4012E+02 0.9694E+01 0.0000E+00 0.3043E+02 0.2330E+02  0  0  0 0.3229E+02 0.0000E+00
   4.730 1.0639 25.758 0.1454 1.0000 0.1798E+02 0.3062E+02 0.7289E+01 0.0000E+00 0.2333E+02 0.1798E+02  0  0  0 0.2477E+02 0.0000E+00
   4.730 1.0106 27.756 0.1576 1.1000 0.1404E+02 0.2375E+02 0.5628E+01 0.0000E+00 0.1812E+02 0.1404E+02  0  0  0 0.1927E+02 0.0000E+00
   4.730 0.9573 29.832 0.1695 1.2000 0.1107E+02 0.1867E+02 0.4444E+01 0.0000E+00 0.1422E+02 0.1107E+02  0  0  0 0.1517E+02 0.0000E+00
   4.730 0.9040 32.007 0.1811 1.3000 0.8785E+01 0.1484E+02 0.3580E+01 0.0000E+00 0.1126E+02 0.8785E+01  0  0  0 0.1205E+02 0.0000E+00
   4.730 0.8507 34.306 0.1923 1.4000 0.7012E+01 0.1191E+02 0.2936E+01 0.0000E+00 0.8970E+01 0.7012E+01  0  0  0 0.9649E+01 0.0000E+00
   4.730 0.7974 36.759 0.2033 1.5000 0.5619E+01 0.9629E+01 0.2447E+01 0.0000E+00 0.7183E+01 0.5619E+01  0  0  0 0.7774E+01 0.0000E+00
   4.730 0.7441 39.402 0.2139 1.6000 0.4513E+01 0.7841E+01 0.2069E+01 0.0000E+00 0.5773E+01 0.4513E+01  0  0  0 0.6294E+01 0.0000E+00
   4.730 0.6908 42.279 0.2243 1.7000 0.3629E+01 0.6423E+01 0.1773E+01 0.0000E+00 0.4650E+01 0.3629E+01  0  0  0 0.5115E+01 0.0000E+00
   4.730 0.8880 25.208 0.1110 0.8000 0.2008E+02 0.4185E+02 0.1405E+02 0.0000E+00 0.2780E+02 0.2008E+02  0  0  0 0.3109E+02 0.0000E+00
   4.730 0.8347 27.622 0.1231 0.9000 0.1511E+02 0.3123E+02 0.1040E+02 0.0000E+00 0.2083E+02 0.1511E+02  0  0  0 0.2328E+02 0.0000E+00
   4.730 0.7814 30.149 0.1350 1.0000 0.1153E+02 0.2378E+02 0.7947E+01 0.0000E+00 0.1584E+02 0.1153E+02  0  0  0 0.1773E+02 0.0000E+00
   4.730 0.7281 32.827 0.1465 1.1000 0.8881E+01 0.1841E+02 0.6233E+01 0.0000E+00 0.1218E+02 0.8881E+01  0  0  0 0.1370E+02 0.0000E+00
   4.730 0.6748 35.705 0.1577 1.2000 0.6886E+01 0.1444E+02 0.4999E+01 0.0000E+00 0.9438E+01 0.6886E+01  0  0  0 0.1069E+02 0.0000E+00
   4.730 0.6216 38.839 0.1686 1.3000 0.5361E+01 0.1145E+02 0.4089E+01 0.0000E+00 0.7356E+01 0.5361E+01  0  0  0 0.8406E+01 0.0000E+00
   4.730 0.5683 42.305 0.1793 1.4000 0.4180E+01 0.9154E+01 0.3403E+01 0.0000E+00 0.5751E+01 0.4180E+01  0  0  0 0.6651E+01 0.0000E+00
   4.730 0.5150 46.203 0.1896 1.5000 0.3255E+01 0.7373E+01 0.2875E+01 0.0000E+00 0.4498E+01 0.3255E+01  0  0  0 0.5282E+01 0.0000E+00
   4.730 0.4617 50.679 0.1998 1.6000 0.2525E+01 0.5970E+01 0.2460E+01 0.0000E+00 0.3510E+01 0.2525E+01  0  0  0 0.4202E+01 0.0000E+00
   4.730 0.4084 55.945 0.2096 1.7000 0.1945E+01 0.4849E+01 0.2126E+01 0.0000E+00 0.2723E+01 0.1945E+01  0  0  0 0.3340E+01 0.0000E+00
   4.730 0.5949 30.924 0.1031 0.8000 0.1157E+02 0.3207E+02 0.1504E+02 0.0000E+00 0.1703E+02 0.1157E+02  0  0  0 0.2127E+02 0.0000E+00
   4.730 0.5416 34.478 0.1145 0.9000 0.8477E+01 0.2379E+02 0.1130E+02 0.0000E+00 0.1249E+02 0.8477E+01  0  0  0 0.1568E+02 0.0000E+00
   4.730 0.4883 38.415 0.1256 1.0000 0.6262E+01 0.1799E+02 0.8741E+01 0.0000E+00 0.9250E+01 0.6262E+01  0  0  0 0.1174E+02 0.0000E+00
   4.730 0.4351 42.885 0.1365 1.1000 0.4637E+01 0.1381E+02 0.6927E+01 0.0000E+00 0.6879E+01 0.4637E+01  0  0  0 0.8877E+01 0.0000E+00
   4.730 0.3818 48.109 0.1471 1.2000 0.3423E+01 0.1070E+02 0.5591E+01 0.0000E+00 0.5111E+01 0.3423E+01  0  0  0 0.6747E+01 0.0000E+00
   4.730 0.3285 54.435 0.1574 1.3000 0.2503E+01 0.8338E+01 0.4569E+01 0.0000E+00 0.3769E+01 0.2503E+01  0  0  0 0.5127E+01 0.0000E+00
   4.730 0.2752 62.471 0.1675 1.4000 0.1798E+01 0.6478E+01 0.3746E+01 0.0000E+00 0.2732E+01 0.1798E+01  0  0  0 0.3866E+01 0.0000E+00
   4.730 0.2219 73.417 0.1773 1.5000 0.1252E+01 0.4936E+01 0.3030E+01 0.0000E+00 0.1906E+01 0.1252E+01  0  0  0 0.2855E+01 0.0000E+00
   4.730 0.1686 90.181 0.1869 1.6000 0.8278E+00 0.3000E+01 0.0000E+00 0.0000E+00 0.4876E+23 0.8278E+00  0  0  0 0.1999E+01 0.0000E+00
   4.730 0.1153123.948 0.1963 1.7000 0.4955E+00 0.2108E+01 0.1255E+01 0.0000E+00 0.8532E+00 0.4955E+00  0  0  0 0.1187E+01 0.0000E+00
