1.2,2.4,2.7,3.5
   4.730 2.9929 25.225 0.8283 2.7000 0.3161E+01 0.2258E+01 0.3695E+00 0.0000E+00 0.1888E+01 0.3161E+01  0  0  0 0.2736E+01 0.0000E+00
   4.730 2.9397 25.932 0.8334 2.8000 0.2581E+01 0.1846E+01 0.3038E+00 0.0000E+00 0.1542E+01 0.2581E+01  0  0  0 0.2236E+01 0.0000E+00
   4.730 2.8864 26.646 0.8382 2.9000 0.2117E+01 0.1516E+01 0.2510E+00 0.0000E+00 0.1265E+01 0.2117E+01  0  0  0 0.1836E+01 0.0000E+00
   4.730 2.8331 27.369 0.8428 3.0000 0.1744E+01 0.1251E+01 0.2083E+00 0.0000E+00 0.1042E+01 0.1744E+01  0  0  0 0.1514E+01 0.0000E+00
   4.730 2.7798 28.101 0.8471 3.1000 0.1442E+01 0.1036E+01 0.1736E+00 0.0000E+00 0.8623E+00 0.1442E+01  0  0  0 0.1253E+01 0.0000E+00
   4.730 2.7265 28.844 0.8511 3.2000 0.1197E+01 0.8612E+00 0.1453E+00 0.0000E+00 0.7159E+00 0.1197E+01  0  0  0 0.1042E+01 0.0000E+00
   4.730 2.6732 29.599 0.8550 3.3000 0.9973E+00 0.7185E+00 0.1221E+00 0.0000E+00 0.5965E+00 0.9973E+00  0  0  0 0.8687E+00 0.0000E+00
   4.730 2.6199 30.366 0.8587 3.4000 0.8334E+00 0.6014E+00 0.1029E+00 0.0000E+00 0.4985E+00 0.8334E+00  0  0  0 0.7269E+00 0.0000E+00
   4.730 2.5666 31.146 0.8621 3.5000 0.6986E+00 0.5050E+00 0.8705E-01 0.0000E+00 0.4180E+00 0.6986E+00  0  0  0 0.6101E+00 0.0000E+00
   4.730 2.8597 25.816 0.7693 2.7000 0.2497E+01 0.2165E+01 0.2640E+00 0.0000E+00 0.1901E+01 0.2497E+01  0  0  0 0.2395E+01 0.0000E+00
   4.730 2.8064 26.551 0.7757 2.8000 0.2068E+01 0.1788E+01 0.2176E+00 0.0000E+00 0.1570E+01 0.2068E+01  0  0  0 0.1982E+01 0.0000E+00
   4.730 2.7531 27.296 0.7817 2.9000 0.1721E+01 0.1484E+01 0.1803E+00 0.0000E+00 0.1303E+01 0.1721E+01  0  0  0 0.1647E+01 0.0000E+00
   4.730 2.6999 28.050 0.7875 3.0000 0.1437E+01 0.1236E+01 0.1500E+00 0.0000E+00 0.1086E+01 0.1437E+01  0  0  0 0.1374E+01 0.0000E+00
   4.730 2.6466 28.815 0.7929 3.1000 0.1205E+01 0.1034E+01 0.1254E+00 0.0000E+00 0.9083E+00 0.1205E+01  0  0  0 0.1151E+01 0.0000E+00
   4.730 2.5933 29.592 0.7981 3.2000 0.1013E+01 0.8675E+00 0.1052E+00 0.0000E+00 0.7623E+00 0.1013E+01  0  0  0 0.9672E+00 0.0000E+00
   4.730 2.5400 30.383 0.8030 3.3000 0.8550E+00 0.7305E+00 0.8861E-01 0.0000E+00 0.6419E+00 0.8550E+00  0  0  0 0.8155E+00 0.0000E+00
   4.730 2.4867 31.189 0.8077 3.4000 0.7237E+00 0.6167E+00 0.7460E-01 0.0000E+00 0.5421E+00 0.7237E+00  0  0  0 0.6894E+00 0.0000E+00
   4.730 2.4334 32.010 0.8121 3.5000 0.6142E+00 0.5227E+00 0.6356E-01 0.0000E+00 0.4592E+00 0.6142E+00  0  0  0 0.5851E+00 0.0000E+00
   4.730 2.7158 26.503 0.7143 2.7000 0.2875E+01 0.2429E+01 0.2071E+00 0.0000E+00 0.2222E+01 0.2875E+01  0  0  0 0.2718E+01 0.0000E+00
   4.730 2.6625 27.273 0.7217 2.8000 0.2405E+01 0.2026E+01 0.1713E+00 0.0000E+00 0.1855E+01 0.2405E+01  0  0  0 0.2271E+01 0.0000E+00
   4.730 2.6093 28.053 0.7287 2.9000 0.2019E+01 0.1696E+01 0.1424E+00 0.0000E+00 0.1554E+01 0.2019E+01  0  0  0 0.1905E+01 0.0000E+00
   4.730 2.5560 28.845 0.7353 3.0000 0.1701E+01 0.1426E+01 0.1190E+00 0.0000E+00 0.1307E+01 0.1701E+01  0  0  0 0.1603E+01 0.0000E+00
   4.730 2.5027 29.650 0.7417 3.1000 0.1438E+01 0.1202E+01 0.9980E-01 0.0000E+00 0.1103E+01 0.1438E+01  0  0  0 0.1354E+01 0.0000E+00
   4.730 2.4494 30.470 0.7477 3.2000 0.1219E+01 0.1017E+01 0.8408E-01 0.0000E+00 0.9331E+00 0.1219E+01  0  0  0 0.1147E+01 0.0000E+00
   4.730 2.3961 31.305 0.7535 3.3000 0.1036E+01 0.8631E+00 0.7112E-01 0.0000E+00 0.7920E+00 0.1036E+01  0  0  0 0.9747E+00 0.0000E+00
   4.730 2.3428 32.157 0.7590 3.4000 0.8829E+00 0.7344E+00 0.6038E-01 0.0000E+00 0.6741E+00 0.8829E+00  0  0  0 0.8304E+00 0.0000E+00
   4.730 2.2895 33.028 0.7642 3.5000 0.7543E+00 0.6265E+00 0.5146E-01 0.0000E+00 0.5751E+00 0.7543E+00  0  0  0 0.7093E+00 0.0000E+00
   4.730 2.5613 27.306 0.6634 2.7000 0.5176E+01 0.3938E+01 0.1741E+00 0.0000E+00 0.3763E+01 0.5176E+01  0  0  0 0.4634E+01 0.0000E+00
   4.730 2.5080 28.117 0.6715 2.8000 0.4329E+01 0.3291E+01 0.1447E+00 0.0000E+00 0.3146E+01 0.4329E+01  0  0  0 0.3876E+01 0.0000E+00
   4.730 2.4547 28.941 0.6792 2.9000 0.3631E+01 0.2760E+01 0.1209E+00 0.0000E+00 0.2639E+01 0.3631E+01  0  0  0 0.3252E+01 0.0000E+00
   4.730 2.4014 29.779 0.6865 3.0000 0.3056E+01 0.2321E+01 0.1010E+00 0.0000E+00 0.2220E+01 0.3056E+01  0  0  0 0.2737E+01 0.0000E+00
   4.730 2.3481 30.633 0.6936 3.1000 0.2578E+01 0.1958E+01 0.8562E-01 0.0000E+00 0.1873E+01 0.2578E+01  0  0  0 0.2311E+01 0.0000E+00
   4.730 2.2949 31.505 0.7003 3.2000 0.2181E+01 0.1657E+01 0.7252E-01 0.0000E+00 0.1584E+01 0.2181E+01  0  0  0 0.1956E+01 0.0000E+00
   4.730 2.2416 32.395 0.7067 3.3000 0.1850E+01 0.1405E+01 0.6168E-01 0.0000E+00 0.1344E+01 0.1850E+01  0  0  0 0.1660E+01 0.0000E+00
   4.730 2.1883 33.305 0.7128 3.4000 0.1572E+01 0.1195E+01 0.5268E-01 0.0000E+00 0.1142E+01 0.1572E+01  0  0  0 0.1412E+01 0.0000E+00
   4.730 2.1350 34.238 0.7187 3.5000 0.1339E+01 0.1018E+01 0.4516E-01 0.0000E+00 0.9728E+00 0.1339E+01  0  0  0 0.1203E+01 0.0000E+00
   4.730 2.3961 28.251 0.6165 2.7000 0.3593E+01 0.3245E+01 0.1558E+00 0.0000E+00 0.3089E+01 0.3593E+01  0  0  0 0.3523E+01 0.0000E+00
   4.730 2.3428 29.113 0.6250 2.8000 0.3025E+01 0.2726E+01 0.1302E+00 0.0000E+00 0.2596E+01 0.3025E+01  0  0  0 0.2964E+01 0.0000E+00
   4.730 2.2895 29.991 0.6332 2.9000 0.2554E+01 0.2298E+01 0.1095E+00 0.0000E+00 0.2189E+01 0.2554E+01  0  0  0 0.2502E+01 0.0000E+00
   4.730 2.2362 30.886 0.6411 3.0000 0.2163E+01 0.1944E+01 0.9250E-01 0.0000E+00 0.1851E+01 0.2163E+01  0  0  0 0.2118E+01 0.0000E+00
   4.730 2.1830 31.801 0.6486 3.1000 0.1837E+01 0.1648E+01 0.7816E-01 0.0000E+00 0.1570E+01 0.1837E+01  0  0  0 0.1797E+01 0.0000E+00
   4.730 2.1297 32.737 0.6558 3.2000 0.1563E+01 0.1402E+01 0.6697E-01 0.0000E+00 0.1335E+01 0.1563E+01  0  0  0 0.1530E+01 0.0000E+00
   4.730 2.0764 33.696 0.6627 3.3000 0.1334E+01 0.1195E+01 0.5737E-01 0.0000E+00 0.1137E+01 0.1334E+01  0  0  0 0.1306E+01 0.0000E+00
   4.730 2.0231 34.680 0.6693 3.4000 0.1141E+01 0.1021E+01 0.4935E-01 0.0000E+00 0.9716E+00 0.1141E+01  0  0  0 0.1117E+01 0.0000E+00
   4.730 1.9698 35.691 0.6757 3.5000 0.9772E+00 0.8742E+00 0.4262E-01 0.0000E+00 0.8315E+00 0.9772E+00  0  0  0 0.9570E+00 0.0000E+00
   4.730 2.2202 29.372 0.5733 2.7000 0.4853E+01 0.4103E+01 0.1470E+00 0.0000E+00 0.3956E+01 0.4853E+01  0  0  0 0.4591E+01 0.0000E+00
   4.730 2.1670 30.298 0.5822 2.8000 0.4091E+01 0.3456E+01 0.1239E+00 0.0000E+00 0.3332E+01 0.4091E+01  0  0  0 0.3870E+01 0.0000E+00
   4.730 2.1137 31.244 0.5907 2.9000 0.3459E+01 0.2919E+01 0.1049E+00 0.0000E+00 0.2814E+01 0.3459E+01  0  0  0 0.3272E+01 0.0000E+00
   4.730 2.0604 32.212 0.5988 3.0000 0.2932E+01 0.2473E+01 0.8932E-01 0.0000E+00 0.2384E+01 0.2932E+01  0  0  0 0.2774E+01 0.0000E+00
   4.730 2.0071 33.204 0.6067 3.1000 0.2492E+01 0.2101E+01 0.7644E-01 0.0000E+00 0.2025E+01 0.2492E+01  0  0  0 0.2359E+01 0.0000E+00
   4.730 1.9538 34.222 0.6142 3.2000 0.2122E+01 0.1789E+01 0.6573E-01 0.0000E+00 0.1723E+01 0.2122E+01  0  0  0 0.2010E+01 0.0000E+00
   4.730 1.9005 35.269 0.6215 3.3000 0.1812E+01 0.1527E+01 0.5678E-01 0.0000E+00 0.1470E+01 0.1812E+01  0  0  0 0.1717E+01 0.0000E+00
   4.730 1.8472 36.348 0.6285 3.4000 0.1549E+01 0.1306E+01 0.4927E-01 0.0000E+00 0.1257E+01 0.1549E+01  0  0  0 0.1469E+01 0.0000E+00
   4.730 1.7939 37.462 0.6352 3.5000 0.1327E+01 0.1119E+01 0.4294E-01 0.0000E+00 0.1076E+01 0.1327E+01  0  0  0 0.1260E+01 0.0000E+00
   4.730 2.0337 30.721 0.5336 2.7000 0.3671E+01 0.3499E+01 0.1458E+00 0.0000E+00 0.3354E+01 0.3671E+01  0  0  0 0.3705E+01 0.0000E+00
   4.730 1.9805 31.729 0.5427 2.8000 0.3106E+01 0.2958E+01 0.1239E+00 0.0000E+00 0.2834E+01 0.3106E+01  0  0  0 0.3134E+01 0.0000E+00
   4.730 1.9272 32.762 0.5514 2.9000 0.2635E+01 0.2507E+01 0.1059E+00 0.0000E+00 0.2401E+01 0.2635E+01  0  0  0 0.2659E+01 0.0000E+00
   4.730 1.8739 33.823 0.5597 3.0000 0.2241E+01 0.2131E+01 0.9099E-01 0.0000E+00 0.2040E+01 0.2241E+01  0  0  0 0.2262E+01 0.0000E+00
   4.730 1.8206 34.915 0.5678 3.1000 0.1910E+01 0.1816E+01 0.7857E-01 0.0000E+00 0.1737E+01 0.1910E+01  0  0  0 0.1929E+01 0.0000E+00
   4.730 1.7673 36.041 0.5756 3.2000 0.1632E+01 0.1551E+01 0.6823E-01 0.0000E+00 0.1482E+01 0.1632E+01  0  0  0 0.1648E+01 0.0000E+00
   4.730 1.7140 37.205 0.5831 3.3000 0.1396E+01 0.1327E+01 0.5952E-01 0.0000E+00 0.1268E+01 0.1396E+01  0  0  0 0.1412E+01 0.0000E+00
   4.730 1.6607 38.410 0.5903 3.4000 0.1197E+01 0.1138E+01 0.5218E-01 0.0000E+00 0.1086E+01 0.1197E+01  0  0  0 0.1211E+01 0.0000E+00
   4.730 1.6074 39.661 0.5973 3.5000 0.1027E+01 0.9773E+00 0.4596E-01 0.0000E+00 0.9313E+00 0.1027E+01  0  0  0 0.1041E+01 0.0000E+00
   4.730 1.8366 32.372 0.4973 2.7000 0.3451E+01 0.3356E+01 0.1514E+00 0.0000E+00 0.3205E+01 0.3451E+01  0  0  0 0.3519E+01 0.0000E+00
   4.730 1.7833 33.486 0.5064 2.8000 0.2925E+01 0.2843E+01 0.1300E+00 0.0000E+00 0.2713E+01 0.2925E+01  0  0  0 0.2983E+01 0.0000E+00
   4.730 1.7300 34.634 0.5151 2.9000 0.2484E+01 0.2414E+01 0.1122E+00 0.0000E+00 0.2302E+01 0.2484E+01  0  0  0 0.2535E+01 0.0000E+00
   4.730 1.6767 35.820 0.5236 3.0000 0.2115E+01 0.2056E+01 0.9742E-01 0.0000E+00 0.1958E+01 0.2115E+01  0  0  0 0.2160E+01 0.0000E+00
   4.730 1.6234 37.047 0.5318 3.1000 0.1804E+01 0.1754E+01 0.8504E-01 0.0000E+00 0.1669E+01 0.1804E+01  0  0  0 0.1844E+01 0.0000E+00
   4.730 1.5701 38.320 0.5397 3.2000 0.1541E+01 0.1500E+01 0.7464E-01 0.0000E+00 0.1425E+01 0.1541E+01  0  0  0 0.1577E+01 0.0000E+00
   4.730 1.5168 39.644 0.5473 3.3000 0.1319E+01 0.1285E+01 0.6586E-01 0.0000E+00 0.1219E+01 0.1319E+01  0  0  0 0.1352E+01 0.0000E+00
   4.730 1.4635 41.025 0.5547 3.4000 0.1130E+01 0.1102E+01 0.5842E-01 0.0000E+00 0.1044E+01 0.1130E+01  0  0  0 0.1160E+01 0.0000E+00
   4.730 1.4102 42.468 0.5618 3.5000 0.9698E+00 0.9474E+00 0.5210E-01 0.0000E+00 0.8953E+00 0.9698E+00  0  0  0 0.9971E+00 0.0000E+00
   4.730 1.6287 34.435 0.4639 2.7000 0.3051E+01 0.3102E+01 0.1643E+00 0.0000E+00 0.2938E+01 0.3051E+01  0  0  0 0.3188E+01 0.0000E+00
   4.730 1.5754 35.696 0.4730 2.8000 0.2591E+01 0.2634E+01 0.1426E+00 0.0000E+00 0.2491E+01 0.2591E+01  0  0  0 0.2709E+01 0.0000E+00
   4.730 1.5222 37.003 0.4817 2.9000 0.2204E+01 0.2242E+01 0.1245E+00 0.0000E+00 0.2117E+01 0.2204E+01  0  0  0 0.2307E+01 0.0000E+00
   4.730 1.4689 38.362 0.4902 3.0000 0.1879E+01 0.1912E+01 0.1094E+00 0.0000E+00 0.1803E+01 0.1879E+01  0  0  0 0.1968E+01 0.0000E+00
   4.730 1.4156 39.780 0.4984 3.1000 0.1604E+01 0.1634E+01 0.9669E-01 0.0000E+00 0.1538E+01 0.1604E+01  0  0  0 0.1682E+01 0.0000E+00
   4.730 1.3623 41.263 0.5064 3.2000 0.1371E+01 0.1399E+01 0.8595E-01 0.0000E+00 0.1313E+01 0.1371E+01  0  0  0 0.1441E+01 0.0000E+00
   4.730 1.3090 42.819 0.5140 3.3000 0.1173E+01 0.1200E+01 0.7686E-01 0.0000E+00 0.1123E+01 0.1173E+01  0  0  0 0.1235E+01 0.0000E+00
   4.730 1.2557 44.457 0.5215 3.4000 0.1004E+01 0.1030E+01 0.6916E-01 0.0000E+00 0.9611E+00 0.1004E+01  0  0  0 0.1060E+01 0.0000E+00
   4.730 1.2024 46.187 0.5287 3.5000 0.8606E+00 0.8857E+00 0.6258E-01 0.0000E+00 0.8231E+00 0.8606E+00  0  0  0 0.9112E+00 0.0000E+00
   4.730 1.4102 37.097 0.4334 2.7000 0.2596E+01 0.2779E+01 0.1862E+00 0.0000E+00 0.2593E+01 0.2596E+01  0  0  0 0.2790E+01 0.0000E+00
   4.730 1.3570 38.567 0.4424 2.8000 0.2205E+01 0.2364E+01 0.1637E+00 0.0000E+00 0.2200E+01 0.2205E+01  0  0  0 0.2374E+01 0.0000E+00
   4.730 1.3037 40.106 0.4510 2.9000 0.1877E+01 0.2015E+01 0.1448E+00 0.0000E+00 0.1870E+01 0.1877E+01  0  0  0 0.2023E+01 0.0000E+00
   4.730 1.2504 41.723 0.4594 3.0000 0.1599E+01 0.1721E+01 0.1290E+00 0.0000E+00 0.1592E+01 0.1599E+01  0  0  0 0.1728E+01 0.0000E+00
   4.730 1.1971 43.427 0.4676 3.1000 0.1363E+01 0.1472E+01 0.1157E+00 0.0000E+00 0.1357E+01 0.1363E+01  0  0  0 0.1477E+01 0.0000E+00
   4.730 1.1438 45.230 0.4755 3.2000 0.1163E+01 0.1261E+01 0.1045E+00 0.0000E+00 0.1157E+01 0.1163E+01  0  0  0 0.1264E+01 0.0000E+00
   4.730 1.0905 47.147 0.4832 3.3000 0.9925E+00 0.1082E+01 0.9491E-01 0.0000E+00 0.9868E+00 0.9925E+00  0  0  0 0.1083E+01 0.0000E+00
   4.730 1.0372 49.195 0.4906 3.4000 0.8470E+00 0.9286E+00 0.8682E-01 0.0000E+00 0.8418E+00 0.8470E+00  0  0  0 0.9284E+00 0.0000E+00
   4.730 0.9839 51.393 0.4979 3.5000 0.7225E+00 0.7978E+00 0.7998E-01 0.0000E+00 0.7178E+00 0.7225E+00  0  0  0 0.7962E+00 0.0000E+00
   4.730 1.1811 40.681 0.4054 2.7000 0.2142E+01 0.2439E+01 0.2208E+00 0.0000E+00 0.2218E+01 0.2142E+01  0  0  0 0.2382E+01 0.0000E+00
   4.730 1.1278 42.476 0.4142 2.8000 0.1815E+01 0.2076E+01 0.1969E+00 0.0000E+00 0.1879E+01 0.1815E+01  0  0  0 0.2025E+01 0.0000E+00
   4.730 1.0745 44.381 0.4228 2.9000 0.1540E+01 0.1770E+01 0.1770E+00 0.0000E+00 0.1593E+01 0.1540E+01  0  0  0 0.1724E+01 0.0000E+00
   4.730 1.0212 46.412 0.4311 3.0000 0.1306E+01 0.1512E+01 0.1602E+00 0.0000E+00 0.1351E+01 0.1306E+01  0  0  0 0.1469E+01 0.0000E+00
   4.730 0.9679 48.589 0.4391 3.1000 0.1108E+01 0.1293E+01 0.1462E+00 0.0000E+00 0.1146E+01 0.1108E+01  0  0  0 0.1253E+01 0.0000E+00
   4.730 0.9147 50.937 0.4469 3.2000 0.9391E+00 0.1106E+01 0.1344E+00 0.0000E+00 0.9720E+00 0.9391E+00  0  0  0 0.1069E+01 0.0000E+00
   4.730 0.8614 53.486 0.4546 3.3000 0.7953E+00 0.9477E+00 0.1245E+00 0.0000E+00 0.8232E+00 0.7953E+00  0  0  0 0.9126E+00 0.0000E+00
   4.730 0.8081 56.274 0.4620 3.4000 0.6724E+00 0.8121E+00 0.1163E+00 0.0000E+00 0.6958E+00 0.6724E+00  0  0  0 0.7789E+00 0.0000E+00
   4.730 0.7548 59.348 0.4692 3.5000 0.5673E+00 0.6960E+00 0.1096E+00 0.0000E+00 0.5865E+00 0.5673E+00  0  0  0 0.6645E+00 0.0000E+00
   4.730 0.9413 45.830 0.3798 2.7000 0.1673E+01 0.2084E+01 0.2746E+00 0.0000E+00 0.1809E+01 0.1673E+01  0  0  0 0.1954E+01 0.0000E+00
   4.730 0.8880 48.188 0.3884 2.8000 0.1408E+01 0.1773E+01 0.2494E+00 0.0000E+00 0.1523E+01 0.1408E+01  0  0  0 0.1656E+01 0.0000E+00
   4.730 0.8347 50.747 0.3967 2.9000 0.1184E+01 0.1510E+01 0.2284E+00 0.0000E+00 0.1282E+01 0.1184E+01  0  0  0 0.1404E+01 0.0000E+00
   4.730 0.7814 53.546 0.4049 3.0000 0.9935E+00 0.1288E+01 0.2109E+00 0.0000E+00 0.1077E+01 0.9935E+00  0  0  0 0.1190E+01 0.0000E+00
   4.730 0.7281 56.636 0.4128 3.1000 0.8321E+00 0.1099E+01 0.1965E+00 0.0000E+00 0.9028E+00 0.8321E+00  0  0  0 0.1009E+01 0.0000E+00
   4.730 0.6748 60.082 0.4205 3.2000 0.6949E+00 0.9387E+00 0.1847E+00 0.0000E+00 0.7539E+00 0.6949E+00  0  0  0 0.8553E+00 0.0000E+00
   4.730 0.6216 63.974 0.4280 3.3000 0.5780E+00 0.8011E+00 0.1752E+00 0.0000E+00 0.6260E+00 0.5780E+00  0  0  0 0.7243E+00 0.0000E+00
   4.730 0.5683 68.436 0.4354 3.4000 0.4782E+00 0.6821E+00 0.1676E+00 0.0000E+00 0.5145E+00 0.4782E+00  0  0  0 0.6126E+00 0.0000E+00
   4.730 0.5150 73.646 0.4425 3.5000 0.3931E+00 0.5759E+00 0.1614E+00 0.0000E+00 0.4145E+00 0.3931E+00  0  0  0 0.5173E+00 0.0000E+00
   4.730 0.6908 54.066 0.3562 2.7000 0.1194E+01 0.1725E+01 0.3606E+00 0.0000E+00 0.1365E+01 0.1194E+01  0  0  0 0.1514E+01 0.0000E+00
   4.730 0.6375 57.605 0.3646 2.8000 0.9870E+00 0.1465E+01 0.3343E+00 0.0000E+00 0.1131E+01 0.9870E+00  0  0  0 0.1273E+01 0.0000E+00
   4.730 0.5843 61.620 0.3728 2.9000 0.8125E+00 0.1244E+01 0.3127E+00 0.0000E+00 0.9318E+00 0.8125E+00  0  0  0 0.1069E+01 0.0000E+00
   4.730 0.5310 66.250 0.3807 3.0000 0.6649E+00 0.1056E+01 0.2950E+00 0.0000E+00 0.7613E+00 0.6649E+00  0  0  0 0.8966E+00 0.0000E+00
   4.730 0.4777 71.701 0.3885 3.1000 0.5400E+00 0.8921E+00 0.2804E+00 0.0000E+00 0.6117E+00 0.5400E+00  0  0  0 0.7506E+00 0.0000E+00
   4.730 0.4244 78.291 0.3961 3.2000 0.4341E+00 0.7358E+00 0.2668E+00 0.0000E+00 0.4690E+00 0.4341E+00  0  0  0 0.6265E+00 0.0000E+00
   4.730 0.3711 86.561 0.4034 3.3000 0.3442E+00 0.4601E+00 0.2279E+00 0.0000E+00 0.2322E+00 0.3442E+00  0  0  0 0.5208E+00 0.0000E+00
   4.730 0.3178 97.521 0.4106 3.4000 0.2679E+00 0.6993E+00 0.2495E+00 0.0000E+00 0.4499E+00 0.2679E+00  0  0  0 0.4299E+00 0.0000E+00
   4.730 0.2645113.495 0.4177 3.5000 0.2030E+00 0.5507E+00 0.2450E+00 0.0000E+00 0.3057E+00 0.2030E+00  0  0  0 0.3505E+00 0.0000E+00
