2.2,3.0,1.2,2.5
   5.890 3.1404 14.633 0.2326 1.2000 0.7854E+02 0.8715E+02 0.4803E+01 0.0000E+00 0.8235E+02 0.7854E+02  0  0  0 0.8543E+02 0.0000E+00
   5.890 3.0872 15.366 0.2472 1.3000 0.6337E+02 0.6949E+02 0.3600E+01 0.0000E+00 0.6589E+02 0.6337E+02  0  0  0 0.6851E+02 0.0000E+00
   5.890 3.0339 16.090 0.2612 1.4000 0.5159E+02 0.5598E+02 0.2745E+01 0.0000E+00 0.5324E+02 0.5159E+02  0  0  0 0.5548E+02 0.0000E+00
   5.890 2.9806 16.808 0.2747 1.5000 0.4233E+02 0.4551E+02 0.2125E+01 0.0000E+00 0.4338E+02 0.4233E+02  0  0  0 0.4531E+02 0.0000E+00
   5.890 2.9273 17.522 0.2878 1.6000 0.3498E+02 0.3729E+02 0.1667E+01 0.0000E+00 0.3562E+02 0.3498E+02  0  0  0 0.3728E+02 0.0000E+00
   5.890 2.8740 18.234 0.3004 1.7000 0.2908E+02 0.3077E+02 0.1324E+01 0.0000E+00 0.2944E+02 0.2908E+02  0  0  0 0.3088E+02 0.0000E+00
   5.890 2.8207 18.945 0.3125 1.8000 0.2432E+02 0.2555E+02 0.1063E+01 0.0000E+00 0.2449E+02 0.2432E+02  0  0  0 0.2573E+02 0.0000E+00
   5.890 2.7674 19.658 0.3242 1.9000 0.2043E+02 0.2134E+02 0.8616E+00 0.0000E+00 0.2047E+02 0.2043E+02  0  0  0 0.2156E+02 0.0000E+00
   5.890 2.7141 20.373 0.3356 2.0000 0.1725E+02 0.1791E+02 0.7050E+00 0.0000E+00 0.1721E+02 0.1725E+02  0  0  0 0.1815E+02 0.0000E+00
   5.890 2.6608 21.092 0.3466 2.1000 0.1462E+02 0.1511E+02 0.5817E+00 0.0000E+00 0.1453E+02 0.1462E+02  0  0  0 0.1535E+02 0.0000E+00
   5.890 2.6075 21.817 0.3572 2.2000 0.1244E+02 0.1280E+02 0.4838E+00 0.0000E+00 0.1231E+02 0.1244E+02  0  0  0 0.1303E+02 0.0000E+00
   5.890 2.5543 22.548 0.3674 2.3000 0.1063E+02 0.1088E+02 0.4053E+00 0.0000E+00 0.1048E+02 0.1063E+02  0  0  0 0.1111E+02 0.0000E+00
   5.890 2.5010 23.287 0.3774 2.4000 0.9106E+01 0.9290E+01 0.3418E+00 0.0000E+00 0.8948E+01 0.9106E+01  0  0  0 0.9501E+01 0.0000E+00
   5.890 2.4477 24.035 0.3870 2.5000 0.7825E+01 0.7957E+01 0.2902E+00 0.0000E+00 0.7667E+01 0.7825E+01  0  0  0 0.8153E+01 0.0000E+00
   5.890 2.9006 15.230 0.2139 1.2000 0.6578E+02 0.7552E+02 0.4652E+01 0.0000E+00 0.7087E+02 0.6578E+02  0  0  0 0.7287E+02 0.0000E+00
   5.890 2.8473 16.004 0.2277 1.3000 0.5332E+02 0.6053E+02 0.3516E+01 0.0000E+00 0.5701E+02 0.5332E+02  0  0  0 0.5874E+02 0.0000E+00
   5.890 2.7941 16.771 0.2410 1.4000 0.4360E+02 0.4897E+02 0.2703E+01 0.0000E+00 0.4626E+02 0.4360E+02  0  0  0 0.4777E+02 0.0000E+00
   5.890 2.7408 17.534 0.2538 1.5000 0.3593E+02 0.3996E+02 0.2109E+01 0.0000E+00 0.3786E+02 0.3593E+02  0  0  0 0.3917E+02 0.0000E+00
   5.890 2.6875 18.294 0.2662 1.6000 0.2981E+02 0.3287E+02 0.1668E+01 0.0000E+00 0.3120E+02 0.2981E+02  0  0  0 0.3236E+02 0.0000E+00
   5.890 2.6342 19.053 0.2782 1.7000 0.2488E+02 0.2723E+02 0.1335E+01 0.0000E+00 0.2589E+02 0.2488E+02  0  0  0 0.2691E+02 0.0000E+00
   5.890 2.5809 19.814 0.2899 1.8000 0.2087E+02 0.2269E+02 0.1080E+01 0.0000E+00 0.2161E+02 0.2087E+02  0  0  0 0.2250E+02 0.0000E+00
   5.890 2.5276 20.579 0.3011 1.9000 0.1760E+02 0.1902E+02 0.8828E+00 0.0000E+00 0.1813E+02 0.1760E+02  0  0  0 0.1892E+02 0.0000E+00
   5.890 2.4743 21.348 0.3120 2.0000 0.1491E+02 0.1602E+02 0.7280E+00 0.0000E+00 0.1529E+02 0.1491E+02  0  0  0 0.1598E+02 0.0000E+00
   5.890 2.4210 22.125 0.3226 2.1000 0.1267E+02 0.1355E+02 0.6054E+00 0.0000E+00 0.1295E+02 0.1267E+02  0  0  0 0.1355E+02 0.0000E+00
   5.890 2.3677 22.909 0.3328 2.2000 0.1082E+02 0.1151E+02 0.5074E+00 0.0000E+00 0.1101E+02 0.1082E+02  0  0  0 0.1154E+02 0.0000E+00
   5.890 2.3145 23.703 0.3428 2.3000 0.9261E+01 0.9820E+01 0.4284E+00 0.0000E+00 0.9392E+01 0.9261E+01  0  0  0 0.9866E+01 0.0000E+00
   5.890 2.2612 24.509 0.3524 2.4000 0.7954E+01 0.8404E+01 0.3642E+00 0.0000E+00 0.8040E+01 0.7954E+01  0  0  0 0.8460E+01 0.0000E+00
   5.890 2.2079 25.327 0.3618 2.5000 0.6850E+01 0.7216E+01 0.3116E+00 0.0000E+00 0.6905E+01 0.6850E+01  0  0  0 0.7276E+01 0.0000E+00
   5.890 2.6502 15.937 0.1974 1.2000 0.5430E+02 0.6490E+02 0.4598E+01 0.0000E+00 0.6030E+02 0.5430E+02  0  0  0 0.6151E+02 0.0000E+00
   5.890 2.5969 16.763 0.2104 1.3000 0.4418E+02 0.5215E+02 0.3506E+01 0.0000E+00 0.4865E+02 0.4418E+02  0  0  0 0.4973E+02 0.0000E+00
   5.890 2.5436 17.584 0.2229 1.4000 0.3626E+02 0.4234E+02 0.2719E+01 0.0000E+00 0.3962E+02 0.3626E+02  0  0  0 0.4058E+02 0.0000E+00
   5.890 2.4903 18.401 0.2351 1.5000 0.2998E+02 0.3467E+02 0.2140E+01 0.0000E+00 0.3253E+02 0.2998E+02  0  0  0 0.3339E+02 0.0000E+00
   5.890 2.4370 19.219 0.2469 1.6000 0.2495E+02 0.2861E+02 0.1707E+01 0.0000E+00 0.2690E+02 0.2495E+02  0  0  0 0.2767E+02 0.0000E+00
   5.890 2.3837 20.039 0.2584 1.7000 0.2088E+02 0.2376E+02 0.1378E+01 0.0000E+00 0.2239E+02 0.2088E+02  0  0  0 0.2307E+02 0.0000E+00
   5.890 2.3304 20.863 0.2695 1.8000 0.1757E+02 0.1986E+02 0.1124E+01 0.0000E+00 0.1874E+02 0.1757E+02  0  0  0 0.1935E+02 0.0000E+00
   5.890 2.2771 21.694 0.2802 1.9000 0.1485E+02 0.1669E+02 0.9261E+00 0.0000E+00 0.1576E+02 0.1485E+02  0  0  0 0.1631E+02 0.0000E+00
   5.890 2.2239 22.534 0.2907 2.0000 0.1261E+02 0.1409E+02 0.7701E+00 0.0000E+00 0.1332E+02 0.1261E+02  0  0  0 0.1381E+02 0.0000E+00
   5.890 2.1706 23.383 0.3009 2.1000 0.1074E+02 0.1195E+02 0.6458E+00 0.0000E+00 0.1131E+02 0.1074E+02  0  0  0 0.1174E+02 0.0000E+00
   5.890 2.1173 24.246 0.3107 2.2000 0.9184E+01 0.1018E+02 0.5458E+00 0.0000E+00 0.9633E+01 0.9184E+01  0  0  0 0.1002E+02 0.0000E+00
   5.890 2.0640 25.122 0.3203 2.3000 0.7877E+01 0.8700E+01 0.4647E+00 0.0000E+00 0.8235E+01 0.7877E+01  0  0  0 0.8581E+01 0.0000E+00
   5.890 2.0107 26.016 0.3297 2.4000 0.6774E+01 0.7460E+01 0.3984E+00 0.0000E+00 0.7062E+01 0.6774E+01  0  0  0 0.7371E+01 0.0000E+00
   5.890 1.9574 26.928 0.3388 2.5000 0.5841E+01 0.6417E+01 0.3439E+00 0.0000E+00 0.6073E+01 0.5841E+01  0  0  0 0.6349E+01 0.0000E+00
   5.890 2.3891 16.792 0.1827 1.2000 0.4394E+02 0.5503E+02 0.4634E+01 0.0000E+00 0.5040E+02 0.4394E+02  0  0  0 0.5109E+02 0.0000E+00
   5.890 2.3358 17.683 0.1949 1.3000 0.3585E+02 0.4435E+02 0.3567E+01 0.0000E+00 0.4078E+02 0.3585E+02  0  0  0 0.4142E+02 0.0000E+00
   5.890 2.2825 18.571 0.2068 1.4000 0.2950E+02 0.3610E+02 0.2792E+01 0.0000E+00 0.3331E+02 0.2950E+02  0  0  0 0.3389E+02 0.0000E+00
   5.890 2.2292 19.459 0.2183 1.5000 0.2445E+02 0.2964E+02 0.2217E+01 0.0000E+00 0.2742E+02 0.2445E+02  0  0  0 0.2796E+02 0.0000E+00
   5.890 2.1759 20.351 0.2296 1.6000 0.2040E+02 0.2452E+02 0.1785E+01 0.0000E+00 0.2273E+02 0.2040E+02  0  0  0 0.2322E+02 0.0000E+00
   5.890 2.1226 21.249 0.2405 1.7000 0.1711E+02 0.2041E+02 0.1453E+01 0.0000E+00 0.1896E+02 0.1711E+02  0  0  0 0.1941E+02 0.0000E+00
   5.890 2.0693 22.156 0.2511 1.8000 0.1442E+02 0.1710E+02 0.1196E+01 0.0000E+00 0.1590E+02 0.1442E+02  0  0  0 0.1631E+02 0.0000E+00
   5.890 2.0160 23.074 0.2614 1.9000 0.1221E+02 0.1440E+02 0.9947E+00 0.0000E+00 0.1340E+02 0.1221E+02  0  0  0 0.1377E+02 0.0000E+00
   5.890 1.9627 24.007 0.2714 2.0000 0.1038E+02 0.1218E+02 0.8347E+00 0.0000E+00 0.1134E+02 0.1038E+02  0  0  0 0.1168E+02 0.0000E+00
   5.890 1.9095 24.955 0.2811 2.1000 0.8850E+01 0.1035E+02 0.7063E+00 0.0000E+00 0.9639E+01 0.8850E+01  0  0  0 0.9941E+01 0.0000E+00
   5.890 1.8562 25.923 0.2906 2.2000 0.7572E+01 0.8823E+01 0.6025E+00 0.0000E+00 0.8221E+01 0.7572E+01  0  0  0 0.8494E+01 0.0000E+00
   5.890 1.8029 26.912 0.2999 2.3000 0.6497E+01 0.7552E+01 0.5179E+00 0.0000E+00 0.7034E+01 0.6497E+01  0  0  0 0.7281E+01 0.0000E+00
   5.890 1.7496 27.926 0.3089 2.4000 0.5589E+01 0.6484E+01 0.4482E+00 0.0000E+00 0.6036E+01 0.5589E+01  0  0  0 0.6259E+01 0.0000E+00
   5.890 1.6963 28.968 0.3177 2.5000 0.4818E+01 0.5583E+01 0.3908E+00 0.0000E+00 0.5192E+01 0.4818E+01  0  0  0 0.5395E+01 0.0000E+00
   5.890 2.1173 17.845 0.1695 1.2000 0.3471E+02 0.4603E+02 0.4763E+01 0.0000E+00 0.4127E+02 0.3471E+02  0  0  0 0.4167E+02 0.0000E+00
   5.890 2.0640 18.821 0.1811 1.3000 0.2838E+02 0.3717E+02 0.3703E+01 0.0000E+00 0.3346E+02 0.2838E+02  0  0  0 0.3385E+02 0.0000E+00
   5.890 2.0107 19.798 0.1923 1.4000 0.2339E+02 0.3031E+02 0.2927E+01 0.0000E+00 0.2738E+02 0.2339E+02  0  0  0 0.2775E+02 0.0000E+00
   5.890 1.9574 20.780 0.2033 1.5000 0.1941E+02 0.2493E+02 0.2348E+01 0.0000E+00 0.2258E+02 0.1941E+02  0  0  0 0.2292E+02 0.0000E+00
   5.890 1.9041 21.772 0.2139 1.6000 0.1621E+02 0.2065E+02 0.1908E+01 0.0000E+00 0.1875E+02 0.1621E+02  0  0  0 0.1907E+02 0.0000E+00
   5.890 1.8508 22.776 0.2243 1.7000 0.1361E+02 0.1722E+02 0.1569E+01 0.0000E+00 0.1565E+02 0.1361E+02  0  0  0 0.1595E+02 0.0000E+00
   5.890 1.7975 23.795 0.2344 1.8000 0.1148E+02 0.1445E+02 0.1304E+01 0.0000E+00 0.1314E+02 0.1148E+02  0  0  0 0.1342E+02 0.0000E+00
   5.890 1.7443 24.834 0.2442 1.9000 0.9719E+01 0.1218E+02 0.1095E+01 0.0000E+00 0.1108E+02 0.9719E+01  0  0  0 0.1134E+02 0.0000E+00
   5.890 1.6910 25.895 0.2538 2.0000 0.8260E+01 0.1032E+02 0.9281E+00 0.0000E+00 0.9387E+01 0.8260E+01  0  0  0 0.9624E+01 0.0000E+00
   5.890 1.6377 26.982 0.2632 2.1000 0.7043E+01 0.8773E+01 0.7933E+00 0.0000E+00 0.7979E+01 0.7043E+01  0  0  0 0.8197E+01 0.0000E+00
   5.890 1.5844 28.100 0.2723 2.2000 0.6022E+01 0.7488E+01 0.6836E+00 0.0000E+00 0.6805E+01 0.6022E+01  0  0  0 0.7005E+01 0.0000E+00
   5.890 1.5311 29.252 0.2812 2.3000 0.5161E+01 0.6413E+01 0.5937E+00 0.0000E+00 0.5820E+01 0.5161E+01  0  0  0 0.6003E+01 0.0000E+00
   5.890 1.4778 30.443 0.2899 2.4000 0.4433E+01 0.5509E+01 0.5194E+00 0.0000E+00 0.4990E+01 0.4433E+01  0  0  0 0.5159E+01 0.0000E+00
   5.890 1.4245 31.677 0.2983 2.5000 0.3815E+01 0.4746E+01 0.4577E+00 0.0000E+00 0.4288E+01 0.3815E+01  0  0  0 0.4444E+01 0.0000E+00
   5.890 1.8348 19.182 0.1577 1.2000 0.2663E+02 0.3796E+02 0.4993E+01 0.0000E+00 0.3297E+02 0.2663E+02  0  0  0 0.3332E+02 0.0000E+00
   5.890 1.7816 20.272 0.1686 1.3000 0.2179E+02 0.3069E+02 0.3924E+01 0.0000E+00 0.2677E+02 0.2179E+02  0  0  0 0.2709E+02 0.0000E+00
   5.890 1.7283 21.372 0.1793 1.4000 0.1796E+02 0.2505E+02 0.3135E+01 0.0000E+00 0.2192E+02 0.1796E+02  0  0  0 0.2222E+02 0.0000E+00
   5.890 1.6750 22.485 0.1896 1.5000 0.1491E+02 0.2063E+02 0.2541E+01 0.0000E+00 0.1809E+02 0.1491E+02  0  0  0 0.1836E+02 0.0000E+00
   5.890 1.6217 23.617 0.1998 1.6000 0.1244E+02 0.1711E+02 0.2086E+01 0.0000E+00 0.1502E+02 0.1244E+02  0  0  0 0.1528E+02 0.0000E+00
   5.890 1.5684 24.771 0.2096 1.7000 0.1044E+02 0.1428E+02 0.1734E+01 0.0000E+00 0.1254E+02 0.1044E+02  0  0  0 0.1278E+02 0.0000E+00
   5.890 1.5151 25.954 0.2193 1.8000 0.8793E+01 0.1198E+02 0.1457E+01 0.0000E+00 0.1053E+02 0.8793E+01  0  0  0 0.1075E+02 0.0000E+00
   5.890 1.4618 27.169 0.2286 1.9000 0.7435E+01 0.1011E+02 0.1237E+01 0.0000E+00 0.8871E+01 0.7435E+01  0  0  0 0.9081E+01 0.0000E+00
   5.890 1.4085 28.422 0.2378 2.0000 0.6306E+01 0.8565E+01 0.1060E+01 0.0000E+00 0.7505E+01 0.6306E+01  0  0  0 0.7701E+01 0.0000E+00
   5.890 1.3552 29.720 0.2468 2.1000 0.5363E+01 0.7286E+01 0.9164E+00 0.0000E+00 0.6370E+01 0.5363E+01  0  0  0 0.6553E+01 0.0000E+00
   5.890 1.3019 31.068 0.2555 2.2000 0.4572E+01 0.6221E+01 0.7991E+00 0.0000E+00 0.5421E+01 0.4572E+01  0  0  0 0.5593E+01 0.0000E+00
   5.890 1.2487 32.474 0.2641 2.3000 0.3904E+01 0.5328E+01 0.7025E+00 0.0000E+00 0.4625E+01 0.3904E+01  0  0  0 0.4786E+01 0.0000E+00
   5.890 1.1954 33.946 0.2724 2.4000 0.3339E+01 0.4577E+01 0.6224E+00 0.0000E+00 0.3954E+01 0.3339E+01  0  0  0 0.4105E+01 0.0000E+00
   5.890 1.1421 35.494 0.2806 2.5000 0.2859E+01 0.3941E+01 0.5556E+00 0.0000E+00 0.3386E+01 0.2859E+01  0  0  0 0.3527E+01 0.0000E+00
   5.890 1.5418 20.944 0.1471 1.2000 0.1969E+02 0.3088E+02 0.5340E+01 0.0000E+00 0.2554E+02 0.1969E+02  0  0  0 0.2602E+02 0.0000E+00
   5.890 1.4885 22.202 0.1574 1.3000 0.1608E+02 0.2497E+02 0.4244E+01 0.0000E+00 0.2073E+02 0.1608E+02  0  0  0 0.2114E+02 0.0000E+00
   5.890 1.4352 23.481 0.1675 1.4000 0.1324E+02 0.2039E+02 0.3429E+01 0.0000E+00 0.1696E+02 0.1324E+02  0  0  0 0.1733E+02 0.0000E+00
   5.890 1.3819 24.789 0.1773 1.5000 0.1096E+02 0.1679E+02 0.2812E+01 0.0000E+00 0.1398E+02 0.1096E+02  0  0  0 0.1431E+02 0.0000E+00
   5.890 1.3286 26.134 0.1869 1.6000 0.9124E+01 0.1393E+02 0.2336E+01 0.0000E+00 0.1159E+02 0.9124E+01  0  0  0 0.1189E+02 0.0000E+00
   5.890 1.2753 27.521 0.1963 1.7000 0.7628E+01 0.1163E+02 0.1965E+01 0.0000E+00 0.9660E+01 0.7628E+01  0  0  0 0.9935E+01 0.0000E+00
   5.890 1.2220 28.960 0.2055 1.8000 0.6401E+01 0.9758E+01 0.1672E+01 0.0000E+00 0.8086E+01 0.6401E+01  0  0  0 0.8340E+01 0.0000E+00
   5.890 1.1687 30.459 0.2145 1.9000 0.5387E+01 0.8231E+01 0.1437E+01 0.0000E+00 0.6794E+01 0.5387E+01  0  0  0 0.7030E+01 0.0000E+00
   5.890 1.1154 32.028 0.2232 2.0000 0.4544E+01 0.6973E+01 0.1247E+01 0.0000E+00 0.5726E+01 0.4544E+01  0  0  0 0.5947E+01 0.0000E+00
   5.890 1.0622 33.678 0.2318 2.1000 0.3840E+01 0.5931E+01 0.1093E+01 0.0000E+00 0.4838E+01 0.3840E+01  0  0  0 0.5045E+01 0.0000E+00
   5.890 1.0089 35.424 0.2402 2.2000 0.3249E+01 0.5062E+01 0.9663E+00 0.0000E+00 0.4096E+01 0.3249E+01  0  0  0 0.4291E+01 0.0000E+00
   5.890 0.9556 37.281 0.2484 2.3000 0.2751E+01 0.4334E+01 0.8616E+00 0.0000E+00 0.3473E+01 0.2751E+01  0  0  0 0.3658E+01 0.0000E+00
   5.890 0.9023 39.267 0.2564 2.4000 0.2330E+01 0.3722E+01 0.7746E+00 0.0000E+00 0.2948E+01 0.2330E+01  0  0  0 0.3123E+01 0.0000E+00
   5.890 0.8490 41.407 0.2643 2.5000 0.1972E+01 0.3205E+01 0.7021E+00 0.0000E+00 0.2503E+01 0.1972E+01  0  0  0 0.2670E+01 0.0000E+00
   5.890 1.2380 23.406 0.1375 1.2000 0.1382E+02 0.2479E+02 0.5826E+01 0.0000E+00 0.1896E+02 0.1382E+02  0  0  0 0.1976E+02 0.0000E+00
   5.890 1.1847 24.926 0.1472 1.3000 0.1124E+02 0.2004E+02 0.4690E+01 0.0000E+00 0.1535E+02 0.1124E+02  0  0  0 0.1602E+02 0.0000E+00
   5.890 1.1314 26.497 0.1568 1.4000 0.9203E+01 0.1636E+02 0.3838E+01 0.0000E+00 0.1252E+02 0.9203E+01  0  0  0 0.1309E+02 0.0000E+00
   5.890 1.0781 28.128 0.1661 1.5000 0.7574E+01 0.1347E+02 0.3189E+01 0.0000E+00 0.1028E+02 0.7574E+01  0  0  0 0.1078E+02 0.0000E+00
   5.890 1.0249 29.834 0.1753 1.6000 0.6260E+01 0.1116E+02 0.2685E+01 0.0000E+00 0.8479E+01 0.6260E+01  0  0  0 0.8925E+01 0.0000E+00
   5.890 0.9716 31.629 0.1842 1.7000 0.5191E+01 0.9314E+01 0.2289E+01 0.0000E+00 0.7025E+01 0.5191E+01  0  0  0 0.7428E+01 0.0000E+00
   5.890 0.9183 33.530 0.1929 1.8000 0.4314E+01 0.7814E+01 0.1974E+01 0.0000E+00 0.5840E+01 0.4314E+01  0  0  0 0.6207E+01 0.0000E+00
   5.890 0.8650 35.557 0.2015 1.9000 0.3590E+01 0.6588E+01 0.1721E+01 0.0000E+00 0.4867E+01 0.3590E+01  0  0  0 0.5206E+01 0.0000E+00
   5.890 0.8117 37.737 0.2099 2.0000 0.2990E+01 0.5578E+01 0.1516E+01 0.0000E+00 0.4063E+01 0.2990E+01  0  0  0 0.4378E+01 0.0000E+00
   5.890 0.7584 40.098 0.2181 2.1000 0.2489E+01 0.4742E+01 0.1348E+01 0.0000E+00 0.3394E+01 0.2489E+01  0  0  0 0.3690E+01 0.0000E+00
   5.890 0.7051 42.681 0.2261 2.2000 0.2070E+01 0.4045E+01 0.1209E+01 0.0000E+00 0.2836E+01 0.2070E+01  0  0  0 0.3114E+01 0.0000E+00
   5.890 0.6518 45.536 0.2340 2.3000 0.1717E+01 0.3461E+01 0.1095E+01 0.0000E+00 0.2367E+01 0.1717E+01  0  0  0 0.2631E+01 0.0000E+00
   5.890 0.5985 48.730 0.2417 2.4000 0.1420E+01 0.2968E+01 0.9973E+00 0.0000E+00 0.1971E+01 0.1420E+01  0  0  0 0.2222E+01 0.0000E+00
   5.890 0.5452 52.355 0.2493 2.5000 0.1168E+01 0.2554E+01 0.9188E+00 0.0000E+00 0.1635E+01 0.1168E+01  0  0  0 0.1879E+01 0.0000E+00
   5.890 0.9236 27.164 0.1288 1.2000 0.8967E+01 0.1967E+02 0.6487E+01 0.0000E+00 0.1318E+02 0.8967E+01  0  0  0 0.1446E+02 0.0000E+00
   5.890 0.8703 29.168 0.1380 1.3000 0.7211E+01 0.1588E+02 0.5294E+01 0.0000E+00 0.1058E+02 0.7211E+01  0  0  0 0.1165E+02 0.0000E+00
   5.890 0.8170 31.291 0.1471 1.4000 0.5828E+01 0.1294E+02 0.4394E+01 0.0000E+00 0.8551E+01 0.5828E+01  0  0  0 0.9464E+01 0.0000E+00
   5.890 0.7637 33.564 0.1559 1.5000 0.4725E+01 0.1064E+02 0.3701E+01 0.0000E+00 0.6941E+01 0.4725E+01  0  0  0 0.7736E+01 0.0000E+00
   5.890 0.7104 36.019 0.1646 1.6000 0.3838E+01 0.8812E+01 0.3160E+01 0.0000E+00 0.5652E+01 0.3838E+01  0  0  0 0.6355E+01 0.0000E+00
   5.890 0.6571 38.703 0.1731 1.7000 0.3118E+01 0.7341E+01 0.2732E+01 0.0000E+00 0.4609E+01 0.3118E+01  0  0  0 0.5241E+01 0.0000E+00
   5.890 0.6039 41.672 0.1815 1.8000 0.2530E+01 0.6148E+01 0.2388E+01 0.0000E+00 0.3760E+01 0.2530E+01  0  0  0 0.4334E+01 0.0000E+00
   5.890 0.5506 45.005 0.1896 1.9000 0.2047E+01 0.5172E+01 0.2109E+01 0.0000E+00 0.3064E+01 0.2047E+01  0  0  0 0.3589E+01 0.0000E+00
   5.890 0.4973 48.808 0.1976 2.0000 0.1647E+01 0.4366E+01 0.1878E+01 0.0000E+00 0.2487E+01 0.1647E+01  0  0  0 0.2974E+01 0.0000E+00
   5.890 0.4440 53.238 0.2055 2.1000 0.1316E+01 0.3693E+01 0.1685E+01 0.0000E+00 0.2008E+01 0.1316E+01  0  0  0 0.2461E+01 0.0000E+00
   5.890 0.3907 58.534 0.2132 2.2000 0.1040E+01 0.3125E+01 0.1520E+01 0.0000E+00 0.1605E+01 0.1040E+01  0  0  0 0.2030E+01 0.0000E+00
   5.890 0.3374 65.081 0.2207 2.3000 0.8093E+00 0.2635E+01 0.1371E+01 0.0000E+00 0.1263E+01 0.8093E+00  0  0  0 0.1663E+01 0.0000E+00
   5.890 0.2841 73.565 0.2281 2.4000 0.6161E+00 0.2192E+01 0.1229E+01 0.0000E+00 0.9629E+00 0.6161E+00  0  0  0 0.1346E+01 0.0000E+00
   5.890 0.2308 85.376 0.2354 2.5000 0.4538E+00 0.1621E+01 0.1046E+01 0.0000E+00 0.5747E+00 0.4538E+00  0  0  0 0.1063E+01 0.0000E+00
