2.1,2.9,1.9,3.2
   5.890 2.9966 18.884 0.3499 1.9000 0.2619E+03 0.2555E+03 0.1088E-02 0.6020E+01 0.2495E+03 0.2620E+03  0  0  0 0.2661E+03 0.0000E+00
   5.890 2.9433 19.556 0.3617 2.0000 0.2177E+03 0.2113E+03 0.9024E-03 0.4889E+01 0.2064E+03 0.2177E+03  0  0  0 0.2206E+03 0.0000E+00
   5.890 2.8900 20.230 0.3730 2.1000 0.1818E+03 0.1759E+03 0.7566E-03 0.4004E+01 0.1719E+03 0.1818E+03  0  0  0 0.1839E+03 0.0000E+00
   5.890 2.8367 20.907 0.3840 2.2000 0.1524E+03 0.1470E+03 0.6346E-03 0.3303E+01 0.1437E+03 0.1525E+03  0  0  0 0.1540E+03 0.0000E+00
   5.890 2.7834 21.588 0.3945 2.3000 0.1284E+03 0.1234E+03 0.5298E-03 0.2745E+01 0.1207E+03 0.1284E+03  0  0  0 0.1295E+03 0.0000E+00
   5.890 2.7301 22.275 0.4047 2.4000 0.1085E+03 0.1040E+03 0.4395E-03 0.2297E+01 0.1017E+03 0.1085E+03  0  0  0 0.1093E+03 0.0000E+00
   5.890 2.6768 22.969 0.4146 2.5000 0.9203E+02 0.8804E+02 0.3622E-03 0.1935E+01 0.8610E+02 0.9203E+02  0  0  0 0.9263E+02 0.0000E+00
   5.890 2.6235 23.670 0.4242 2.6000 0.7831E+02 0.7475E+02 0.2967E-03 0.1639E+01 0.7311E+02 0.7831E+02  0  0  0 0.7875E+02 0.0000E+00
   5.890 2.5703 24.380 0.4334 2.7000 0.6684E+02 0.6365E+02 0.2418E-03 0.1397E+01 0.6226E+02 0.6684E+02  0  0  0 0.6714E+02 0.0000E+00
   5.890 2.5170 25.101 0.4424 2.8000 0.5722E+02 0.5442E+02 0.1962E-03 0.1197E+01 0.5322E+02 0.5722E+02  0  0  0 0.5745E+02 0.0000E+00
   5.890 2.4637 25.832 0.4510 2.9000 0.4912E+02 0.4665E+02 0.1587E-03 0.1031E+01 0.4562E+02 0.4911E+02  0  0  0 0.4930E+02 0.0000E+00
   5.890 2.4104 26.576 0.4594 3.0000 0.4227E+02 0.4011E+02 0.1280E-03 0.8903E+00 0.3922E+02 0.4226E+02  0  0  0 0.4242E+02 0.0000E+00
   5.890 2.3571 27.333 0.4676 3.1000 0.3646E+02 0.3456E+02 0.1030E-03 0.7745E+00 0.3379E+02 0.3645E+02  0  0  0 0.3658E+02 0.0000E+00
   5.890 2.3038 28.105 0.4755 3.2000 0.3152E+02 0.2987E+02 0.8275E-04 0.6770E+00 0.2919E+02 0.3151E+02  0  0  0 0.3162E+02 0.0000E+00
   5.890 2.7674 19.658 0.3242 1.9000 0.2312E+03 0.2330E+03 0.1432E-02 0.5862E+01 0.2271E+03 0.2312E+03  0  0  0 0.2391E+03 0.0000E+00
   5.890 2.7141 20.373 0.3356 2.0000 0.1930E+03 0.1937E+03 0.1117E-02 0.4799E+01 0.1889E+03 0.1931E+03  0  0  0 0.1992E+03 0.0000E+00
   5.890 2.6608 21.092 0.3466 2.1000 0.1619E+03 0.1617E+03 0.9156E-03 0.3959E+01 0.1578E+03 0.1619E+03  0  0  0 0.1667E+03 0.0000E+00
   5.890 2.6075 21.817 0.3572 2.2000 0.1363E+03 0.1358E+03 0.7706E-03 0.3290E+01 0.1325E+03 0.1363E+03  0  0  0 0.1402E+03 0.0000E+00
   5.890 2.5543 22.548 0.3674 2.3000 0.1152E+03 0.1144E+03 0.6553E-03 0.2755E+01 0.1116E+03 0.1152E+03  0  0  0 0.1183E+03 0.0000E+00
   5.890 2.5010 23.287 0.3774 2.4000 0.9773E+02 0.9679E+02 0.5580E-03 0.2322E+01 0.9447E+02 0.9774E+02  0  0  0 0.1003E+03 0.0000E+00
   5.890 2.4477 24.035 0.3870 2.5000 0.8317E+02 0.8217E+02 0.4738E-03 0.1969E+01 0.8020E+02 0.8318E+02  0  0  0 0.8523E+02 0.0000E+00
   5.890 2.3944 24.794 0.3964 2.6000 0.7099E+02 0.6997E+02 0.4002E-03 0.1680E+01 0.6829E+02 0.7099E+02  0  0  0 0.7267E+02 0.0000E+00
   5.890 2.3411 25.565 0.4054 2.7000 0.6076E+02 0.5979E+02 0.3363E-03 0.1442E+01 0.5835E+02 0.6077E+02  0  0  0 0.6217E+02 0.0000E+00
   5.890 2.2878 26.349 0.4142 2.8000 0.5215E+02 0.5125E+02 0.2811E-03 0.1245E+01 0.5001E+02 0.5215E+02  0  0  0 0.5333E+02 0.0000E+00
   5.890 2.2345 27.148 0.4228 2.9000 0.4486E+02 0.4400E+02 0.2338E-03 0.1080E+01 0.4292E+02 0.4486E+02  0  0  0 0.4584E+02 0.0000E+00
   5.890 2.1812 27.964 0.4311 3.0000 0.3868E+02 0.3792E+02 0.1937E-03 0.9422E+00 0.3698E+02 0.3868E+02  0  0  0 0.3953E+02 0.0000E+00
   5.890 2.1279 28.797 0.4391 3.1000 0.3343E+02 0.3276E+02 0.1599E-03 0.8262E+00 0.3193E+02 0.3343E+02  0  0  0 0.3417E+02 0.0000E+00
   5.890 2.0747 29.650 0.4469 3.2000 0.2894E+02 0.2835E+02 0.1316E-03 0.7282E+00 0.2762E+02 0.2894E+02  0  0  0 0.2959E+02 0.0000E+00
   5.890 2.5276 20.579 0.3011 1.9000 0.1996E+03 0.2083E+03 0.2291E-02 0.5872E+01 0.2024E+03 0.1996E+03  0  0  0 0.2105E+03 0.0000E+00
   5.890 2.4743 21.348 0.3120 2.0000 0.1673E+03 0.1738E+03 0.1591E-02 0.4847E+01 0.1690E+03 0.1673E+03  0  0  0 0.1760E+03 0.0000E+00
   5.890 2.4210 22.125 0.3226 2.1000 0.1408E+03 0.1457E+03 0.1195E-02 0.4032E+01 0.1417E+03 0.1408E+03  0  0  0 0.1479E+03 0.0000E+00
   5.890 2.3677 22.909 0.3328 2.2000 0.1190E+03 0.1227E+03 0.9554E-03 0.3382E+01 0.1193E+03 0.1190E+03  0  0  0 0.1247E+03 0.0000E+00
   5.890 2.3145 23.703 0.3428 2.3000 0.1009E+03 0.1037E+03 0.7956E-03 0.2857E+01 0.1009E+03 0.1009E+03  0  0  0 0.1056E+03 0.0000E+00
   5.890 2.2612 24.509 0.3524 2.4000 0.8581E+02 0.8801E+02 0.6779E-03 0.2430E+01 0.8558E+02 0.8582E+02  0  0  0 0.8976E+02 0.0000E+00
   5.890 2.2079 25.327 0.3618 2.5000 0.7322E+02 0.7492E+02 0.5835E-03 0.2081E+01 0.7284E+02 0.7322E+02  0  0  0 0.7652E+02 0.0000E+00
   5.890 2.1546 26.161 0.3709 2.6000 0.6264E+02 0.6399E+02 0.5035E-03 0.1792E+01 0.6220E+02 0.6265E+02  0  0  0 0.6543E+02 0.0000E+00
   5.890 2.1013 27.010 0.3798 2.7000 0.5373E+02 0.5480E+02 0.4337E-03 0.1553E+01 0.5325E+02 0.5373E+02  0  0  0 0.5609E+02 0.0000E+00
   5.890 2.0480 27.879 0.3884 2.8000 0.4620E+02 0.4706E+02 0.3723E-03 0.1353E+01 0.4571E+02 0.4620E+02  0  0  0 0.4821E+02 0.0000E+00
   5.890 1.9947 28.767 0.3967 2.9000 0.3981E+02 0.4053E+02 0.3181E-03 0.1186E+01 0.3934E+02 0.3981E+02  0  0  0 0.4155E+02 0.0000E+00
   5.890 1.9414 29.678 0.4049 3.0000 0.3437E+02 0.3498E+02 0.2706E-03 0.1045E+01 0.3393E+02 0.3437E+02  0  0  0 0.3588E+02 0.0000E+00
   5.890 1.8881 30.613 0.4128 3.1000 0.2973E+02 0.3026E+02 0.2293E-03 0.9258E+00 0.2933E+02 0.2973E+02  0  0  0 0.3105E+02 0.0000E+00
   5.890 1.8348 31.575 0.4205 3.2000 0.2576E+02 0.2622E+02 0.1935E-03 0.8245E+00 0.2539E+02 0.2576E+02  0  0  0 0.2692E+02 0.0000E+00
   5.890 2.2771 21.694 0.2802 1.9000 0.1685E+03 0.1827E+03 0.4303E-02 0.6038E+01 0.1766E+03 0.1685E+03  0  0  0 0.1815E+03 0.0000E+00
   5.890 2.2239 22.534 0.2907 2.0000 0.1416E+03 0.1528E+03 0.2734E-02 0.5030E+01 0.1478E+03 0.1416E+03  0  0  0 0.1522E+03 0.0000E+00
   5.890 2.1706 23.383 0.3009 2.1000 0.1195E+03 0.1285E+03 0.1850E-02 0.4224E+01 0.1243E+03 0.1195E+03  0  0  0 0.1283E+03 0.0000E+00
   5.890 2.1173 24.246 0.3107 2.2000 0.1012E+03 0.1085E+03 0.1343E-02 0.3578E+01 0.1049E+03 0.1012E+03  0  0  0 0.1085E+03 0.0000E+00
   5.890 2.0640 25.122 0.3203 2.3000 0.8603E+02 0.9194E+02 0.1039E-02 0.3052E+01 0.8889E+02 0.8603E+02  0  0  0 0.9208E+02 0.0000E+00
   5.890 2.0107 26.016 0.3297 2.4000 0.7333E+02 0.7822E+02 0.8466E-03 0.2622E+01 0.7560E+02 0.7333E+02  0  0  0 0.7844E+02 0.0000E+00
   5.890 1.9574 26.928 0.3388 2.5000 0.6267E+02 0.6674E+02 0.7143E-03 0.2267E+01 0.6447E+02 0.6268E+02  0  0  0 0.6700E+02 0.0000E+00
   5.890 1.9041 27.861 0.3476 2.6000 0.5370E+02 0.5711E+02 0.6152E-03 0.1974E+01 0.5513E+02 0.5370E+02  0  0  0 0.5739E+02 0.0000E+00
   5.890 1.8508 28.817 0.3562 2.7000 0.4612E+02 0.4901E+02 0.5353E-03 0.1728E+01 0.4728E+02 0.4612E+02  0  0  0 0.4929E+02 0.0000E+00
   5.890 1.7975 29.800 0.3646 2.8000 0.3968E+02 0.4215E+02 0.4674E-03 0.1523E+01 0.4063E+02 0.3969E+02  0  0  0 0.4242E+02 0.0000E+00
   5.890 1.7443 30.811 0.3728 2.9000 0.3421E+02 0.3635E+02 0.4081E-03 0.1350E+01 0.3500E+02 0.3422E+02  0  0  0 0.3660E+02 0.0000E+00
   5.890 1.6910 31.854 0.3807 3.0000 0.2955E+02 0.3141E+02 0.3554E-03 0.1204E+01 0.3020E+02 0.2955E+02  0  0  0 0.3163E+02 0.0000E+00
   5.890 1.6377 32.933 0.3885 3.1000 0.2556E+02 0.2719E+02 0.3085E-03 0.1079E+01 0.2611E+02 0.2556E+02  0  0  0 0.2739E+02 0.0000E+00
   5.890 1.5844 34.050 0.3961 3.2000 0.2213E+02 0.2358E+02 0.2668E-03 0.9732E+00 0.2261E+02 0.2214E+02  0  0  0 0.2376E+02 0.0000E+00
   5.890 2.0160 23.074 0.2614 1.9000 0.1387E+03 0.1570E+03 0.8460E-02 0.6375E+01 0.1506E+03 0.1387E+03  0  0  0 0.1532E+03 0.0000E+00
   5.890 1.9627 24.007 0.2714 2.0000 0.1168E+03 0.1318E+03 0.5221E-02 0.5365E+01 0.1264E+03 0.1168E+03  0  0  0 0.1288E+03 0.0000E+00
   5.890 1.9095 24.955 0.2811 2.1000 0.9874E+02 0.1109E+03 0.3335E-02 0.4554E+01 0.1064E+03 0.9873E+02  0  0  0 0.1087E+03 0.0000E+00
   5.890 1.8562 25.923 0.2906 2.2000 0.8375E+02 0.9387E+02 0.2232E-02 0.3897E+01 0.8997E+02 0.8374E+02  0  0  0 0.9209E+02 0.0000E+00
   5.890 1.8029 26.912 0.2999 2.3000 0.7125E+02 0.7972E+02 0.1581E-02 0.3360E+01 0.7636E+02 0.7124E+02  0  0  0 0.7831E+02 0.0000E+00
   5.890 1.7496 27.926 0.3089 2.4000 0.6078E+02 0.6791E+02 0.1187E-02 0.2918E+01 0.6499E+02 0.6077E+02  0  0  0 0.6678E+02 0.0000E+00
   5.890 1.6963 28.968 0.3177 2.5000 0.5197E+02 0.5800E+02 0.9419E-03 0.2551E+01 0.5545E+02 0.5197E+02  0  0  0 0.5709E+02 0.0000E+00
   5.890 1.6430 30.041 0.3262 2.6000 0.4454E+02 0.4971E+02 0.7803E-03 0.2247E+01 0.4746E+02 0.4454E+02  0  0  0 0.4896E+02 0.0000E+00
   5.890 1.5897 31.149 0.3346 2.7000 0.3824E+02 0.4271E+02 0.6665E-03 0.1991E+01 0.4071E+02 0.3824E+02  0  0  0 0.4207E+02 0.0000E+00
   5.890 1.5364 32.296 0.3427 2.8000 0.3289E+02 0.3677E+02 0.5803E-03 0.1776E+01 0.3499E+02 0.3289E+02  0  0  0 0.3623E+02 0.0000E+00
   5.890 1.4831 33.487 0.3507 2.9000 0.2833E+02 0.3173E+02 0.5106E-03 0.1594E+01 0.3013E+02 0.2833E+02  0  0  0 0.3126E+02 0.0000E+00
   5.890 1.4298 34.725 0.3584 3.0000 0.2443E+02 0.2743E+02 0.4513E-03 0.1439E+01 0.2599E+02 0.2443E+02  0  0  0 0.2701E+02 0.0000E+00
   5.890 1.3766 36.018 0.3660 3.1000 0.2109E+02 0.2375E+02 0.3995E-03 0.1308E+01 0.2244E+02 0.2109E+02  0  0  0 0.2338E+02 0.0000E+00
   5.890 1.3233 37.372 0.3734 3.2000 0.1822E+02 0.2059E+02 0.3532E-03 0.1195E+01 0.1940E+02 0.1822E+02  0  0  0 0.2026E+02 0.0000E+00
   5.890 1.7443 24.834 0.2442 1.9000 0.1110E+03 0.1323E+03 0.1621E-01 0.6903E+01 0.1254E+03 0.1109E+03  0  0  0 0.1264E+03 0.0000E+00
   5.890 1.6910 25.895 0.2538 2.0000 0.9347E+02 0.1111E+03 0.1008E-01 0.5878E+01 0.1052E+03 0.9346E+02  0  0  0 0.1063E+03 0.0000E+00
   5.890 1.6377 26.982 0.2632 2.1000 0.7902E+02 0.9372E+02 0.6381E-02 0.5048E+01 0.8866E+02 0.7900E+02  0  0  0 0.8978E+02 0.0000E+00
   5.890 1.5844 28.100 0.2723 2.2000 0.6700E+02 0.7929E+02 0.4138E-02 0.4371E+01 0.7491E+02 0.6699E+02  0  0  0 0.7607E+02 0.0000E+00
   5.890 1.5311 29.252 0.2812 2.3000 0.5696E+02 0.6740E+02 0.2776E-02 0.3815E+01 0.6358E+02 0.5696E+02  0  0  0 0.6471E+02 0.0000E+00
   5.890 1.4778 30.443 0.2899 2.4000 0.4855E+02 0.5747E+02 0.1945E-02 0.3354E+01 0.5411E+02 0.4854E+02  0  0  0 0.5520E+02 0.0000E+00
   5.890 1.4245 31.677 0.2983 2.5000 0.4145E+02 0.4912E+02 0.1433E-02 0.2971E+01 0.4615E+02 0.4145E+02  0  0  0 0.4719E+02 0.0000E+00
   5.890 1.3712 32.961 0.3066 2.6000 0.3546E+02 0.4210E+02 0.1111E-02 0.2650E+01 0.3945E+02 0.3546E+02  0  0  0 0.4044E+02 0.0000E+00
   5.890 1.3179 34.301 0.3147 2.7000 0.3037E+02 0.3617E+02 0.9026E-03 0.2380E+01 0.3379E+02 0.3037E+02  0  0  0 0.3472E+02 0.0000E+00
   5.890 1.2646 35.703 0.3226 2.8000 0.2604E+02 0.3113E+02 0.7615E-03 0.2152E+01 0.2898E+02 0.2604E+02  0  0  0 0.2987E+02 0.0000E+00
   5.890 1.2114 37.177 0.3303 2.9000 0.2235E+02 0.2685E+02 0.6604E-03 0.1959E+01 0.2489E+02 0.2235E+02  0  0  0 0.2573E+02 0.0000E+00
   5.890 1.1581 38.731 0.3378 3.0000 0.1919E+02 0.2319E+02 0.5835E-03 0.1795E+01 0.2139E+02 0.1919E+02  0  0  0 0.2219E+02 0.0000E+00
   5.890 1.1048 40.377 0.3452 3.1000 0.1648E+02 0.2005E+02 0.5215E-03 0.1656E+01 0.1840E+02 0.1648E+02  0  0  0 0.1916E+02 0.0000E+00
   5.890 1.0515 42.127 0.3524 3.2000 0.1415E+02 0.1739E+02 0.4692E-03 0.1538E+01 0.1586E+02 0.1415E+02  0  0  0 0.1657E+02 0.0000E+00
   5.890 1.4618 27.169 0.2286 1.9000 0.8561E+02 0.1089E+03 0.2965E-01 0.7677E+01 0.1012E+03 0.8558E+02  0  0  0 0.1013E+03 0.0000E+00
   5.890 1.4085 28.422 0.2378 2.0000 0.7197E+02 0.9156E+02 0.1889E-01 0.6621E+01 0.8492E+02 0.7196E+02  0  0  0 0.8525E+02 0.0000E+00
   5.890 1.3552 29.720 0.2468 2.1000 0.6070E+02 0.7727E+02 0.1215E-01 0.5762E+01 0.7150E+02 0.6069E+02  0  0  0 0.7198E+02 0.0000E+00
   5.890 1.3020 31.068 0.2555 2.2000 0.5133E+02 0.6547E+02 0.7917E-02 0.5056E+01 0.6040E+02 0.5132E+02  0  0  0 0.6099E+02 0.0000E+00
   5.890 1.2487 32.474 0.2641 2.3000 0.4350E+02 0.5564E+02 0.5259E-02 0.4472E+01 0.5116E+02 0.4349E+02  0  0  0 0.5181E+02 0.0000E+00
   5.890 1.1954 33.946 0.2724 2.4000 0.3692E+02 0.4742E+02 0.3587E-02 0.3987E+01 0.4343E+02 0.3692E+02  0  0  0 0.4413E+02 0.0000E+00
   5.890 1.1421 35.494 0.2806 2.5000 0.3138E+02 0.4051E+02 0.2534E-02 0.3582E+01 0.3692E+02 0.3138E+02  0  0  0 0.3766E+02 0.0000E+00
   5.890 1.0888 37.128 0.2886 2.6000 0.2670E+02 0.3466E+02 0.1868E-02 0.3242E+01 0.3142E+02 0.2669E+02  0  0  0 0.3217E+02 0.0000E+00
   5.890 1.0355 38.862 0.2964 2.7000 0.2272E+02 0.2974E+02 0.1445E-02 0.2956E+01 0.2678E+02 0.2272E+02  0  0  0 0.2755E+02 0.0000E+00
   5.890 0.9822 40.711 0.3040 2.8000 0.1934E+02 0.2557E+02 0.1172E-02 0.2715E+01 0.2285E+02 0.1934E+02  0  0  0 0.2362E+02 0.0000E+00
   5.890 0.9289 42.694 0.3115 2.9000 0.1645E+02 0.2202E+02 0.9953E-03 0.2511E+01 0.1950E+02 0.1645E+02  0  0  0 0.2027E+02 0.0000E+00
   5.890 0.8756 44.833 0.3188 3.0000 0.1398E+02 0.1898E+02 0.8797E-03 0.2339E+01 0.1664E+02 0.1398E+02  0  0  0 0.1741E+02 0.0000E+00
   5.890 0.8224 47.157 0.3260 3.1000 0.1187E+02 0.1639E+02 0.8058E-03 0.2194E+01 0.1419E+02 0.1187E+02  0  0  0 0.1497E+02 0.0000E+00
   5.890 0.7691 49.701 0.3330 3.2000 0.1005E+02 0.1417E+02 0.7645E-03 0.2072E+01 0.1209E+02 0.1005E+02  0  0  0 0.1287E+02 0.0000E+00
   5.890 1.1687 30.459 0.2145 1.9000 0.6280E+02 0.8738E+02 0.5277E-01 0.8765E+01 0.7856E+02 0.6278E+02  0  0  0 0.7858E+02 0.0000E+00
   5.890 1.1154 32.028 0.2232 2.0000 0.5251E+02 0.7336E+02 0.3479E-01 0.7666E+01 0.6566E+02 0.5249E+02  0  0  0 0.6593E+02 0.0000E+00
   5.890 1.0622 33.678 0.2318 2.1000 0.4400E+02 0.6184E+02 0.2316E-01 0.6765E+01 0.5505E+02 0.4399E+02  0  0  0 0.5550E+02 0.0000E+00
   5.890 1.0089 35.424 0.2402 2.2000 0.3693E+02 0.5230E+02 0.1564E-01 0.6023E+01 0.4626E+02 0.3693E+02  0  0  0 0.4686E+02 0.0000E+00
   5.890 0.9556 37.281 0.2484 2.3000 0.3104E+02 0.4436E+02 0.1078E-01 0.5408E+01 0.3894E+02 0.3103E+02  0  0  0 0.3965E+02 0.0000E+00
   5.890 0.9023 39.267 0.2564 2.4000 0.2609E+02 0.3773E+02 0.7657E-02 0.4895E+01 0.3282E+02 0.2609E+02  0  0  0 0.3362E+02 0.0000E+00
   5.890 0.8490 41.407 0.2643 2.5000 0.2193E+02 0.3217E+02 0.5686E-02 0.4466E+01 0.2770E+02 0.2193E+02  0  0  0 0.2856E+02 0.0000E+00
   5.890 0.7957 43.729 0.2720 2.6000 0.1841E+02 0.2749E+02 0.4488E-02 0.4106E+01 0.2338E+02 0.1841E+02  0  0  0 0.2428E+02 0.0000E+00
   5.890 0.7424 46.269 0.2795 2.7000 0.1544E+02 0.2352E+02 0.3838E-02 0.3804E+01 0.1971E+02 0.1544E+02  0  0  0 0.2067E+02 0.0000E+00
   5.890 0.6891 49.074 0.2869 2.8000 0.1291E+02 0.2017E+02 0.3609E-02 0.3550E+01 0.1662E+02 0.1291E+02  0  0  0 0.1761E+02 0.0000E+00
   5.890 0.6358 52.206 0.2941 2.9000 0.1076E+02 0.1730E+02 0.3757E-02 0.3336E+01 0.1396E+02 0.1076E+02  0  0  0 0.1499E+02 0.0000E+00
   5.890 0.5825 55.748 0.3012 3.0000 0.8922E+01 0.1484E+02 0.4310E-02 0.3155E+01 0.1168E+02 0.8922E+01  0  0  0 0.1276E+02 0.0000E+00
   5.890 0.5293 59.816 0.3082 3.1000 0.7355E+01 0.1273E+02 0.5365E-02 0.3002E+01 0.9726E+01 0.7355E+01  0  0  0 0.1086E+02 0.0000E+00
   5.890 0.4760 64.579 0.3150 3.2000 0.6014E+01 0.1091E+02 0.7081E-02 0.2863E+01 0.8037E+01 0.6014E+01  0  0  0 0.9236E+01 0.0000E+00
   5.890 0.8650 35.557 0.2015 1.9000 0.4256E+02 0.6771E+02 0.1023E+00 0.1025E+02 0.5735E+02 0.4255E+02  0  0  0 0.5806E+02 0.0000E+00
   5.890 0.8117 37.737 0.2099 2.0000 0.3512E+02 0.5671E+02 0.7332E-01 0.9088E+01 0.4755E+02 0.3511E+02  0  0  0 0.4844E+02 0.0000E+00
   5.890 0.7584 40.098 0.2181 2.1000 0.2899E+02 0.4768E+02 0.5444E-01 0.8139E+01 0.3949E+02 0.2898E+02  0  0  0 0.4053E+02 0.0000E+00
   5.890 0.7051 42.681 0.2261 2.2000 0.2391E+02 0.4016E+02 0.4246E-01 0.7352E+01 0.3276E+02 0.2390E+02  0  0  0 0.3395E+02 0.0000E+00
   5.890 0.6518 45.536 0.2340 2.3000 0.1968E+02 0.3394E+02 0.3530E-01 0.6697E+01 0.2721E+02 0.1968E+02  0  0  0 0.2848E+02 0.0000E+00
   5.890 0.5985 48.730 0.2417 2.4000 0.1616E+02 0.2869E+02 0.3163E-01 0.6147E+01 0.2251E+02 0.1615E+02  0  0  0 0.2390E+02 0.0000E+00
   5.890 0.5452 52.355 0.2493 2.5000 0.1320E+02 0.2431E+02 0.3060E-01 0.5682E+01 0.1859E+02 0.1320E+02  0  0  0 0.2007E+02 0.0000E+00
   5.890 0.4920 56.540 0.2567 2.6000 0.1071E+02 0.2059E+02 0.3151E-01 0.5283E+01 0.1528E+02 0.1071E+02  0  0  0 0.1684E+02 0.0000E+00
   5.890 0.4387 61.478 0.2639 2.7000 0.8616E+01 0.1742E+02 0.3349E-01 0.4931E+01 0.1245E+02 0.8616E+01  0  0  0 0.1410E+02 0.0000E+00
   5.890 0.3854 67.467 0.2711 2.8000 0.6846E+01 0.1464E+02 0.3485E-01 0.4597E+01 0.1001E+02 0.6846E+01  0  0  0 0.1178E+02 0.0000E+00
   5.890 0.3321 75.008 0.2781 2.9000 0.5349E+01 0.1205E+02 0.3244E-01 0.4212E+01 0.7801E+01 0.5349E+01  0  0  0 0.9775E+01 0.0000E+00
   5.890 0.2788 85.036 0.2849 3.0001 0.4081E+01 0.8224E+01 0.2188E-01 0.3213E+01 0.4990E+01 0.4081E+01  0  0  0 0.8028E+01 0.0000E+00
   5.890 0.2255 99.612 0.2916 3.1001 0.3007E+01 0.1067E+02 0.4105E-02 0.4710E+01 0.5951E+01 0.3007E+01  0  0  0 0.6453E+01 0.0000E+00
   5.890 0.1722125.265 0.2982 3.2001 0.2096E+01 0.7839E+01 0.1135E-01 0.3782E+01 0.4045E+01 0.2096E+01  0  0  0 0.4954E+01 0.0000E+00
