2.2,3.0,1.2,2.5
   5.890 3.1404 14.633 0.2326 1.2000 0.2793E+03 0.2957E+03 0.9435E-01 0.9501E+01 0.2862E+03 0.2791E+03  0  0  0 0.2961E+03 0.0000E+00
   5.890 3.0872 15.366 0.2472 1.3000 0.2234E+03 0.2344E+03 0.6238E-01 0.7133E+01 0.2272E+03 0.2234E+03  0  0  0 0.2358E+03 0.0000E+00
   5.890 3.0339 16.090 0.2612 1.4000 0.1804E+03 0.1877E+03 0.4194E-01 0.5442E+01 0.1822E+03 0.1804E+03  0  0  0 0.1896E+03 0.0000E+00
   5.890 2.9806 16.808 0.2747 1.5000 0.1468E+03 0.1516E+03 0.2861E-01 0.4210E+01 0.1474E+03 0.1468E+03  0  0  0 0.1537E+03 0.0000E+00
   5.890 2.9273 17.522 0.2878 1.6000 0.1204E+03 0.1234E+03 0.1977E-01 0.3301E+01 0.1201E+03 0.1204E+03  0  0  0 0.1256E+03 0.0000E+00
   5.890 2.8740 18.234 0.3004 1.7000 0.9927E+02 0.1012E+03 0.1382E-01 0.2619E+01 0.9853E+02 0.9927E+02  0  0  0 0.1032E+03 0.0000E+00
   5.890 2.8207 18.945 0.3125 1.8000 0.8234E+02 0.8344E+02 0.9760E-02 0.2100E+01 0.8133E+02 0.8234E+02  0  0  0 0.8541E+02 0.0000E+00
   5.890 2.7674 19.658 0.3242 1.9000 0.6863E+02 0.6921E+02 0.6959E-02 0.1701E+01 0.6750E+02 0.6864E+02  0  0  0 0.7102E+02 0.0000E+00
   5.890 2.7141 20.373 0.3356 2.0000 0.5747E+02 0.5770E+02 0.5004E-02 0.1390E+01 0.5630E+02 0.5748E+02  0  0  0 0.5935E+02 0.0000E+00
   5.890 2.6608 21.092 0.3466 2.1000 0.4833E+02 0.4832E+02 0.3628E-02 0.1145E+01 0.4718E+02 0.4833E+02  0  0  0 0.4981E+02 0.0000E+00
   5.890 2.6075 21.817 0.3572 2.2000 0.4080E+02 0.4064E+02 0.2649E-02 0.9505E+00 0.3968E+02 0.4080E+02  0  0  0 0.4197E+02 0.0000E+00
   5.890 2.5543 22.548 0.3674 2.3000 0.3456E+02 0.3432E+02 0.1948E-02 0.7951E+00 0.3352E+02 0.3456E+02  0  0  0 0.3551E+02 0.0000E+00
   5.890 2.5010 23.287 0.3774 2.4000 0.2937E+02 0.2908E+02 0.1442E-02 0.6695E+00 0.2841E+02 0.2937E+02  0  0  0 0.3014E+02 0.0000E+00
   5.890 2.4477 24.035 0.3870 2.5000 0.2503E+02 0.2472E+02 0.1073E-02 0.5674E+00 0.2416E+02 0.2503E+02  0  0  0 0.2566E+02 0.0000E+00
   5.890 2.9006 15.230 0.2139 1.2000 0.2328E+03 0.2555E+03 0.1307E+00 0.8942E+01 0.2464E+03 0.2327E+03  0  0  0 0.2517E+03 0.0000E+00
   5.890 2.8473 16.004 0.2277 1.3000 0.1871E+03 0.2034E+03 0.8777E-01 0.6775E+01 0.1966E+03 0.1870E+03  0  0  0 0.2013E+03 0.0000E+00
   5.890 2.7941 16.771 0.2410 1.4000 0.1518E+03 0.1636E+03 0.5992E-01 0.5216E+01 0.1583E+03 0.1517E+03  0  0  0 0.1626E+03 0.0000E+00
   5.890 2.7408 17.534 0.2538 1.5000 0.1241E+03 0.1327E+03 0.4149E-01 0.4073E+01 0.1286E+03 0.1240E+03  0  0  0 0.1324E+03 0.0000E+00
   5.890 2.6875 18.294 0.2662 1.6000 0.1021E+03 0.1085E+03 0.2909E-01 0.3221E+01 0.1052E+03 0.1021E+03  0  0  0 0.1086E+03 0.0000E+00
   5.890 2.6342 19.053 0.2782 1.7000 0.8458E+02 0.8930E+02 0.2063E-01 0.2577E+01 0.8670E+02 0.8457E+02  0  0  0 0.8969E+02 0.0000E+00
   5.890 2.5809 19.814 0.2899 1.8000 0.7043E+02 0.7395E+02 0.1478E-01 0.2084E+01 0.7185E+02 0.7042E+02  0  0  0 0.7448E+02 0.0000E+00
   5.890 2.5276 20.579 0.3011 1.9000 0.5893E+02 0.6156E+02 0.1068E-01 0.1702E+01 0.5985E+02 0.5892E+02  0  0  0 0.6217E+02 0.0000E+00
   5.890 2.4743 21.348 0.3120 2.0000 0.4952E+02 0.5151E+02 0.7784E-02 0.1401E+01 0.5010E+02 0.4952E+02  0  0  0 0.5213E+02 0.0000E+00
   5.890 2.4210 22.125 0.3226 2.1000 0.4178E+02 0.4328E+02 0.5717E-02 0.1164E+01 0.4211E+02 0.4178E+02  0  0  0 0.4390E+02 0.0000E+00
   5.890 2.3677 22.909 0.3328 2.2000 0.3538E+02 0.3652E+02 0.4228E-02 0.9740E+00 0.3554E+02 0.3538E+02  0  0  0 0.3712E+02 0.0000E+00
   5.890 2.3145 23.703 0.3428 2.3000 0.3005E+02 0.3093E+02 0.3148E-02 0.8212E+00 0.3011E+02 0.3005E+02  0  0  0 0.3149E+02 0.0000E+00
   5.890 2.2612 24.509 0.3524 2.4000 0.2561E+02 0.2628E+02 0.2358E-02 0.6972E+00 0.2558E+02 0.2561E+02  0  0  0 0.2680E+02 0.0000E+00
   5.890 2.2079 25.327 0.3618 2.5000 0.2188E+02 0.2241E+02 0.1777E-02 0.5959E+00 0.2181E+02 0.2188E+02  0  0  0 0.2288E+02 0.0000E+00
   5.890 2.6502 15.937 0.1974 1.2000 0.1915E+03 0.2180E+03 0.1762E+00 0.8587E+01 0.2092E+03 0.1913E+03  0  0  0 0.2112E+03 0.0000E+00
   5.890 2.5969 16.763 0.2104 1.3000 0.1544E+03 0.1742E+03 0.1199E+00 0.6573E+01 0.1675E+03 0.1544E+03  0  0  0 0.1696E+03 0.0000E+00
   5.890 2.5436 17.584 0.2229 1.4000 0.1257E+03 0.1406E+03 0.8301E-01 0.5111E+01 0.1354E+03 0.1256E+03  0  0  0 0.1374E+03 0.0000E+00
   5.890 2.4903 18.401 0.2351 1.5000 0.1031E+03 0.1145E+03 0.5827E-01 0.4031E+01 0.1104E+03 0.1031E+03  0  0  0 0.1123E+03 0.0000E+00
   5.890 2.4370 19.219 0.2469 1.6000 0.8513E+02 0.9389E+02 0.4141E-01 0.3220E+01 0.9063E+02 0.8511E+02  0  0  0 0.9244E+02 0.0000E+00
   5.890 2.3837 20.039 0.2584 1.7000 0.7072E+02 0.7752E+02 0.2975E-01 0.2601E+01 0.7489E+02 0.7070E+02  0  0  0 0.7656E+02 0.0000E+00
   5.890 2.3304 20.863 0.2695 1.8000 0.5905E+02 0.6438E+02 0.2159E-01 0.2122E+01 0.6224E+02 0.5904E+02  0  0  0 0.6376E+02 0.0000E+00
   5.890 2.2771 21.694 0.2802 1.9000 0.4954E+02 0.5376E+02 0.1580E-01 0.1749E+01 0.5199E+02 0.4954E+02  0  0  0 0.5338E+02 0.0000E+00
   5.890 2.2239 22.534 0.2907 2.0000 0.4174E+02 0.4510E+02 0.1166E-01 0.1454E+01 0.4364E+02 0.4174E+02  0  0  0 0.4488E+02 0.0000E+00
   5.890 2.1706 23.383 0.3009 2.1000 0.3530E+02 0.3801E+02 0.8673E-02 0.1219E+01 0.3678E+02 0.3530E+02  0  0  0 0.3790E+02 0.0000E+00
   5.890 2.1173 24.246 0.3107 2.2000 0.2996E+02 0.3215E+02 0.6492E-02 0.1030E+01 0.3111E+02 0.2996E+02  0  0  0 0.3212E+02 0.0000E+00
   5.890 2.0640 25.122 0.3203 2.3000 0.2550E+02 0.2729E+02 0.4892E-02 0.8772E+00 0.2641E+02 0.2550E+02  0  0  0 0.2731E+02 0.0000E+00
   5.890 2.0107 26.016 0.3297 2.4000 0.2177E+02 0.2324E+02 0.3707E-02 0.7519E+00 0.2249E+02 0.2177E+02  0  0  0 0.2329E+02 0.0000E+00
   5.890 1.9574 26.928 0.3388 2.5000 0.1863E+02 0.1986E+02 0.2826E-02 0.6489E+00 0.1920E+02 0.1863E+02  0  0  0 0.1992E+02 0.0000E+00
   5.890 2.3891 16.792 0.1827 1.2000 0.1551E+03 0.1837E+03 0.2323E+00 0.8445E+01 0.1750E+03 0.1550E+03  0  0  0 0.1750E+03 0.0000E+00
   5.890 2.3358 17.683 0.1949 1.3000 0.1254E+03 0.1472E+03 0.1601E+00 0.6521E+01 0.1405E+03 0.1253E+03  0  0  0 0.1408E+03 0.0000E+00
   5.890 2.2825 18.571 0.2068 1.4000 0.1023E+03 0.1191E+03 0.1122E+00 0.5126E+01 0.1139E+03 0.1023E+03  0  0  0 0.1144E+03 0.0000E+00
   5.890 2.2292 19.459 0.2183 1.5000 0.8410E+02 0.9718E+02 0.7976E-01 0.4083E+01 0.9302E+02 0.8406E+02  0  0  0 0.9370E+02 0.0000E+00
   5.890 2.1759 20.351 0.2296 1.6000 0.6959E+02 0.7993E+02 0.5739E-01 0.3295E+01 0.7658E+02 0.6957E+02  0  0  0 0.7731E+02 0.0000E+00
   5.890 2.1226 21.249 0.2405 1.7000 0.5792E+02 0.6618E+02 0.4174E-01 0.2689E+01 0.6345E+02 0.5790E+02  0  0  0 0.6419E+02 0.0000E+00
   5.890 2.0693 22.156 0.2511 1.8000 0.4845E+02 0.5509E+02 0.3066E-01 0.2218E+01 0.5284E+02 0.4844E+02  0  0  0 0.5357E+02 0.0000E+00
   5.890 2.0160 23.074 0.2614 1.9000 0.4072E+02 0.4609E+02 0.2271E-01 0.1848E+01 0.4422E+02 0.4071E+02  0  0  0 0.4493E+02 0.0000E+00
   5.890 1.9627 24.007 0.2714 2.0000 0.3435E+02 0.3873E+02 0.1696E-01 0.1552E+01 0.3716E+02 0.3435E+02  0  0  0 0.3784E+02 0.0000E+00
   5.890 1.9095 24.955 0.2811 2.1000 0.2909E+02 0.3270E+02 0.1276E-01 0.1315E+01 0.3137E+02 0.2908E+02  0  0  0 0.3200E+02 0.0000E+00
   5.890 1.8562 25.923 0.2906 2.2000 0.2471E+02 0.2771E+02 0.9666E-02 0.1123E+01 0.2658E+02 0.2471E+02  0  0  0 0.2716E+02 0.0000E+00
   5.890 1.8029 26.912 0.2999 2.3000 0.2105E+02 0.2356E+02 0.7368E-02 0.9663E+00 0.2259E+02 0.2104E+02  0  0  0 0.2312E+02 0.0000E+00
   5.890 1.7496 27.926 0.3089 2.4000 0.1797E+02 0.2010E+02 0.5648E-02 0.8375E+00 0.1925E+02 0.1797E+02  0  0  0 0.1974E+02 0.0000E+00
   5.890 1.6963 28.968 0.3177 2.5000 0.1538E+02 0.1719E+02 0.4354E-02 0.7310E+00 0.1645E+02 0.1538E+02  0  0  0 0.1690E+02 0.0000E+00
   5.890 2.1173 17.845 0.1695 1.2000 0.1234E+03 0.1528E+03 0.3016E+00 0.8442E+01 0.1440E+03 0.1234E+03  0  0  0 0.1428E+03 0.0000E+00
   5.890 2.0640 18.821 0.1811 1.3000 0.9994E+02 0.1226E+03 0.2102E+00 0.6607E+01 0.1158E+03 0.9989E+02  0  0  0 0.1151E+03 0.0000E+00
   5.890 2.0107 19.798 0.1923 1.4000 0.8162E+02 0.9943E+02 0.1490E+00 0.5254E+01 0.9403E+02 0.8158E+02  0  0  0 0.9369E+02 0.0000E+00
   5.890 1.9574 20.780 0.2033 1.5000 0.6715E+02 0.8128E+02 0.1071E+00 0.4236E+01 0.7693E+02 0.6713E+02  0  0  0 0.7684E+02 0.0000E+00
   5.890 1.9041 21.772 0.2139 1.6000 0.5561E+02 0.6693E+02 0.7796E-01 0.3457E+01 0.6340E+02 0.5559E+02  0  0  0 0.6346E+02 0.0000E+00
   5.890 1.8508 22.776 0.2243 1.7000 0.4631E+02 0.5547E+02 0.5737E-01 0.2853E+01 0.5256E+02 0.4630E+02  0  0  0 0.5273E+02 0.0000E+00
   5.890 1.7975 23.795 0.2344 1.8000 0.3876E+02 0.4627E+02 0.4262E-01 0.2408E+01 0.4382E+02 0.3875E+02  0  0  0 0.4407E+02 0.0000E+00
   5.890 1.7443 24.834 0.2442 1.9000 0.3258E+02 0.3874E+02 0.3195E-01 0.2004E+01 0.3670E+02 0.3257E+02  0  0  0 0.3698E+02 0.0000E+00
   5.890 1.6910 25.895 0.2538 2.0000 0.2748E+02 0.3260E+02 0.2414E-01 0.1704E+01 0.3088E+02 0.2748E+02  0  0  0 0.3117E+02 0.0000E+00
   5.890 1.6377 26.982 0.2632 2.1000 0.2326E+02 0.2755E+02 0.1837E-01 0.1461E+01 0.2607E+02 0.2326E+02  0  0  0 0.2637E+02 0.0000E+00
   5.890 1.5844 28.100 0.2723 2.2000 0.1974E+02 0.2336E+02 0.1408E-01 0.1263E+01 0.2208E+02 0.1974E+02  0  0  0 0.2239E+02 0.0000E+00
   5.890 1.5311 29.252 0.2812 2.3000 0.1680E+02 0.1986E+02 0.1086E-01 0.1100E+01 0.1875E+02 0.1680E+02  0  0  0 0.1905E+02 0.0000E+00
   5.890 1.4778 30.443 0.2899 2.4000 0.1433E+02 0.1695E+02 0.8421E-02 0.9657E+00 0.1597E+02 0.1433E+02  0  0  0 0.1626E+02 0.0000E+00
   5.890 1.4245 31.677 0.2983 2.5000 0.1224E+02 0.1450E+02 0.6569E-02 0.8539E+00 0.1364E+02 0.1224E+02  0  0  0 0.1391E+02 0.0000E+00
   5.890 1.8348 19.182 0.1577 1.2000 0.9609E+02 0.1252E+03 0.3899E+00 0.8645E+01 0.1162E+03 0.9604E+02  0  0  0 0.1146E+03 0.0000E+00
   5.890 1.7816 20.272 0.1686 1.3000 0.7778E+02 0.1006E+03 0.2742E+00 0.6848E+01 0.9344E+02 0.7775E+02  0  0  0 0.9240E+02 0.0000E+00
   5.890 1.7283 21.372 0.1793 1.4000 0.6350E+02 0.8158E+02 0.1962E+00 0.5509E+01 0.7587E+02 0.6347E+02  0  0  0 0.7520E+02 0.0000E+00
   5.890 1.6750 22.485 0.1896 1.5000 0.5221E+02 0.6673E+02 0.1425E+00 0.4495E+01 0.6210E+02 0.5219E+02  0  0  0 0.6169E+02 0.0000E+00
   5.890 1.6217 23.617 0.1998 1.6000 0.4320E+02 0.5500E+02 0.1049E+00 0.3714E+01 0.5118E+02 0.4318E+02  0  0  0 0.5095E+02 0.0000E+00
   5.890 1.5684 24.771 0.2096 1.7000 0.3593E+02 0.4560E+02 0.7803E-01 0.3104E+01 0.4242E+02 0.3592E+02  0  0  0 0.4233E+02 0.0000E+00
   5.890 1.5151 25.954 0.2193 1.8000 0.3002E+02 0.3802E+02 0.5864E-01 0.2622E+01 0.3534E+02 0.3001E+02  0  0  0 0.3535E+02 0.0000E+00
   5.890 1.4618 27.169 0.2286 1.9000 0.2518E+02 0.3186E+02 0.4447E-01 0.2237E+01 0.2958E+02 0.2518E+02  0  0  0 0.2965E+02 0.0000E+00
   5.890 1.4085 28.422 0.2378 2.0000 0.2120E+02 0.2681E+02 0.3401E-01 0.1926E+01 0.2485E+02 0.2119E+02  0  0  0 0.2497E+02 0.0000E+00
   5.890 1.3552 29.720 0.2468 2.1000 0.1789E+02 0.2265E+02 0.2620E-01 0.1673E+01 0.2095E+02 0.1789E+02  0  0  0 0.2110E+02 0.0000E+00
   5.890 1.3019 31.068 0.2555 2.2000 0.1514E+02 0.1920E+02 0.2034E-01 0.1466E+01 0.1771E+02 0.1514E+02  0  0  0 0.1789E+02 0.0000E+00
   5.890 1.2487 32.474 0.2641 2.3000 0.1283E+02 0.1632E+02 0.1589E-01 0.1295E+01 0.1501E+02 0.1283E+02  0  0  0 0.1520E+02 0.0000E+00
   5.890 1.1954 33.946 0.2724 2.4000 0.1090E+02 0.1391E+02 0.1250E-01 0.1153E+01 0.1274E+02 0.1089E+02  0  0  0 0.1295E+02 0.0000E+00
   5.890 1.1421 35.494 0.2806 2.5000 0.9260E+01 0.1189E+02 0.9895E-02 0.1035E+01 0.1084E+02 0.9259E+01  0  0  0 0.1105E+02 0.0000E+00
   5.890 1.5418 20.944 0.1471 1.2000 0.7260E+02 0.1008E+03 0.5137E+00 0.9030E+01 0.9122E+02 0.7257E+02  0  0  0 0.8997E+02 0.0000E+00
   5.890 1.4885 22.202 0.1574 1.3000 0.5864E+02 0.8090E+02 0.3637E+00 0.7247E+01 0.7329E+02 0.5861E+02  0  0  0 0.7246E+02 0.0000E+00
   5.890 1.4352 23.481 0.1675 1.4000 0.4774E+02 0.6562E+02 0.2624E+00 0.5908E+01 0.5945E+02 0.4773E+02  0  0  0 0.5890E+02 0.0000E+00
   5.890 1.3819 24.789 0.1773 1.5000 0.3914E+02 0.5366E+02 0.1925E+00 0.4884E+01 0.4859E+02 0.3912E+02  0  0  0 0.4825E+02 0.0000E+00
   5.890 1.3286 26.134 0.1869 1.6000 0.3227E+02 0.4420E+02 0.1432E+00 0.4090E+01 0.3997E+02 0.3226E+02  0  0  0 0.3979E+02 0.0000E+00
   5.890 1.2753 27.521 0.1963 1.7000 0.2673E+02 0.3661E+02 0.1078E+00 0.3465E+01 0.3304E+02 0.2673E+02  0  0  0 0.3298E+02 0.0000E+00
   5.890 1.2220 28.960 0.2055 1.8000 0.2224E+02 0.3050E+02 0.8210E-01 0.2967E+01 0.2745E+02 0.2223E+02  0  0  0 0.2748E+02 0.0000E+00
   5.890 1.1687 30.459 0.2145 1.9000 0.1855E+02 0.2552E+02 0.6318E-01 0.2567E+01 0.2289E+02 0.1855E+02  0  0  0 0.2299E+02 0.0000E+00
   5.890 1.1154 32.028 0.2232 2.0000 0.1552E+02 0.2144E+02 0.4910E-01 0.2243E+01 0.1915E+02 0.1552E+02  0  0  0 0.1930E+02 0.0000E+00
   5.890 1.0622 33.678 0.2318 2.1000 0.1301E+02 0.1808E+02 0.3853E-01 0.1977E+01 0.1606E+02 0.1301E+02  0  0  0 0.1625E+02 0.0000E+00
   5.890 1.0089 35.424 0.2402 2.2000 0.1092E+02 0.1529E+02 0.3053E-01 0.1759E+01 0.1350E+02 0.1092E+02  0  0  0 0.1372E+02 0.0000E+00
   5.890 0.9556 37.281 0.2484 2.3000 0.9179E+01 0.1297E+02 0.2445E-01 0.1578E+01 0.1137E+02 0.9177E+01  0  0  0 0.1161E+02 0.0000E+00
   5.890 0.9023 39.267 0.2564 2.4000 0.7713E+01 0.1103E+02 0.1980E-01 0.1428E+01 0.9585E+01 0.7712E+01  0  0  0 0.9836E+01 0.0000E+00
   5.890 0.8490 41.407 0.2643 2.5000 0.6479E+01 0.9398E+01 0.1626E-01 0.1302E+01 0.8080E+01 0.6478E+01  0  0  0 0.8346E+01 0.0000E+00
   5.890 1.2380 23.406 0.1375 1.2000 0.5251E+02 0.7935E+02 0.7337E+00 0.9620E+01 0.6900E+02 0.5249E+02  0  0  0 0.6864E+02 0.0000E+00
   5.890 1.1847 24.926 0.1472 1.3000 0.4218E+02 0.6363E+02 0.5241E+00 0.7830E+01 0.5527E+02 0.4216E+02  0  0  0 0.5512E+02 0.0000E+00
   5.890 1.1314 26.497 0.1568 1.4000 0.3413E+02 0.5147E+02 0.3830E+00 0.6474E+01 0.4462E+02 0.3412E+02  0  0  0 0.4463E+02 0.0000E+00
   5.890 1.0781 28.128 0.1661 1.5000 0.2778E+02 0.4198E+02 0.2855E+00 0.5429E+01 0.3626E+02 0.2777E+02  0  0  0 0.3640E+02 0.0000E+00
   5.890 1.0249 29.834 0.1753 1.6000 0.2272E+02 0.3449E+02 0.2168E+00 0.4612E+01 0.2966E+02 0.2271E+02  0  0  0 0.2987E+02 0.0000E+00
   5.890 0.9716 31.629 0.1842 1.7000 0.1865E+02 0.2850E+02 0.1675E+00 0.3965E+01 0.2436E+02 0.1864E+02  0  0  0 0.2465E+02 0.0000E+00
   5.890 0.9183 33.530 0.1929 1.8000 0.1535E+02 0.2366E+02 0.1317E+00 0.3446E+01 0.2009E+02 0.1535E+02  0  0  0 0.2042E+02 0.0000E+00
   5.890 0.8650 35.557 0.2015 1.9000 0.1266E+02 0.1974E+02 0.1055E+00 0.3028E+01 0.1660E+02 0.1265E+02  0  0  0 0.1698E+02 0.0000E+00
   5.890 0.8117 37.737 0.2099 2.0000 0.1045E+02 0.1652E+02 0.8629E-01 0.2686E+01 0.1375E+02 0.1044E+02  0  0  0 0.1415E+02 0.0000E+00
   5.890 0.7584 40.098 0.2181 2.1000 0.8621E+01 0.1387E+02 0.7229E-01 0.2406E+01 0.1140E+02 0.8619E+01  0  0  0 0.1182E+02 0.0000E+00
   5.890 0.7051 42.681 0.2261 2.2000 0.7108E+01 0.1168E+02 0.6237E-01 0.2175E+01 0.9444E+01 0.7106E+01  0  0  0 0.9894E+01 0.0000E+00
   5.890 0.6518 45.536 0.2340 2.3000 0.5847E+01 0.9858E+01 0.5578E-01 0.1983E+01 0.7819E+01 0.5847E+01  0  0  0 0.8287E+01 0.0000E+00
   5.890 0.5985 48.730 0.2417 2.4000 0.4794E+01 0.8333E+01 0.5217E-01 0.1823E+01 0.6458E+01 0.4794E+01  0  0  0 0.6944E+01 0.0000E+00
   5.890 0.5452 52.355 0.2493 2.5000 0.3912E+01 0.7061E+01 0.5148E-01 0.1689E+01 0.5321E+01 0.3912E+01  0  0  0 0.5822E+01 0.0000E+00
   5.890 0.9236 27.164 0.1288 1.2000 0.3538E+02 0.6078E+02 0.1304E+01 0.1041E+02 0.4906E+02 0.3537E+02  0  0  0 0.5023E+02 0.0000E+00
   5.890 0.8703 29.168 0.1380 1.3000 0.2807E+02 0.4851E+02 0.9687E+00 0.8601E+01 0.3894E+02 0.2806E+02  0  0  0 0.4004E+02 0.0000E+00
   5.890 0.8170 31.291 0.1471 1.4000 0.2240E+02 0.3908E+02 0.7430E+00 0.7216E+01 0.3112E+02 0.2239E+02  0  0  0 0.3217E+02 0.0000E+00
   5.890 0.7637 33.564 0.1559 1.5000 0.1794E+02 0.3173E+02 0.5885E+00 0.6141E+01 0.2500E+02 0.1793E+02  0  0  0 0.2602E+02 0.0000E+00
   5.890 0.7104 36.019 0.1646 1.6000 0.1440E+02 0.2592E+02 0.4820E+00 0.5294E+01 0.2015E+02 0.1440E+02  0  0  0 0.2115E+02 0.0000E+00
   5.890 0.6571 38.703 0.1731 1.7000 0.1157E+02 0.2130E+02 0.4093E+00 0.4619E+01 0.1627E+02 0.1157E+02  0  0  0 0.1725E+02 0.0000E+00
   5.890 0.6039 41.672 0.1815 1.8000 0.9287E+01 0.1758E+02 0.3616E+00 0.4074E+01 0.1315E+02 0.9285E+01  0  0  0 0.1412E+02 0.0000E+00
   5.890 0.5506 45.005 0.1896 1.9000 0.7435E+01 0.1457E+02 0.3338E+00 0.3630E+01 0.1061E+02 0.7434E+01  0  0  0 0.1158E+02 0.0000E+00
   5.890 0.4973 48.808 0.1976 2.0000 0.5925E+01 0.1212E+02 0.3233E+00 0.3265E+01 0.8534E+01 0.5924E+01  0  0  0 0.9503E+01 0.0000E+00
   5.890 0.4440 53.238 0.2055 2.1000 0.4687E+01 0.1011E+02 0.3295E+00 0.2960E+01 0.6823E+01 0.4687E+01  0  0  0 0.7797E+01 0.0000E+00
   5.890 0.3907 58.534 0.2132 2.2000 0.3669E+01 0.8455E+01 0.3533E+00 0.2699E+01 0.5403E+01 0.3669E+01  0  0  0 0.6391E+01 0.0000E+00
   5.890 0.3374 65.081 0.2207 2.3000 0.2829E+01 0.7071E+01 0.3968E+00 0.2466E+01 0.4209E+01 0.2829E+01  0  0  0 0.5217E+01 0.0000E+00
   5.890 0.2841 73.565 0.2281 2.4000 0.2134E+01 0.5853E+01 0.4616E+00 0.2223E+01 0.3169E+01 0.2134E+01  0  0  0 0.4231E+01 0.0000E+00
   5.890 0.2308 85.376 0.2354 2.5000 0.1558E+01 0.4006E+01 0.5396E+00 0.1595E+01 0.1872E+01 0.1557E+01  0  0  0 0.3379E+01 0.0000E+00
