1.2,2.7,3.0,4.3
   5.890 3.9931 20.573 0.8428 3.0000 0.2571E+02 0.1990E+02 0.1557E-07 0.5766E+01 0.1413E+02 0.1982E+02  0  0  0 0.2310E+02 0.0000E+00
   5.890 3.9398 21.060 0.8471 3.1000 0.2169E+02 0.1678E+02 0.1104E-07 0.4759E+01 0.1202E+02 0.1683E+02  0  0  0 0.1949E+02 0.0000E+00
   5.890 3.8865 21.549 0.8511 3.2000 0.1838E+02 0.1420E+02 0.7915E-08 0.3943E+01 0.1026E+02 0.1435E+02  0  0  0 0.1650E+02 0.0000E+00
   5.890 3.8332 22.041 0.8550 3.3000 0.1563E+02 0.1207E+02 0.5728E-08 0.3279E+01 0.8787E+01 0.1228E+02  0  0  0 0.1403E+02 0.0000E+00
   5.890 3.7799 22.535 0.8587 3.4000 0.1334E+02 0.1029E+02 0.4185E-08 0.2737E+01 0.7554E+01 0.1054E+02  0  0  0 0.1197E+02 0.0000E+00
   5.890 3.7266 23.034 0.8621 3.5000 0.1142E+02 0.8808E+01 0.3085E-08 0.2292E+01 0.6516E+01 0.9077E+01  0  0  0 0.1025E+02 0.0000E+00
   5.890 3.6733 23.537 0.8654 3.6000 0.9809E+01 0.7564E+01 0.2293E-08 0.1926E+01 0.5638E+01 0.7843E+01  0  0  0 0.8804E+01 0.0000E+00
   5.890 3.6200 24.044 0.8686 3.7000 0.8452E+01 0.6517E+01 0.1719E-08 0.1623E+01 0.4894E+01 0.6796E+01  0  0  0 0.7586E+01 0.0000E+00
   5.890 3.5668 24.556 0.8716 3.8000 0.7304E+01 0.5632E+01 0.1298E-08 0.1372E+01 0.4260E+01 0.5905E+01  0  0  0 0.6557E+01 0.0000E+00
   5.890 3.5135 25.073 0.8745 3.9000 0.6330E+01 0.4880E+01 0.9877E-09 0.1163E+01 0.3717E+01 0.5145E+01  0  0  0 0.5684E+01 0.0000E+00
   5.890 3.4602 25.595 0.8773 4.0000 0.5500E+01 0.4241E+01 0.7568E-09 0.9887E+00 0.3252E+01 0.4495E+01  0  0  0 0.4940E+01 0.0000E+00
   5.890 3.4069 26.124 0.8799 4.1000 0.4792E+01 0.3695E+01 0.5838E-09 0.8427E+00 0.2852E+01 0.3936E+01  0  0  0 0.4305E+01 0.0000E+00
   5.890 3.3536 26.660 0.8824 4.2000 0.4185E+01 0.3228E+01 0.4533E-09 0.7200E+00 0.2507E+01 0.3454E+01  0  0  0 0.3761E+01 0.0000E+00
   5.890 3.3003 27.202 0.8848 4.3000 0.3663E+01 0.2826E+01 0.3542E-09 0.6167E+00 0.2209E+01 0.3039E+01  0  0  0 0.3293E+01 0.0000E+00
   5.890 3.8598 20.929 0.7875 3.0000 0.3035E+02 0.2376E+02 0.7211E-07 0.4386E+01 0.1938E+02 0.2643E+02  0  0  0 0.2744E+02 0.0000E+00
   5.890 3.8066 21.430 0.7929 3.1000 0.2567E+02 0.2008E+02 0.5103E-07 0.3646E+01 0.1644E+02 0.2241E+02  0  0  0 0.2320E+02 0.0000E+00
   5.890 3.7533 21.933 0.7981 3.2000 0.2180E+02 0.1703E+02 0.3646E-07 0.3042E+01 0.1399E+02 0.1906E+02  0  0  0 0.1969E+02 0.0000E+00
   5.890 3.7000 22.439 0.8030 3.3000 0.1857E+02 0.1449E+02 0.2629E-07 0.2546E+01 0.1195E+02 0.1627E+02  0  0  0 0.1677E+02 0.0000E+00
   5.890 3.6467 22.949 0.8077 3.4000 0.1587E+02 0.1238E+02 0.1912E-07 0.2138E+01 0.1024E+02 0.1394E+02  0  0  0 0.1433E+02 0.0000E+00
   5.890 3.5934 23.463 0.8121 3.5000 0.1361E+02 0.1061E+02 0.1402E-07 0.1802E+01 0.8810E+01 0.1198E+02  0  0  0 0.1228E+02 0.0000E+00
   5.890 3.5401 23.982 0.8164 3.6000 0.1171E+02 0.9123E+01 0.1037E-07 0.1522E+01 0.7601E+01 0.1033E+02  0  0  0 0.1056E+02 0.0000E+00
   5.890 3.4868 24.506 0.8205 3.7000 0.1010E+02 0.7867E+01 0.7724E-08 0.1290E+01 0.6577E+01 0.8926E+01  0  0  0 0.9113E+01 0.0000E+00
   5.890 3.4335 25.035 0.8244 3.8000 0.8732E+01 0.6803E+01 0.5796E-08 0.1096E+01 0.5707E+01 0.7737E+01  0  0  0 0.7883E+01 0.0000E+00
   5.890 3.3802 25.570 0.8281 3.9000 0.7573E+01 0.5899E+01 0.4381E-08 0.9339E+00 0.4965E+01 0.6724E+01  0  0  0 0.6837E+01 0.0000E+00
   5.890 3.3270 26.112 0.8317 4.0000 0.6583E+01 0.5128E+01 0.3333E-08 0.7978E+00 0.4330E+01 0.5859E+01  0  0  0 0.5945E+01 0.0000E+00
   5.890 3.2737 26.660 0.8351 4.1000 0.5737E+01 0.4469E+01 0.2553E-08 0.6832E+00 0.3786E+01 0.5117E+01  0  0  0 0.5181E+01 0.0000E+00
   5.890 3.2204 27.216 0.8384 4.2000 0.5011E+01 0.3904E+01 0.1967E-08 0.5865E+00 0.3317E+01 0.4479E+01  0  0  0 0.4527E+01 0.0000E+00
   5.890 3.1671 27.780 0.8415 4.3000 0.4387E+01 0.3418E+01 0.1525E-08 0.5046E+00 0.2913E+01 0.3929E+01  0  0  0 0.3964E+01 0.0000E+00
   5.890 3.7160 21.335 0.7353 3.0000 0.3514E+02 0.2793E+02 0.2933E-06 0.3233E+01 0.2470E+02 0.3270E+02  0  0  0 0.3202E+02 0.0000E+00
   5.890 3.6627 21.852 0.7417 3.1000 0.2978E+02 0.2363E+02 0.2083E-06 0.2708E+01 0.2093E+02 0.2772E+02  0  0  0 0.2712E+02 0.0000E+00
   5.890 3.6094 22.371 0.7477 3.2000 0.2532E+02 0.2008E+02 0.1492E-06 0.2275E+01 0.1780E+02 0.2357E+02  0  0  0 0.2305E+02 0.0000E+00
   5.890 3.5561 22.894 0.7535 3.3000 0.2160E+02 0.1712E+02 0.1077E-06 0.1917E+01 0.1520E+02 0.2012E+02  0  0  0 0.1966E+02 0.0000E+00
   5.890 3.5028 23.422 0.7590 3.4000 0.1848E+02 0.1464E+02 0.7838E-07 0.1621E+01 0.1302E+02 0.1723E+02  0  0  0 0.1682E+02 0.0000E+00
   5.890 3.4495 23.955 0.7642 3.5000 0.1586E+02 0.1256E+02 0.5747E-07 0.1374E+01 0.1118E+02 0.1479E+02  0  0  0 0.1444E+02 0.0000E+00
   5.890 3.3962 24.492 0.7693 3.6000 0.1366E+02 0.1081E+02 0.4245E-07 0.1169E+01 0.9637E+01 0.1274E+02  0  0  0 0.1243E+02 0.0000E+00
   5.890 3.3430 25.036 0.7741 3.7000 0.1179E+02 0.9322E+01 0.3157E-07 0.9962E+00 0.8326E+01 0.1101E+02  0  0  0 0.1072E+02 0.0000E+00
   5.890 3.2897 25.586 0.7787 3.8000 0.1020E+02 0.8067E+01 0.2364E-07 0.8514E+00 0.7215E+01 0.9533E+01  0  0  0 0.9282E+01 0.0000E+00
   5.890 3.2364 26.142 0.7832 3.9000 0.8852E+01 0.7004E+01 0.1782E-07 0.7296E+00 0.6275E+01 0.8277E+01  0  0  0 0.8059E+01 0.0000E+00
   5.890 3.1831 26.706 0.7875 4.0000 0.7493E+01 0.5990E+01 0.1351E-07 0.6266E+00 0.5364E+01 0.6998E+01  0  0  0 0.6863E+01 0.0000E+00
   5.890 3.1298 27.278 0.7916 4.1000 0.6547E+01 0.5234E+01 0.1031E-07 0.5395E+00 0.4695E+01 0.6121E+01  0  0  0 0.5998E+01 0.0000E+00
   5.890 3.0765 27.858 0.7955 4.2000 0.5732E+01 0.4583E+01 0.7914E-08 0.4655E+00 0.4118E+01 0.5364E+01  0  0  0 0.5253E+01 0.0000E+00
   5.890 3.0232 28.447 0.7993 4.3000 0.5029E+01 0.4022E+01 0.6109E-08 0.4025E+00 0.3619E+01 0.4711E+01  0  0  0 0.4610E+01 0.0000E+00
   5.890 3.5614 21.799 0.6865 3.0000 0.3951E+02 0.3200E+02 0.1040E-05 0.2363E+01 0.2964E+02 0.3808E+02  0  0  0 0.3637E+02 0.0000E+00
   5.890 3.5081 22.334 0.6936 3.1000 0.3354E+02 0.2714E+02 0.7444E-06 0.1993E+01 0.2515E+02 0.3232E+02  0  0  0 0.3086E+02 0.0000E+00
   5.890 3.4548 22.872 0.7003 3.2000 0.2857E+02 0.2311E+02 0.5369E-06 0.1685E+01 0.2142E+02 0.2752E+02  0  0  0 0.2628E+02 0.0000E+00
   5.890 3.4016 23.416 0.7067 3.3000 0.2441E+02 0.1973E+02 0.3900E-06 0.1430E+01 0.1830E+02 0.2351E+02  0  0  0 0.2245E+02 0.0000E+00
   5.890 3.3483 23.964 0.7128 3.4000 0.2092E+02 0.1689E+02 0.2852E-06 0.1216E+01 0.1568E+02 0.2015E+02  0  0  0 0.1924E+02 0.0000E+00
   5.890 3.2950 24.518 0.7187 3.5000 0.1798E+02 0.1452E+02 0.2100E-06 0.1038E+01 0.1348E+02 0.1732E+02  0  0  0 0.1654E+02 0.0000E+00
   5.890 3.2417 25.079 0.7244 3.6000 0.1527E+02 0.1240E+02 0.1556E-06 0.8876E+00 0.1151E+02 0.1469E+02  0  0  0 0.1409E+02 0.0000E+00
   5.890 3.1884 25.645 0.7298 3.7000 0.1322E+02 0.1073E+02 0.1160E-06 0.7613E+00 0.9970E+01 0.1272E+02  0  0  0 0.1220E+02 0.0000E+00
   5.890 3.1351 26.220 0.7351 3.8000 0.1147E+02 0.9312E+01 0.8700E-07 0.6546E+00 0.8658E+01 0.1104E+02  0  0  0 0.1059E+02 0.0000E+00
   5.890 3.0818 26.802 0.7401 3.9000 0.9976E+01 0.8099E+01 0.6564E-07 0.5642E+00 0.7535E+01 0.9606E+01  0  0  0 0.9211E+01 0.0000E+00
   5.890 3.0285 27.392 0.7449 4.0000 0.8696E+01 0.7060E+01 0.4981E-07 0.4874E+00 0.6573E+01 0.8376E+01  0  0  0 0.8032E+01 0.0000E+00
   5.890 2.9753 27.991 0.7496 4.1000 0.7597E+01 0.6169E+01 0.3800E-07 0.4219E+00 0.5747E+01 0.7318E+01  0  0  0 0.7019E+01 0.0000E+00
   5.890 2.9220 28.600 0.7541 4.2000 0.6650E+01 0.5401E+01 0.2915E-07 0.3661E+00 0.5035E+01 0.6408E+01  0  0  0 0.6146E+01 0.0000E+00
   5.890 2.8687 29.220 0.7584 4.3000 0.5832E+01 0.4739E+01 0.2247E-07 0.3183E+00 0.4420E+01 0.5621E+01  0  0  0 0.5393E+01 0.0000E+00
   5.890 3.3962 22.330 0.6411 3.0000 0.4304E+02 0.3565E+02 0.3201E-05 0.1751E+01 0.3390E+02 0.4225E+02  0  0  0 0.4009E+02 0.0000E+00
   5.890 3.3430 22.886 0.6486 3.1000 0.3662E+02 0.3031E+02 0.2321E-05 0.1486E+01 0.2882E+02 0.3593E+02  0  0  0 0.3411E+02 0.0000E+00
   5.890 3.2897 23.448 0.6558 3.2000 0.3126E+02 0.2585E+02 0.1693E-05 0.1264E+01 0.2459E+02 0.3066E+02  0  0  0 0.2911E+02 0.0000E+00
   5.890 3.2364 24.015 0.6627 3.3000 0.2657E+02 0.2203E+02 0.1242E-05 0.1079E+01 0.2095E+02 0.2605E+02  0  0  0 0.2478E+02 0.0000E+00
   5.890 3.1831 24.588 0.6693 3.4000 0.2284E+02 0.1893E+02 0.9165E-06 0.9235E+00 0.1801E+02 0.2239E+02  0  0  0 0.2130E+02 0.0000E+00
   5.890 3.1298 25.167 0.6757 3.5000 0.1968E+02 0.1631E+02 0.6800E-06 0.7926E+00 0.1552E+02 0.1929E+02  0  0  0 0.1836E+02 0.0000E+00
   5.890 3.0765 25.754 0.6819 3.6000 0.1701E+02 0.1409E+02 0.5074E-06 0.6821E+00 0.1341E+02 0.1667E+02  0  0  0 0.1587E+02 0.0000E+00
   5.890 3.0232 26.349 0.6878 3.7000 0.1474E+02 0.1221E+02 0.3806E-06 0.5885E+00 0.1162E+02 0.1444E+02  0  0  0 0.1375E+02 0.0000E+00
   5.890 2.9699 26.952 0.6935 3.8000 0.1280E+02 0.1060E+02 0.2869E-06 0.5089E+00 0.1009E+02 0.1254E+02  0  0  0 0.1194E+02 0.0000E+00
   5.890 2.9166 27.565 0.6990 3.9000 0.1114E+02 0.9223E+01 0.2175E-06 0.4412E+00 0.8782E+01 0.1091E+02  0  0  0 0.1040E+02 0.0000E+00
   5.890 2.8633 28.187 0.7043 4.0000 0.9714E+01 0.8046E+01 0.1656E-06 0.3833E+00 0.7662E+01 0.9515E+01  0  0  0 0.9070E+01 0.0000E+00
   5.890 2.8101 28.820 0.7094 4.1000 0.8489E+01 0.7034E+01 0.1268E-06 0.3338E+00 0.6700E+01 0.8315E+01  0  0  0 0.7930E+01 0.0000E+00
   5.890 2.7568 29.464 0.7143 4.2000 0.7433E+01 0.6160E+01 0.9748E-07 0.2913E+00 0.5869E+01 0.7280E+01  0  0  0 0.6947E+01 0.0000E+00
   5.890 2.7035 30.120 0.7191 4.3000 0.6520E+01 0.5405E+01 0.7531E-07 0.2548E+00 0.5150E+01 0.6386E+01  0  0  0 0.6096E+01 0.0000E+00
   5.890 3.2204 22.939 0.5988 3.0000 0.4544E+02 0.3857E+02 0.8580E-05 0.1346E+01 0.3723E+02 0.4503E+02  0  0  0 0.4290E+02 0.0000E+00
   5.890 3.1671 23.522 0.6067 3.1000 0.3866E+02 0.3284E+02 0.6324E-05 0.1148E+01 0.3169E+02 0.3830E+02  0  0  0 0.3652E+02 0.0000E+00
   5.890 3.1138 24.110 0.6142 3.2000 0.3310E+02 0.2810E+02 0.4681E-05 0.9819E+00 0.2712E+02 0.3278E+02  0  0  0 0.3126E+02 0.0000E+00
   5.890 3.0605 24.706 0.6215 3.3000 0.2843E+02 0.2412E+02 0.3481E-05 0.8425E+00 0.2327E+02 0.2814E+02  0  0  0 0.2685E+02 0.0000E+00
   5.890 3.0072 25.308 0.6285 3.4000 0.2448E+02 0.2075E+02 0.2600E-05 0.7250E+00 0.2003E+02 0.2423E+02  0  0  0 0.2311E+02 0.0000E+00
   5.890 2.9539 25.918 0.6352 3.5000 0.2113E+02 0.1791E+02 0.1951E-05 0.6257E+00 0.1729E+02 0.2091E+02  0  0  0 0.1995E+02 0.0000E+00
   5.890 2.9006 26.537 0.6417 3.6000 0.1829E+02 0.1549E+02 0.1470E-05 0.5415E+00 0.1495E+02 0.1809E+02  0  0  0 0.1727E+02 0.0000E+00
   5.890 2.8473 27.166 0.6480 3.7000 0.1586E+02 0.1344E+02 0.1113E-05 0.4698E+00 0.1297E+02 0.1569E+02  0  0  0 0.1498E+02 0.0000E+00
   5.890 2.7941 27.804 0.6541 3.8000 0.1379E+02 0.1169E+02 0.8460E-06 0.4087E+00 0.1128E+02 0.1364E+02  0  0  0 0.1303E+02 0.0000E+00
   5.890 2.7408 28.453 0.6599 3.9000 0.1202E+02 0.1018E+02 0.6459E-06 0.3564E+00 0.9825E+01 0.1188E+02  0  0  0 0.1136E+02 0.0000E+00
   5.890 2.6875 29.114 0.6656 4.0000 0.1049E+02 0.8890E+01 0.4953E-06 0.3115E+00 0.8578E+01 0.1037E+02  0  0  0 0.9918E+01 0.0000E+00
   5.890 2.6342 29.788 0.6711 4.1000 0.9175E+01 0.7779E+01 0.3813E-06 0.2729E+00 0.7506E+01 0.9071E+01  0  0  0 0.8680E+01 0.0000E+00
   5.890 2.5809 30.474 0.6764 4.2000 0.8039E+01 0.6819E+01 0.2948E-06 0.2397E+00 0.6579E+01 0.7947E+01  0  0  0 0.7610E+01 0.0000E+00
   5.890 2.5276 31.176 0.6815 4.3000 0.7056E+01 0.5989E+01 0.2288E-06 0.2110E+00 0.5778E+01 0.6975E+01  0  0  0 0.6684E+01 0.0000E+00
   5.890 3.0339 23.644 0.5597 3.0000 0.4654E+02 0.4055E+02 0.2014E-04 0.1096E+01 0.3945E+02 0.4634E+02  0  0  0 0.4456E+02 0.0000E+00
   5.890 2.9806 24.257 0.5678 3.1000 0.3983E+02 0.3468E+02 0.1513E-04 0.9391E+00 0.3375E+02 0.3965E+02  0  0  0 0.3813E+02 0.0000E+00
   5.890 2.9273 24.879 0.5756 3.2000 0.3419E+02 0.2975E+02 0.1140E-04 0.8069E+00 0.2894E+02 0.3402E+02  0  0  0 0.3273E+02 0.0000E+00
   5.890 2.8740 25.508 0.5831 3.3000 0.2942E+02 0.2558E+02 0.8613E-05 0.6955E+00 0.2489E+02 0.2928E+02  0  0  0 0.2816E+02 0.0000E+00
   5.890 2.8207 26.146 0.5903 3.4000 0.2539E+02 0.2207E+02 0.6530E-05 0.6014E+00 0.2146E+02 0.2526E+02  0  0  0 0.2430E+02 0.0000E+00
   5.890 2.7674 26.793 0.5973 3.5000 0.2196E+02 0.1908E+02 0.4967E-05 0.5216E+00 0.1856E+02 0.2184E+02  0  0  0 0.2102E+02 0.0000E+00
   5.890 2.7141 27.451 0.6041 3.6000 0.1904E+02 0.1654E+02 0.3792E-05 0.4538E+00 0.1609E+02 0.1893E+02  0  0  0 0.1823E+02 0.0000E+00
   5.890 2.6608 28.121 0.6106 3.7000 0.1654E+02 0.1437E+02 0.2904E-05 0.3958E+00 0.1397E+02 0.1645E+02  0  0  0 0.1584E+02 0.0000E+00
   5.890 2.6075 28.802 0.6169 3.8000 0.1440E+02 0.1251E+02 0.2232E-05 0.3466E+00 0.1217E+02 0.1432E+02  0  0  0 0.1380E+02 0.0000E+00
   5.890 2.5543 29.497 0.6230 3.9000 0.1256E+02 0.1092E+02 0.1721E-05 0.3041E+00 0.1061E+02 0.1249E+02  0  0  0 0.1204E+02 0.0000E+00
   5.890 2.5010 30.205 0.6290 4.0000 0.1096E+02 0.9536E+01 0.1332E-05 0.2676E+00 0.9268E+01 0.1090E+02  0  0  0 0.1052E+02 0.0000E+00
   5.890 2.4477 30.929 0.6347 4.1000 0.9601E+01 0.8356E+01 0.1034E-05 0.2360E+00 0.8120E+01 0.9542E+01  0  0  0 0.9216E+01 0.0000E+00
   5.890 2.3944 31.669 0.6403 4.2000 0.8423E+01 0.7334E+01 0.8056E-06 0.2088E+00 0.7125E+01 0.8370E+01  0  0  0 0.8090E+01 0.0000E+00
   5.890 2.3411 32.427 0.6457 4.3000 0.7401E+01 0.6449E+01 0.6298E-06 0.1851E+00 0.6264E+01 0.7354E+01  0  0  0 0.7114E+01 0.0000E+00
   5.890 2.8367 24.464 0.5236 3.0000 0.4637E+02 0.4150E+02 0.4172E-04 0.9563E+00 0.4054E+02 0.4628E+02  0  0  0 0.4505E+02 0.0000E+00
   5.890 2.7834 25.115 0.5318 3.1000 0.3980E+02 0.3559E+02 0.3201E-04 0.8221E+00 0.3477E+02 0.3972E+02  0  0  0 0.3866E+02 0.0000E+00
   5.890 2.7301 25.776 0.5397 3.2000 0.3425E+02 0.3060E+02 0.2460E-04 0.7096E+00 0.2989E+02 0.3417E+02  0  0  0 0.3326E+02 0.0000E+00
   5.890 2.6768 26.447 0.5473 3.3000 0.2955E+02 0.2639E+02 0.1894E-04 0.6147E+00 0.2577E+02 0.2948E+02  0  0  0 0.2869E+02 0.0000E+00
   5.890 2.6235 27.128 0.5547 3.4000 0.2555E+02 0.2281E+02 0.1461E-04 0.5344E+00 0.2227E+02 0.2549E+02  0  0  0 0.2482E+02 0.0000E+00
   5.890 2.5703 27.822 0.5618 3.5000 0.2214E+02 0.1976E+02 0.1129E-04 0.4662E+00 0.1930E+02 0.2209E+02  0  0  0 0.2151E+02 0.0000E+00
   5.890 2.5170 28.528 0.5687 3.6000 0.1923E+02 0.1716E+02 0.8747E-05 0.4080E+00 0.1675E+02 0.1918E+02  0  0  0 0.1869E+02 0.0000E+00
   5.890 2.4637 29.248 0.5755 3.7000 0.1673E+02 0.1493E+02 0.6793E-05 0.3583E+00 0.1457E+02 0.1668E+02  0  0  0 0.1626E+02 0.0000E+00
   5.890 2.4104 29.983 0.5820 3.8000 0.1459E+02 0.1302E+02 0.5289E-05 0.3156E+00 0.1271E+02 0.1455E+02  0  0  0 0.1419E+02 0.0000E+00
   5.890 2.3571 30.735 0.5883 3.9000 0.1274E+02 0.1138E+02 0.4128E-05 0.2788E+00 0.1110E+02 0.1271E+02  0  0  0 0.1240E+02 0.0000E+00
   5.890 2.3038 31.503 0.5944 4.0000 0.1115E+02 0.9963E+01 0.3231E-05 0.2471E+00 0.9716E+01 0.1112E+02  0  0  0 0.1086E+02 0.0000E+00
   5.890 2.2505 32.291 0.6003 4.1000 0.9775E+01 0.8738E+01 0.2535E-05 0.2197E+00 0.8518E+01 0.9743E+01  0  0  0 0.9524E+01 0.0000E+00
   5.890 2.1972 33.099 0.6061 4.2000 0.8580E+01 0.7675E+01 0.1995E-05 0.1959E+00 0.7479E+01 0.8551E+01  0  0  0 0.8367E+01 0.0000E+00
   5.890 2.1439 33.928 0.6117 4.3000 0.7542E+01 0.6752E+01 0.1574E-05 0.1753E+00 0.6577E+01 0.7516E+01  0  0  0 0.7361E+01 0.0000E+00
   5.890 2.6289 25.428 0.4902 3.0000 0.4490E+02 0.4134E+02 0.7700E-04 0.8943E+00 0.4044E+02 0.4486E+02  0  0  0 0.4431E+02 0.0000E+00
   5.890 2.5756 26.126 0.4984 3.1000 0.3864E+02 0.3554E+02 0.6046E-04 0.7725E+00 0.3476E+02 0.3860E+02  0  0  0 0.3812E+02 0.0000E+00
   5.890 2.5223 26.836 0.5064 3.2000 0.3333E+02 0.3064E+02 0.4748E-04 0.6704E+00 0.2997E+02 0.3330E+02  0  0  0 0.3288E+02 0.0000E+00
   5.890 2.4690 27.559 0.5140 3.3000 0.2882E+02 0.2648E+02 0.3729E-04 0.5843E+00 0.2589E+02 0.2879E+02  0  0  0 0.2843E+02 0.0000E+00
   5.890 2.4157 28.295 0.5215 3.4000 0.2497E+02 0.2293E+02 0.2932E-04 0.5112E+00 0.2242E+02 0.2494E+02  0  0  0 0.2464E+02 0.0000E+00
   5.890 2.3624 29.046 0.5287 3.5000 0.2168E+02 0.1991E+02 0.2307E-04 0.4489E+00 0.1946E+02 0.2165E+02  0  0  0 0.2140E+02 0.0000E+00
   5.890 2.3091 29.813 0.5357 3.6000 0.1886E+02 0.1732E+02 0.1817E-04 0.3957E+00 0.1692E+02 0.1884E+02  0  0  0 0.1862E+02 0.0000E+00
   5.890 2.2558 30.597 0.5425 3.7000 0.1644E+02 0.1510E+02 0.1434E-04 0.3501E+00 0.1475E+02 0.1642E+02  0  0  0 0.1624E+02 0.0000E+00
   5.890 2.2025 31.401 0.5492 3.8000 0.1435E+02 0.1319E+02 0.1133E-04 0.3108E+00 0.1287E+02 0.1433E+02  0  0  0 0.1418E+02 0.0000E+00
   5.890 2.1493 32.225 0.5556 3.9000 0.1255E+02 0.1154E+02 0.8968E-05 0.2770E+00 0.1126E+02 0.1253E+02  0  0  0 0.1241E+02 0.0000E+00
   5.890 2.0960 33.071 0.5618 4.0000 0.1099E+02 0.1011E+02 0.7111E-05 0.2477E+00 0.9860E+01 0.1097E+02  0  0  0 0.1088E+02 0.0000E+00
   5.890 2.0427 33.941 0.5679 4.1000 0.9638E+01 0.8872E+01 0.5650E-05 0.2224E+00 0.8650E+01 0.9622E+01  0  0  0 0.9548E+01 0.0000E+00
   5.890 1.9894 34.837 0.5738 4.2000 0.8463E+01 0.7799E+01 0.4498E-05 0.2003E+00 0.7598E+01 0.8448E+01  0  0  0 0.8393E+01 0.0000E+00
   5.890 1.9361 35.761 0.5795 4.3000 0.7440E+01 0.6864E+01 0.3588E-05 0.1810E+00 0.6683E+01 0.7427E+01  0  0  0 0.7387E+01 0.0000E+00
   5.890 2.4104 26.576 0.4594 3.0000 0.4227E+02 0.4011E+02 0.1280E-03 0.8903E+00 0.3922E+02 0.4226E+02  0  0  0 0.4242E+02 0.0000E+00
   5.890 2.3571 27.333 0.4676 3.1000 0.3646E+02 0.3456E+02 0.1030E-03 0.7745E+00 0.3379E+02 0.3645E+02  0  0  0 0.3658E+02 0.0000E+00
   5.890 2.3038 28.105 0.4755 3.2000 0.3152E+02 0.2987E+02 0.8275E-04 0.6770E+00 0.2919E+02 0.3151E+02  0  0  0 0.3162E+02 0.0000E+00
   5.890 2.2505 28.893 0.4832 3.3000 0.2730E+02 0.2586E+02 0.6643E-04 0.5943E+00 0.2527E+02 0.2729E+02  0  0  0 0.2740E+02 0.0000E+00
   5.890 2.1972 29.699 0.4906 3.4000 0.2370E+02 0.2244E+02 0.5330E-04 0.5241E+00 0.2192E+02 0.2369E+02  0  0  0 0.2379E+02 0.0000E+00
   5.890 2.1439 30.524 0.4979 3.5000 0.2061E+02 0.1952E+02 0.4276E-04 0.4648E+00 0.1905E+02 0.2060E+02  0  0  0 0.2069E+02 0.0000E+00
   5.890 2.0906 31.370 0.5049 3.6000 0.1795E+02 0.1701E+02 0.3431E-04 0.4132E+00 0.1659E+02 0.1794E+02  0  0  0 0.1804E+02 0.0000E+00
   5.890 2.0373 32.239 0.5118 3.7000 0.1566E+02 0.1484E+02 0.2754E-04 0.3688E+00 0.1447E+02 0.1565E+02  0  0  0 0.1575E+02 0.0000E+00
   5.890 1.9841 33.132 0.5184 3.8000 0.1368E+02 0.1298E+02 0.2212E-04 0.3306E+00 0.1265E+02 0.1367E+02  0  0  0 0.1377E+02 0.0000E+00
   5.890 1.9308 34.052 0.5249 3.9000 0.1197E+02 0.1136E+02 0.1778E-04 0.2976E+00 0.1107E+02 0.1196E+02  0  0  0 0.1206E+02 0.0000E+00
   5.890 1.8775 35.001 0.5312 4.0000 0.1048E+02 0.9963E+01 0.1431E-04 0.2689E+00 0.9694E+01 0.1048E+02  0  0  0 0.1057E+02 0.0000E+00
   5.890 1.8242 35.982 0.5374 4.1000 0.9195E+01 0.8751E+01 0.1153E-04 0.2441E+00 0.8507E+01 0.9187E+01  0  0  0 0.9285E+01 0.0000E+00
   5.890 1.7709 36.997 0.5434 4.2000 0.8072E+01 0.7694E+01 0.9306E-05 0.2225E+00 0.7472E+01 0.8065E+01  0  0  0 0.8164E+01 0.0000E+00
   5.890 1.7176 38.049 0.5492 4.3000 0.7093E+01 0.6773E+01 0.7521E-05 0.2037E+00 0.6570E+01 0.7087E+01  0  0  0 0.7186E+01 0.0000E+00
   5.890 2.1812 27.964 0.4311 3.0000 0.3868E+02 0.3792E+02 0.1937E-03 0.9422E+00 0.3698E+02 0.3868E+02  0  0  0 0.3953E+02 0.0000E+00
   5.890 2.1279 28.797 0.4391 3.1000 0.3343E+02 0.3276E+02 0.1599E-03 0.8262E+00 0.3193E+02 0.3343E+02  0  0  0 0.3417E+02 0.0000E+00
   5.890 2.0747 29.650 0.4469 3.2000 0.2894E+02 0.2835E+02 0.1316E-03 0.7282E+00 0.2762E+02 0.2894E+02  0  0  0 0.2959E+02 0.0000E+00
   5.890 2.0214 30.524 0.4546 3.3000 0.2511E+02 0.2459E+02 0.1081E-03 0.6450E+00 0.2395E+02 0.2510E+02  0  0  0 0.2567E+02 0.0000E+00
   5.890 1.9681 31.422 0.4620 3.4000 0.2181E+02 0.2137E+02 0.8867E-04 0.5740E+00 0.2080E+02 0.2181E+02  0  0  0 0.2232E+02 0.0000E+00
   5.890 1.9148 32.346 0.4692 3.5000 0.1898E+02 0.1861E+02 0.7262E-04 0.5132E+00 0.1810E+02 0.1898E+02  0  0  0 0.1944E+02 0.0000E+00
   5.890 1.8615 33.298 0.4762 3.6000 0.1655E+02 0.1623E+02 0.5942E-04 0.4610E+00 0.1577E+02 0.1654E+02  0  0  0 0.1696E+02 0.0000E+00
   5.890 1.8082 34.280 0.4830 3.7000 0.1444E+02 0.1418E+02 0.4860E-04 0.4163E+00 0.1376E+02 0.1444E+02  0  0  0 0.1482E+02 0.0000E+00
   5.890 1.7549 35.295 0.4897 3.8000 0.1262E+02 0.1241E+02 0.3974E-04 0.3775E+00 0.1203E+02 0.1261E+02  0  0  0 0.1296E+02 0.0000E+00
   5.890 1.7016 36.347 0.4962 3.9000 0.1103E+02 0.1087E+02 0.3251E-04 0.3439E+00 0.1053E+02 0.1103E+02  0  0  0 0.1136E+02 0.0000E+00
   5.890 1.6483 37.439 0.5025 4.0000 0.9661E+01 0.9534E+01 0.2660E-04 0.3148E+00 0.9219E+01 0.9657E+01  0  0  0 0.9959E+01 0.0000E+00
   5.890 1.5950 38.575 0.5087 4.1000 0.8465E+01 0.8373E+01 0.2177E-04 0.2895E+00 0.8083E+01 0.8462E+01  0  0  0 0.8743E+01 0.0000E+00
   5.890 1.5418 39.759 0.5147 4.2000 0.7422E+01 0.7360E+01 0.1784E-04 0.2677E+00 0.7093E+01 0.7419E+01  0  0  0 0.7683E+01 0.0000E+00
   5.890 1.4885 40.995 0.5206 4.3000 0.6511E+01 0.6476E+01 0.1463E-04 0.2487E+00 0.6228E+01 0.6508E+01  0  0  0 0.6757E+01 0.0000E+00
   5.890 1.9414 29.678 0.4049 3.0000 0.3437E+02 0.3498E+02 0.2706E-03 0.1045E+01 0.3393E+02 0.3437E+02  0  0  0 0.3588E+02 0.0000E+00
   5.890 1.8881 30.613 0.4128 3.1000 0.2973E+02 0.3026E+02 0.2293E-03 0.9258E+00 0.2933E+02 0.2973E+02  0  0  0 0.3105E+02 0.0000E+00
   5.890 1.8348 31.575 0.4205 3.2000 0.2576E+02 0.2622E+02 0.1935E-03 0.8245E+00 0.2539E+02 0.2576E+02  0  0  0 0.2692E+02 0.0000E+00
   5.890 1.7816 32.567 0.4280 3.3000 0.2236E+02 0.2277E+02 0.1628E-03 0.7382E+00 0.2203E+02 0.2236E+02  0  0  0 0.2338E+02 0.0000E+00
   5.890 1.7283 33.592 0.4354 3.4000 0.1943E+02 0.1981E+02 0.1366E-03 0.6644E+00 0.1914E+02 0.1943E+02  0  0  0 0.2034E+02 0.0000E+00
   5.890 1.6750 34.652 0.4425 3.5000 0.1691E+02 0.1726E+02 0.1143E-03 0.6011E+00 0.1666E+02 0.1691E+02  0  0  0 0.1773E+02 0.0000E+00
   5.890 1.6217 35.752 0.4495 3.6000 0.1473E+02 0.1506E+02 0.9557E-04 0.5468E+00 0.1452E+02 0.1473E+02  0  0  0 0.1547E+02 0.0000E+00
   5.890 1.5684 36.895 0.4562 3.7000 0.1284E+02 0.1317E+02 0.7977E-04 0.4999E+00 0.1267E+02 0.1284E+02  0  0  0 0.1351E+02 0.0000E+00
   5.890 1.5151 38.086 0.4629 3.8000 0.1121E+02 0.1152E+02 0.6652E-04 0.4595E+00 0.1106E+02 0.1121E+02  0  0  0 0.1182E+02 0.0000E+00
   5.890 1.4618 39.329 0.4693 3.9000 0.9786E+01 0.1009E+02 0.5545E-04 0.4247E+00 0.9665E+01 0.9785E+01  0  0  0 0.1035E+02 0.0000E+00
   5.890 1.4085 40.630 0.4756 4.0000 0.8550E+01 0.8848E+01 0.4622E-04 0.3946E+00 0.8453E+01 0.8549E+01  0  0  0 0.9067E+01 0.0000E+00
   5.890 1.3552 41.997 0.4818 4.1000 0.7473E+01 0.7768E+01 0.3853E-04 0.3690E+00 0.7399E+01 0.7472E+01  0  0  0 0.7953E+01 0.0000E+00
   5.890 1.3019 43.435 0.4878 4.2000 0.6533E+01 0.6824E+01 0.3214E-04 0.3465E+00 0.6477E+01 0.6532E+01  0  0  0 0.6979E+01 0.0000E+00
   5.890 1.2487 44.955 0.4937 4.3000 0.5711E+01 0.6000E+01 0.2682E-04 0.3272E+00 0.5673E+01 0.5710E+01  0  0  0 0.6129E+01 0.0000E+00
   5.890 1.6910 31.854 0.3807 3.0000 0.2955E+02 0.3141E+02 0.3554E-03 0.1204E+01 0.3020E+02 0.2955E+02  0  0  0 0.3163E+02 0.0000E+00
   5.890 1.6377 32.933 0.3885 3.1000 0.2556E+02 0.2719E+02 0.3085E-03 0.1079E+01 0.2611E+02 0.2556E+02  0  0  0 0.2739E+02 0.0000E+00
   5.890 1.5844 34.050 0.3961 3.2000 0.2213E+02 0.2358E+02 0.2668E-03 0.9732E+00 0.2261E+02 0.2214E+02  0  0  0 0.2376E+02 0.0000E+00
   5.890 1.5311 35.211 0.4034 3.3000 0.1919E+02 0.2049E+02 0.2300E-03 0.8824E+00 0.1961E+02 0.1919E+02  0  0  0 0.2064E+02 0.0000E+00
   5.890 1.4778 36.419 0.4106 3.4000 0.1666E+02 0.1783E+02 0.1976E-03 0.8045E+00 0.1703E+02 0.1666E+02  0  0  0 0.1795E+02 0.0000E+00
   5.890 1.4245 37.681 0.4177 3.5000 0.1447E+02 0.1554E+02 0.1694E-03 0.7375E+00 0.1480E+02 0.1447E+02  0  0  0 0.1563E+02 0.0000E+00
   5.890 1.3712 39.001 0.4245 3.6000 0.1258E+02 0.1355E+02 0.1448E-03 0.6800E+00 0.1287E+02 0.1258E+02  0  0  0 0.1363E+02 0.0000E+00
   5.890 1.3179 40.387 0.4312 3.7000 0.1094E+02 0.1184E+02 0.1236E-03 0.6304E+00 0.1121E+02 0.1094E+02  0  0  0 0.1189E+02 0.0000E+00
   5.890 1.2646 41.847 0.4378 3.8000 0.9515E+01 0.1035E+02 0.1054E-03 0.5878E+00 0.9764E+01 0.9515E+01  0  0  0 0.1038E+02 0.0000E+00
   5.890 1.2114 43.390 0.4442 3.9000 0.8277E+01 0.9067E+01 0.8977E-04 0.5512E+00 0.8516E+01 0.8277E+01  0  0  0 0.9082E+01 0.0000E+00
   5.890 1.1581 45.026 0.4505 4.0000 0.7199E+01 0.7938E+01 0.7646E-04 0.5200E+00 0.7418E+01 0.7199E+01  0  0  0 0.7940E+01 0.0000E+00
   5.890 1.1048 46.767 0.4566 4.1000 0.6259E+01 0.6956E+01 0.6515E-04 0.4935E+00 0.6462E+01 0.6259E+01  0  0  0 0.6944E+01 0.0000E+00
   5.890 1.0515 48.630 0.4626 4.2000 0.5438E+01 0.6101E+01 0.5557E-04 0.4711E+00 0.5630E+01 0.5438E+01  0  0  0 0.6077E+01 0.0000E+00
   5.890 0.9982 50.631 0.4684 4.3000 0.4721E+01 0.5354E+01 0.4747E-04 0.4526E+00 0.4902E+01 0.4720E+01  0  0  0 0.5320E+01 0.0000E+00
   5.890 1.4298 34.725 0.3584 3.0000 0.2443E+02 0.2743E+02 0.4513E-03 0.1439E+01 0.2599E+02 0.2443E+02  0  0  0 0.2701E+02 0.0000E+00
   5.890 1.3766 36.018 0.3660 3.1000 0.2109E+02 0.2375E+02 0.3995E-03 0.1308E+01 0.2244E+02 0.2109E+02  0  0  0 0.2338E+02 0.0000E+00
   5.890 1.3233 37.372 0.3734 3.2000 0.1822E+02 0.2059E+02 0.3532E-03 0.1195E+01 0.1940E+02 0.1822E+02  0  0  0 0.2026E+02 0.0000E+00
   5.890 1.2700 38.793 0.3806 3.3000 0.1575E+02 0.1788E+02 0.3117E-03 0.1099E+01 0.1678E+02 0.1575E+02  0  0  0 0.1757E+02 0.0000E+00
   5.890 1.2167 40.290 0.3877 3.4000 0.1362E+02 0.1555E+02 0.2745E-03 0.1017E+01 0.1453E+02 0.1362E+02  0  0  0 0.1526E+02 0.0000E+00
   5.890 1.1634 41.874 0.3946 3.5000 0.1178E+02 0.1353E+02 0.2412E-03 0.9468E+00 0.1259E+02 0.1178E+02  0  0  0 0.1326E+02 0.0000E+00
   5.890 1.1101 43.555 0.4013 3.6000 0.1019E+02 0.1179E+02 0.2116E-03 0.8868E+00 0.1091E+02 0.1019E+02  0  0  0 0.1153E+02 0.0000E+00
   5.890 1.0568 45.348 0.4079 3.7000 0.8805E+01 0.1028E+02 0.1854E-03 0.8358E+00 0.9447E+01 0.8806E+01  0  0  0 0.1003E+02 0.0000E+00
   5.890 1.0035 47.269 0.4144 3.8000 0.7606E+01 0.8983E+01 0.1624E-03 0.7926E+00 0.8190E+01 0.7606E+01  0  0  0 0.8740E+01 0.0000E+00
   5.890 0.9502 49.338 0.4207 3.9000 0.6563E+01 0.7845E+01 0.1423E-03 0.7567E+00 0.7088E+01 0.6563E+01  0  0  0 0.7610E+01 0.0000E+00
   5.890 0.8970 51.579 0.4269 4.0000 0.5655E+01 0.6862E+01 0.1249E-03 0.7270E+00 0.6134E+01 0.5655E+01  0  0  0 0.6628E+01 0.0000E+00
   5.890 0.8437 54.023 0.4330 4.1000 0.4864E+01 0.6000E+01 0.1100E-03 0.7030E+00 0.5297E+01 0.4864E+01  0  0  0 0.5779E+01 0.0000E+00
   5.890 0.7904 56.708 0.4389 4.2000 0.4173E+01 0.5248E+01 0.9731E-04 0.6842E+00 0.4564E+01 0.4173E+01  0  0  0 0.5035E+01 0.0000E+00
   5.890 0.7371 59.684 0.4447 4.3000 0.3569E+01 0.4588E+01 0.8690E-04 0.6702E+00 0.3918E+01 0.3569E+01  0  0  0 0.4385E+01 0.0000E+00
   5.890 1.1581 38.731 0.3378 3.0000 0.1919E+02 0.2319E+02 0.5835E-03 0.1795E+01 0.2139E+02 0.1919E+02  0  0  0 0.2219E+02 0.0000E+00
   5.890 1.1048 40.377 0.3452 3.1000 0.1648E+02 0.2005E+02 0.5215E-03 0.1656E+01 0.1840E+02 0.1648E+02  0  0  0 0.1916E+02 0.0000E+00
   5.890 1.0515 42.127 0.3524 3.2000 0.1415E+02 0.1739E+02 0.4692E-03 0.1538E+01 0.1586E+02 0.1415E+02  0  0  0 0.1657E+02 0.0000E+00
   5.890 0.9982 43.998 0.3595 3.3000 0.1215E+02 0.1509E+02 0.4238E-03 0.1438E+01 0.1365E+02 0.1215E+02  0  0  0 0.1434E+02 0.0000E+00
   5.890 0.9449 46.009 0.3664 3.4000 0.1042E+02 0.1310E+02 0.3838E-03 0.1353E+01 0.1175E+02 0.1042E+02  0  0  0 0.1241E+02 0.0000E+00
   5.890 0.8916 48.182 0.3731 3.5000 0.8926E+01 0.1139E+02 0.3484E-03 0.1281E+01 0.1011E+02 0.8926E+01  0  0  0 0.1074E+02 0.0000E+00
   5.890 0.8383 50.546 0.3798 3.6000 0.7633E+01 0.9904E+01 0.3174E-03 0.1222E+01 0.8682E+01 0.7633E+01  0  0  0 0.9303E+01 0.0000E+00
   5.890 0.7850 53.137 0.3862 3.7000 0.6514E+01 0.8618E+01 0.2911E-03 0.1173E+01 0.7446E+01 0.6514E+01  0  0  0 0.8058E+01 0.0000E+00
   5.890 0.7318 56.002 0.3926 3.8000 0.5542E+01 0.7504E+01 0.2703E-03 0.1133E+01 0.6371E+01 0.5542E+01  0  0  0 0.6980E+01 0.0000E+00
   5.890 0.6785 59.201 0.3988 3.9000 0.4699E+01 0.6534E+01 0.2570E-03 0.1101E+01 0.5432E+01 0.4699E+01  0  0  0 0.6045E+01 0.0000E+00
   5.890 0.6252 62.815 0.4049 4.0000 0.3966E+01 0.5684E+01 0.2552E-03 0.1077E+01 0.4607E+01 0.3966E+01  0  0  0 0.5235E+01 0.0000E+00
   5.890 0.5719 66.958 0.4108 4.1000 0.3328E+01 0.4934E+01 0.2744E-03 0.1056E+01 0.3878E+01 0.3328E+01  0  0  0 0.4534E+01 0.0000E+00
   5.890 0.5186 71.790 0.4167 4.2000 0.2773E+01 0.4251E+01 0.3353E-03 0.1035E+01 0.3216E+01 0.2773E+01  0  0  0 0.3927E+01 0.0000E+00
   5.890 0.4653 77.554 0.4224 4.3000 0.2289E+01 0.3571E+01 0.4824E-03 0.9937E+00 0.2577E+01 0.2289E+01  0  0  0 0.3402E+01 0.0000E+00
   5.890 0.8756 44.833 0.3188 3.0000 0.1398E+02 0.1898E+02 0.8796E-03 0.2339E+01 0.1664E+02 0.1398E+02  0  0  0 0.1741E+02 0.0000E+00
   5.890 0.8224 47.157 0.3260 3.1000 0.1187E+02 0.1639E+02 0.8058E-03 0.2194E+01 0.1419E+02 0.1187E+02  0  0  0 0.1497E+02 0.0000E+00
   5.890 0.7691 49.701 0.3330 3.2000 0.1005E+02 0.1417E+02 0.7645E-03 0.2072E+01 0.1209E+02 0.1005E+02  0  0  0 0.1287E+02 0.0000E+00
   5.890 0.7158 52.510 0.3399 3.3000 0.8493E+01 0.1226E+02 0.7548E-03 0.1971E+01 0.1028E+02 0.8493E+01  0  0  0 0.1107E+02 0.0000E+00
   5.890 0.6625 55.644 0.3466 3.4000 0.7149E+01 0.1061E+02 0.7846E-03 0.1887E+01 0.8718E+01 0.7149E+01  0  0  0 0.9515E+01 0.0000E+00
   5.890 0.6092 59.184 0.3532 3.5000 0.5990E+01 0.9177E+01 0.8750E-03 0.1818E+01 0.7359E+01 0.5990E+01  0  0  0 0.8180E+01 0.0000E+00
   5.890 0.5559 63.240 0.3596 3.6000 0.4990E+01 0.7930E+01 0.1069E-02 0.1759E+01 0.6170E+01 0.4990E+01  0  0  0 0.7027E+01 0.0000E+00
   5.890 0.5026 67.971 0.3660 3.7000 0.4126E+01 0.6836E+01 0.1445E-02 0.1706E+01 0.5129E+01 0.4126E+01  0  0  0 0.6040E+01 0.0000E+00
   5.890 0.4493 73.616 0.3722 3.8000 0.3379E+01 0.5818E+01 0.2142E-02 0.1642E+01 0.4174E+01 0.3379E+01  0  0  0 0.5185E+01 0.0000E+00
   5.890 0.3960 80.559 0.3783 3.9000 0.2733E+01 0.4698E+01 0.3359E-02 0.1507E+01 0.3187E+01 0.2733E+01  0  0  0 0.4449E+01 0.0000E+00
   5.890 0.3427 89.468 0.3843 4.0000 0.2173E+01 0.5500E+01 0.0000E+00 0.3850E+00 0.4180E+00 0.2173E+01  0  0  0 0.3811E+01 0.0000E+00
   5.890 0.2894101.679 0.3901 4.1000 0.1689E+01 0.5224E+01 0.6129E-02 0.2194E+01 0.3024E+01 0.1689E+01  0  0  0 0.3254E+01 0.0000E+00
   5.890 0.2362120.644 0.3959 4.1999 0.1271E+01 0.4221E+01 0.5407E-02 0.2013E+01 0.2203E+01 0.1271E+01  0  0  0 0.2755E+01 0.0000E+00
   5.890 0.1829174.906 0.4015 4.2999 0.9083E+00 0.3563E+01 0.2813E-03 0.1921E+01 0.1642E+01 0.9083E+00  0  0  0 0.2275E+01 0.0000E+00
