1.2,1.9,3.5,5.0
   4.730 2.5666 31.146 0.8621 3.5000 0.1642E+01 0.1302E+01 0.2762E-08 0.3975E+00 0.9045E+00 0.1254E+01  0  0  0 0.1506E+01 0.0000E+00
   4.730 2.5133 31.942 0.8654 3.6000 0.1396E+01 0.1107E+01 0.2072E-08 0.3326E+00 0.7739E+00 0.1071E+01  0  0  0 0.1281E+01 0.0000E+00
   4.730 2.4601 32.753 0.8686 3.7000 0.1191E+01 0.9440E+00 0.1567E-08 0.2791E+00 0.6649E+00 0.9195E+00  0  0  0 0.1093E+01 0.0000E+00
   4.730 2.4068 33.582 0.8716 3.8000 0.1020E+01 0.8078E+00 0.1193E-08 0.2349E+00 0.5729E+00 0.7913E+00  0  0  0 0.9361E+00 0.0000E+00
   4.730 2.3535 34.429 0.8745 3.9000 0.8749E+00 0.6931E+00 0.9148E-09 0.1982E+00 0.4949E+00 0.6826E+00  0  0  0 0.8036E+00 0.0000E+00
   4.730 2.3002 35.296 0.8773 4.0000 0.7525E+00 0.5962E+00 0.7061E-09 0.1677E+00 0.4284E+00 0.5903E+00  0  0  0 0.6916E+00 0.0000E+00
   4.730 2.2469 36.186 0.8799 4.1000 0.6488E+00 0.5141E+00 0.5485E-09 0.1422E+00 0.3718E+00 0.5115E+00  0  0  0 0.5966E+00 0.0000E+00
   4.730 2.1936 37.098 0.8824 4.2000 0.5605E+00 0.4442E+00 0.4286E-09 0.1209E+00 0.3233E+00 0.4442E+00  0  0  0 0.5159E+00 0.0000E+00
   4.730 2.1403 38.036 0.8848 4.3000 0.4853E+00 0.3848E+00 0.3368E-09 0.1030E+00 0.2817E+00 0.3865E+00  0  0  0 0.4471E+00 0.0000E+00
   4.730 2.0870 39.001 0.8871 4.4000 0.4210E+00 0.3340E+00 0.2661E-09 0.8798E-01 0.2460E+00 0.3370E+00  0  0  0 0.3882E+00 0.0000E+00
   4.730 2.0337 39.995 0.8894 4.5000 0.3660E+00 0.2905E+00 0.2114E-09 0.7528E-01 0.2152E+00 0.2943E+00  0  0  0 0.3379E+00 0.0000E+00
   4.730 1.9805 41.021 0.8915 4.6000 0.3187E+00 0.2531E+00 0.1687E-09 0.6455E-01 0.1886E+00 0.2576E+00  0  0  0 0.2946E+00 0.0000E+00
   4.730 1.9272 42.081 0.8936 4.7000 0.2781E+00 0.2210E+00 0.1353E-09 0.5545E-01 0.1655E+00 0.2259E+00  0  0  0 0.2574E+00 0.0000E+00
   4.730 1.8739 43.179 0.8956 4.8000 0.2433E+00 0.1934E+00 0.1090E-09 0.4772E-01 0.1456E+00 0.1985E+00  0  0  0 0.2254E+00 0.0000E+00
   4.730 1.8206 44.317 0.8975 4.9000 0.2137E+00 0.1697E+00 0.8823E-10 0.4114E-01 0.1286E+00 0.1753E+00  0  0  0 0.1981E+00 0.0000E+00
   4.730 1.7673 45.498 0.8993 5.0000 0.1886E+00 0.1495E+00 0.7170E-10 0.3553E-01 0.1140E+00 0.1556E+00  0  0  0 0.1749E+00 0.0000E+00
   4.730 2.4334 32.010 0.8121 3.5000 0.1964E+01 0.1577E+01 0.1115E-07 0.3018E+00 0.1275E+01 0.1712E+01  0  0  0 0.1814E+01 0.0000E+00
   4.730 2.3801 32.848 0.8164 3.6000 0.1674E+01 0.1344E+01 0.8316E-08 0.2542E+00 0.1089E+01 0.1461E+01  0  0  0 0.1546E+01 0.0000E+00
   4.730 2.3268 33.705 0.8205 3.7000 0.1430E+01 0.1148E+01 0.6247E-08 0.2147E+00 0.9329E+00 0.1250E+01  0  0  0 0.1321E+01 0.0000E+00
   4.730 2.2735 34.582 0.8244 3.8000 0.1225E+01 0.9828E+00 0.4725E-08 0.1818E+00 0.8010E+00 0.1073E+01  0  0  0 0.1132E+01 0.0000E+00
   4.730 2.2202 35.480 0.8281 3.9000 0.1051E+01 0.8438E+00 0.3598E-08 0.1544E+00 0.6894E+00 0.9222E+00  0  0  0 0.9725E+00 0.0000E+00
   4.730 2.1670 36.402 0.8317 4.0000 0.9043E+00 0.7261E+00 0.2757E-08 0.1314E+00 0.5947E+00 0.7947E+00  0  0  0 0.8372E+00 0.0000E+00
   4.730 2.1137 37.349 0.8351 4.1000 0.7795E+00 0.6262E+00 0.2126E-08 0.1121E+00 0.5141E+00 0.6863E+00  0  0  0 0.7223E+00 0.0000E+00
   4.730 2.0604 38.324 0.8384 4.2000 0.6733E+00 0.5411E+00 0.1649E-08 0.9583E-01 0.4453E+00 0.5938E+00  0  0  0 0.6245E+00 0.0000E+00
   4.730 2.0071 39.328 0.8415 4.3000 0.5826E+00 0.4686E+00 0.1286E-08 0.8212E-01 0.3864E+00 0.5148E+00  0  0  0 0.5410E+00 0.0000E+00
   4.730 1.9538 40.364 0.8446 4.4000 0.5050E+00 0.4065E+00 0.1008E-08 0.7052E-01 0.3360E+00 0.4470E+00  0  0  0 0.4696E+00 0.0000E+00
   4.730 1.9005 41.435 0.8475 4.5000 0.4385E+00 0.3533E+00 0.7948E-09 0.6069E-01 0.2926E+00 0.3889E+00  0  0  0 0.4083E+00 0.0000E+00
   4.730 1.8472 42.544 0.8503 4.6000 0.3814E+00 0.3075E+00 0.6295E-09 0.5233E-01 0.2552E+00 0.3388E+00  0  0  0 0.3556E+00 0.0000E+00
   4.730 1.7939 43.693 0.8530 4.7000 0.3322E+00 0.2681E+00 0.5009E-09 0.4521E-01 0.2229E+00 0.2956E+00  0  0  0 0.3102E+00 0.0000E+00
   4.730 1.7406 44.887 0.8557 4.8000 0.2897E+00 0.2341E+00 0.4004E-09 0.3914E-01 0.1949E+00 0.2583E+00  0  0  0 0.2711E+00 0.0000E+00
   4.730 1.6874 46.130 0.8582 4.9000 0.2531E+00 0.2046E+00 0.3215E-09 0.3394E-01 0.1707E+00 0.2261E+00  0  0  0 0.2372E+00 0.0000E+00
   4.730 1.6341 47.426 0.8606 5.0000 0.2214E+00 0.1792E+00 0.2592E-09 0.2949E-01 0.1497E+00 0.1981E+00  0  0  0 0.2079E+00 0.0000E+00
   4.730 2.2895 33.028 0.7642 3.5000 0.2306E+01 0.1882E+01 0.4129E-07 0.2254E+00 0.1657E+01 0.2151E+01  0  0  0 0.2148E+01 0.0000E+00
   4.730 2.2362 33.919 0.7693 3.6000 0.1965E+01 0.1604E+01 0.3070E-07 0.1912E+00 0.1413E+01 0.1833E+01  0  0  0 0.1832E+01 0.0000E+00
   4.730 2.1830 34.832 0.7741 3.7000 0.1679E+01 0.1371E+01 0.2298E-07 0.1626E+00 0.1209E+01 0.1567E+01  0  0  0 0.1566E+01 0.0000E+00
   4.730 2.1297 35.769 0.7787 3.8000 0.1438E+01 0.1175E+01 0.1732E-07 0.1387E+00 0.1036E+01 0.1342E+01  0  0  0 0.1342E+01 0.0000E+00
   4.730 2.0764 36.731 0.7832 3.9000 0.1234E+01 0.1009E+01 0.1314E-07 0.1186E+00 0.8899E+00 0.1152E+01  0  0  0 0.1153E+01 0.0000E+00
   4.730 2.0231 37.721 0.7875 4.0000 0.1061E+01 0.8677E+00 0.1003E-07 0.1016E+00 0.7661E+00 0.9912E+00  0  0  0 0.9924E+00 0.0000E+00
   4.730 1.9698 38.742 0.7916 4.1000 0.9141E+00 0.7480E+00 0.7699E-08 0.8730E-01 0.6607E+00 0.8543E+00  0  0  0 0.8559E+00 0.0000E+00
   4.730 1.9165 39.795 0.7955 4.2000 0.7888E+00 0.6462E+00 0.5943E-08 0.7517E-01 0.5710E+00 0.7375E+00  0  0  0 0.7396E+00 0.0000E+00
   4.730 1.8632 40.884 0.7993 4.3000 0.6819E+00 0.5591E+00 0.4612E-08 0.6487E-01 0.4943E+00 0.6378E+00  0  0  0 0.6402E+00 0.0000E+00
   4.730 1.8099 42.011 0.8030 4.4000 0.5903E+00 0.4846E+00 0.3599E-08 0.5611E-01 0.4285E+00 0.5524E+00  0  0  0 0.5551E+00 0.0000E+00
   4.730 1.7566 43.180 0.8065 4.5000 0.5117E+00 0.4206E+00 0.2821E-08 0.4864E-01 0.3720E+00 0.4792E+00  0  0  0 0.4820E+00 0.0000E+00
   4.730 1.7033 44.396 0.8099 4.6000 0.4442E+00 0.3656E+00 0.2223E-08 0.4226E-01 0.3233E+00 0.4161E+00  0  0  0 0.4192E+00 0.0000E+00
   4.730 1.6501 45.661 0.8132 4.7000 0.3860E+00 0.3181E+00 0.1759E-08 0.3680E-01 0.2813E+00 0.3618E+00  0  0  0 0.3650E+00 0.0000E+00
   4.730 1.5968 46.982 0.8164 4.8000 0.3358E+00 0.2771E+00 0.1399E-08 0.3211E-01 0.2450E+00 0.3149E+00  0  0  0 0.3182E+00 0.0000E+00
   4.730 1.5435 48.363 0.8194 4.9000 0.2924E+00 0.2417E+00 0.1117E-08 0.2809E-01 0.2136E+00 0.2744E+00  0  0  0 0.2777E+00 0.0000E+00
   4.730 1.4902 49.811 0.8224 5.0000 0.2548E+00 0.2109E+00 0.8955E-09 0.2462E-01 0.1863E+00 0.2392E+00  0  0  0 0.2426E+00 0.0000E+00
   4.730 2.1350 34.238 0.7187 3.5000 0.2605E+01 0.2175E+01 0.1392E-06 0.1706E+00 0.2004E+01 0.2515E+01  0  0  0 0.2456E+01 0.0000E+00
   4.730 2.0817 35.195 0.7244 3.6000 0.2221E+01 0.1855E+01 0.1035E-06 0.1458E+00 0.1709E+01 0.2144E+01  0  0  0 0.2096E+01 0.0000E+00
   4.730 2.0284 36.179 0.7298 3.7000 0.1898E+01 0.1586E+01 0.7748E-07 0.1250E+00 0.1461E+01 0.1832E+01  0  0  0 0.1793E+01 0.0000E+00
   4.730 1.9751 37.191 0.7351 3.8000 0.1626E+01 0.1359E+01 0.5836E-07 0.1075E+00 0.1252E+01 0.1568E+01  0  0  0 0.1537E+01 0.0000E+00
   4.730 1.9218 38.235 0.7401 3.9000 0.1395E+01 0.1167E+01 0.4422E-07 0.9262E-01 0.1074E+01 0.1345E+01  0  0  0 0.1320E+01 0.0000E+00
   4.730 1.8685 39.312 0.7449 4.0000 0.1199E+01 0.1004E+01 0.3370E-07 0.8003E-01 0.9239E+00 0.1156E+01  0  0  0 0.1136E+01 0.0000E+00
   4.730 1.8153 40.426 0.7496 4.1000 0.1032E+01 0.8652E+00 0.2583E-07 0.6934E-01 0.7959E+00 0.9954E+00  0  0  0 0.9795E+00 0.0000E+00
   4.730 1.7620 41.581 0.7541 4.2000 0.8897E+00 0.7468E+00 0.1990E-07 0.6023E-01 0.6866E+00 0.8582E+00  0  0  0 0.8458E+00 0.0000E+00
   4.730 1.7087 42.779 0.7584 4.3000 0.7682E+00 0.6457E+00 0.1541E-07 0.5246E-01 0.5933E+00 0.7410E+00  0  0  0 0.7315E+00 0.0000E+00
   4.730 1.6554 44.026 0.7626 4.4000 0.6641E+00 0.5590E+00 0.1199E-07 0.4581E-01 0.5132E+00 0.6406E+00  0  0  0 0.6336E+00 0.0000E+00
   4.730 1.6021 45.325 0.7666 4.5000 0.5747E+00 0.4846E+00 0.9378E-08 0.4011E-01 0.4445E+00 0.5544E+00  0  0  0 0.5495E+00 0.0000E+00
   4.730 1.5488 46.682 0.7706 4.6000 0.4979E+00 0.4205E+00 0.7368E-08 0.3521E-01 0.3853E+00 0.4803E+00  0  0  0 0.4771E+00 0.0000E+00
   4.730 1.4955 48.104 0.7743 4.7000 0.4317E+00 0.3653E+00 0.5816E-08 0.3100E-01 0.3343E+00 0.4165E+00  0  0  0 0.4147E+00 0.0000E+00
   4.730 1.4422 49.595 0.7780 4.8000 0.3746E+00 0.3176E+00 0.4611E-08 0.2737E-01 0.2902E+00 0.3615E+00  0  0  0 0.3609E+00 0.0000E+00
   4.730 1.3889 51.166 0.7815 4.9000 0.3253E+00 0.2763E+00 0.3671E-08 0.2425E-01 0.2520E+00 0.3139E+00  0  0  0 0.3143E+00 0.0000E+00
   4.730 1.3356 52.823 0.7850 5.0000 0.2826E+00 0.2405E+00 0.2936E-08 0.2156E-01 0.2190E+00 0.2727E+00  0  0  0 0.2740E+00 0.0000E+00
   4.730 1.9698 35.691 0.6757 3.5000 0.2835E+01 0.2425E+01 0.4268E-06 0.1350E+00 0.2290E+01 0.2784E+01  0  0  0 0.2708E+01 0.0000E+00
   4.730 1.9165 36.733 0.6819 3.6000 0.2424E+01 0.2073E+01 0.3183E-06 0.1164E+00 0.1957E+01 0.2381E+01  0  0  0 0.2318E+01 0.0000E+00
   4.730 1.8632 37.807 0.6878 3.7000 0.2073E+01 0.1774E+01 0.2388E-06 0.1007E+00 0.1673E+01 0.2035E+01  0  0  0 0.1984E+01 0.0000E+00
   4.730 1.8099 38.917 0.6935 3.8000 0.1769E+01 0.1517E+01 0.1802E-06 0.8739E-01 0.1430E+01 0.1736E+01  0  0  0 0.1696E+01 0.0000E+00
   4.730 1.7566 40.065 0.6990 3.9000 0.1513E+01 0.1301E+01 0.1367E-06 0.7607E-01 0.1225E+01 0.1485E+01  0  0  0 0.1454E+01 0.0000E+00
   4.730 1.7033 41.257 0.7043 4.0000 0.1298E+01 0.1118E+01 0.1043E-06 0.6642E-01 0.1052E+01 0.1274E+01  0  0  0 0.1250E+01 0.0000E+00
   4.730 1.6501 42.495 0.7094 4.1000 0.1116E+01 0.9627E+00 0.8000E-07 0.5817E-01 0.9046E+00 0.1095E+01  0  0  0 0.1077E+01 0.0000E+00
   4.730 1.5968 43.784 0.7143 4.2000 0.9609E+00 0.8304E+00 0.6167E-07 0.5111E-01 0.7792E+00 0.9424E+00  0  0  0 0.9288E+00 0.0000E+00
   4.730 1.5435 45.130 0.7191 4.3000 0.8283E+00 0.7172E+00 0.4777E-07 0.4507E-01 0.6721E+00 0.8123E+00  0  0  0 0.8025E+00 0.0000E+00
   4.730 1.4902 46.538 0.7237 4.4000 0.7149E+00 0.6201E+00 0.3719E-07 0.3987E-01 0.5803E+00 0.7010E+00  0  0  0 0.6942E+00 0.0000E+00
   4.730 1.4369 48.014 0.7282 4.5000 0.6175E+00 0.5368E+00 0.2908E-07 0.3540E-01 0.5014E+00 0.6054E+00  0  0  0 0.6013E+00 0.0000E+00
   4.730 1.3836 49.567 0.7325 4.6000 0.5338E+00 0.4650E+00 0.2285E-07 0.3155E-01 0.4335E+00 0.5233E+00  0  0  0 0.5213E+00 0.0000E+00
   4.730 1.3303 51.205 0.7367 4.7000 0.4617E+00 0.4031E+00 0.1803E-07 0.2823E-01 0.3749E+00 0.4526E+00  0  0  0 0.4523E+00 0.0000E+00
   4.730 1.2770 52.939 0.7408 4.8000 0.3994E+00 0.3496E+00 0.1430E-07 0.2537E-01 0.3242E+00 0.3916E+00  0  0  0 0.3928E+00 0.0000E+00
   4.730 1.2237 54.779 0.7447 4.9000 0.3451E+00 0.3032E+00 0.1139E-07 0.2290E-01 0.2803E+00 0.3383E+00  0  0  0 0.3410E+00 0.0000E+00
   4.730 1.1704 56.741 0.7485 5.0000 0.2989E+00 0.2631E+00 0.9116E-08 0.2078E-01 0.2424E+00 0.2930E+00  0  0  0 0.2966E+00 0.0000E+00
   4.730 1.7939 37.462 0.6352 3.5000 0.2916E+01 0.2579E+01 0.1193E-05 0.1151E+00 0.2464E+01 0.2890E+01  0  0  0 0.2838E+01 0.0000E+00
   4.730 1.7406 38.613 0.6417 3.6000 0.2488E+01 0.2202E+01 0.8940E-06 0.1003E+00 0.2102E+01 0.2465E+01  0  0  0 0.2424E+01 0.0000E+00
   4.730 1.6874 39.807 0.6480 3.7000 0.2127E+01 0.1885E+01 0.6738E-06 0.8778E-01 0.1797E+01 0.2107E+01  0  0  0 0.2075E+01 0.0000E+00
   4.730 1.6341 41.047 0.6541 3.8000 0.1822E+01 0.1616E+01 0.5105E-06 0.7708E-01 0.1539E+01 0.1804E+01  0  0  0 0.1780E+01 0.0000E+00
   4.730 1.5808 42.337 0.6599 3.9000 0.1564E+01 0.1389E+01 0.3889E-06 0.6795E-01 0.1321E+01 0.1549E+01  0  0  0 0.1531E+01 0.0000E+00
   4.730 1.5275 43.682 0.6656 4.0000 0.1347E+01 0.1197E+01 0.2977E-06 0.6014E-01 0.1137E+01 0.1334E+01  0  0  0 0.1320E+01 0.0000E+00
   4.730 1.4742 45.089 0.6711 4.1000 0.1155E+01 0.1029E+01 0.2291E-06 0.5344E-01 0.9753E+00 0.1143E+01  0  0  0 0.1135E+01 0.0000E+00
   4.730 1.4209 46.564 0.6764 4.2000 0.9910E+00 0.8856E+00 0.1771E-06 0.4768E-01 0.8379E+00 0.9807E+00  0  0  0 0.9770E+00 0.0000E+00
   4.730 1.3676 48.115 0.6815 4.3000 0.8523E+00 0.7637E+00 0.1376E-06 0.4273E-01 0.7209E+00 0.8433E+00  0  0  0 0.8428E+00 0.0000E+00
   4.730 1.3143 49.750 0.6865 4.4000 0.7339E+00 0.6593E+00 0.1074E-06 0.3848E-01 0.6208E+00 0.7260E+00  0  0  0 0.7280E+00 0.0000E+00
   4.730 1.2610 51.481 0.6913 4.5000 0.6322E+00 0.5699E+00 0.8426E-07 0.3482E-01 0.5351E+00 0.6254E+00  0  0  0 0.6297E+00 0.0000E+00
   4.730 1.2077 53.317 0.6959 4.6000 0.5448E+00 0.4926E+00 0.6642E-07 0.3168E-01 0.4609E+00 0.5388E+00  0  0  0 0.5449E+00 0.0000E+00
   4.730 1.1545 55.275 0.7005 4.7000 0.4693E+00 0.4258E+00 0.5261E-07 0.2899E-01 0.3968E+00 0.4641E+00  0  0  0 0.4716E+00 0.0000E+00
   4.730 1.1012 57.370 0.7049 4.8000 0.4044E+00 0.3681E+00 0.4189E-07 0.2669E-01 0.3414E+00 0.3999E+00  0  0  0 0.4085E+00 0.0000E+00
   4.730 1.0479 59.623 0.7091 4.9000 0.3484E+00 0.3181E+00 0.3353E-07 0.2474E-01 0.2933E+00 0.3445E+00  0  0  0 0.3540E+00 0.0000E+00
   4.730 0.9946 62.058 0.7133 5.0000 0.2999E+00 0.2745E+00 0.2700E-07 0.2308E-01 0.2515E+00 0.2965E+00  0  0  0 0.3069E+00 0.0000E+00
   4.730 1.6074 39.661 0.5973 3.5000 0.2886E+01 0.2642E+01 0.3059E-05 0.1082E+00 0.2534E+01 0.2873E+01  0  0  0 0.2864E+01 0.0000E+00
   4.730 1.5541 40.963 0.6041 3.6000 0.2463E+01 0.2258E+01 0.2308E-05 0.9556E-01 0.2163E+01 0.2451E+01  0  0  0 0.2448E+01 0.0000E+00
   4.730 1.5008 42.320 0.6106 3.7000 0.2104E+01 0.1933E+01 0.1751E-05 0.8476E-01 0.1848E+01 0.2094E+01  0  0  0 0.2096E+01 0.0000E+00
   4.730 1.4476 43.739 0.6169 3.8000 0.1800E+01 0.1657E+01 0.1335E-05 0.7555E-01 0.1582E+01 0.1791E+01  0  0  0 0.1797E+01 0.0000E+00
   4.730 1.3943 45.226 0.6230 3.9000 0.1542E+01 0.1422E+01 0.1023E-05 0.6767E-01 0.1355E+01 0.1534E+01  0  0  0 0.1543E+01 0.0000E+00
   4.730 1.3410 46.789 0.6290 4.0000 0.1322E+01 0.1222E+01 0.7879E-06 0.6091E-01 0.1161E+01 0.1315E+01  0  0  0 0.1327E+01 0.0000E+00
   4.730 1.2877 48.439 0.6347 4.1000 0.1136E+01 0.1053E+01 0.6098E-06 0.5512E-01 0.9975E+00 0.1130E+01  0  0  0 0.1143E+01 0.0000E+00
   4.730 1.2344 50.184 0.6403 4.2000 0.9727E+00 0.9050E+00 0.4744E-06 0.5016E-01 0.8549E+00 0.9673E+00  0  0  0 0.9829E+00 0.0000E+00
   4.730 1.1811 52.037 0.6457 4.3000 0.8339E+00 0.7790E+00 0.3709E-06 0.4592E-01 0.7331E+00 0.8292E+00  0  0  0 0.8464E+00 0.0000E+00
   4.730 1.1278 54.014 0.6509 4.4000 0.7154E+00 0.6714E+00 0.2915E-06 0.4231E-01 0.6290E+00 0.7113E+00  0  0  0 0.7299E+00 0.0000E+00
   4.730 1.0745 56.131 0.6560 4.5000 0.6136E+00 0.5783E+00 0.2303E-06 0.3922E-01 0.5391E+00 0.6100E+00  0  0  0 0.6295E+00 0.0000E+00
   4.730 1.0212 58.409 0.6609 4.6000 0.5262E+00 0.4979E+00 0.1830E-06 0.3653E-01 0.4614E+00 0.5230E+00  0  0  0 0.5431E+00 0.0000E+00
   4.730 0.9679 60.875 0.6657 4.7000 0.4508E+00 0.4286E+00 0.1463E-06 0.3425E-01 0.3943E+00 0.4481E+00  0  0  0 0.4688E+00 0.0000E+00
   4.730 0.9147 63.560 0.6704 4.8000 0.3858E+00 0.3681E+00 0.1179E-06 0.3233E-01 0.3357E+00 0.3834E+00  0  0  0 0.4046E+00 0.0000E+00
   4.730 0.8614 66.505 0.6750 4.9000 0.3296E+00 0.3151E+00 0.9569E-07 0.3071E-01 0.2844E+00 0.3275E+00  0  0  0 0.3491E+00 0.0000E+00
   4.730 0.8081 69.762 0.6794 5.0000 0.2810E+00 0.2684E+00 0.7848E-07 0.2930E-01 0.2391E+00 0.2792E+00  0  0  0 0.3011E+00 0.0000E+00
   4.730 1.4102 42.468 0.5618 3.5000 0.2730E+01 0.2602E+01 0.7264E-05 0.1129E+00 0.2489E+01 0.2724E+01  0  0  0 0.2772E+01 0.0000E+00
   4.730 1.3570 43.982 0.5687 3.6000 0.2328E+01 0.2223E+01 0.5530E-05 0.1012E+00 0.2122E+01 0.2322E+01  0  0  0 0.2369E+01 0.0000E+00
   4.730 1.3037 45.574 0.5755 3.7000 0.1986E+01 0.1903E+01 0.4232E-05 0.9131E-01 0.1812E+01 0.1981E+01  0  0  0 0.2028E+01 0.0000E+00
   4.730 1.2504 47.254 0.5820 3.8000 0.1696E+01 0.1630E+01 0.3255E-05 0.8283E-01 0.1547E+01 0.1692E+01  0  0  0 0.1737E+01 0.0000E+00
   4.730 1.1971 49.034 0.5883 3.9000 0.1449E+01 0.1397E+01 0.2517E-05 0.7559E-01 0.1322E+01 0.1445E+01  0  0  0 0.1489E+01 0.0000E+00
   4.730 1.1438 50.926 0.5944 4.0000 0.1238E+01 0.1199E+01 0.1956E-05 0.6938E-01 0.1130E+01 0.1234E+01  0  0  0 0.1278E+01 0.0000E+00
   4.730 1.0905 52.946 0.6003 4.1000 0.1058E+01 0.1030E+01 0.1529E-05 0.6409E-01 0.9655E+00 0.1055E+01  0  0  0 0.1098E+01 0.0000E+00
   4.730 1.0372 55.113 0.6061 4.2000 0.9031E+00 0.8836E+00 0.1202E-05 0.5958E-01 0.8240E+00 0.9004E+00  0  0  0 0.9429E+00 0.0000E+00
   4.730 0.9839 57.450 0.6117 4.3000 0.7704E+00 0.7583E+00 0.9507E-06 0.5578E-01 0.7025E+00 0.7681E+00  0  0  0 0.8100E+00 0.0000E+00
   4.730 0.9306 59.986 0.6171 4.4000 0.6568E+00 0.6502E+00 0.7571E-06 0.5258E-01 0.5976E+00 0.6547E+00  0  0  0 0.6960E+00 0.0000E+00
   4.730 0.8773 62.754 0.6224 4.5000 0.5592E+00 0.5568E+00 0.6077E-06 0.4992E-01 0.5069E+00 0.5574E+00  0  0  0 0.5980E+00 0.0000E+00
   4.730 0.8241 65.800 0.6276 4.6000 0.4753E+00 0.4757E+00 0.4924E-06 0.4769E-01 0.4280E+00 0.4737E+00  0  0  0 0.5139E+00 0.0000E+00
   4.730 0.7708 69.181 0.6326 4.7000 0.4029E+00 0.4043E+00 0.4038E-06 0.4578E-01 0.3585E+00 0.4016E+00  0  0  0 0.4414E+00 0.0000E+00
   4.730 0.7175 72.974 0.6375 4.8000 0.3406E+00 0.3403E+00 0.3370E-06 0.4399E-01 0.2963E+00 0.3394E+00  0  0  0 0.3793E+00 0.0000E+00
   4.730 0.6642 77.282 0.6422 4.9000 0.2868E+00 0.2793E+00 0.2894E-06 0.4176E-01 0.2375E+00 0.2858E+00  0  0  0 0.3258E+00 0.0000E+00
   4.730 0.6109 82.252 0.6468 5.0000 0.2403E+00 0.2099E+00 0.2616E-06 0.3702E-01 0.1728E+00 0.2395E+00  0  0  0 0.2800E+00 0.0000E+00
