1.2,2.2,4.3,6.2
   5.890 3.3003 27.202 0.8848 4.3000 0.3663E+01 0.2826E+01 0.3542E-09 0.6167E+00 0.2209E+01 0.3039E+01  0  0  0 0.3293E+01 0.0000E+00
   5.890 3.2470 27.753 0.8871 4.4000 0.3213E+01 0.2480E+01 0.2783E-09 0.5295E+00 0.1951E+01 0.2679E+01  0  0  0 0.2890E+01 0.0000E+00
   5.890 3.1937 28.311 0.8894 4.5000 0.2825E+01 0.2181E+01 0.2200E-09 0.4556E+00 0.1726E+01 0.2366E+01  0  0  0 0.2542E+01 0.0000E+00
   5.890 3.1404 28.877 0.8915 4.6000 0.2489E+01 0.1923E+01 0.1748E-09 0.3929E+00 0.1530E+01 0.2094E+01  0  0  0 0.2241E+01 0.0000E+00
   5.890 3.0872 29.453 0.8936 4.7000 0.2197E+01 0.1698E+01 0.1396E-09 0.3395E+00 0.1359E+01 0.1856E+01  0  0  0 0.1979E+01 0.0000E+00
   5.890 3.0339 30.038 0.8956 4.8000 0.1943E+01 0.1503E+01 0.1121E-09 0.2940E+00 0.1209E+01 0.1649E+01  0  0  0 0.1752E+01 0.0000E+00
   5.890 2.9806 30.634 0.8975 4.9000 0.1722E+01 0.1333E+01 0.9038E-10 0.2550E+00 0.1078E+01 0.1467E+01  0  0  0 0.1553E+01 0.0000E+00
   5.890 2.9273 31.240 0.8993 5.0000 0.1528E+01 0.1184E+01 0.7324E-10 0.2217E+00 0.9619E+00 0.1308E+01  0  0  0 0.1379E+01 0.0000E+00
   5.890 2.8740 31.858 0.9011 5.1000 0.1359E+01 0.1053E+01 0.5961E-10 0.1930E+00 0.8602E+00 0.1167E+01  0  0  0 0.1227E+01 0.0000E+00
   5.890 2.8207 32.488 0.9028 5.2000 0.1210E+01 0.9388E+00 0.4872E-10 0.1684E+00 0.7704E+00 0.1043E+01  0  0  0 0.1094E+01 0.0000E+00
   5.890 2.7674 33.131 0.9045 5.3000 0.1079E+01 0.8380E+00 0.3999E-10 0.1471E+00 0.6909E+00 0.9339E+00  0  0  0 0.9764E+00 0.0000E+00
   5.890 2.7141 33.788 0.9061 5.4000 0.9635E+00 0.7492E+00 0.3295E-10 0.1288E+00 0.6204E+00 0.8372E+00  0  0  0 0.8729E+00 0.0000E+00
   5.890 2.6608 34.459 0.9076 5.5000 0.8617E+00 0.6708E+00 0.2725E-10 0.1129E+00 0.5579E+00 0.7514E+00  0  0  0 0.7814E+00 0.0000E+00
   5.890 2.6075 35.146 0.9091 5.6000 0.7717E+00 0.6014E+00 0.2261E-10 0.9911E-01 0.5023E+00 0.6753E+00  0  0  0 0.7005E+00 0.0000E+00
   5.890 2.5543 35.849 0.9106 5.7000 0.6919E+00 0.5399E+00 0.1884E-10 0.8714E-01 0.4527E+00 0.6076E+00  0  0  0 0.6289E+00 0.0000E+00
   5.890 2.5010 36.570 0.9120 5.8000 0.6212E+00 0.4853E+00 0.1574E-10 0.7673E-01 0.4086E+00 0.5473E+00  0  0  0 0.5652E+00 0.0000E+00
   5.890 2.4477 37.309 0.9134 5.9000 0.5583E+00 0.4367E+00 0.1320E-10 0.6767E-01 0.3691E+00 0.4935E+00  0  0  0 0.5086E+00 0.0000E+00
   5.890 2.3944 38.068 0.9147 6.0000 0.5023E+00 0.3935E+00 0.1110E-10 0.5975E-01 0.3337E+00 0.4454E+00  0  0  0 0.4582E+00 0.0000E+00
   5.890 2.3411 38.848 0.9160 6.1000 0.4524E+00 0.3549E+00 0.9364E-11 0.5283E-01 0.3020E+00 0.4024E+00  0  0  0 0.4133E+00 0.0000E+00
   5.890 2.2878 39.651 0.9172 6.2000 0.4079E+00 0.3204E+00 0.7922E-11 0.4678E-01 0.2736E+00 0.3638E+00  0  0  0 0.3731E+00 0.0000E+00
   5.890 3.1671 27.780 0.8415 4.3000 0.4387E+01 0.3418E+01 0.1525E-08 0.5046E+00 0.2913E+01 0.3929E+01  0  0  0 0.3964E+01 0.0000E+00
   5.890 3.1138 28.352 0.8446 4.4000 0.3848E+01 0.2999E+01 0.1189E-08 0.4351E+00 0.2564E+01 0.3454E+01  0  0  0 0.3478E+01 0.0000E+00
   5.890 3.0605 28.933 0.8475 4.5000 0.3382E+01 0.2636E+01 0.9320E-09 0.3759E+00 0.2260E+01 0.3042E+01  0  0  0 0.3059E+01 0.0000E+00
   5.890 3.0072 29.524 0.8503 4.6000 0.2979E+01 0.2324E+01 0.7345E-09 0.3255E+00 0.1999E+01 0.2685E+01  0  0  0 0.2696E+01 0.0000E+00
   5.890 2.9539 30.125 0.8530 4.7000 0.2628E+01 0.2053E+01 0.5819E-09 0.2824E+00 0.1771E+01 0.2374E+01  0  0  0 0.2381E+01 0.0000E+00
   5.890 2.9006 30.737 0.8557 4.8000 0.2323E+01 0.1817E+01 0.4632E-09 0.2455E+00 0.1572E+01 0.2103E+01  0  0  0 0.2107E+01 0.0000E+00
   5.890 2.8473 31.360 0.8582 4.9000 0.2057E+01 0.1611E+01 0.3704E-09 0.2138E+00 0.1398E+01 0.1866E+01  0  0  0 0.1868E+01 0.0000E+00
   5.890 2.7941 31.996 0.8606 5.0000 0.1762E+01 0.1398E+01 0.2976E-09 0.1865E+00 0.1212E+01 0.1596E+01  0  0  0 0.1612E+01 0.0000E+00
   5.890 2.7408 32.644 0.8630 5.1000 0.1569E+01 0.1246E+01 0.2401E-09 0.1630E+00 0.1083E+01 0.1424E+01  0  0  0 0.1436E+01 0.0000E+00
   5.890 2.6875 33.306 0.8653 5.2000 0.1399E+01 0.1111E+01 0.1946E-09 0.1427E+00 0.9687E+00 0.1272E+01  0  0  0 0.1282E+01 0.0000E+00
   5.890 2.6342 33.983 0.8675 5.3000 0.1249E+01 0.9930E+00 0.1583E-09 0.1251E+00 0.8679E+00 0.1138E+01  0  0  0 0.1145E+01 0.0000E+00
   5.890 2.5809 34.676 0.8696 5.4000 0.1116E+01 0.8884E+00 0.1293E-09 0.1099E+00 0.7785E+00 0.1020E+01  0  0  0 0.1024E+01 0.0000E+00
   5.890 2.5276 35.385 0.8717 5.5000 0.9992E+00 0.7958E+00 0.1060E-09 0.9666E-01 0.6992E+00 0.9145E+00  0  0  0 0.9178E+00 0.0000E+00
   5.890 2.4743 36.111 0.8737 5.6000 0.8954E+00 0.7138E+00 0.8718E-10 0.8516E-01 0.6286E+00 0.8210E+00  0  0  0 0.8232E+00 0.0000E+00
   5.890 2.4210 36.857 0.8756 5.7000 0.8032E+00 0.6410E+00 0.7198E-10 0.7514E-01 0.5659E+00 0.7380E+00  0  0  0 0.7393E+00 0.0000E+00
   5.890 2.3677 37.622 0.8775 5.8000 0.7213E+00 0.5764E+00 0.5964E-10 0.6639E-01 0.5100E+00 0.6640E+00  0  0  0 0.6647E+00 0.0000E+00
   5.890 2.3145 38.409 0.8793 5.9000 0.6484E+00 0.5186E+00 0.4957E-10 0.5875E-01 0.4599E+00 0.5980E+00  0  0  0 0.5982E+00 0.0000E+00
   5.890 2.2612 39.218 0.8811 6.0000 0.5833E+00 0.4671E+00 0.4133E-10 0.5206E-01 0.4151E+00 0.5390E+00  0  0  0 0.5389E+00 0.0000E+00
   5.890 2.2079 40.052 0.8828 6.1000 0.5253E+00 0.4212E+00 0.3456E-10 0.4620E-01 0.3750E+00 0.4863E+00  0  0  0 0.4860E+00 0.0000E+00
   5.890 2.1546 40.911 0.8845 6.2000 0.4734E+00 0.3801E+00 0.2899E-10 0.4105E-01 0.3391E+00 0.4390E+00  0  0  0 0.4386E+00 0.0000E+00
   5.890 3.0232 28.447 0.7993 4.3000 0.5029E+01 0.4022E+01 0.6109E-08 0.4025E+00 0.3619E+01 0.4711E+01  0  0  0 0.4610E+01 0.0000E+00
   5.890 2.9699 29.046 0.8030 4.4000 0.4421E+01 0.3536E+01 0.4740E-08 0.3488E+00 0.3187E+01 0.4145E+01  0  0  0 0.4054E+01 0.0000E+00
   5.890 2.9166 29.654 0.8065 4.5000 0.3893E+01 0.3115E+01 0.3698E-08 0.3028E+00 0.2812E+01 0.3654E+01  0  0  0 0.3572E+01 0.0000E+00
   5.890 2.8633 30.274 0.8099 4.6000 0.3435E+01 0.2749E+01 0.2899E-08 0.2634E+00 0.2486E+01 0.3227E+01  0  0  0 0.3153E+01 0.0000E+00
   5.890 2.8101 30.905 0.8132 4.7000 0.3035E+01 0.2431E+01 0.2284E-08 0.2296E+00 0.2201E+01 0.2854E+01  0  0  0 0.2788E+01 0.0000E+00
   5.890 2.7568 31.549 0.8164 4.8000 0.2687E+01 0.2153E+01 0.1808E-08 0.2005E+00 0.1953E+01 0.2529E+01  0  0  0 0.2470E+01 0.0000E+00
   5.890 2.7035 32.206 0.8194 4.9000 0.2382E+01 0.1910E+01 0.1438E-08 0.1754E+00 0.1735E+01 0.2244E+01  0  0  0 0.2191E+01 0.0000E+00
   5.890 2.6502 32.877 0.8224 5.0000 0.2115E+01 0.1697E+01 0.1148E-08 0.1537E+00 0.1543E+01 0.1994E+01  0  0  0 0.1947E+01 0.0000E+00
   5.890 2.5969 33.562 0.8253 5.1000 0.1880E+01 0.1510E+01 0.9206E-09 0.1350E+00 0.1375E+01 0.1775E+01  0  0  0 0.1732E+01 0.0000E+00
   5.890 2.5436 34.264 0.8281 5.2000 0.1674E+01 0.1346E+01 0.7413E-09 0.1187E+00 0.1227E+01 0.1582E+01  0  0  0 0.1544E+01 0.0000E+00
   5.890 2.4903 34.982 0.8308 5.3000 0.1492E+01 0.1201E+01 0.5993E-09 0.1045E+00 0.1096E+01 0.1411E+01  0  0  0 0.1377E+01 0.0000E+00
   5.890 2.4370 35.718 0.8334 5.4000 0.1332E+01 0.1073E+01 0.4863E-09 0.9221E-01 0.9804E+00 0.1261E+01  0  0  0 0.1230E+01 0.0000E+00
   5.890 2.3837 36.473 0.8359 5.5000 0.1190E+01 0.9593E+00 0.3961E-09 0.8148E-01 0.8779E+00 0.1127E+01  0  0  0 0.1101E+01 0.0000E+00
   5.890 2.3304 37.249 0.8384 5.6000 0.1064E+01 0.8591E+00 0.3237E-09 0.7211E-01 0.7870E+00 0.1009E+01  0  0  0 0.9856E+00 0.0000E+00
   5.890 2.2771 38.047 0.8407 5.7000 0.9528E+00 0.7702E+00 0.2655E-09 0.6392E-01 0.7063E+00 0.9047E+00  0  0  0 0.8836E+00 0.0000E+00
   5.890 2.2239 38.867 0.8431 5.8000 0.8540E+00 0.6912E+00 0.2185E-09 0.5675E-01 0.6344E+00 0.8116E+00  0  0  0 0.7929E+00 0.0000E+00
   5.890 2.1706 39.713 0.8453 5.9000 0.7661E+00 0.6208E+00 0.1804E-09 0.5045E-01 0.5704E+00 0.7287E+00  0  0  0 0.7123E+00 0.0000E+00
   5.890 2.1173 40.585 0.8475 6.0000 0.6878E+00 0.5581E+00 0.1493E-09 0.4492E-01 0.5132E+00 0.6548E+00  0  0  0 0.6404E+00 0.0000E+00
   5.890 2.0640 41.486 0.8496 6.1000 0.6180E+00 0.5024E+00 0.1241E-09 0.4007E-01 0.4623E+00 0.5889E+00  0  0  0 0.5764E+00 0.0000E+00
   5.890 2.0107 42.418 0.8517 6.2000 0.5557E+00 0.4524E+00 0.1033E-09 0.3579E-01 0.4166E+00 0.5299E+00  0  0  0 0.5192E+00 0.0000E+00
   5.890 2.8687 29.220 0.7584 4.3000 0.5832E+01 0.4739E+01 0.2247E-07 0.3183E+00 0.4420E+01 0.5621E+01  0  0  0 0.5393E+01 0.0000E+00
   5.890 2.8154 29.850 0.7626 4.4000 0.5124E+01 0.4165E+01 0.1742E-07 0.2773E+00 0.3888E+01 0.4940E+01  0  0  0 0.4741E+01 0.0000E+00
   5.890 2.7621 30.492 0.7666 4.5000 0.4510E+01 0.3668E+01 0.1356E-07 0.2421E+00 0.3426E+01 0.4350E+01  0  0  0 0.4176E+01 0.0000E+00
   5.890 2.7088 31.147 0.7706 4.6000 0.3977E+01 0.3236E+01 0.1061E-07 0.2117E+00 0.3025E+01 0.3836E+01  0  0  0 0.3684E+01 0.0000E+00
   5.890 2.6555 31.815 0.7743 4.7000 0.3512E+01 0.2860E+01 0.8335E-08 0.1855E+00 0.2674E+01 0.3389E+01  0  0  0 0.3256E+01 0.0000E+00
   5.890 2.6022 32.498 0.7780 4.8000 0.3106E+01 0.2531E+01 0.6579E-08 0.1629E+00 0.2369E+01 0.2999E+01  0  0  0 0.2882E+01 0.0000E+00
   5.890 2.5489 33.195 0.7815 4.9000 0.2752E+01 0.2244E+01 0.5215E-08 0.1433E+00 0.2101E+01 0.2657E+01  0  0  0 0.2555E+01 0.0000E+00
   5.890 2.4956 33.909 0.7850 5.0000 0.2441E+01 0.1992E+01 0.4150E-08 0.1262E+00 0.1866E+01 0.2358E+01  0  0  0 0.2268E+01 0.0000E+00
   5.890 2.4423 34.640 0.7883 5.1000 0.2168E+01 0.1771E+01 0.3317E-08 0.1114E+00 0.1660E+01 0.2095E+01  0  0  0 0.2017E+01 0.0000E+00
   5.890 2.3891 35.390 0.7915 5.2000 0.1928E+01 0.1577E+01 0.2660E-08 0.9850E-01 0.1478E+01 0.1864E+01  0  0  0 0.1795E+01 0.0000E+00
   5.890 2.3358 36.159 0.7946 5.3000 0.1716E+01 0.1406E+01 0.2142E-08 0.8725E-01 0.1318E+01 0.1660E+01  0  0  0 0.1600E+01 0.0000E+00
   5.890 2.2825 36.950 0.7977 5.4000 0.1530E+01 0.1254E+01 0.1731E-08 0.7741E-01 0.1177E+01 0.1480E+01  0  0  0 0.1428E+01 0.0000E+00
   5.890 2.2292 37.763 0.8006 5.5000 0.1365E+01 0.1120E+01 0.1404E-08 0.6880E-01 0.1052E+01 0.1321E+01  0  0  0 0.1276E+01 0.0000E+00
   5.890 2.1759 38.600 0.8035 5.6000 0.1219E+01 0.1002E+01 0.1142E-08 0.6125E-01 0.9408E+00 0.1181E+01  0  0  0 0.1141E+01 0.0000E+00
   5.890 2.1226 39.463 0.8063 5.7000 0.1090E+01 0.8973E+00 0.9327E-09 0.5462E-01 0.8427E+00 0.1056E+01  0  0  0 0.1022E+01 0.0000E+00
   5.890 2.0693 40.353 0.8090 5.8000 0.9755E+00 0.8043E+00 0.7640E-09 0.4880E-01 0.7555E+00 0.9454E+00  0  0  0 0.9156E+00 0.0000E+00
   5.890 2.0160 41.274 0.8116 5.9000 0.8736E+00 0.7216E+00 0.6277E-09 0.4368E-01 0.6779E+00 0.8470E+00  0  0  0 0.8214E+00 0.0000E+00
   5.890 1.9627 42.226 0.8141 6.0000 0.7739E+00 0.6429E+00 0.5172E-09 0.3917E-01 0.6037E+00 0.7503E+00  0  0  0 0.7305E+00 0.0000E+00
   5.890 1.9095 43.213 0.8166 6.1000 0.6948E+00 0.5781E+00 0.4275E-09 0.3519E-01 0.5429E+00 0.6740E+00  0  0  0 0.6570E+00 0.0000E+00
   5.890 1.8562 44.238 0.8191 6.2000 0.6242E+00 0.5201E+00 0.3544E-09 0.3168E-01 0.4884E+00 0.6057E+00  0  0  0 0.5913E+00 0.0000E+00
   5.890 2.7035 30.120 0.7191 4.3000 0.6520E+01 0.5405E+01 0.7531E-07 0.2548E+00 0.5150E+01 0.6386E+01  0  0  0 0.6096E+01 0.0000E+00
   5.890 2.6502 30.789 0.7237 4.4000 0.5729E+01 0.4752E+01 0.5844E-07 0.2233E+00 0.4529E+01 0.5612E+01  0  0  0 0.5360E+01 0.0000E+00
   5.890 2.5969 31.472 0.7282 4.5000 0.5043E+01 0.4186E+01 0.4555E-07 0.1961E+00 0.3990E+01 0.4940E+01  0  0  0 0.4722E+01 0.0000E+00
   5.890 2.5436 32.169 0.7325 4.6000 0.4447E+01 0.3693E+01 0.3565E-07 0.1725E+00 0.3520E+01 0.4356E+01  0  0  0 0.4166E+01 0.0000E+00
   5.890 2.4903 32.882 0.7367 4.7000 0.3926E+01 0.3263E+01 0.2802E-07 0.1521E+00 0.3111E+01 0.3846E+01  0  0  0 0.3682E+01 0.0000E+00
   5.890 2.4370 33.613 0.7408 4.8000 0.3472E+01 0.2888E+01 0.2211E-07 0.1344E+00 0.2754E+01 0.3402E+01  0  0  0 0.3258E+01 0.0000E+00
   5.890 2.3837 34.361 0.7447 4.9000 0.3074E+01 0.2561E+01 0.1752E-07 0.1190E+00 0.2442E+01 0.3012E+01  0  0  0 0.2888E+01 0.0000E+00
   5.890 2.3304 35.128 0.7485 5.0000 0.2705E+01 0.2262E+01 0.1393E-07 0.1055E+00 0.2157E+01 0.2650E+01  0  0  0 0.2548E+01 0.0000E+00
   5.890 2.2771 35.916 0.7522 5.1000 0.2403E+01 0.2012E+01 0.1112E-07 0.9374E-01 0.1918E+01 0.2355E+01  0  0  0 0.2267E+01 0.0000E+00
   5.890 2.2239 36.726 0.7558 5.2000 0.2138E+01 0.1792E+01 0.8907E-08 0.8346E-01 0.1709E+01 0.2095E+01  0  0  0 0.2019E+01 0.0000E+00
   5.890 2.1706 37.560 0.7593 5.3000 0.1904E+01 0.1598E+01 0.7160E-08 0.7445E-01 0.1523E+01 0.1866E+01  0  0  0 0.1800E+01 0.0000E+00
   5.890 2.1173 38.418 0.7627 5.4000 0.1697E+01 0.1426E+01 0.5774E-08 0.6654E-01 0.1359E+01 0.1663E+01  0  0  0 0.1606E+01 0.0000E+00
   5.890 2.0640 39.304 0.7660 5.5000 0.1514E+01 0.1274E+01 0.4673E-08 0.5960E-01 0.1214E+01 0.1484E+01  0  0  0 0.1435E+01 0.0000E+00
   5.890 2.0107 40.220 0.7693 5.6000 0.1351E+01 0.1139E+01 0.3794E-08 0.5348E-01 0.1085E+01 0.1325E+01  0  0  0 0.1283E+01 0.0000E+00
   5.890 1.9574 41.166 0.7724 5.7000 0.1208E+01 0.1019E+01 0.3090E-08 0.4810E-01 0.9710E+00 0.1184E+01  0  0  0 0.1148E+01 0.0000E+00
   5.890 1.9041 42.147 0.7754 5.8000 0.1080E+01 0.9126E+00 0.2525E-08 0.4335E-01 0.8693E+00 0.1059E+01  0  0  0 0.1028E+01 0.0000E+00
   5.890 1.8508 43.164 0.7784 5.9000 0.9661E+00 0.8178E+00 0.2069E-08 0.3917E-01 0.7787E+00 0.9479E+00  0  0  0 0.9217E+00 0.0000E+00
   5.890 1.7975 44.222 0.7813 6.0000 0.8648E+00 0.7334E+00 0.1701E-08 0.3547E-01 0.6979E+00 0.8487E+00  0  0  0 0.8267E+00 0.0000E+00
   5.890 1.7443 45.322 0.7841 6.1000 0.7745E+00 0.6580E+00 0.1402E-08 0.3220E-01 0.6258E+00 0.7603E+00  0  0  0 0.7419E+00 0.0000E+00
   5.890 1.6910 46.469 0.7868 6.2000 0.6939E+00 0.5906E+00 0.1159E-08 0.2931E-01 0.5613E+00 0.6813E+00  0  0  0 0.6661E+00 0.0000E+00
   5.890 2.5276 31.176 0.6815 4.3000 0.7056E+01 0.5989E+01 0.2288E-06 0.2110E+00 0.5778E+01 0.6975E+01  0  0  0 0.6684E+01 0.0000E+00
   5.890 2.4743 31.892 0.6865 4.4000 0.6179E+01 0.5256E+01 0.1783E-06 0.1862E+00 0.5070E+01 0.6108E+01  0  0  0 0.5863E+01 0.0000E+00
   5.890 2.4210 32.625 0.6913 4.5000 0.5445E+01 0.4635E+01 0.1395E-06 0.1646E+00 0.4470E+01 0.5381E+01  0  0  0 0.5170E+01 0.0000E+00
   5.890 2.3677 33.376 0.6959 4.6000 0.4804E+01 0.4093E+01 0.1095E-06 0.1459E+00 0.3947E+01 0.4748E+01  0  0  0 0.4566E+01 0.0000E+00
   5.890 2.3145 34.146 0.7005 4.7000 0.4245E+01 0.3619E+01 0.8629E-07 0.1295E+00 0.3489E+01 0.4195E+01  0  0  0 0.4037E+01 0.0000E+00
   5.890 2.2612 34.936 0.7049 4.8000 0.3756E+01 0.3205E+01 0.6825E-07 0.1153E+00 0.3090E+01 0.3711E+01  0  0  0 0.3576E+01 0.0000E+00
   5.890 2.2079 35.747 0.7091 4.9000 0.3327E+01 0.2842E+01 0.5417E-07 0.1028E+00 0.2739E+01 0.3287E+01  0  0  0 0.3171E+01 0.0000E+00
   5.890 2.1546 36.582 0.7133 5.0000 0.2950E+01 0.2523E+01 0.4314E-07 0.9195E-01 0.2431E+01 0.2915E+01  0  0  0 0.2815E+01 0.0000E+00
   5.890 2.1013 37.442 0.7173 5.1000 0.2619E+01 0.2243E+01 0.3448E-07 0.8239E-01 0.2160E+01 0.2588E+01  0  0  0 0.2502E+01 0.0000E+00
   5.890 2.0480 38.329 0.7212 5.2000 0.2327E+01 0.1995E+01 0.2764E-07 0.7401E-01 0.1921E+01 0.2300E+01  0  0  0 0.2226E+01 0.0000E+00
   5.890 1.9947 39.245 0.7251 5.3000 0.2070E+01 0.1777E+01 0.2223E-07 0.6663E-01 0.1711E+01 0.2045E+01  0  0  0 0.1983E+01 0.0000E+00
   5.890 1.9414 40.192 0.7288 5.4000 0.1842E+01 0.1585E+01 0.1794E-07 0.6014E-01 0.1525E+01 0.1821E+01  0  0  0 0.1768E+01 0.0000E+00
   5.890 1.8881 41.173 0.7324 5.5000 0.1641E+01 0.1414E+01 0.1452E-07 0.5441E-01 0.1360E+01 0.1622E+01  0  0  0 0.1578E+01 0.0000E+00
   5.890 1.8348 42.191 0.7359 5.6000 0.1463E+01 0.1263E+01 0.1179E-07 0.4935E-01 0.1213E+01 0.1446E+01  0  0  0 0.1409E+01 0.0000E+00
   5.890 1.7816 43.248 0.7393 5.7000 0.1305E+01 0.1128E+01 0.9601E-08 0.4489E-01 0.1084E+01 0.1290E+01  0  0  0 0.1259E+01 0.0000E+00
   5.890 1.7283 44.347 0.7427 5.8000 0.1165E+01 0.1009E+01 0.7841E-08 0.4096E-01 0.9681E+00 0.1151E+01  0  0  0 0.1126E+01 0.0000E+00
   5.890 1.6750 45.494 0.7459 5.9000 0.1040E+01 0.9029E+00 0.6423E-08 0.3751E-01 0.8654E+00 0.1028E+01  0  0  0 0.1008E+01 0.0000E+00
   5.890 1.6217 46.692 0.7491 6.0000 0.9287E+00 0.8081E+00 0.5276E-08 0.3447E-01 0.7736E+00 0.9181E+00  0  0  0 0.9020E+00 0.0000E+00
   5.890 1.5684 47.945 0.7522 6.1000 0.8296E+00 0.7235E+00 0.4347E-08 0.3176E-01 0.6917E+00 0.8202E+00  0  0  0 0.8078E+00 0.0000E+00
   5.890 1.5151 49.260 0.7552 6.2000 0.7412E+00 0.6479E+00 0.3592E-08 0.2940E-01 0.6185E+00 0.7329E+00  0  0  0 0.7238E+00 0.0000E+00
   5.890 2.3411 32.427 0.6457 4.3000 0.7401E+01 0.6449E+01 0.6298E-06 0.1851E+00 0.6264E+01 0.7354E+01  0  0  0 0.7114E+01 0.0000E+00
   5.890 2.2878 33.203 0.6509 4.4000 0.6513E+01 0.5679E+01 0.4940E-06 0.1646E+00 0.5514E+01 0.6471E+01  0  0  0 0.6265E+01 0.0000E+00
   5.890 2.2345 33.999 0.6560 4.5000 0.5739E+01 0.5008E+01 0.3887E-06 0.1467E+00 0.4861E+01 0.5701E+01  0  0  0 0.5526E+01 0.0000E+00
   5.890 2.1812 34.817 0.6609 4.6000 0.5063E+01 0.4423E+01 0.3069E-06 0.1311E+00 0.4292E+01 0.5030E+01  0  0  0 0.4880E+01 0.0000E+00
   5.890 2.1279 35.659 0.6657 4.7000 0.4473E+01 0.3912E+01 0.2430E-06 0.1174E+00 0.3794E+01 0.4443E+01  0  0  0 0.4316E+01 0.0000E+00
   5.890 2.0747 36.525 0.6704 4.8000 0.3956E+01 0.3463E+01 0.1931E-06 0.1055E+00 0.3357E+01 0.3929E+01  0  0  0 0.3821E+01 0.0000E+00
   5.890 2.0214 37.419 0.6750 4.9000 0.3502E+01 0.3070E+01 0.1539E-06 0.9503E-01 0.2975E+01 0.3479E+01  0  0  0 0.3387E+01 0.0000E+00
   5.890 1.9681 38.341 0.6794 5.0000 0.3104E+01 0.2724E+01 0.1230E-06 0.8584E-01 0.2639E+01 0.3083E+01  0  0  0 0.3006E+01 0.0000E+00
   5.890 1.9148 39.295 0.6837 5.1000 0.2753E+01 0.2420E+01 0.9865E-07 0.7775E-01 0.2342E+01 0.2734E+01  0  0  0 0.2670E+01 0.0000E+00
   5.890 1.8615 40.283 0.6879 5.2000 0.2444E+01 0.2152E+01 0.7933E-07 0.7056E-01 0.2082E+01 0.2427E+01  0  0  0 0.2375E+01 0.0000E+00
   5.890 1.8082 41.307 0.6919 5.3000 0.2171E+01 0.1915E+01 0.6399E-07 0.6434E-01 0.1851E+01 0.2156E+01  0  0  0 0.2113E+01 0.0000E+00
   5.890 1.7549 42.372 0.6959 5.4000 0.1930E+01 0.1706E+01 0.5177E-07 0.5887E-01 0.1648E+01 0.1917E+01  0  0  0 0.1883E+01 0.0000E+00
   5.890 1.7016 43.480 0.6998 5.5000 0.1713E+01 0.1519E+01 0.4200E-07 0.5401E-01 0.1465E+01 0.1701E+01  0  0  0 0.1675E+01 0.0000E+00
   5.890 1.6483 44.635 0.7035 5.6000 0.1525E+01 0.1355E+01 0.3418E-07 0.4972E-01 0.1306E+01 0.1514E+01  0  0  0 0.1495E+01 0.0000E+00
   5.890 1.5950 45.842 0.7072 5.7000 0.1358E+01 0.1210E+01 0.2789E-07 0.4596E-01 0.1164E+01 0.1348E+01  0  0  0 0.1334E+01 0.0000E+00
   5.890 1.5418 47.106 0.7108 5.8000 0.1209E+01 0.1081E+01 0.2282E-07 0.4265E-01 0.1038E+01 0.1201E+01  0  0  0 0.1192E+01 0.0000E+00
   5.890 1.4885 48.432 0.7143 5.9000 0.1077E+01 0.9652E+00 0.1873E-07 0.3975E-01 0.9254E+00 0.1070E+01  0  0  0 0.1065E+01 0.0000E+00
   5.890 1.4352 49.826 0.7177 6.0000 0.9598E+00 0.8622E+00 0.1542E-07 0.3723E-01 0.8250E+00 0.9531E+00  0  0  0 0.9514E+00 0.0000E+00
   5.890 1.3819 51.298 0.7211 6.1000 0.8549E+00 0.7703E+00 0.1273E-07 0.3505E-01 0.7353E+00 0.8490E+00  0  0  0 0.8504E+00 0.0000E+00
   5.890 1.3286 52.853 0.7243 6.2000 0.7613E+00 0.6881E+00 0.1054E-07 0.3318E-01 0.6550E+00 0.7561E+00  0  0  0 0.7602E+00 0.0000E+00
   5.890 2.1439 33.928 0.6117 4.3000 0.7542E+01 0.6752E+01 0.1574E-05 0.1753E+00 0.6577E+01 0.7516E+01  0  0  0 0.7361E+01 0.0000E+00
   5.890 2.0906 34.781 0.6171 4.4000 0.6638E+01 0.5949E+01 0.1245E-05 0.1572E+00 0.5791E+01 0.6615E+01  0  0  0 0.6486E+01 0.0000E+00
   5.890 2.0373 35.659 0.6224 4.5000 0.5850E+01 0.5248E+01 0.9877E-06 0.1415E+00 0.5106E+01 0.5829E+01  0  0  0 0.5722E+01 0.0000E+00
   5.890 1.9841 36.565 0.6276 4.6000 0.5161E+01 0.4635E+01 0.7857E-06 0.1278E+00 0.4508E+01 0.5142E+01  0  0  0 0.5054E+01 0.0000E+00
   5.890 1.9308 37.500 0.6326 4.7000 0.4558E+01 0.4099E+01 0.6267E-06 0.1158E+00 0.3983E+01 0.4541E+01  0  0  0 0.4469E+01 0.0000E+00
   5.890 1.8775 38.467 0.6375 4.8000 0.4029E+01 0.3629E+01 0.5012E-06 0.1052E+00 0.3524E+01 0.4014E+01  0  0  0 0.3957E+01 0.0000E+00
   5.890 1.8242 39.468 0.6422 4.9000 0.3561E+01 0.3215E+01 0.4020E-06 0.9596E-01 0.3119E+01 0.3548E+01  0  0  0 0.3504E+01 0.0000E+00
   5.890 1.7709 40.508 0.6469 5.0000 0.3154E+01 0.2852E+01 0.3232E-06 0.8781E-01 0.2764E+01 0.3142E+01  0  0  0 0.3109E+01 0.0000E+00
   5.890 1.7176 41.588 0.6514 5.1000 0.2795E+01 0.2533E+01 0.2606E-06 0.8064E-01 0.2452E+01 0.2784E+01  0  0  0 0.2760E+01 0.0000E+00
   5.890 1.6643 42.712 0.6558 5.2000 0.2478E+01 0.2251E+01 0.2107E-06 0.7434E-01 0.2177E+01 0.2468E+01  0  0  0 0.2453E+01 0.0000E+00
   5.890 1.6110 43.885 0.6600 5.3000 0.2198E+01 0.2002E+01 0.1709E-06 0.6880E-01 0.1933E+01 0.2190E+01  0  0  0 0.2181E+01 0.0000E+00
   5.890 1.5577 45.112 0.6642 5.4000 0.1951E+01 0.1781E+01 0.1389E-06 0.6395E-01 0.1717E+01 0.1943E+01  0  0  0 0.1940E+01 0.0000E+00
   5.890 1.5045 46.397 0.6683 5.5000 0.1732E+01 0.1586E+01 0.1132E-06 0.5971E-01 0.1526E+01 0.1725E+01  0  0  0 0.1727E+01 0.0000E+00
   5.890 1.4512 47.746 0.6723 5.6000 0.1537E+01 0.1412E+01 0.9254E-07 0.5603E-01 0.1356E+01 0.1531E+01  0  0  0 0.1538E+01 0.0000E+00
   5.890 1.3979 49.167 0.6762 5.7000 0.1365E+01 0.1259E+01 0.7587E-07 0.5286E-01 0.1206E+01 0.1359E+01  0  0  0 0.1371E+01 0.0000E+00
   5.890 1.3446 50.667 0.6800 5.8000 0.1211E+01 0.1121E+01 0.6239E-07 0.5010E-01 0.1071E+01 0.1206E+01  0  0  0 0.1221E+01 0.0000E+00
   5.890 1.2913 52.256 0.6837 5.9000 0.1075E+01 0.9991E+00 0.5145E-07 0.4781E-01 0.9513E+00 0.1071E+01  0  0  0 0.1088E+01 0.0000E+00
   5.890 1.2380 53.944 0.6873 6.0000 0.9536E+00 0.8901E+00 0.4258E-07 0.4591E-01 0.8442E+00 0.9496E+00  0  0  0 0.9700E+00 0.0000E+00
   5.890 1.1847 55.743 0.6908 6.1000 0.8454E+00 0.7932E+00 0.3535E-07 0.4439E-01 0.7488E+00 0.8418E+00  0  0  0 0.8648E+00 0.0000E+00
   5.890 1.1314 57.668 0.6943 6.2000 0.7488E+00 0.7063E+00 0.2946E-07 0.4324E-01 0.6631E+00 0.7457E+00  0  0  0 0.7709E+00 0.0000E+00
   5.890 1.9361 35.761 0.5795 4.3000 0.7440E+01 0.6864E+01 0.3588E-05 0.1810E+00 0.6683E+01 0.7427E+01  0  0  0 0.7387E+01 0.0000E+00
   5.890 1.8828 36.715 0.5851 4.4000 0.6546E+01 0.6048E+01 0.2869E-05 0.1642E+00 0.5884E+01 0.6533E+01  0  0  0 0.6508E+01 0.0000E+00
   5.890 1.8295 37.702 0.5906 4.5000 0.5767E+01 0.5336E+01 0.2299E-05 0.1495E+00 0.5187E+01 0.5756E+01  0  0  0 0.5742E+01 0.0000E+00
   5.890 1.7762 38.725 0.5959 4.6000 0.5085E+01 0.4714E+01 0.1846E-05 0.1367E+00 0.4577E+01 0.5075E+01  0  0  0 0.5072E+01 0.0000E+00
   5.890 1.7229 39.787 0.6010 4.7000 0.4488E+01 0.4168E+01 0.1486E-05 0.1254E+00 0.4043E+01 0.4479E+01  0  0  0 0.4484E+01 0.0000E+00
   5.890 1.6696 40.891 0.6061 4.8000 0.3964E+01 0.3690E+01 0.1199E-05 0.1156E+00 0.3574E+01 0.3955E+01  0  0  0 0.3969E+01 0.0000E+00
   5.890 1.6164 42.042 0.6110 4.9000 0.3502E+01 0.3269E+01 0.9694E-06 0.1070E+00 0.3162E+01 0.3495E+01  0  0  0 0.3515E+01 0.0000E+00
   5.890 1.5631 43.243 0.6158 5.0000 0.3096E+01 0.2897E+01 0.7859E-06 0.9945E-01 0.2798E+01 0.3090E+01  0  0  0 0.3115E+01 0.0000E+00
   5.890 1.5098 44.500 0.6205 5.1000 0.2738E+01 0.2570E+01 0.6387E-06 0.9283E-01 0.2478E+01 0.2732E+01  0  0  0 0.2763E+01 0.0000E+00
   5.890 1.4565 45.819 0.6250 5.2000 0.2422E+01 0.2281E+01 0.5204E-06 0.8719E-01 0.2194E+01 0.2417E+01  0  0  0 0.2451E+01 0.0000E+00
   5.890 1.4032 47.206 0.6295 5.3000 0.2143E+01 0.2025E+01 0.4251E-06 0.8227E-01 0.1943E+01 0.2138E+01  0  0  0 0.2176E+01 0.0000E+00
   5.890 1.3499 48.668 0.6338 5.4000 0.1896E+01 0.1799E+01 0.3482E-06 0.7805E-01 0.1721E+01 0.1891E+01  0  0  0 0.1932E+01 0.0000E+00
   5.890 1.2966 50.214 0.6381 5.5000 0.1677E+01 0.1599E+01 0.2860E-06 0.7449E-01 0.1525E+01 0.1673E+01  0  0  0 0.1717E+01 0.0000E+00
   5.890 1.2433 51.855 0.6422 5.6000 0.1483E+01 0.1421E+01 0.2357E-06 0.7152E-01 0.1349E+01 0.1479E+01  0  0  0 0.1525E+01 0.0000E+00
   5.890 1.1901 53.601 0.6463 5.7000 0.1310E+01 0.1263E+01 0.1948E-06 0.6913E-01 0.1194E+01 0.1307E+01  0  0  0 0.1355E+01 0.0000E+00
   5.890 1.1368 55.468 0.6502 5.8000 0.1157E+01 0.1122E+01 0.1616E-06 0.6732E-01 0.1055E+01 0.1154E+01  0  0  0 0.1204E+01 0.0000E+00
   5.890 1.0835 57.470 0.6541 5.9000 0.1020E+01 0.9970E+00 0.1346E-06 0.6614E-01 0.9309E+00 0.1018E+01  0  0  0 0.1070E+01 0.0000E+00
   5.890 1.0302 59.630 0.6579 6.0000 0.8992E+00 0.8853E+00 0.1125E-06 0.6527E-01 0.8201E+00 0.8970E+00  0  0  0 0.9508E+00 0.0000E+00
   5.890 0.9769 61.971 0.6616 6.1000 0.7913E+00 0.7856E+00 0.9456E-07 0.6510E-01 0.7205E+00 0.7893E+00  0  0  0 0.8450E+00 0.0000E+00
   5.890 0.9236 64.523 0.6653 6.2000 0.6951E+00 0.6964E+00 0.7992E-07 0.6547E-01 0.6309E+00 0.6934E+00  0  0  0 0.7512E+00 0.0000E+00
   5.890 1.7176 38.049 0.5492 4.3000 0.7093E+01 0.6773E+01 0.7521E-05 0.2037E+00 0.6570E+01 0.7087E+01  0  0  0 0.7186E+01 0.0000E+00
   5.890 1.6643 39.143 0.5549 4.4000 0.6238E+01 0.5969E+01 0.6088E-05 0.1873E+00 0.5781E+01 0.6232E+01  0  0  0 0.6331E+01 0.0000E+00
   5.890 1.6110 40.281 0.5604 4.5000 0.5490E+01 0.5266E+01 0.4936E-05 0.1729E+00 0.5093E+01 0.5484E+01  0  0  0 0.5583E+01 0.0000E+00
   5.890 1.5577 41.468 0.5658 4.6000 0.4834E+01 0.4649E+01 0.4010E-05 0.1605E+00 0.4488E+01 0.4829E+01  0  0  0 0.4928E+01 0.0000E+00
   5.890 1.5045 42.710 0.5711 4.7000 0.4259E+01 0.4107E+01 0.3264E-05 0.1497E+00 0.3958E+01 0.4254E+01  0  0  0 0.4352E+01 0.0000E+00
   5.890 1.4512 44.011 0.5763 4.8000 0.3753E+01 0.3634E+01 0.2662E-05 0.1400E+00 0.3494E+01 0.3749E+01  0  0  0 0.3848E+01 0.0000E+00
   5.890 1.3979 45.377 0.5813 4.9000 0.3308E+01 0.3215E+01 0.2176E-05 0.1321E+00 0.3083E+01 0.3304E+01  0  0  0 0.3403E+01 0.0000E+00
   5.890 1.3446 46.817 0.5862 5.0000 0.2916E+01 0.2846E+01 0.1783E-05 0.1252E+00 0.2721E+01 0.2912E+01  0  0  0 0.3011E+01 0.0000E+00
   5.890 1.2913 48.339 0.5910 5.1000 0.2570E+01 0.2521E+01 0.1465E-05 0.1192E+00 0.2402E+01 0.2567E+01  0  0  0 0.2665E+01 0.0000E+00
   5.890 1.2380 49.951 0.5957 5.2000 0.2264E+01 0.2236E+01 0.1206E-05 0.1143E+00 0.2121E+01 0.2261E+01  0  0  0 0.2361E+01 0.0000E+00
   5.890 1.1847 51.667 0.6002 5.3000 0.1994E+01 0.1981E+01 0.9965E-06 0.1103E+00 0.1870E+01 0.1991E+01  0  0  0 0.2090E+01 0.0000E+00
   5.890 1.1314 53.498 0.6047 5.4000 0.1755E+01 0.1755E+01 0.8257E-06 0.1072E+00 0.1648E+01 0.1753E+01  0  0  0 0.1851E+01 0.0000E+00
   5.890 1.0781 55.463 0.6091 5.5000 0.1543E+01 0.1555E+01 0.6867E-06 0.1049E+00 0.1450E+01 0.1541E+01  0  0  0 0.1639E+01 0.0000E+00
   5.890 1.0249 57.578 0.6134 5.6000 0.1356E+01 0.1377E+01 0.5734E-06 0.1034E+00 0.1274E+01 0.1354E+01  0  0  0 0.1452E+01 0.0000E+00
   5.890 0.9716 59.870 0.6176 5.7000 0.1189E+01 0.1221E+01 0.4810E-06 0.1028E+00 0.1118E+01 0.1187E+01  0  0  0 0.1287E+01 0.0000E+00
   5.890 0.9183 62.366 0.6217 5.8000 0.1041E+01 0.1080E+01 0.4057E-06 0.1027E+00 0.9777E+00 0.1040E+01  0  0  0 0.1140E+01 0.0000E+00
   5.890 0.8650 65.104 0.6257 5.9000 0.9096E+00 0.9539E+00 0.3444E-06 0.1026E+00 0.8514E+00 0.9083E+00  0  0  0 0.1009E+01 0.0000E+00
   5.890 0.8117 68.130 0.6296 6.0000 0.7926E+00 0.8398E+00 0.2949E-06 0.1029E+00 0.7368E+00 0.7915E+00  0  0  0 0.8933E+00 0.0000E+00
   5.890 0.7584 71.506 0.6335 6.1000 0.6885E+00 0.7354E+00 0.2551E-06 0.1030E+00 0.6323E+00 0.6875E+00  0  0  0 0.7916E+00 0.0000E+00
   5.890 0.7051 75.311 0.6372 6.2000 0.5958E+00 0.6359E+00 0.2240E-06 0.1037E+00 0.5322E+00 0.5949E+00  0  0  0 0.7017E+00 0.0000E+00
   5.890 1.4885 40.995 0.5206 4.3000 0.6511E+01 0.6476E+01 0.1463E-04 0.2487E+00 0.6228E+01 0.6508E+01  0  0  0 0.6757E+01 0.0000E+00
   5.890 1.4352 42.290 0.5263 4.4000 0.5715E+01 0.5709E+01 0.1202E-04 0.2323E+00 0.5476E+01 0.5712E+01  0  0  0 0.5951E+01 0.0000E+00
   5.890 1.3819 43.650 0.5319 4.5000 0.5017E+01 0.5031E+01 0.9885E-05 0.2181E+00 0.4813E+01 0.5014E+01  0  0  0 0.5242E+01 0.0000E+00
   5.890 1.3286 45.083 0.5374 4.6000 0.4405E+01 0.4438E+01 0.8144E-05 0.2060E+00 0.4232E+01 0.4403E+01  0  0  0 0.4620E+01 0.0000E+00
   5.890 1.2753 46.595 0.5427 4.7000 0.3867E+01 0.3917E+01 0.6722E-05 0.1956E+00 0.3722E+01 0.3865E+01  0  0  0 0.4074E+01 0.0000E+00
   5.890 1.2220 48.198 0.5480 4.8000 0.3395E+01 0.3463E+01 0.5561E-05 0.1870E+00 0.3276E+01 0.3393E+01  0  0  0 0.3596E+01 0.0000E+00
   5.890 1.1687 49.902 0.5531 4.9000 0.2978E+01 0.3059E+01 0.4611E-05 0.1799E+00 0.2879E+01 0.2977E+01  0  0  0 0.3173E+01 0.0000E+00
   5.890 1.1154 51.722 0.5581 5.0000 0.2612E+01 0.2702E+01 0.3834E-05 0.1741E+00 0.2528E+01 0.2610E+01  0  0  0 0.2800E+01 0.0000E+00
   5.890 1.0622 53.673 0.5629 5.1000 0.2288E+01 0.2387E+01 0.3198E-05 0.1697E+00 0.2218E+01 0.2286E+01  0  0  0 0.2471E+01 0.0000E+00
   5.890 1.0089 55.775 0.5677 5.2000 0.2002E+01 0.2108E+01 0.2677E-05 0.1657E+00 0.1942E+01 0.2001E+01  0  0  0 0.2180E+01 0.0000E+00
   5.890 0.9556 58.051 0.5724 5.3000 0.1750E+01 0.1861E+01 0.2251E-05 0.1629E+00 0.1698E+01 0.1748E+01  0  0  0 0.1923E+01 0.0000E+00
   5.890 0.9023 60.531 0.5769 5.4000 0.1526E+01 0.1645E+01 0.1903E-05 0.1611E+00 0.1484E+01 0.1525E+01  0  0  0 0.1698E+01 0.0000E+00
   5.890 0.8490 63.252 0.5814 5.5000 0.1328E+01 0.1451E+01 0.1619E-05 0.1603E+00 0.1290E+01 0.1327E+01  0  0  0 0.1499E+01 0.0000E+00
   5.890 0.7957 66.261 0.5858 5.6000 0.1153E+01 0.1277E+01 0.1388E-05 0.1603E+00 0.1117E+01 0.1152E+01  0  0  0 0.1322E+01 0.0000E+00
   5.890 0.7424 69.620 0.5901 5.7000 0.9973E+00 0.1119E+01 0.1204E-05 0.1609E+00 0.9584E+00 0.9965E+00  0  0  0 0.1167E+01 0.0000E+00
   5.890 0.6891 73.410 0.5943 5.8000 0.8594E+00 0.9726E+00 0.1060E-05 0.1614E+00 0.8111E+00 0.8587E+00  0  0  0 0.1030E+01 0.0000E+00
   5.890 0.6358 77.743 0.5984 5.9001 0.7369E+00 0.8258E+00 0.9559E-06 0.1595E+00 0.6663E+00 0.7363E+00  0  0  0 0.9106E+00 0.0000E+00
   5.890 0.5825 82.781 0.6024 6.0001 0.6282E+00 0.6427E+00 0.9032E-06 0.1464E+00 0.4963E+00 0.6277E+00  0  0  0 0.8061E+00 0.0000E+00
   5.890 0.5293 88.763 0.6064 6.1001 0.5317E+00 0.1986E+00 0.3186E-06 0.6164E-01 0.1369E+00 0.5312E+00  0  0  0 0.7158E+00 0.0000E+00
   5.890 0.4760 96.072 0.6103 6.2001 0.4459E+00 0.1175E+01 0.1079E-05 0.3634E+00 0.8118E+00 0.4455E+00  0  0  0 0.6383E+00 0.0000E+00
